[0.013s] Invoking command in '/home/lucifer/humble_ws/study_ws/build/cpp_pkg': CMAKE_PREFIX_PATH=${CMAKE_PREFIX_PATH}:/home/lucifer/humble_ws/study_ws/install/py_pkg:/opt/ros/humble /usr/bin/cmake --build /home/lucifer/humble_ws/study_ws/build/cpp_pkg -- -j8 -l8
[0.070s] [35m[1mConsolidate compiler generated dependencies of target sumServer[0m
[0.082s] [35m[1mConsolidate compiler generated dependencies of target client_sumServer[0m
[0.092s] [ 14%] Built target cpp_node
[0.096s] [ 28%] Built target NumberPublisher
[0.101s] [ 42%] Built target NumberCounter
[0.104s] [ 50%] [32mBuilding CXX object CMakeFiles/sumServer.dir/src/sumServer.cpp.o[0m
[0.105s] [ 64%] Built target news_station
[0.107s] [ 78%] Built target radio
[0.117s] [ 92%] Built target client_sumServer
[4.263s] [100%] [32m[1mLinking CXX executable sumServer[0m
[4.452s] [100%] Built target sumServer
[4.466s] Invoked command in '/home/lucifer/humble_ws/study_ws/build/cpp_pkg' returned '0': CMAKE_PREFIX_PATH=${CMAKE_PREFIX_PATH}:/home/lucifer/humble_ws/study_ws/install/py_pkg:/opt/ros/humble /usr/bin/cmake --build /home/lucifer/humble_ws/study_ws/build/cpp_pkg -- -j8 -l8
[4.533s] Invoking command in '/home/lucifer/humble_ws/study_ws/build/cpp_pkg': CMAKE_PREFIX_PATH=${CMAKE_PREFIX_PATH}:/home/lucifer/humble_ws/study_ws/install/py_pkg:/opt/ros/humble /usr/bin/cmake --install /home/lucifer/humble_ws/study_ws/build/cpp_pkg
[4.542s] -- Install configuration: ""
[4.543s] -- Execute custom install script
[4.543s] -- Up-to-date symlink: /home/lucifer/humble_ws/study_ws/install/cpp_pkg/lib/cpp_pkg/cpp_node
[4.543s] -- Up-to-date symlink: /home/lucifer/humble_ws/study_ws/install/cpp_pkg/lib/cpp_pkg/news_station
[4.544s] -- Up-to-date symlink: /home/lucifer/humble_ws/study_ws/install/cpp_pkg/lib/cpp_pkg/radio
[4.544s] -- Up-to-date symlink: /home/lucifer/humble_ws/study_ws/install/cpp_pkg/lib/cpp_pkg/NumberPublisher
[4.544s] -- Up-to-date symlink: /home/lucifer/humble_ws/study_ws/install/cpp_pkg/lib/cpp_pkg/NumberCounter
[4.544s] -- Up-to-date symlink: /home/lucifer/humble_ws/study_ws/install/cpp_pkg/lib/cpp_pkg/client_sumServer
[4.545s] -- Up-to-date symlink: /home/lucifer/humble_ws/study_ws/install/cpp_pkg/lib/cpp_pkg/sumServer
[4.545s] -- Up-to-date symlink: /home/lucifer/humble_ws/study_ws/install/cpp_pkg/share/ament_index/resource_index/package_run_dependencies/cpp_pkg
[4.545s] -- Up-to-date symlink: /home/lucifer/humble_ws/study_ws/install/cpp_pkg/share/ament_index/resource_index/parent_prefix_path/cpp_pkg
[4.545s] -- Up-to-date symlink: /home/lucifer/humble_ws/study_ws/install/cpp_pkg/share/cpp_pkg/environment/ament_prefix_path.sh
[4.546s] -- Up-to-date symlink: /home/lucifer/humble_ws/study_ws/install/cpp_pkg/share/cpp_pkg/environment/ament_prefix_path.dsv
[4.546s] -- Up-to-date symlink: /home/lucifer/humble_ws/study_ws/install/cpp_pkg/share/cpp_pkg/environment/path.sh
[4.546s] -- Up-to-date symlink: /home/lucifer/humble_ws/study_ws/install/cpp_pkg/share/cpp_pkg/environment/path.dsv
[4.546s] -- Up-to-date symlink: /home/lucifer/humble_ws/study_ws/install/cpp_pkg/share/cpp_pkg/local_setup.bash
[4.547s] -- Up-to-date symlink: /home/lucifer/humble_ws/study_ws/install/cpp_pkg/share/cpp_pkg/local_setup.sh
[4.547s] -- Up-to-date symlink: /home/lucifer/humble_ws/study_ws/install/cpp_pkg/share/cpp_pkg/local_setup.zsh
[4.547s] -- Up-to-date symlink: /home/lucifer/humble_ws/study_ws/install/cpp_pkg/share/cpp_pkg/local_setup.dsv
[4.547s] -- Symlinking: /home/lucifer/humble_ws/study_ws/install/cpp_pkg/share/cpp_pkg/package.dsv
[4.558s] -- Up-to-date symlink: /home/lucifer/humble_ws/study_ws/install/cpp_pkg/share/ament_index/resource_index/packages/cpp_pkg
[4.558s] -- Up-to-date symlink: /home/lucifer/humble_ws/study_ws/install/cpp_pkg/share/cpp_pkg/cmake/cpp_pkgConfig.cmake
[4.558s] -- Up-to-date symlink: /home/lucifer/humble_ws/study_ws/install/cpp_pkg/share/cpp_pkg/cmake/cpp_pkgConfig-version.cmake
[4.558s] -- Up-to-date symlink: /home/lucifer/humble_ws/study_ws/install/cpp_pkg/share/cpp_pkg/package.xml
[4.561s] Invoked command in '/home/lucifer/humble_ws/study_ws/build/cpp_pkg' returned '0': CMAKE_PREFIX_PATH=${CMAKE_PREFIX_PATH}:/home/lucifer/humble_ws/study_ws/install/py_pkg:/opt/ros/humble /usr/bin/cmake --install /home/lucifer/humble_ws/study_ws/build/cpp_pkg
