[0.560s] DEBUG:colcon:Command line arguments: ['/usr/bin/colcon', 'build', '--packages-select', 'cpp_pkg']
[0.561s] DEBUG:colcon:Parsed command line arguments: Namespace(log_base=None, log_level=None, verb_name='build', build_base='build', install_base='install', merge_install=False, symlink_install=False, test_result_base=None, continue_on_error=False, executor='parallel', parallel_workers=8, event_handlers=None, ignore_user_meta=False, metas=['./colcon.meta'], base_paths=['.'], packages_ignore=None, packages_ignore_regex=None, paths=None, packages_up_to=None, packages_up_to_regex=None, packages_above=None, packages_above_and_dependencies=None, packages_above_depth=None, packages_select_by_dep=None, packages_skip_by_dep=None, packages_skip_up_to=None, packages_select_build_failed=False, packages_skip_build_finished=False, packages_select_test_failures=False, packages_skip_test_passed=False, packages_select=['cpp_pkg'], packages_skip=None, packages_select_regex=None, packages_skip_regex=None, packages_start=None, packages_end=None, allow_overriding=[], cmake_args=None, cmake_target=None, cmake_target_skip_unavailable=False, cmake_clean_cache=False, cmake_clean_first=False, cmake_force_configure=False, ament_cmake_args=None, catkin_cmake_args=None, catkin_skip_building_tests=False, verb_parser=<colcon_defaults.argument_parser.defaults.DefaultArgumentsDecorator object at 0x7b2884e49660>, verb_extension=<colcon_core.verb.build.BuildVerb object at 0x7b2884fbaf20>, main=<bound method BuildVerb.main of <colcon_core.verb.build.BuildVerb object at 0x7b2884fbaf20>>)
[1.394s] Level 1:colcon.colcon_core.package_discovery:discover_packages(colcon_meta) check parameters
[1.395s] Level 1:colcon.colcon_core.package_discovery:discover_packages(recursive) check parameters
[1.395s] Level 1:colcon.colcon_core.package_discovery:discover_packages(ignore) check parameters
[1.395s] Level 1:colcon.colcon_core.package_discovery:discover_packages(path) check parameters
[1.395s] Level 1:colcon.colcon_core.package_discovery:discover_packages(colcon_meta) discover
[1.395s] Level 1:colcon.colcon_core.package_discovery:discover_packages(recursive) discover
[1.395s] INFO:colcon.colcon_core.package_discovery:Crawling recursively for packages in '/home/lucifer/humble_ws/study_ws'
[1.396s] Level 1:colcon.colcon_core.package_identification:_identify(.) by extensions ['ignore', 'ignore_ament_install']
[1.396s] Level 1:colcon.colcon_core.package_identification:_identify(.) by extension 'ignore'
[1.396s] Level 1:colcon.colcon_core.package_identification:_identify(.) by extension 'ignore_ament_install'
[1.397s] Level 1:colcon.colcon_core.package_identification:_identify(.) by extensions ['colcon_pkg']
[1.397s] Level 1:colcon.colcon_core.package_identification:_identify(.) by extension 'colcon_pkg'
[1.397s] Level 1:colcon.colcon_core.package_identification:_identify(.) by extensions ['colcon_meta']
[1.397s] Level 1:colcon.colcon_core.package_identification:_identify(.) by extension 'colcon_meta'
[1.397s] Level 1:colcon.colcon_core.package_identification:_identify(.) by extensions ['ros']
[1.398s] Level 1:colcon.colcon_core.package_identification:_identify(.) by extension 'ros'
[1.448s] Level 1:colcon.colcon_core.package_identification:_identify(.) by extensions ['cmake', 'python']
[1.448s] Level 1:colcon.colcon_core.package_identification:_identify(.) by extension 'cmake'
[1.449s] Level 1:colcon.colcon_core.package_identification:_identify(.) by extension 'python'
[1.449s] Level 1:colcon.colcon_core.package_identification:_identify(.) by extensions ['python_setup_py']
[1.449s] Level 1:colcon.colcon_core.package_identification:_identify(.) by extension 'python_setup_py'
[1.450s] Level 1:colcon.colcon_core.package_identification:_identify(build) by extensions ['ignore', 'ignore_ament_install']
[1.450s] Level 1:colcon.colcon_core.package_identification:_identify(build) by extension 'ignore'
[1.450s] Level 1:colcon.colcon_core.package_identification:_identify(build) ignored
[1.451s] Level 1:colcon.colcon_core.package_identification:_identify(install) by extensions ['ignore', 'ignore_ament_install']
[1.452s] Level 1:colcon.colcon_core.package_identification:_identify(install) by extension 'ignore'
[1.452s] Level 1:colcon.colcon_core.package_identification:_identify(install) ignored
[1.453s] Level 1:colcon.colcon_core.package_identification:_identify(log) by extensions ['ignore', 'ignore_ament_install']
[1.454s] Level 1:colcon.colcon_core.package_identification:_identify(log) by extension 'ignore'
[1.454s] Level 1:colcon.colcon_core.package_identification:_identify(log) ignored
[1.454s] Level 1:colcon.colcon_core.package_identification:_identify(src) by extensions ['ignore', 'ignore_ament_install']
[1.455s] Level 1:colcon.colcon_core.package_identification:_identify(src) by extension 'ignore'
[1.455s] Level 1:colcon.colcon_core.package_identification:_identify(src) by extension 'ignore_ament_install'
[1.456s] Level 1:colcon.colcon_core.package_identification:_identify(src) by extensions ['colcon_pkg']
[1.456s] Level 1:colcon.colcon_core.package_identification:_identify(src) by extension 'colcon_pkg'
[1.456s] Level 1:colcon.colcon_core.package_identification:_identify(src) by extensions ['colcon_meta']
[1.456s] Level 1:colcon.colcon_core.package_identification:_identify(src) by extension 'colcon_meta'
[1.457s] Level 1:colcon.colcon_core.package_identification:_identify(src) by extensions ['ros']
[1.457s] Level 1:colcon.colcon_core.package_identification:_identify(src) by extension 'ros'
[1.457s] Level 1:colcon.colcon_core.package_identification:_identify(src) by extensions ['cmake', 'python']
[1.457s] Level 1:colcon.colcon_core.package_identification:_identify(src) by extension 'cmake'
[1.457s] Level 1:colcon.colcon_core.package_identification:_identify(src) by extension 'python'
[1.458s] Level 1:colcon.colcon_core.package_identification:_identify(src) by extensions ['python_setup_py']
[1.458s] Level 1:colcon.colcon_core.package_identification:_identify(src) by extension 'python_setup_py'
[1.458s] Level 1:colcon.colcon_core.package_identification:_identify(src/build) by extensions ['ignore', 'ignore_ament_install']
[1.459s] Level 1:colcon.colcon_core.package_identification:_identify(src/build) by extension 'ignore'
[1.459s] Level 1:colcon.colcon_core.package_identification:_identify(src/build) ignored
[1.460s] Level 1:colcon.colcon_core.package_identification:_identify(src/cpp_pkg) by extensions ['ignore', 'ignore_ament_install']
[1.460s] Level 1:colcon.colcon_core.package_identification:_identify(src/cpp_pkg) by extension 'ignore'
[1.460s] Level 1:colcon.colcon_core.package_identification:_identify(src/cpp_pkg) by extension 'ignore_ament_install'
[1.460s] Level 1:colcon.colcon_core.package_identification:_identify(src/cpp_pkg) by extensions ['colcon_pkg']
[1.461s] Level 1:colcon.colcon_core.package_identification:_identify(src/cpp_pkg) by extension 'colcon_pkg'
[1.461s] Level 1:colcon.colcon_core.package_identification:_identify(src/cpp_pkg) by extensions ['colcon_meta']
[1.461s] Level 1:colcon.colcon_core.package_identification:_identify(src/cpp_pkg) by extension 'colcon_meta'
[1.461s] Level 1:colcon.colcon_core.package_identification:_identify(src/cpp_pkg) by extensions ['ros']
[1.461s] Level 1:colcon.colcon_core.package_identification:_identify(src/cpp_pkg) by extension 'ros'
[1.473s] DEBUG:colcon.colcon_core.package_identification:Package 'src/cpp_pkg' with type 'ros.ament_cmake' and name 'cpp_pkg'
[1.474s] Level 1:colcon.colcon_core.package_identification:_identify(src/install) by extensions ['ignore', 'ignore_ament_install']
[1.474s] Level 1:colcon.colcon_core.package_identification:_identify(src/install) by extension 'ignore'
[1.475s] Level 1:colcon.colcon_core.package_identification:_identify(src/install) ignored
[1.475s] Level 1:colcon.colcon_core.package_identification:_identify(src/log) by extensions ['ignore', 'ignore_ament_install']
[1.476s] Level 1:colcon.colcon_core.package_identification:_identify(src/log) by extension 'ignore'
[1.476s] Level 1:colcon.colcon_core.package_identification:_identify(src/log) ignored
[1.477s] Level 1:colcon.colcon_core.package_identification:_identify(src/py_pkg) by extensions ['ignore', 'ignore_ament_install']
[1.477s] Level 1:colcon.colcon_core.package_identification:_identify(src/py_pkg) by extension 'ignore'
[1.478s] Level 1:colcon.colcon_core.package_identification:_identify(src/py_pkg) by extension 'ignore_ament_install'
[1.478s] Level 1:colcon.colcon_core.package_identification:_identify(src/py_pkg) by extensions ['colcon_pkg']
[1.478s] Level 1:colcon.colcon_core.package_identification:_identify(src/py_pkg) by extension 'colcon_pkg'
[1.478s] Level 1:colcon.colcon_core.package_identification:_identify(src/py_pkg) by extensions ['colcon_meta']
[1.479s] Level 1:colcon.colcon_core.package_identification:_identify(src/py_pkg) by extension 'colcon_meta'
[1.479s] Level 1:colcon.colcon_core.package_identification:_identify(src/py_pkg) by extensions ['ros']
[1.479s] Level 1:colcon.colcon_core.package_identification:_identify(src/py_pkg) by extension 'ros'
[1.484s] DEBUG:colcon.colcon_core.package_identification:Package 'src/py_pkg' with type 'ros.ament_python' and name 'py_pkg'
[1.485s] Level 1:colcon.colcon_core.package_discovery:discover_packages(recursive) using defaults
[1.485s] Level 1:colcon.colcon_core.package_discovery:discover_packages(ignore) discover
[1.485s] Level 1:colcon.colcon_core.package_discovery:discover_packages(ignore) using defaults
[1.486s] Level 1:colcon.colcon_core.package_discovery:discover_packages(path) discover
[1.486s] Level 1:colcon.colcon_core.package_discovery:discover_packages(path) using defaults
[1.575s] INFO:colcon.colcon_core.package_selection:Skipping not selected package 'py_pkg' in 'src/py_pkg'
[1.577s] Level 1:colcon.colcon_core.package_discovery:discover_packages(prefix_path) check parameters
[1.577s] Level 1:colcon.colcon_core.package_discovery:discover_packages(prefix_path) discover
[1.585s] DEBUG:colcon.colcon_installed_package_information.package_discovery:Found 2 installed packages in /home/lucifer/humble_ws/study_ws/install
[1.591s] DEBUG:colcon.colcon_installed_package_information.package_discovery:Found 270 installed packages in /opt/ros/humble
[1.629s] Level 1:colcon.colcon_core.package_discovery:discover_packages(prefix_path) using defaults
[1.810s] Level 5:colcon.colcon_core.verb:set package 'cpp_pkg' build argument 'cmake_args' from command line to 'None'
[1.810s] Level 5:colcon.colcon_core.verb:set package 'cpp_pkg' build argument 'cmake_target' from command line to 'None'
[1.810s] Level 5:colcon.colcon_core.verb:set package 'cpp_pkg' build argument 'cmake_target_skip_unavailable' from command line to 'False'
[1.810s] Level 5:colcon.colcon_core.verb:set package 'cpp_pkg' build argument 'cmake_clean_cache' from command line to 'False'
[1.810s] Level 5:colcon.colcon_core.verb:set package 'cpp_pkg' build argument 'cmake_clean_first' from command line to 'False'
[1.810s] Level 5:colcon.colcon_core.verb:set package 'cpp_pkg' build argument 'cmake_force_configure' from command line to 'False'
[1.810s] Level 5:colcon.colcon_core.verb:set package 'cpp_pkg' build argument 'ament_cmake_args' from command line to 'None'
[1.811s] Level 5:colcon.colcon_core.verb:set package 'cpp_pkg' build argument 'catkin_cmake_args' from command line to 'None'
[1.811s] Level 5:colcon.colcon_core.verb:set package 'cpp_pkg' build argument 'catkin_skip_building_tests' from command line to 'False'
[1.811s] DEBUG:colcon.colcon_core.verb:Building package 'cpp_pkg' with the following arguments: {'ament_cmake_args': None, 'build_base': '/home/lucifer/humble_ws/study_ws/build/cpp_pkg', 'catkin_cmake_args': None, 'catkin_skip_building_tests': False, 'cmake_args': None, 'cmake_clean_cache': False, 'cmake_clean_first': False, 'cmake_force_configure': False, 'cmake_target': None, 'cmake_target_skip_unavailable': False, 'install_base': '/home/lucifer/humble_ws/study_ws/install/cpp_pkg', 'merge_install': False, 'path': '/home/lucifer/humble_ws/study_ws/src/cpp_pkg', 'symlink_install': False, 'test_result_base': None}
[1.811s] INFO:colcon.colcon_core.executor:Executing jobs using 'parallel' executor
[1.815s] DEBUG:colcon.colcon_parallel_executor.executor.parallel:run_until_complete
[1.816s] INFO:colcon.colcon_ros.task.ament_cmake.build:Building ROS package in '/home/lucifer/humble_ws/study_ws/src/cpp_pkg' with build type 'ament_cmake'
[1.816s] INFO:colcon.colcon_cmake.task.cmake.build:Building CMake package in '/home/lucifer/humble_ws/study_ws/src/cpp_pkg'
[1.826s] INFO:colcon.colcon_core.plugin_system:Skipping extension 'colcon_core.shell.bat': Not used on non-Windows systems
[1.827s] INFO:colcon.colcon_core.shell:Skip shell extension 'powershell' for command environment: Not usable outside of PowerShell
[1.827s] DEBUG:colcon.colcon_core.shell:Skip shell extension 'dsv' for command environment
[1.871s] DEBUG:colcon.colcon_core.event_handler.log_command:Invoking command in '/home/lucifer/humble_ws/study_ws/build/cpp_pkg': CMAKE_PREFIX_PATH=${CMAKE_PREFIX_PATH}:/home/lucifer/humble_ws/study_ws/install/py_pkg:/opt/ros/humble /usr/bin/cmake --build /home/lucifer/humble_ws/study_ws/build/cpp_pkg -- -j8 -l8
[18.895s] DEBUG:colcon.colcon_core.event_handler.log_command:Invoked command in '/home/lucifer/humble_ws/study_ws/build/cpp_pkg' returned '0': CMAKE_PREFIX_PATH=${CMAKE_PREFIX_PATH}:/home/lucifer/humble_ws/study_ws/install/py_pkg:/opt/ros/humble /usr/bin/cmake --build /home/lucifer/humble_ws/study_ws/build/cpp_pkg -- -j8 -l8
[19.113s] DEBUG:colcon.colcon_core.event_handler.log_command:Invoking command in '/home/lucifer/humble_ws/study_ws/build/cpp_pkg': CMAKE_PREFIX_PATH=${CMAKE_PREFIX_PATH}:/home/lucifer/humble_ws/study_ws/install/py_pkg:/opt/ros/humble /usr/bin/cmake --install /home/lucifer/humble_ws/study_ws/build/cpp_pkg
[19.203s] Level 1:colcon.colcon_core.environment:create_environment_scripts_only(cpp_pkg)
[19.205s] DEBUG:colcon.colcon_core.event_handler.log_command:Invoked command in '/home/lucifer/humble_ws/study_ws/build/cpp_pkg' returned '0': CMAKE_PREFIX_PATH=${CMAKE_PREFIX_PATH}:/home/lucifer/humble_ws/study_ws/install/py_pkg:/opt/ros/humble /usr/bin/cmake --install /home/lucifer/humble_ws/study_ws/build/cpp_pkg
[19.215s] Level 1:colcon.colcon_core.environment:checking '/home/lucifer/humble_ws/study_ws/install/cpp_pkg' for CMake module files
[19.217s] Level 1:colcon.colcon_core.environment:checking '/home/lucifer/humble_ws/study_ws/install/cpp_pkg' for CMake config files
[19.219s] Level 1:colcon.colcon_core.shell:create_environment_hook('cpp_pkg', 'cmake_prefix_path')
[19.220s] INFO:colcon.colcon_core.shell:Creating environment hook '/home/lucifer/humble_ws/study_ws/install/cpp_pkg/share/cpp_pkg/hook/cmake_prefix_path.ps1'
[19.222s] INFO:colcon.colcon_core.shell:Creating environment descriptor '/home/lucifer/humble_ws/study_ws/install/cpp_pkg/share/cpp_pkg/hook/cmake_prefix_path.dsv'
[19.224s] INFO:colcon.colcon_core.shell:Creating environment hook '/home/lucifer/humble_ws/study_ws/install/cpp_pkg/share/cpp_pkg/hook/cmake_prefix_path.sh'
[19.228s] Level 1:colcon.colcon_core.environment:checking '/home/lucifer/humble_ws/study_ws/install/cpp_pkg/lib'
[19.229s] Level 1:colcon.colcon_core.environment:checking '/home/lucifer/humble_ws/study_ws/install/cpp_pkg/bin'
[19.230s] Level 1:colcon.colcon_core.environment:checking '/home/lucifer/humble_ws/study_ws/install/cpp_pkg/lib/pkgconfig/cpp_pkg.pc'
[19.231s] Level 1:colcon.colcon_core.environment:checking '/home/lucifer/humble_ws/study_ws/install/cpp_pkg/lib/python3.10/site-packages'
[19.232s] Level 1:colcon.colcon_core.environment:checking '/home/lucifer/humble_ws/study_ws/install/cpp_pkg/bin'
[19.233s] INFO:colcon.colcon_core.shell:Creating package script '/home/lucifer/humble_ws/study_ws/install/cpp_pkg/share/cpp_pkg/package.ps1'
[19.236s] INFO:colcon.colcon_core.shell:Creating package descriptor '/home/lucifer/humble_ws/study_ws/install/cpp_pkg/share/cpp_pkg/package.dsv'
[19.238s] INFO:colcon.colcon_core.shell:Creating package script '/home/lucifer/humble_ws/study_ws/install/cpp_pkg/share/cpp_pkg/package.sh'
[19.240s] INFO:colcon.colcon_core.shell:Creating package script '/home/lucifer/humble_ws/study_ws/install/cpp_pkg/share/cpp_pkg/package.bash'
[19.245s] INFO:colcon.colcon_core.shell:Creating package script '/home/lucifer/humble_ws/study_ws/install/cpp_pkg/share/cpp_pkg/package.zsh'
[19.248s] Level 1:colcon.colcon_core.environment:create_file_with_runtime_dependencies(/home/lucifer/humble_ws/study_ws/install/cpp_pkg/share/colcon-core/packages/cpp_pkg)
[19.429s] Level 1:colcon.colcon_core.environment:create_environment_scripts_only(cpp_pkg)
[19.430s] Level 1:colcon.colcon_core.environment:checking '/home/lucifer/humble_ws/study_ws/install/cpp_pkg' for CMake module files
[19.433s] Level 1:colcon.colcon_core.environment:checking '/home/lucifer/humble_ws/study_ws/install/cpp_pkg' for CMake config files
[19.434s] Level 1:colcon.colcon_core.shell:create_environment_hook('cpp_pkg', 'cmake_prefix_path')
[19.435s] INFO:colcon.colcon_core.shell:Creating environment hook '/home/lucifer/humble_ws/study_ws/install/cpp_pkg/share/cpp_pkg/hook/cmake_prefix_path.ps1'
[19.437s] INFO:colcon.colcon_core.shell:Creating environment descriptor '/home/lucifer/humble_ws/study_ws/install/cpp_pkg/share/cpp_pkg/hook/cmake_prefix_path.dsv'
[19.438s] INFO:colcon.colcon_core.shell:Creating environment hook '/home/lucifer/humble_ws/study_ws/install/cpp_pkg/share/cpp_pkg/hook/cmake_prefix_path.sh'
[19.440s] Level 1:colcon.colcon_core.environment:checking '/home/lucifer/humble_ws/study_ws/install/cpp_pkg/lib'
[19.441s] Level 1:colcon.colcon_core.environment:checking '/home/lucifer/humble_ws/study_ws/install/cpp_pkg/bin'
[19.441s] Level 1:colcon.colcon_core.environment:checking '/home/lucifer/humble_ws/study_ws/install/cpp_pkg/lib/pkgconfig/cpp_pkg.pc'
[19.442s] Level 1:colcon.colcon_core.environment:checking '/home/lucifer/humble_ws/study_ws/install/cpp_pkg/lib/python3.10/site-packages'
[19.443s] Level 1:colcon.colcon_core.environment:checking '/home/lucifer/humble_ws/study_ws/install/cpp_pkg/bin'
[19.444s] INFO:colcon.colcon_core.shell:Creating package script '/home/lucifer/humble_ws/study_ws/install/cpp_pkg/share/cpp_pkg/package.ps1'
[19.447s] INFO:colcon.colcon_core.shell:Creating package descriptor '/home/lucifer/humble_ws/study_ws/install/cpp_pkg/share/cpp_pkg/package.dsv'
[19.449s] INFO:colcon.colcon_core.shell:Creating package script '/home/lucifer/humble_ws/study_ws/install/cpp_pkg/share/cpp_pkg/package.sh'
[19.451s] INFO:colcon.colcon_core.shell:Creating package script '/home/lucifer/humble_ws/study_ws/install/cpp_pkg/share/cpp_pkg/package.bash'
[19.454s] INFO:colcon.colcon_core.shell:Creating package script '/home/lucifer/humble_ws/study_ws/install/cpp_pkg/share/cpp_pkg/package.zsh'
[19.456s] Level 1:colcon.colcon_core.environment:create_file_with_runtime_dependencies(/home/lucifer/humble_ws/study_ws/install/cpp_pkg/share/colcon-core/packages/cpp_pkg)
[19.457s] DEBUG:colcon.colcon_parallel_executor.executor.parallel:closing loop
[19.459s] DEBUG:colcon.colcon_parallel_executor.executor.parallel:loop closed
[19.460s] DEBUG:colcon.colcon_parallel_executor.executor.parallel:run_until_complete finished with '0'
[19.460s] DEBUG:colcon.colcon_core.event_reactor:joining thread
[19.481s] INFO:colcon.colcon_core.plugin_system:Skipping extension 'colcon_notification.desktop_notification.terminal_notifier': Not used on non-Darwin systems
[19.481s] INFO:colcon.colcon_core.plugin_system:Skipping extension 'colcon_notification.desktop_notification.win32': Not used on non-Windows systems
[19.482s] INFO:colcon.colcon_notification.desktop_notification:Sending desktop notification using 'notify2'
[19.531s] DEBUG:colcon.colcon_core.event_reactor:joined thread
[19.533s] INFO:colcon.colcon_core.shell:Creating prefix script '/home/lucifer/humble_ws/study_ws/install/local_setup.ps1'
[19.537s] INFO:colcon.colcon_core.shell:Creating prefix util module '/home/lucifer/humble_ws/study_ws/install/_local_setup_util_ps1.py'
[19.544s] INFO:colcon.colcon_core.shell:Creating prefix chain script '/home/lucifer/humble_ws/study_ws/install/setup.ps1'
[19.549s] INFO:colcon.colcon_core.shell:Creating prefix script '/home/lucifer/humble_ws/study_ws/install/local_setup.sh'
[19.551s] INFO:colcon.colcon_core.shell:Creating prefix util module '/home/lucifer/humble_ws/study_ws/install/_local_setup_util_sh.py'
[19.554s] INFO:colcon.colcon_core.shell:Creating prefix chain script '/home/lucifer/humble_ws/study_ws/install/setup.sh'
[19.560s] INFO:colcon.colcon_core.shell:Creating prefix script '/home/lucifer/humble_ws/study_ws/install/local_setup.bash'
[19.563s] INFO:colcon.colcon_core.shell:Creating prefix chain script '/home/lucifer/humble_ws/study_ws/install/setup.bash'
[19.568s] INFO:colcon.colcon_core.shell:Creating prefix script '/home/lucifer/humble_ws/study_ws/install/local_setup.zsh'
[19.570s] INFO:colcon.colcon_core.shell:Creating prefix chain script '/home/lucifer/humble_ws/study_ws/install/setup.zsh'
