[0.044s] Invoking command in '/home/lucifer/humble_ws/study_ws/build/cpp_pkg': CMAKE_PREFIX_PATH=${CMAKE_PREFIX_PATH}:/home/lucifer/humble_ws/study_ws/install/py_pkg:/opt/ros/humble /usr/bin/cmake --build /home/lucifer/humble_ws/study_ws/build/cpp_pkg -- -j8 -l8
[0.250s] [35m[1mConsolidate compiler generated dependencies of target client_sumServer[0m
[0.348s] [ 12%] Built target cpp_node
[0.348s] [ 25%] Built target sumServer
[0.355s] [ 37%] Built target NumberCounter
[0.356s] [ 50%] Built target client_sumServer_noop
[0.361s] [ 62%] Built target news_station
[0.362s] [ 87%] Built target radio
[0.363s] [ 87%] Built target NumberPublisher
[0.375s] [ 93%] [32mBuilding CXX object CMakeFiles/client_sumServer.dir/src/client_sumServer.cpp.o[0m
[15.932s] [100%] [32m[1mLinking CXX executable client_sumServer[0m
[16.625s] [100%] Built target client_sumServer
[16.673s] Invoked command in '/home/lucifer/humble_ws/study_ws/build/cpp_pkg' returned '0': CMAKE_PREFIX_PATH=${CMAKE_PREFIX_PATH}:/home/lucifer/humble_ws/study_ws/install/py_pkg:/opt/ros/humble /usr/bin/cmake --build /home/lucifer/humble_ws/study_ws/build/cpp_pkg -- -j8 -l8
[16.947s] Invoking command in '/home/lucifer/humble_ws/study_ws/build/cpp_pkg': CMAKE_PREFIX_PATH=${CMAKE_PREFIX_PATH}:/home/lucifer/humble_ws/study_ws/install/py_pkg:/opt/ros/humble /usr/bin/cmake --install /home/lucifer/humble_ws/study_ws/build/cpp_pkg
[17.000s] -- Install configuration: ""
[17.002s] -- Execute custom install script
[17.005s] -- Up-to-date symlink: /home/lucifer/humble_ws/study_ws/install/cpp_pkg/lib/cpp_pkg/cpp_node
[17.006s] -- Up-to-date symlink: /home/lucifer/humble_ws/study_ws/install/cpp_pkg/lib/cpp_pkg/news_station
[17.007s] -- Up-to-date symlink: /home/lucifer/humble_ws/study_ws/install/cpp_pkg/lib/cpp_pkg/radio
[17.010s] -- Up-to-date symlink: /home/lucifer/humble_ws/study_ws/install/cpp_pkg/lib/cpp_pkg/NumberPublisher
[17.010s] -- Up-to-date symlink: /home/lucifer/humble_ws/study_ws/install/cpp_pkg/lib/cpp_pkg/NumberCounter
[17.013s] -- Up-to-date symlink: /home/lucifer/humble_ws/study_ws/install/cpp_pkg/lib/cpp_pkg/client_sumServer
[17.014s] -- Up-to-date symlink: /home/lucifer/humble_ws/study_ws/install/cpp_pkg/lib/cpp_pkg/client_sumServer_noop
[17.016s] -- Up-to-date symlink: /home/lucifer/humble_ws/study_ws/install/cpp_pkg/lib/cpp_pkg/sumServer
[17.020s] -- Up-to-date symlink: /home/lucifer/humble_ws/study_ws/install/cpp_pkg/share/ament_index/resource_index/package_run_dependencies/cpp_pkg
[17.020s] -- Up-to-date symlink: /home/lucifer/humble_ws/study_ws/install/cpp_pkg/share/ament_index/resource_index/parent_prefix_path/cpp_pkg
[17.023s] -- Up-to-date symlink: /home/lucifer/humble_ws/study_ws/install/cpp_pkg/share/cpp_pkg/environment/ament_prefix_path.sh
[17.025s] -- Up-to-date symlink: /home/lucifer/humble_ws/study_ws/install/cpp_pkg/share/cpp_pkg/environment/ament_prefix_path.dsv
[17.026s] -- Up-to-date symlink: /home/lucifer/humble_ws/study_ws/install/cpp_pkg/share/cpp_pkg/environment/path.sh
[17.027s] -- Up-to-date symlink: /home/lucifer/humble_ws/study_ws/install/cpp_pkg/share/cpp_pkg/environment/path.dsv
[17.027s] -- Up-to-date symlink: /home/lucifer/humble_ws/study_ws/install/cpp_pkg/share/cpp_pkg/local_setup.bash
[17.030s] -- Up-to-date symlink: /home/lucifer/humble_ws/study_ws/install/cpp_pkg/share/cpp_pkg/local_setup.sh
[17.031s] -- Up-to-date symlink: /home/lucifer/humble_ws/study_ws/install/cpp_pkg/share/cpp_pkg/local_setup.zsh
[17.031s] -- Up-to-date symlink: /home/lucifer/humble_ws/study_ws/install/cpp_pkg/share/cpp_pkg/local_setup.dsv
[17.032s] -- Symlinking: /home/lucifer/humble_ws/study_ws/install/cpp_pkg/share/cpp_pkg/package.dsv
[17.078s] -- Up-to-date symlink: /home/lucifer/humble_ws/study_ws/install/cpp_pkg/share/ament_index/resource_index/packages/cpp_pkg
[17.078s] -- Up-to-date symlink: /home/lucifer/humble_ws/study_ws/install/cpp_pkg/share/cpp_pkg/cmake/cpp_pkgConfig.cmake
[17.080s] -- Up-to-date symlink: /home/lucifer/humble_ws/study_ws/install/cpp_pkg/share/cpp_pkg/cmake/cpp_pkgConfig-version.cmake
[17.084s] -- Up-to-date symlink: /home/lucifer/humble_ws/study_ws/install/cpp_pkg/share/cpp_pkg/package.xml
[17.103s] Invoked command in '/home/lucifer/humble_ws/study_ws/build/cpp_pkg' returned '0': CMAKE_PREFIX_PATH=${CMAKE_PREFIX_PATH}:/home/lucifer/humble_ws/study_ws/install/py_pkg:/opt/ros/humble /usr/bin/cmake --install /home/lucifer/humble_ws/study_ws/build/cpp_pkg
