[0.009s] Invoking command in '/home/lucifer/humble_ws/study_ws/build/iRobot_interfaces': CMAKE_PREFIX_PATH=${CMAKE_PREFIX_PATH}:/home/lucifer/humble_ws/study_ws/install/py_pkg:/opt/ros/humble /usr/bin/cmake /home/lucifer/humble_ws/study_ws/src/iRobot_interfaces -DCMAKE_INSTALL_PREFIX=/home/lucifer/humble_ws/study_ws/install/iRobot_interfaces
[0.022s] -- Found ament_cmake: 1.3.10 (/opt/ros/humble/share/ament_cmake/cmake)
[0.146s] -- Found rosidl_default_generators: 1.2.0 (/opt/ros/humble/share/rosidl_default_generators/cmake)
[0.148s] -- Using all available rosidl_typesupport_c: rosidl_typesupport_fastrtps_c;rosidl_typesupport_introspection_c
[0.150s] -- Found rosidl_adapter: 3.1.5 (/opt/ros/humble/share/rosidl_adapter/cmake)
[0.181s] -- Using all available rosidl_typesupport_cpp: rosidl_typesupport_fastrtps_cpp;rosidl_typesupport_introspection_cpp
[0.360s] [31mCMake Error at /opt/ros/humble/share/rosidl_adapter/cmake/rosidl_adapt_interfaces.cmake:59 (message):
[0.360s]   execute_process(/usr/bin/python3 -m rosidl_adapter --package-name
[0.360s]   iRobot_interfaces --arguments-file
[0.360s]   /home/lucifer/humble_ws/study_ws/build/iRobot_interfaces/rosidl_adapter__arguments__iRobot_interfaces.json
[0.360s]   --output-dir
[0.360s]   /home/lucifer/humble_ws/study_ws/build/iRobot_interfaces/rosidl_adapter/iRobot_interfaces
[0.360s]   --output-file
[0.360s]   /home/lucifer/humble_ws/study_ws/build/iRobot_interfaces/rosidl_adapter/iRobot_interfaces.idls)
[0.361s]   returned error code 1:
[0.361s] 
[0.361s]   Error processing 'bool motor_Status' of 'iRobot_interfaces/hardwareStatus':
[0.361s]   ''motor_Status' is an invalid field name.  It should have the pattern
[0.361s]   '^(?!.*__)(?!.*_$)[a-z][a-z0-9_]*$''
[0.361s] 
[0.361s]   Traceback (most recent call last):
[0.361s] 
[0.361s]     File "/usr/lib/python3.10/runpy.py", line 196, in _run_module_as_main
[0.361s]       return _run_code(code, main_globals, None,
[0.361s]     File "/usr/lib/python3.10/runpy.py", line 86, in _run_code
[0.361s]       exec(code, run_globals)
[0.361s]     File "/opt/ros/humble/local/lib/python3.10/dist-packages/rosidl_adapter/__main__.py", line 19, in <module>
[0.361s]       sys.exit(main())
[0.361s]     File "/opt/ros/humble/local/lib/python3.10/dist-packages/rosidl_adapter/main.py", line 53, in main
[0.361s]       abs_idl_file = convert_to_idl(
[0.361s]     File "/opt/ros/humble/local/lib/python3.10/dist-packages/rosidl_adapter/__init__.py", line 19, in convert_to_idl
[0.361s]       return convert_msg_to_idl(
[0.362s]     File "/opt/ros/humble/local/lib/python3.10/dist-packages/rosidl_adapter/msg/__init__.py", line 28, in convert_msg_to_idl
[0.362s]       msg = parse_message_string(package_name, input_file.stem, content)
[0.362s]     File "/opt/ros/humble/local/lib/python3.10/dist-packages/rosidl_adapter/parser.py", line 519, in parse_message_string
[0.362s]       fields.append(Field(
[0.362s]     File "/opt/ros/humble/local/lib/python3.10/dist-packages/rosidl_adapter/parser.py", line 354, in __init__
[0.362s]       raise NameError(
[0.362s] 
[0.362s]   NameError: 'motor_Status' is an invalid field name.  It should have the
[0.362s]   pattern '^(?!.*__)(?!.*_$)[a-z][a-z0-9_]*$'
[0.362s] 
[0.362s] Call Stack (most recent call first):
[0.362s]   /opt/ros/humble/share/rosidl_cmake/cmake/rosidl_generate_interfaces.cmake:130 (rosidl_adapt_interfaces)
[0.362s]   CMakeLists.txt:15 (rosidl_generate_interfaces)
[0.362s] 
[0.362s] [0m
[0.362s] -- Configuring incomplete, errors occurred!
[0.362s] See also "/home/lucifer/humble_ws/study_ws/build/iRobot_interfaces/CMakeFiles/CMakeOutput.log".
[0.366s] Invoked command in '/home/lucifer/humble_ws/study_ws/build/iRobot_interfaces' returned '1': CMAKE_PREFIX_PATH=${CMAKE_PREFIX_PATH}:/home/lucifer/humble_ws/study_ws/install/py_pkg:/opt/ros/humble /usr/bin/cmake /home/lucifer/humble_ws/study_ws/src/iRobot_interfaces -DCMAKE_INSTALL_PREFIX=/home/lucifer/humble_ws/study_ws/install/iRobot_interfaces
