[33mCMake Warning (dev) at CMakeLists.txt:22 (add_executable):
  Policy CMP0115 is not set: Source file extensions must be explicit.  Run
  "cmake --help-policy CMP0115" for policy details.  Use the cmake_policy
  command to set the policy and suppress this warning.

  File:

    /home/lucifer/humble_ws/study_ws/src/cpp_pkg/src/NumberPublisher.cpp
This warning is for project developers.  Use -Wno-dev to suppress it.
[0m
[33mCMake Warning (dev) at CMakeLists.txt:25 (add_executable):
  Policy CMP0115 is not set: Source file extensions must be explicit.  Run
  "cmake --help-policy CMP0115" for policy details.  Use the cmake_policy
  command to set the policy and suppress this warning.

  File:

    /home/lucifer/humble_ws/study_ws/src/cpp_pkg/src/NumberCounter.cpp
This warning is for project developers.  Use -Wno-dev to suppress it.
[0m
[01m[K/home/lucifer/humble_ws/study_ws/src/cpp_pkg/src/NumberCounter.cpp:2:10:[m[K [01;31m[Kfatal error: [m[Kexample_interfaces/msg/int64.hpp: No such file or directory
    2 | #include [01;31m[K"example_interfaces/msg/int64.hpp"[m[K
      |          [01;31m[K^~~~~~~~~~~~~~~~~~~~~~~~~~~~~~~~~~[m[K
[01m[K/home/lucifer/humble_ws/study_ws/src/cpp_pkg/src/NumberPublisher.cpp:2:10:[m[K [01;31m[Kfatal error: [m[Kexample_interfaces/msg/int64.hpp: No such file or directory
    2 | #include [01;31m[K"example_interfaces/msg/int64.hpp"[m[K
      |          [01;31m[K^~~~~~~~~~~~~~~~~~~~~~~~~~~~~~~~~~[m[K
compilation terminated.
compilation terminated.
gmake[2]: *** [CMakeFiles/NumberCounter.dir/build.make:76: CMakeFiles/NumberCounter.dir/src/NumberCounter.cpp.o] Error 1
gmake[1]: *** [CMakeFiles/Makefile2:249: CMakeFiles/NumberCounter.dir/all] Error 2
gmake[1]: *** Waiting for unfinished jobs....
gmake[2]: *** [CMakeFiles/NumberPublisher.dir/build.make:76: CMakeFiles/NumberPublisher.dir/src/NumberPublisher.cpp.o] Error 1
gmake[1]: *** [CMakeFiles/Makefile2:223: CMakeFiles/NumberPublisher.dir/all] Error 2
gmake: *** [Makefile:146: all] Error 2
