[0.688s] Invoking command in '/home/lucifer/humble_ws/study_ws/src/py_pkg': PYTHONPATH=/home/lucifer/humble_ws/study_ws/build/py_pkg/prefix_override:/usr/lib/python3/dist-packages/colcon_core/task/python/colcon_distutils_commands:/home/lucifer/humble_ws/study_ws/install/py_pkg/lib/python3.10/site-packages:${PYTHONPATH} /usr/bin/python3 -W ignore:setup.py install is deprecated setup.py egg_info --egg-base ../../build/py_pkg build --build-base /home/lucifer/humble_ws/study_ws/build/py_pkg/build install --record /home/lucifer/humble_ws/study_ws/build/py_pkg/install.log --single-version-externally-managed install_data
[0.932s] running egg_info
[0.933s] writing ../../build/py_pkg/py_pkg.egg-info/PKG-INFO
[0.933s] writing dependency_links to ../../build/py_pkg/py_pkg.egg-info/dependency_links.txt
[0.933s] writing entry points to ../../build/py_pkg/py_pkg.egg-info/entry_points.txt
[0.933s] writing requirements to ../../build/py_pkg/py_pkg.egg-info/requires.txt
[0.933s] writing top-level names to ../../build/py_pkg/py_pkg.egg-info/top_level.txt
[0.936s] reading manifest file '../../build/py_pkg/py_pkg.egg-info/SOURCES.txt'
[0.936s] adding license file 'LICENSE'
[0.937s] writing manifest file '../../build/py_pkg/py_pkg.egg-info/SOURCES.txt'
[0.937s] running build
[0.937s] running build_py
[0.938s] running install
[0.938s] running install_lib
[0.939s] running install_data
[0.939s] copying package.xml -> /home/lucifer/humble_ws/study_ws/install/py_pkg/share/py_pkg
[0.940s] running install_egg_info
[0.941s] removing '/home/lucifer/humble_ws/study_ws/install/py_pkg/lib/python3.10/site-packages/py_pkg-0.0.0-py3.10.egg-info' (and everything under it)
[0.941s] Copying ../../build/py_pkg/py_pkg.egg-info to /home/lucifer/humble_ws/study_ws/install/py_pkg/lib/python3.10/site-packages/py_pkg-0.0.0-py3.10.egg-info
[0.942s] running install_scripts
[0.962s] Installing news_station script to /home/lucifer/humble_ws/study_ws/install/py_pkg/lib/py_pkg
[0.962s] Installing py_node script to /home/lucifer/humble_ws/study_ws/install/py_pkg/lib/py_pkg
[0.963s] Installing radio script to /home/lucifer/humble_ws/study_ws/install/py_pkg/lib/py_pkg
[0.963s] writing list of installed files to '/home/lucifer/humble_ws/study_ws/build/py_pkg/install.log'
[0.986s] Invoked command in '/home/lucifer/humble_ws/study_ws/src/py_pkg' returned '0': PYTHONPATH=/home/lucifer/humble_ws/study_ws/build/py_pkg/prefix_override:/usr/lib/python3/dist-packages/colcon_core/task/python/colcon_distutils_commands:/home/lucifer/humble_ws/study_ws/install/py_pkg/lib/python3.10/site-packages:${PYTHONPATH} /usr/bin/python3 -W ignore:setup.py install is deprecated setup.py egg_info --egg-base ../../build/py_pkg build --build-base /home/lucifer/humble_ws/study_ws/build/py_pkg/build install --record /home/lucifer/humble_ws/study_ws/build/py_pkg/install.log --single-version-externally-managed install_data
