-- Found ament_cmake: 1.3.10 (/opt/ros/humble/share/ament_cmake/cmake)
-- Override CMake install command with custom implementation using symlinks instead of copying resources
-- Found rclcpp: 16.0.10 (/opt/ros/humble/share/rclcpp/cmake)
-- Found rosidl_generator_c: 3.1.5 (/opt/ros/humble/share/rosidl_generator_c/cmake)
-- Found rosidl_adapter: 3.1.5 (/opt/ros/humble/share/rosidl_adapter/cmake)
-- Found rosidl_generator_cpp: 3.1.5 (/opt/ros/humble/share/rosidl_generator_cpp/cmake)
-- Using all available rosidl_typesupport_c: rosidl_typesupport_fastrtps_c;rosidl_typesupport_introspection_c
-- Using all available rosidl_typesupport_cpp: rosidl_typesupport_fastrtps_cpp;rosidl_typesupport_introspection_cpp
-- Found rmw_implementation_cmake: 6.1.2 (/opt/ros/humble/share/rmw_implementation_cmake/cmake)
-- Found rmw_fastrtps_cpp: 6.2.7 (/opt/ros/humble/share/rmw_fastrtps_cpp/cmake)
-- Using RMW implementation 'rmw_fastrtps_cpp' as default
-- Found example_interfaces: 0.9.3 (/opt/ros/humble/share/example_interfaces/cmake)
-- Found ament_lint_auto: 0.12.11 (/opt/ros/humble/share/ament_lint_auto/cmake)
-- Added test 'cppcheck' to perform static code analysis on C / C++ code
-- Configured cppcheck include dirs: 
-- Configured cppcheck exclude dirs and/or files: 
-- Added test 'lint_cmake' to check CMake code style
-- Added test 'uncrustify' to check C / C++ code style
-- Configured uncrustify additional arguments: 
-- Added test 'xmllint' to check XML markup files
-- Configuring done
[33mCMake Warning (dev) at CMakeLists.txt:23 (add_executable):
  Policy CMP0115 is not set: Source file extensions must be explicit.  Run
  "cmake --help-policy CMP0115" for policy details.  Use the cmake_policy
  command to set the policy and suppress this warning.

  File:

    /home/lucifer/humble_ws/study_ws/src/cpp_pkg/src/NumberPublisher.cpp
This warning is for project developers.  Use -Wno-dev to suppress it.
[0m
[33mCMake Warning (dev) at CMakeLists.txt:26 (add_executable):
  Policy CMP0115 is not set: Source file extensions must be explicit.  Run
  "cmake --help-policy CMP0115" for policy details.  Use the cmake_policy
  command to set the policy and suppress this warning.

  File:

    /home/lucifer/humble_ws/study_ws/src/cpp_pkg/src/NumberCounter.cpp
This warning is for project developers.  Use -Wno-dev to suppress it.
[0m
[33mCMake Warning (dev) at CMakeLists.txt:32 (add_executable):
  Policy CMP0115 is not set: Source file extensions must be explicit.  Run
  "cmake --help-policy CMP0115" for policy details.  Use the cmake_policy
  command to set the policy and suppress this warning.

  File:

    /home/lucifer/humble_ws/study_ws/src/cpp_pkg/src/client_sumServer_noop.cpp
This warning is for project developers.  Use -Wno-dev to suppress it.
[0m
-- Generating done
-- Build files have been written to: /home/lucifer/humble_ws/study_ws/build/cpp_pkg
[35m[1mConsolidate compiler generated dependencies of target radio[0m
[35m[1mConsolidate compiler generated dependencies of target NumberCounter[0m
[35m[1mConsolidate compiler generated dependencies of target sumServer[0m
[35m[1mConsolidate compiler generated dependencies of target NumberPublisher[0m
[35m[1mConsolidate compiler generated dependencies of target news_station[0m
[35m[1mConsolidate compiler generated dependencies of target client_sumServer[0m
[35m[1mConsolidate compiler generated dependencies of target client_sumServer_noop[0m
[35m[1mConsolidate compiler generated dependencies of target cpp_node[0m
[ 12%] Built target NumberCounter
[ 31%] Built target news_station
[ 37%] Built target NumberPublisher
[ 50%] Built target radio
[ 62%] Built target sumServer
[ 68%] [32mBuilding CXX object CMakeFiles/client_sumServer.dir/src/client_sumServer.cpp.o[0m
[ 81%] Built target client_sumServer_noop
[ 93%] Built target cpp_node
[01m[K/home/lucifer/humble_ws/study_ws/src/cpp_pkg/src/client_sumServer.cpp:[m[K In constructor ‘[01m[KClient_SumServer_Node::Client_SumServer_Node()[m[K’:
[01m[K/home/lucifer/humble_ws/study_ws/src/cpp_pkg/src/client_sumServer.cpp:15:5:[m[K [01;31m[Kerror: [m[Kexpected ‘[01m[K;[m[K’ before ‘[01m[K}[m[K’ token
   15 |     [01;31m[K}[m[K
      |     [01;31m[K^[m[K
In file included from [01m[K/opt/ros/humble/include/rclcpp/rclcpp/client.hpp:40[m[K,
                 from [01m[K/opt/ros/humble/include/rclcpp/rclcpp/callback_group.hpp:24[m[K,
                 from [01m[K/opt/ros/humble/include/rclcpp/rclcpp/any_executable.hpp:20[m[K,
                 from [01m[K/opt/ros/humble/include/rclcpp/rclcpp/memory_strategy.hpp:25[m[K,
                 from [01m[K/opt/ros/humble/include/rclcpp/rclcpp/memory_strategies.hpp:18[m[K,
                 from [01m[K/opt/ros/humble/include/rclcpp/rclcpp/executor_options.hpp:20[m[K,
                 from [01m[K/opt/ros/humble/include/rclcpp/rclcpp/executor.hpp:37[m[K,
                 from [01m[K/opt/ros/humble/include/rclcpp/rclcpp/executors/multi_threaded_executor.hpp:25[m[K,
                 from [01m[K/opt/ros/humble/include/rclcpp/rclcpp/executors.hpp:21[m[K,
                 from [01m[K/opt/ros/humble/include/rclcpp/rclcpp/rclcpp.hpp:155[m[K,
                 from [01m[K/home/lucifer/humble_ws/study_ws/src/cpp_pkg/src/client_sumServer.cpp:1[m[K:
[01m[K/home/lucifer/humble_ws/study_ws/src/cpp_pkg/src/client_sumServer.cpp:[m[K In member function ‘[01m[Kvoid Client_SumServer_Node::Client_SumServer_Callback(int, int)[m[K’:
[01m[K/home/lucifer/humble_ws/study_ws/src/cpp_pkg/src/client_sumServer.cpp:32:13:[m[K [01;31m[Kerror: [m[Kexpected ‘[01m[K,[m[K’ or ‘[01m[K;[m[K’ before ‘[01m[Kdo[m[K’
   32 |             [01;31m[KRCLCPP_INFO[m[K(this->get_logger(), "%ld + %ld = %ld", a, b, response->sum);
      |             [01;31m[K^~~~~~~~~~~[m[K
[01m[K/home/lucifer/humble_ws/study_ws/src/cpp_pkg/src/client_sumServer.cpp:17:40:[m[K [01;35m[Kwarning: [m[Kunused parameter ‘[01m[Ka[m[K’ [[01;35m[K]8;;https://gcc.gnu.org/onlinedocs/gcc/Warning-Options.html#index-Wunused-parameter-Wunused-parameter]8;;[m[K]
   17 |     void Client_SumServer_Callback([01;35m[Kint a[m[K, int b)
      |                                    [01;35m[K~~~~^[m[K
[01m[K/home/lucifer/humble_ws/study_ws/src/cpp_pkg/src/client_sumServer.cpp:17:47:[m[K [01;35m[Kwarning: [m[Kunused parameter ‘[01m[Kb[m[K’ [[01;35m[K]8;;https://gcc.gnu.org/onlinedocs/gcc/Warning-Options.html#index-Wunused-parameter-Wunused-parameter]8;;[m[K]
   17 |     void Client_SumServer_Callback(int a, [01;35m[Kint b[m[K)
      |                                           [01;35m[K~~~~^[m[K
gmake[2]: *** [CMakeFiles/client_sumServer.dir/build.make:76: CMakeFiles/client_sumServer.dir/src/client_sumServer.cpp.o] Error 1
gmake[1]: *** [CMakeFiles/Makefile2:333: CMakeFiles/client_sumServer.dir/all] Error 2
gmake: *** [Makefile:146: all] Error 2
