[0.651s] Invoking command in '/home/lucifer/humble_ws/study_ws/build/py_pkg': PYTHONPATH=/home/lucifer/humble_ws/study_ws/build/py_pkg/prefix_override:/usr/lib/python3/dist-packages/colcon_core/task/python/colcon_distutils_commands:/home/lucifer/humble_ws/study_ws/install/py_pkg/lib/python3.10/site-packages:${PYTHONPATH} /usr/bin/python3 -W ignore:setup.py install is deprecated setup.py develop --uninstall --editable --build-directory /home/lucifer/humble_ws/study_ws/build/py_pkg/build
[0.910s] running develop
[0.911s] /usr/lib/python3/dist-packages/setuptools/command/easy_install.py:158: EasyInstallDeprecationWarning: easy_install command is deprecated. Use build and pip and other standards-based tools.
[0.911s]   warnings.warn(
[1.089s] Removing /home/lucifer/humble_ws/study_ws/install/py_pkg/lib/python3.10/site-packages/py-pkg.egg-link (link to .)
[1.113s] Invoked command in '/home/lucifer/humble_ws/study_ws/build/py_pkg' returned '0': PYTHONPATH=/home/lucifer/humble_ws/study_ws/build/py_pkg/prefix_override:/usr/lib/python3/dist-packages/colcon_core/task/python/colcon_distutils_commands:/home/lucifer/humble_ws/study_ws/install/py_pkg/lib/python3.10/site-packages:${PYTHONPATH} /usr/bin/python3 -W ignore:setup.py install is deprecated setup.py develop --uninstall --editable --build-directory /home/lucifer/humble_ws/study_ws/build/py_pkg/build
[1.115s] Invoking command in '/home/lucifer/humble_ws/study_ws/src/py_pkg': PYTHONPATH=/home/lucifer/humble_ws/study_ws/build/py_pkg/prefix_override:/usr/lib/python3/dist-packages/colcon_core/task/python/colcon_distutils_commands:/home/lucifer/humble_ws/study_ws/install/py_pkg/lib/python3.10/site-packages:${PYTHONPATH} /usr/bin/python3 -W ignore:setup.py install is deprecated setup.py egg_info --egg-base ../../build/py_pkg build --build-base /home/lucifer/humble_ws/study_ws/build/py_pkg/build install --record /home/lucifer/humble_ws/study_ws/build/py_pkg/install.log --single-version-externally-managed install_data --force
[1.367s] running egg_info
[1.368s] writing ../../build/py_pkg/py_pkg.egg-info/PKG-INFO
[1.368s] writing dependency_links to ../../build/py_pkg/py_pkg.egg-info/dependency_links.txt
[1.369s] writing entry points to ../../build/py_pkg/py_pkg.egg-info/entry_points.txt
[1.369s] writing requirements to ../../build/py_pkg/py_pkg.egg-info/requires.txt
[1.369s] writing top-level names to ../../build/py_pkg/py_pkg.egg-info/top_level.txt
[1.370s] reading manifest file '../../build/py_pkg/py_pkg.egg-info/SOURCES.txt'
[1.370s] adding license file 'LICENSE'
[1.371s] writing manifest file '../../build/py_pkg/py_pkg.egg-info/SOURCES.txt'
[1.371s] running build
[1.371s] running build_py
[1.371s] copying py_pkg/first_node.py -> /home/lucifer/humble_ws/study_ws/build/py_pkg/build/lib/py_pkg
[1.372s] running install
[1.372s] running install_lib
[1.373s] creating /home/lucifer/humble_ws/study_ws/install/py_pkg/lib/python3.10/site-packages/py_pkg
[1.373s] copying /home/lucifer/humble_ws/study_ws/build/py_pkg/build/lib/py_pkg/first_node.py -> /home/lucifer/humble_ws/study_ws/install/py_pkg/lib/python3.10/site-packages/py_pkg
[1.373s] copying /home/lucifer/humble_ws/study_ws/build/py_pkg/build/lib/py_pkg/__init__.py -> /home/lucifer/humble_ws/study_ws/install/py_pkg/lib/python3.10/site-packages/py_pkg
[1.373s] byte-compiling /home/lucifer/humble_ws/study_ws/install/py_pkg/lib/python3.10/site-packages/py_pkg/first_node.py to first_node.cpython-310.pyc
[1.374s] byte-compiling /home/lucifer/humble_ws/study_ws/install/py_pkg/lib/python3.10/site-packages/py_pkg/__init__.py to __init__.cpython-310.pyc
[1.374s] running install_data
[1.374s] copying resource/py_pkg -> /home/lucifer/humble_ws/study_ws/install/py_pkg/share/ament_index/resource_index/packages
[1.374s] copying package.xml -> /home/lucifer/humble_ws/study_ws/install/py_pkg/share/py_pkg
[1.374s] running install_egg_info
[1.376s] Copying ../../build/py_pkg/py_pkg.egg-info to /home/lucifer/humble_ws/study_ws/install/py_pkg/lib/python3.10/site-packages/py_pkg-0.0.0-py3.10.egg-info
[1.377s] running install_scripts
[1.398s] Installing py_node script to /home/lucifer/humble_ws/study_ws/install/py_pkg/lib/py_pkg
[1.398s] writing list of installed files to '/home/lucifer/humble_ws/study_ws/build/py_pkg/install.log'
[1.420s] Invoked command in '/home/lucifer/humble_ws/study_ws/src/py_pkg' returned '0': PYTHONPATH=/home/lucifer/humble_ws/study_ws/build/py_pkg/prefix_override:/usr/lib/python3/dist-packages/colcon_core/task/python/colcon_distutils_commands:/home/lucifer/humble_ws/study_ws/install/py_pkg/lib/python3.10/site-packages:${PYTHONPATH} /usr/bin/python3 -W ignore:setup.py install is deprecated setup.py egg_info --egg-base ../../build/py_pkg build --build-base /home/lucifer/humble_ws/study_ws/build/py_pkg/build install --record /home/lucifer/humble_ws/study_ws/build/py_pkg/install.log --single-version-externally-managed install_data --force
