[0.030s] Invoking command in '/home/lucifer/humble_ws/study_ws/build/cpp_pkg': CMAKE_PREFIX_PATH=${CMAKE_PREFIX_PATH}:/home/lucifer/humble_ws/study_ws/install/py_pkg:/opt/ros/humble /usr/bin/cmake /home/lucifer/humble_ws/study_ws/src/cpp_pkg -DAMENT_CMAKE_SYMLINK_INSTALL=1 -DCMAKE_INSTALL_PREFIX=/home/lucifer/humble_ws/study_ws/install/cpp_pkg
[0.067s] -- Found ament_cmake: 1.3.10 (/opt/ros/humble/share/ament_cmake/cmake)
[0.292s] -- Override CMake install command with custom implementation using symlinks instead of copying resources
[0.319s] -- Found rclcpp: 16.0.10 (/opt/ros/humble/share/rclcpp/cmake)
[0.392s] -- Found rosidl_generator_c: 3.1.5 (/opt/ros/humble/share/rosidl_generator_c/cmake)
[0.396s] -- Found rosidl_adapter: 3.1.5 (/opt/ros/humble/share/rosidl_adapter/cmake)
[0.424s] -- Found rosidl_generator_cpp: 3.1.5 (/opt/ros/humble/share/rosidl_generator_cpp/cmake)
[0.445s] -- Using all available rosidl_typesupport_c: rosidl_typesupport_fastrtps_c;rosidl_typesupport_introspection_c
[0.462s] -- Using all available rosidl_typesupport_cpp: rosidl_typesupport_fastrtps_cpp;rosidl_typesupport_introspection_cpp
[0.543s] -- Found rmw_implementation_cmake: 6.1.2 (/opt/ros/humble/share/rmw_implementation_cmake/cmake)
[0.546s] -- Found rmw_fastrtps_cpp: 6.2.7 (/opt/ros/humble/share/rmw_fastrtps_cpp/cmake)
[0.761s] -- Using RMW implementation 'rmw_fastrtps_cpp' as default
[0.887s] -- Found ament_lint_auto: 0.12.11 (/opt/ros/humble/share/ament_lint_auto/cmake)
[1.000s] -- Added test 'cppcheck' to perform static code analysis on C / C++ code
[1.002s] -- Configured cppcheck include dirs: 
[1.003s] -- Configured cppcheck exclude dirs and/or files: 
[1.007s] -- Added test 'lint_cmake' to check CMake code style
[1.017s] -- Added test 'uncrustify' to check C / C++ code style
[1.017s] -- Configured uncrustify additional arguments: 
[1.018s] -- Added test 'xmllint' to check XML markup files
[1.022s] -- Configuring done
[1.032s] [33mCMake Warning (dev) at CMakeLists.txt:22 (add_executable):
[1.032s]   Policy CMP0115 is not set: Source file extensions must be explicit.  Run
[1.032s]   "cmake --help-policy CMP0115" for policy details.  Use the cmake_policy
[1.032s]   command to set the policy and suppress this warning.
[1.032s] 
[1.033s]   File:
[1.033s] 
[1.033s]     /home/lucifer/humble_ws/study_ws/src/cpp_pkg/src/NumberPublisher.cpp
[1.033s] This warning is for project developers.  Use -Wno-dev to suppress it.
[1.034s] [0m
[1.034s] [33mCMake Warning (dev) at CMakeLists.txt:25 (add_executable):
[1.034s]   Policy CMP0115 is not set: Source file extensions must be explicit.  Run
[1.034s]   "cmake --help-policy CMP0115" for policy details.  Use the cmake_policy
[1.034s]   command to set the policy and suppress this warning.
[1.035s] 
[1.035s]   File:
[1.035s] 
[1.036s]     /home/lucifer/humble_ws/study_ws/src/cpp_pkg/src/NumberCounter.cpp
[1.036s] This warning is for project developers.  Use -Wno-dev to suppress it.
[1.036s] [0m
[1.063s] -- Generating done
[1.066s] -- Build files have been written to: /home/lucifer/humble_ws/study_ws/build/cpp_pkg
[1.075s] Invoked command in '/home/lucifer/humble_ws/study_ws/build/cpp_pkg' returned '0': CMAKE_PREFIX_PATH=${CMAKE_PREFIX_PATH}:/home/lucifer/humble_ws/study_ws/install/py_pkg:/opt/ros/humble /usr/bin/cmake /home/lucifer/humble_ws/study_ws/src/cpp_pkg -DAMENT_CMAKE_SYMLINK_INSTALL=1 -DCMAKE_INSTALL_PREFIX=/home/lucifer/humble_ws/study_ws/install/cpp_pkg
[1.078s] Invoking command in '/home/lucifer/humble_ws/study_ws/build/cpp_pkg': CMAKE_PREFIX_PATH=${CMAKE_PREFIX_PATH}:/home/lucifer/humble_ws/study_ws/install/py_pkg:/opt/ros/humble /usr/bin/cmake --build /home/lucifer/humble_ws/study_ws/build/cpp_pkg -- -j8 -l8
[1.129s] [35m[1mConsolidate compiler generated dependencies of target NumberPublisher[0m
[1.131s] [35m[1mConsolidate compiler generated dependencies of target cpp_node[0m
[1.131s] [35m[1mConsolidate compiler generated dependencies of target news_station[0m
[1.131s] [35m[1mConsolidate compiler generated dependencies of target radio[0m
[1.132s] [35m[1mConsolidate compiler generated dependencies of target NumberCounter[0m
[1.185s] [ 10%] [32mBuilding CXX object CMakeFiles/cpp_node.dir/src/first_node.cpp.o[0m
[1.189s] [ 20%] [32m[1mLinking CXX executable NumberCounter[0m
[1.189s] [ 40%] [32m[1mLinking CXX executable news_station[0m
[1.190s] [ 40%] [32mBuilding CXX object CMakeFiles/NumberPublisher.dir/src/NumberPublisher.cpp.o[0m
[1.190s] [ 50%] [32m[1mLinking CXX executable radio[0m
[1.684s] [ 60%] Built target news_station
[1.951s] [ 70%] Built target NumberCounter
[2.084s] [ 80%] Built target radio
[6.141s] [ 90%] [32m[1mLinking CXX executable cpp_node[0m
[6.302s] [ 90%] Built target cpp_node
[7.595s] [100%] [32m[1mLinking CXX executable NumberPublisher[0m
[7.841s] [100%] Built target NumberPublisher
[7.854s] Invoked command in '/home/lucifer/humble_ws/study_ws/build/cpp_pkg' returned '0': CMAKE_PREFIX_PATH=${CMAKE_PREFIX_PATH}:/home/lucifer/humble_ws/study_ws/install/py_pkg:/opt/ros/humble /usr/bin/cmake --build /home/lucifer/humble_ws/study_ws/build/cpp_pkg -- -j8 -l8
[7.912s] Invoking command in '/home/lucifer/humble_ws/study_ws/build/cpp_pkg': CMAKE_PREFIX_PATH=${CMAKE_PREFIX_PATH}:/home/lucifer/humble_ws/study_ws/install/py_pkg:/opt/ros/humble /usr/bin/cmake --install /home/lucifer/humble_ws/study_ws/build/cpp_pkg
[7.920s] -- Install configuration: ""
[7.920s] -- Execute custom install script
[7.921s] -- Symlinking: /home/lucifer/humble_ws/study_ws/install/cpp_pkg/lib/cpp_pkg/cpp_node
[7.931s] -- Symlinking: /home/lucifer/humble_ws/study_ws/install/cpp_pkg/lib/cpp_pkg/news_station
[7.941s] -- Symlinking: /home/lucifer/humble_ws/study_ws/install/cpp_pkg/lib/cpp_pkg/radio
[7.951s] -- Symlinking: /home/lucifer/humble_ws/study_ws/install/cpp_pkg/lib/cpp_pkg/NumberPublisher
[7.961s] -- Symlinking: /home/lucifer/humble_ws/study_ws/install/cpp_pkg/lib/cpp_pkg/NumberCounter
[7.972s] -- Symlinking: /home/lucifer/humble_ws/study_ws/install/cpp_pkg/share/ament_index/resource_index/package_run_dependencies/cpp_pkg
[7.982s] -- Symlinking: /home/lucifer/humble_ws/study_ws/install/cpp_pkg/share/ament_index/resource_index/parent_prefix_path/cpp_pkg
[7.992s] -- Symlinking: /home/lucifer/humble_ws/study_ws/install/cpp_pkg/share/cpp_pkg/environment/ament_prefix_path.sh
[8.002s] -- Symlinking: /home/lucifer/humble_ws/study_ws/install/cpp_pkg/share/cpp_pkg/environment/ament_prefix_path.dsv
[8.013s] -- Symlinking: /home/lucifer/humble_ws/study_ws/install/cpp_pkg/share/cpp_pkg/environment/path.sh
[8.023s] -- Symlinking: /home/lucifer/humble_ws/study_ws/install/cpp_pkg/share/cpp_pkg/environment/path.dsv
[8.033s] -- Symlinking: /home/lucifer/humble_ws/study_ws/install/cpp_pkg/share/cpp_pkg/local_setup.bash
[8.043s] -- Symlinking: /home/lucifer/humble_ws/study_ws/install/cpp_pkg/share/cpp_pkg/local_setup.sh
[8.053s] -- Symlinking: /home/lucifer/humble_ws/study_ws/install/cpp_pkg/share/cpp_pkg/local_setup.zsh
[8.063s] -- Symlinking: /home/lucifer/humble_ws/study_ws/install/cpp_pkg/share/cpp_pkg/local_setup.dsv
[8.074s] -- Symlinking: /home/lucifer/humble_ws/study_ws/install/cpp_pkg/share/cpp_pkg/package.dsv
[8.084s] -- Symlinking: /home/lucifer/humble_ws/study_ws/install/cpp_pkg/share/ament_index/resource_index/packages/cpp_pkg
[8.094s] -- Symlinking: /home/lucifer/humble_ws/study_ws/install/cpp_pkg/share/cpp_pkg/cmake/cpp_pkgConfig.cmake
[8.104s] -- Symlinking: /home/lucifer/humble_ws/study_ws/install/cpp_pkg/share/cpp_pkg/cmake/cpp_pkgConfig-version.cmake
[8.114s] -- Symlinking: /home/lucifer/humble_ws/study_ws/install/cpp_pkg/share/cpp_pkg/package.xml
[8.126s] Invoked command in '/home/lucifer/humble_ws/study_ws/build/cpp_pkg' returned '0': CMAKE_PREFIX_PATH=${CMAKE_PREFIX_PATH}:/home/lucifer/humble_ws/study_ws/install/py_pkg:/opt/ros/humble /usr/bin/cmake --install /home/lucifer/humble_ws/study_ws/build/cpp_pkg
