[0.011s] Invoking command in '/home/lucifer/humble_ws/study_ws/build/cpp_pkg': CMAKE_PREFIX_PATH=${CMAKE_PREFIX_PATH}:/home/lucifer/humble_ws/study_ws/install/py_pkg:/opt/ros/humble /usr/bin/cmake --build /home/lucifer/humble_ws/study_ws/build/cpp_pkg -- -j8 -l8
[0.063s] [35m[1mConsolidate compiler generated dependencies of target client_sumServer[0m
[0.083s] [ 16%] Built target radio
[0.084s] [ 33%] Built target cpp_node
[0.084s] [ 50%] Built target NumberCounter
[0.085s] [ 66%] Built target NumberPublisher
[0.086s] [ 75%] [32mBuilding CXX object CMakeFiles/client_sumServer.dir/src/client_sumServer_noop.cpp.o[0m
[0.086s] [ 91%] Built target news_station
[4.366s] [100%] [32m[1mLinking CXX executable client_sumServer[0m
[4.571s] [100%] Built target client_sumServer
[4.586s] Invoked command in '/home/lucifer/humble_ws/study_ws/build/cpp_pkg' returned '0': CMAKE_PREFIX_PATH=${CMAKE_PREFIX_PATH}:/home/lucifer/humble_ws/study_ws/install/py_pkg:/opt/ros/humble /usr/bin/cmake --build /home/lucifer/humble_ws/study_ws/build/cpp_pkg -- -j8 -l8
[4.648s] Invoking command in '/home/lucifer/humble_ws/study_ws/build/cpp_pkg': CMAKE_PREFIX_PATH=${CMAKE_PREFIX_PATH}:/home/lucifer/humble_ws/study_ws/install/py_pkg:/opt/ros/humble /usr/bin/cmake --install /home/lucifer/humble_ws/study_ws/build/cpp_pkg
[4.659s] -- Install configuration: ""
[4.660s] -- Execute custom install script
[4.660s] -- Up-to-date symlink: /home/lucifer/humble_ws/study_ws/install/cpp_pkg/lib/cpp_pkg/cpp_node
[4.661s] -- Up-to-date symlink: /home/lucifer/humble_ws/study_ws/install/cpp_pkg/lib/cpp_pkg/news_station
[4.661s] -- Up-to-date symlink: /home/lucifer/humble_ws/study_ws/install/cpp_pkg/lib/cpp_pkg/radio
[4.661s] -- Up-to-date symlink: /home/lucifer/humble_ws/study_ws/install/cpp_pkg/lib/cpp_pkg/NumberPublisher
[4.661s] -- Up-to-date symlink: /home/lucifer/humble_ws/study_ws/install/cpp_pkg/lib/cpp_pkg/NumberCounter
[4.662s] -- Up-to-date symlink: /home/lucifer/humble_ws/study_ws/install/cpp_pkg/lib/cpp_pkg/client_sumServer
[4.662s] -- Up-to-date symlink: /home/lucifer/humble_ws/study_ws/install/cpp_pkg/share/ament_index/resource_index/package_run_dependencies/cpp_pkg
[4.662s] -- Up-to-date symlink: /home/lucifer/humble_ws/study_ws/install/cpp_pkg/share/ament_index/resource_index/parent_prefix_path/cpp_pkg
[4.663s] -- Up-to-date symlink: /home/lucifer/humble_ws/study_ws/install/cpp_pkg/share/cpp_pkg/environment/ament_prefix_path.sh
[4.663s] -- Up-to-date symlink: /home/lucifer/humble_ws/study_ws/install/cpp_pkg/share/cpp_pkg/environment/ament_prefix_path.dsv
[4.663s] -- Up-to-date symlink: /home/lucifer/humble_ws/study_ws/install/cpp_pkg/share/cpp_pkg/environment/path.sh
[4.663s] -- Up-to-date symlink: /home/lucifer/humble_ws/study_ws/install/cpp_pkg/share/cpp_pkg/environment/path.dsv
[4.664s] -- Up-to-date symlink: /home/lucifer/humble_ws/study_ws/install/cpp_pkg/share/cpp_pkg/local_setup.bash
[4.664s] -- Up-to-date symlink: /home/lucifer/humble_ws/study_ws/install/cpp_pkg/share/cpp_pkg/local_setup.sh
[4.664s] -- Up-to-date symlink: /home/lucifer/humble_ws/study_ws/install/cpp_pkg/share/cpp_pkg/local_setup.zsh
[4.664s] -- Up-to-date symlink: /home/lucifer/humble_ws/study_ws/install/cpp_pkg/share/cpp_pkg/local_setup.dsv
[4.665s] -- Symlinking: /home/lucifer/humble_ws/study_ws/install/cpp_pkg/share/cpp_pkg/package.dsv
[4.675s] -- Up-to-date symlink: /home/lucifer/humble_ws/study_ws/install/cpp_pkg/share/ament_index/resource_index/packages/cpp_pkg
[4.675s] -- Up-to-date symlink: /home/lucifer/humble_ws/study_ws/install/cpp_pkg/share/cpp_pkg/cmake/cpp_pkgConfig.cmake
[4.675s] -- Up-to-date symlink: /home/lucifer/humble_ws/study_ws/install/cpp_pkg/share/cpp_pkg/cmake/cpp_pkgConfig-version.cmake
[4.676s] -- Up-to-date symlink: /home/lucifer/humble_ws/study_ws/install/cpp_pkg/share/cpp_pkg/package.xml
[4.678s] Invoked command in '/home/lucifer/humble_ws/study_ws/build/cpp_pkg' returned '0': CMAKE_PREFIX_PATH=${CMAKE_PREFIX_PATH}:/home/lucifer/humble_ws/study_ws/install/py_pkg:/opt/ros/humble /usr/bin/cmake --install /home/lucifer/humble_ws/study_ws/build/cpp_pkg
