[0.711s] Invoking command in '/home/lucifer/humble_ws/study_ws/src/py_pkg': PYTHONPATH=/home/lucifer/humble_ws/study_ws/build/py_pkg/prefix_override:/usr/lib/python3/dist-packages/colcon_core/task/python/colcon_distutils_commands:/home/lucifer/humble_ws/study_ws/install/py_pkg/lib/python3.10/site-packages:${PYTHONPATH} /usr/bin/python3 -W ignore:setup.py install is deprecated setup.py egg_info --egg-base ../../build/py_pkg build --build-base /home/lucifer/humble_ws/study_ws/build/py_pkg/build install --record /home/lucifer/humble_ws/study_ws/build/py_pkg/install.log --single-version-externally-managed install_data
[0.991s] running egg_info
[0.991s] writing ../../build/py_pkg/py_pkg.egg-info/PKG-INFO
[0.991s] writing dependency_links to ../../build/py_pkg/py_pkg.egg-info/dependency_links.txt
[0.992s] writing entry points to ../../build/py_pkg/py_pkg.egg-info/entry_points.txt
[0.992s] writing requirements to ../../build/py_pkg/py_pkg.egg-info/requires.txt
[0.992s] writing top-level names to ../../build/py_pkg/py_pkg.egg-info/top_level.txt
[0.993s] reading manifest file '../../build/py_pkg/py_pkg.egg-info/SOURCES.txt'
[0.994s] adding license file 'LICENSE'
[0.994s] writing manifest file '../../build/py_pkg/py_pkg.egg-info/SOURCES.txt'
[0.994s] running build
[0.995s] running build_py
[0.995s] copying py_pkg/client_sumServer.py -> /home/lucifer/humble_ws/study_ws/build/py_pkg/build/lib/py_pkg
[0.995s] running install
[0.995s] running install_lib
[0.996s] copying /home/lucifer/humble_ws/study_ws/build/py_pkg/build/lib/py_pkg/client_sumServer.py -> /home/lucifer/humble_ws/study_ws/install/py_pkg/lib/python3.10/site-packages/py_pkg
[0.997s] byte-compiling /home/lucifer/humble_ws/study_ws/install/py_pkg/lib/python3.10/site-packages/py_pkg/client_sumServer.py to client_sumServer.cpython-310.pyc
[0.998s] running install_data
[0.998s] running install_egg_info
[0.999s] removing '/home/lucifer/humble_ws/study_ws/install/py_pkg/lib/python3.10/site-packages/py_pkg-0.0.0-py3.10.egg-info' (and everything under it)
[0.999s] Copying ../../build/py_pkg/py_pkg.egg-info to /home/lucifer/humble_ws/study_ws/install/py_pkg/lib/python3.10/site-packages/py_pkg-0.0.0-py3.10.egg-info
[1.000s] running install_scripts
[1.019s] Installing addTwoInt_noop script to /home/lucifer/humble_ws/study_ws/install/py_pkg/lib/py_pkg
[1.020s] Installing client_sumServerNode script to /home/lucifer/humble_ws/study_ws/install/py_pkg/lib/py_pkg
[1.020s] Installing news_station script to /home/lucifer/humble_ws/study_ws/install/py_pkg/lib/py_pkg
[1.020s] Installing py_node script to /home/lucifer/humble_ws/study_ws/install/py_pkg/lib/py_pkg
[1.020s] Installing radio script to /home/lucifer/humble_ws/study_ws/install/py_pkg/lib/py_pkg
[1.020s] Installing sum_server script to /home/lucifer/humble_ws/study_ws/install/py_pkg/lib/py_pkg
[1.021s] writing list of installed files to '/home/lucifer/humble_ws/study_ws/build/py_pkg/install.log'
[1.052s] Invoked command in '/home/lucifer/humble_ws/study_ws/src/py_pkg' returned '0': PYTHONPATH=/home/lucifer/humble_ws/study_ws/build/py_pkg/prefix_override:/usr/lib/python3/dist-packages/colcon_core/task/python/colcon_distutils_commands:/home/lucifer/humble_ws/study_ws/install/py_pkg/lib/python3.10/site-packages:${PYTHONPATH} /usr/bin/python3 -W ignore:setup.py install is deprecated setup.py egg_info --egg-base ../../build/py_pkg build --build-base /home/lucifer/humble_ws/study_ws/build/py_pkg/build install --record /home/lucifer/humble_ws/study_ws/build/py_pkg/install.log --single-version-externally-managed install_data
