[  2%] Built target irobot_interfaces__cpp
[ 12%] Built target irobot_interfaces__rosidl_generator_c
[ 12%] Built target ament_cmake_python_copy_irobot_interfaces
[ 23%] Built target irobot_interfaces__rosidl_typesupport_c
[ 33%] Built target irobot_interfaces__rosidl_typesupport_fastrtps_cpp
[ 43%] Built target irobot_interfaces__rosidl_typesupport_cpp
[ 53%] Built target irobot_interfaces__rosidl_typesupport_introspection_cpp
[ 64%] Built target irobot_interfaces__rosidl_typesupport_introspection_c
[ 74%] Built target irobot_interfaces__rosidl_typesupport_fastrtps_c
[ 74%] Built target irobot_interfaces
[ 76%] Built target irobot_interfaces__py
[ 84%] Built target irobot_interfaces__rosidl_generator_py
[100%] Built target irobot_interfaces__rosidl_typesupport_introspection_c__pyext
[100%] Built target irobot_interfaces__rosidl_typesupport_fastrtps_c__pyext
[100%] Built target irobot_interfaces__rosidl_typesupport_c__pyext
running egg_info
writing irobot_interfaces.egg-info/PKG-INFO
writing dependency_links to irobot_interfaces.egg-info/dependency_links.txt
writing top-level names to irobot_interfaces.egg-info/top_level.txt
reading manifest file 'irobot_interfaces.egg-info/SOURCES.txt'
writing manifest file 'irobot_interfaces.egg-info/SOURCES.txt'
[100%] Built target ament_cmake_python_build_irobot_interfaces_egg
-- Install configuration: ""
-- Installing: /home/lucifer/humble_ws/study_ws/install/irobot_interfaces/share/ament_index/resource_index/rosidl_interfaces/irobot_interfaces
-- Installing: /home/lucifer/humble_ws/study_ws/install/irobot_interfaces/include/irobot_interfaces/irobot_interfaces
-- Installing: /home/lucifer/humble_ws/study_ws/install/irobot_interfaces/include/irobot_interfaces/irobot_interfaces/srv
-- Installing: /home/lucifer/humble_ws/study_ws/install/irobot_interfaces/include/irobot_interfaces/irobot_interfaces/srv/detail
-- Installing: /home/lucifer/humble_ws/study_ws/install/irobot_interfaces/include/irobot_interfaces/irobot_interfaces/srv/detail/compute_rectangle_area__type_support.h
-- Installing: /home/lucifer/humble_ws/study_ws/install/irobot_interfaces/include/irobot_interfaces/irobot_interfaces/srv/detail/compute_rectangle_area__functions.h
-- Installing: /home/lucifer/humble_ws/study_ws/install/irobot_interfaces/include/irobot_interfaces/irobot_interfaces/srv/detail/compute_rectangle_area__functions.c
-- Installing: /home/lucifer/humble_ws/study_ws/install/irobot_interfaces/include/irobot_interfaces/irobot_interfaces/srv/detail/compute_rectangle_area__struct.h
-- Installing: /home/lucifer/humble_ws/study_ws/install/irobot_interfaces/include/irobot_interfaces/irobot_interfaces/srv/compute_rectangle_area.h
-- Installing: /home/lucifer/humble_ws/study_ws/install/irobot_interfaces/include/irobot_interfaces/irobot_interfaces/msg
-- Installing: /home/lucifer/humble_ws/study_ws/install/irobot_interfaces/include/irobot_interfaces/irobot_interfaces/msg/rosidl_generator_c__visibility_control.h
-- Installing: /home/lucifer/humble_ws/study_ws/install/irobot_interfaces/include/irobot_interfaces/irobot_interfaces/msg/detail
-- Installing: /home/lucifer/humble_ws/study_ws/install/irobot_interfaces/include/irobot_interfaces/irobot_interfaces/msg/detail/hardware_status__functions.h
-- Installing: /home/lucifer/humble_ws/study_ws/install/irobot_interfaces/include/irobot_interfaces/irobot_interfaces/msg/detail/hardware_status__type_support.h
-- Installing: /home/lucifer/humble_ws/study_ws/install/irobot_interfaces/include/irobot_interfaces/irobot_interfaces/msg/detail/hardware_status__struct.h
-- Installing: /home/lucifer/humble_ws/study_ws/install/irobot_interfaces/include/irobot_interfaces/irobot_interfaces/msg/detail/hardware_status__functions.c
-- Installing: /home/lucifer/humble_ws/study_ws/install/irobot_interfaces/include/irobot_interfaces/irobot_interfaces/msg/hardware_status.h
-- Installing: /home/lucifer/humble_ws/study_ws/install/irobot_interfaces/share/irobot_interfaces/environment/library_path.sh
-- Installing: /home/lucifer/humble_ws/study_ws/install/irobot_interfaces/share/irobot_interfaces/environment/library_path.dsv
-- Installing: /home/lucifer/humble_ws/study_ws/install/irobot_interfaces/lib/libirobot_interfaces__rosidl_generator_c.so
-- Set runtime path of "/home/lucifer/humble_ws/study_ws/install/irobot_interfaces/lib/libirobot_interfaces__rosidl_generator_c.so" to ""
-- Up-to-date: /home/lucifer/humble_ws/study_ws/install/irobot_interfaces/include/irobot_interfaces/irobot_interfaces
-- Up-to-date: /home/lucifer/humble_ws/study_ws/install/irobot_interfaces/include/irobot_interfaces/irobot_interfaces/srv
-- Up-to-date: /home/lucifer/humble_ws/study_ws/install/irobot_interfaces/include/irobot_interfaces/irobot_interfaces/srv/detail
-- Installing: /home/lucifer/humble_ws/study_ws/install/irobot_interfaces/include/irobot_interfaces/irobot_interfaces/srv/detail/compute_rectangle_area__rosidl_typesupport_fastrtps_c.h
-- Up-to-date: /home/lucifer/humble_ws/study_ws/install/irobot_interfaces/include/irobot_interfaces/irobot_interfaces/msg
-- Installing: /home/lucifer/humble_ws/study_ws/install/irobot_interfaces/include/irobot_interfaces/irobot_interfaces/msg/rosidl_typesupport_fastrtps_c__visibility_control.h
-- Up-to-date: /home/lucifer/humble_ws/study_ws/install/irobot_interfaces/include/irobot_interfaces/irobot_interfaces/msg/detail
-- Installing: /home/lucifer/humble_ws/study_ws/install/irobot_interfaces/include/irobot_interfaces/irobot_interfaces/msg/detail/hardware_status__rosidl_typesupport_fastrtps_c.h
-- Installing: /home/lucifer/humble_ws/study_ws/install/irobot_interfaces/lib/libirobot_interfaces__rosidl_typesupport_fastrtps_c.so
-- Set runtime path of "/home/lucifer/humble_ws/study_ws/install/irobot_interfaces/lib/libirobot_interfaces__rosidl_typesupport_fastrtps_c.so" to ""
-- Up-to-date: /home/lucifer/humble_ws/study_ws/install/irobot_interfaces/include/irobot_interfaces/irobot_interfaces
-- Up-to-date: /home/lucifer/humble_ws/study_ws/install/irobot_interfaces/include/irobot_interfaces/irobot_interfaces/srv
-- Up-to-date: /home/lucifer/humble_ws/study_ws/install/irobot_interfaces/include/irobot_interfaces/irobot_interfaces/srv/detail
-- Installing: /home/lucifer/humble_ws/study_ws/install/irobot_interfaces/include/irobot_interfaces/irobot_interfaces/srv/detail/compute_rectangle_area__rosidl_typesupport_introspection_c.h
-- Installing: /home/lucifer/humble_ws/study_ws/install/irobot_interfaces/include/irobot_interfaces/irobot_interfaces/srv/detail/compute_rectangle_area__type_support.c
-- Up-to-date: /home/lucifer/humble_ws/study_ws/install/irobot_interfaces/include/irobot_interfaces/irobot_interfaces/msg
-- Installing: /home/lucifer/humble_ws/study_ws/install/irobot_interfaces/include/irobot_interfaces/irobot_interfaces/msg/rosidl_typesupport_introspection_c__visibility_control.h
-- Up-to-date: /home/lucifer/humble_ws/study_ws/install/irobot_interfaces/include/irobot_interfaces/irobot_interfaces/msg/detail
-- Installing: /home/lucifer/humble_ws/study_ws/install/irobot_interfaces/include/irobot_interfaces/irobot_interfaces/msg/detail/hardware_status__rosidl_typesupport_introspection_c.h
-- Installing: /home/lucifer/humble_ws/study_ws/install/irobot_interfaces/include/irobot_interfaces/irobot_interfaces/msg/detail/hardware_status__type_support.c
-- Installing: /home/lucifer/humble_ws/study_ws/install/irobot_interfaces/lib/libirobot_interfaces__rosidl_typesupport_introspection_c.so
-- Set runtime path of "/home/lucifer/humble_ws/study_ws/install/irobot_interfaces/lib/libirobot_interfaces__rosidl_typesupport_introspection_c.so" to ""
-- Installing: /home/lucifer/humble_ws/study_ws/install/irobot_interfaces/lib/libirobot_interfaces__rosidl_typesupport_c.so
-- Set runtime path of "/home/lucifer/humble_ws/study_ws/install/irobot_interfaces/lib/libirobot_interfaces__rosidl_typesupport_c.so" to ""
-- Up-to-date: /home/lucifer/humble_ws/study_ws/install/irobot_interfaces/include/irobot_interfaces/irobot_interfaces
-- Up-to-date: /home/lucifer/humble_ws/study_ws/install/irobot_interfaces/include/irobot_interfaces/irobot_interfaces/srv
-- Installing: /home/lucifer/humble_ws/study_ws/install/irobot_interfaces/include/irobot_interfaces/irobot_interfaces/srv/compute_rectangle_area.hpp
-- Up-to-date: /home/lucifer/humble_ws/study_ws/install/irobot_interfaces/include/irobot_interfaces/irobot_interfaces/srv/detail
-- Installing: /home/lucifer/humble_ws/study_ws/install/irobot_interfaces/include/irobot_interfaces/irobot_interfaces/srv/detail/compute_rectangle_area__builder.hpp
-- Installing: /home/lucifer/humble_ws/study_ws/install/irobot_interfaces/include/irobot_interfaces/irobot_interfaces/srv/detail/compute_rectangle_area__struct.hpp
-- Installing: /home/lucifer/humble_ws/study_ws/install/irobot_interfaces/include/irobot_interfaces/irobot_interfaces/srv/detail/compute_rectangle_area__traits.hpp
-- Up-to-date: /home/lucifer/humble_ws/study_ws/install/irobot_interfaces/include/irobot_interfaces/irobot_interfaces/msg
-- Installing: /home/lucifer/humble_ws/study_ws/install/irobot_interfaces/include/irobot_interfaces/irobot_interfaces/msg/hardware_status.hpp
-- Up-to-date: /home/lucifer/humble_ws/study_ws/install/irobot_interfaces/include/irobot_interfaces/irobot_interfaces/msg/detail
-- Installing: /home/lucifer/humble_ws/study_ws/install/irobot_interfaces/include/irobot_interfaces/irobot_interfaces/msg/detail/hardware_status__builder.hpp
-- Installing: /home/lucifer/humble_ws/study_ws/install/irobot_interfaces/include/irobot_interfaces/irobot_interfaces/msg/detail/hardware_status__struct.hpp
-- Installing: /home/lucifer/humble_ws/study_ws/install/irobot_interfaces/include/irobot_interfaces/irobot_interfaces/msg/detail/hardware_status__traits.hpp
-- Up-to-date: /home/lucifer/humble_ws/study_ws/install/irobot_interfaces/include/irobot_interfaces/irobot_interfaces
-- Up-to-date: /home/lucifer/humble_ws/study_ws/install/irobot_interfaces/include/irobot_interfaces/irobot_interfaces/srv
-- Up-to-date: /home/lucifer/humble_ws/study_ws/install/irobot_interfaces/include/irobot_interfaces/irobot_interfaces/srv/detail
-- Installing: /home/lucifer/humble_ws/study_ws/install/irobot_interfaces/include/irobot_interfaces/irobot_interfaces/srv/detail/dds_fastrtps
-- Installing: /home/lucifer/humble_ws/study_ws/install/irobot_interfaces/include/irobot_interfaces/irobot_interfaces/srv/detail/compute_rectangle_area__rosidl_typesupport_fastrtps_cpp.hpp
-- Up-to-date: /home/lucifer/humble_ws/study_ws/install/irobot_interfaces/include/irobot_interfaces/irobot_interfaces/msg
-- Installing: /home/lucifer/humble_ws/study_ws/install/irobot_interfaces/include/irobot_interfaces/irobot_interfaces/msg/rosidl_typesupport_fastrtps_cpp__visibility_control.h
-- Up-to-date: /home/lucifer/humble_ws/study_ws/install/irobot_interfaces/include/irobot_interfaces/irobot_interfaces/msg/detail
-- Installing: /home/lucifer/humble_ws/study_ws/install/irobot_interfaces/include/irobot_interfaces/irobot_interfaces/msg/detail/dds_fastrtps
-- Installing: /home/lucifer/humble_ws/study_ws/install/irobot_interfaces/include/irobot_interfaces/irobot_interfaces/msg/detail/hardware_status__rosidl_typesupport_fastrtps_cpp.hpp
-- Installing: /home/lucifer/humble_ws/study_ws/install/irobot_interfaces/lib/libirobot_interfaces__rosidl_typesupport_fastrtps_cpp.so
-- Set runtime path of "/home/lucifer/humble_ws/study_ws/install/irobot_interfaces/lib/libirobot_interfaces__rosidl_typesupport_fastrtps_cpp.so" to ""
-- Up-to-date: /home/lucifer/humble_ws/study_ws/install/irobot_interfaces/include/irobot_interfaces/irobot_interfaces
-- Up-to-date: /home/lucifer/humble_ws/study_ws/install/irobot_interfaces/include/irobot_interfaces/irobot_interfaces/srv
-- Up-to-date: /home/lucifer/humble_ws/study_ws/install/irobot_interfaces/include/irobot_interfaces/irobot_interfaces/srv/detail
-- Installing: /home/lucifer/humble_ws/study_ws/install/irobot_interfaces/include/irobot_interfaces/irobot_interfaces/srv/detail/compute_rectangle_area__type_support.cpp
-- Installing: /home/lucifer/humble_ws/study_ws/install/irobot_interfaces/include/irobot_interfaces/irobot_interfaces/srv/detail/compute_rectangle_area__rosidl_typesupport_introspection_cpp.hpp
-- Up-to-date: /home/lucifer/humble_ws/study_ws/install/irobot_interfaces/include/irobot_interfaces/irobot_interfaces/msg
-- Up-to-date: /home/lucifer/humble_ws/study_ws/install/irobot_interfaces/include/irobot_interfaces/irobot_interfaces/msg/detail
-- Installing: /home/lucifer/humble_ws/study_ws/install/irobot_interfaces/include/irobot_interfaces/irobot_interfaces/msg/detail/hardware_status__rosidl_typesupport_introspection_cpp.hpp
-- Installing: /home/lucifer/humble_ws/study_ws/install/irobot_interfaces/include/irobot_interfaces/irobot_interfaces/msg/detail/hardware_status__type_support.cpp
-- Installing: /home/lucifer/humble_ws/study_ws/install/irobot_interfaces/lib/libirobot_interfaces__rosidl_typesupport_introspection_cpp.so
-- Set runtime path of "/home/lucifer/humble_ws/study_ws/install/irobot_interfaces/lib/libirobot_interfaces__rosidl_typesupport_introspection_cpp.so" to ""
-- Installing: /home/lucifer/humble_ws/study_ws/install/irobot_interfaces/lib/libirobot_interfaces__rosidl_typesupport_cpp.so
-- Set runtime path of "/home/lucifer/humble_ws/study_ws/install/irobot_interfaces/lib/libirobot_interfaces__rosidl_typesupport_cpp.so" to ""
-- Installing: /home/lucifer/humble_ws/study_ws/install/irobot_interfaces/share/irobot_interfaces/environment/pythonpath.sh
-- Installing: /home/lucifer/humble_ws/study_ws/install/irobot_interfaces/share/irobot_interfaces/environment/pythonpath.dsv
-- Installing: /home/lucifer/humble_ws/study_ws/install/irobot_interfaces/local/lib/python3.10/dist-packages/irobot_interfaces-0.0.0-py3.10.egg-info
-- Installing: /home/lucifer/humble_ws/study_ws/install/irobot_interfaces/local/lib/python3.10/dist-packages/irobot_interfaces-0.0.0-py3.10.egg-info/top_level.txt
-- Installing: /home/lucifer/humble_ws/study_ws/install/irobot_interfaces/local/lib/python3.10/dist-packages/irobot_interfaces-0.0.0-py3.10.egg-info/dependency_links.txt
-- Installing: /home/lucifer/humble_ws/study_ws/install/irobot_interfaces/local/lib/python3.10/dist-packages/irobot_interfaces-0.0.0-py3.10.egg-info/SOURCES.txt
-- Installing: /home/lucifer/humble_ws/study_ws/install/irobot_interfaces/local/lib/python3.10/dist-packages/irobot_interfaces-0.0.0-py3.10.egg-info/PKG-INFO
-- Installing: /home/lucifer/humble_ws/study_ws/install/irobot_interfaces/local/lib/python3.10/dist-packages/irobot_interfaces
-- Installing: /home/lucifer/humble_ws/study_ws/install/irobot_interfaces/local/lib/python3.10/dist-packages/irobot_interfaces/srv
-- Installing: /home/lucifer/humble_ws/study_ws/install/irobot_interfaces/local/lib/python3.10/dist-packages/irobot_interfaces/srv/_compute_rectangle_area_s.c
-- Installing: /home/lucifer/humble_ws/study_ws/install/irobot_interfaces/local/lib/python3.10/dist-packages/irobot_interfaces/srv/__init__.py
-- Installing: /home/lucifer/humble_ws/study_ws/install/irobot_interfaces/local/lib/python3.10/dist-packages/irobot_interfaces/srv/_compute_rectangle_area.py
-- Installing: /home/lucifer/humble_ws/study_ws/install/irobot_interfaces/local/lib/python3.10/dist-packages/irobot_interfaces/_irobot_interfaces_s.ep.rosidl_typesupport_fastrtps_c.c
-- Installing: /home/lucifer/humble_ws/study_ws/install/irobot_interfaces/local/lib/python3.10/dist-packages/irobot_interfaces/msg
-- Installing: /home/lucifer/humble_ws/study_ws/install/irobot_interfaces/local/lib/python3.10/dist-packages/irobot_interfaces/msg/_hardware_status_s.c
-- Installing: /home/lucifer/humble_ws/study_ws/install/irobot_interfaces/local/lib/python3.10/dist-packages/irobot_interfaces/msg/_hardware_status.py
-- Installing: /home/lucifer/humble_ws/study_ws/install/irobot_interfaces/local/lib/python3.10/dist-packages/irobot_interfaces/msg/__init__.py
-- Installing: /home/lucifer/humble_ws/study_ws/install/irobot_interfaces/local/lib/python3.10/dist-packages/irobot_interfaces/irobot_interfaces_s__rosidl_typesupport_introspection_c.cpython-310-x86_64-linux-gnu.so
-- Installing: /home/lucifer/humble_ws/study_ws/install/irobot_interfaces/local/lib/python3.10/dist-packages/irobot_interfaces/irobot_interfaces_s__rosidl_typesupport_c.cpython-310-x86_64-linux-gnu.so
-- Installing: /home/lucifer/humble_ws/study_ws/install/irobot_interfaces/local/lib/python3.10/dist-packages/irobot_interfaces/_irobot_interfaces_s.ep.rosidl_typesupport_c.c
-- Installing: /home/lucifer/humble_ws/study_ws/install/irobot_interfaces/local/lib/python3.10/dist-packages/irobot_interfaces/irobot_interfaces_s__rosidl_typesupport_fastrtps_c.cpython-310-x86_64-linux-gnu.so
-- Installing: /home/lucifer/humble_ws/study_ws/install/irobot_interfaces/local/lib/python3.10/dist-packages/irobot_interfaces/libirobot_interfaces__rosidl_generator_py.so
-- Installing: /home/lucifer/humble_ws/study_ws/install/irobot_interfaces/local/lib/python3.10/dist-packages/irobot_interfaces/_irobot_interfaces_s.ep.rosidl_typesupport_introspection_c.c
-- Installing: /home/lucifer/humble_ws/study_ws/install/irobot_interfaces/local/lib/python3.10/dist-packages/irobot_interfaces/__init__.py
Listing '/home/lucifer/humble_ws/study_ws/install/irobot_interfaces/local/lib/python3.10/dist-packages/irobot_interfaces'...
Compiling '/home/lucifer/humble_ws/study_ws/install/irobot_interfaces/local/lib/python3.10/dist-packages/irobot_interfaces/__init__.py'...
Listing '/home/lucifer/humble_ws/study_ws/install/irobot_interfaces/local/lib/python3.10/dist-packages/irobot_interfaces/msg'...
Compiling '/home/lucifer/humble_ws/study_ws/install/irobot_interfaces/local/lib/python3.10/dist-packages/irobot_interfaces/msg/__init__.py'...
Compiling '/home/lucifer/humble_ws/study_ws/install/irobot_interfaces/local/lib/python3.10/dist-packages/irobot_interfaces/msg/_hardware_status.py'...
Listing '/home/lucifer/humble_ws/study_ws/install/irobot_interfaces/local/lib/python3.10/dist-packages/irobot_interfaces/srv'...
Compiling '/home/lucifer/humble_ws/study_ws/install/irobot_interfaces/local/lib/python3.10/dist-packages/irobot_interfaces/srv/__init__.py'...
Compiling '/home/lucifer/humble_ws/study_ws/install/irobot_interfaces/local/lib/python3.10/dist-packages/irobot_interfaces/srv/_compute_rectangle_area.py'...
-- Installing: /home/lucifer/humble_ws/study_ws/install/irobot_interfaces/local/lib/python3.10/dist-packages/irobot_interfaces/irobot_interfaces_s__rosidl_typesupport_fastrtps_c.cpython-310-x86_64-linux-gnu.so
-- Set runtime path of "/home/lucifer/humble_ws/study_ws/install/irobot_interfaces/local/lib/python3.10/dist-packages/irobot_interfaces/irobot_interfaces_s__rosidl_typesupport_fastrtps_c.cpython-310-x86_64-linux-gnu.so" to ""
-- Installing: /home/lucifer/humble_ws/study_ws/install/irobot_interfaces/local/lib/python3.10/dist-packages/irobot_interfaces/irobot_interfaces_s__rosidl_typesupport_introspection_c.cpython-310-x86_64-linux-gnu.so
-- Set runtime path of "/home/lucifer/humble_ws/study_ws/install/irobot_interfaces/local/lib/python3.10/dist-packages/irobot_interfaces/irobot_interfaces_s__rosidl_typesupport_introspection_c.cpython-310-x86_64-linux-gnu.so" to ""
-- Installing: /home/lucifer/humble_ws/study_ws/install/irobot_interfaces/local/lib/python3.10/dist-packages/irobot_interfaces/irobot_interfaces_s__rosidl_typesupport_c.cpython-310-x86_64-linux-gnu.so
-- Set runtime path of "/home/lucifer/humble_ws/study_ws/install/irobot_interfaces/local/lib/python3.10/dist-packages/irobot_interfaces/irobot_interfaces_s__rosidl_typesupport_c.cpython-310-x86_64-linux-gnu.so" to ""
-- Installing: /home/lucifer/humble_ws/study_ws/install/irobot_interfaces/lib/libirobot_interfaces__rosidl_generator_py.so
-- Set runtime path of "/home/lucifer/humble_ws/study_ws/install/irobot_interfaces/lib/libirobot_interfaces__rosidl_generator_py.so" to ""
-- Installing: /home/lucifer/humble_ws/study_ws/install/irobot_interfaces/share/irobot_interfaces/msg/HardwareStatus.idl
-- Installing: /home/lucifer/humble_ws/study_ws/install/irobot_interfaces/share/irobot_interfaces/srv/ComputeRectangleArea.idl
-- Installing: /home/lucifer/humble_ws/study_ws/install/irobot_interfaces/share/irobot_interfaces/msg/HardwareStatus.msg
-- Installing: /home/lucifer/humble_ws/study_ws/install/irobot_interfaces/share/irobot_interfaces/srv/ComputeRectangleArea.srv
-- Installing: /home/lucifer/humble_ws/study_ws/install/irobot_interfaces/share/irobot_interfaces/srv/ComputeRectangleArea_Request.msg
-- Installing: /home/lucifer/humble_ws/study_ws/install/irobot_interfaces/share/irobot_interfaces/srv/ComputeRectangleArea_Response.msg
-- Installing: /home/lucifer/humble_ws/study_ws/install/irobot_interfaces/share/ament_index/resource_index/package_run_dependencies/irobot_interfaces
-- Installing: /home/lucifer/humble_ws/study_ws/install/irobot_interfaces/share/ament_index/resource_index/parent_prefix_path/irobot_interfaces
-- Installing: /home/lucifer/humble_ws/study_ws/install/irobot_interfaces/share/irobot_interfaces/environment/ament_prefix_path.sh
-- Installing: /home/lucifer/humble_ws/study_ws/install/irobot_interfaces/share/irobot_interfaces/environment/ament_prefix_path.dsv
-- Installing: /home/lucifer/humble_ws/study_ws/install/irobot_interfaces/share/irobot_interfaces/environment/path.sh
-- Installing: /home/lucifer/humble_ws/study_ws/install/irobot_interfaces/share/irobot_interfaces/environment/path.dsv
-- Installing: /home/lucifer/humble_ws/study_ws/install/irobot_interfaces/share/irobot_interfaces/local_setup.bash
-- Installing: /home/lucifer/humble_ws/study_ws/install/irobot_interfaces/share/irobot_interfaces/local_setup.sh
-- Installing: /home/lucifer/humble_ws/study_ws/install/irobot_interfaces/share/irobot_interfaces/local_setup.zsh
-- Installing: /home/lucifer/humble_ws/study_ws/install/irobot_interfaces/share/irobot_interfaces/local_setup.dsv
-- Installing: /home/lucifer/humble_ws/study_ws/install/irobot_interfaces/share/irobot_interfaces/package.dsv
-- Installing: /home/lucifer/humble_ws/study_ws/install/irobot_interfaces/share/ament_index/resource_index/packages/irobot_interfaces
-- Installing: /home/lucifer/humble_ws/study_ws/install/irobot_interfaces/share/irobot_interfaces/cmake/export_irobot_interfaces__rosidl_generator_cExport.cmake
-- Installing: /home/lucifer/humble_ws/study_ws/install/irobot_interfaces/share/irobot_interfaces/cmake/export_irobot_interfaces__rosidl_generator_cExport-noconfig.cmake
-- Installing: /home/lucifer/humble_ws/study_ws/install/irobot_interfaces/share/irobot_interfaces/cmake/export_irobot_interfaces__rosidl_typesupport_fastrtps_cExport.cmake
-- Installing: /home/lucifer/humble_ws/study_ws/install/irobot_interfaces/share/irobot_interfaces/cmake/export_irobot_interfaces__rosidl_typesupport_fastrtps_cExport-noconfig.cmake
-- Installing: /home/lucifer/humble_ws/study_ws/install/irobot_interfaces/share/irobot_interfaces/cmake/irobot_interfaces__rosidl_typesupport_introspection_cExport.cmake
-- Installing: /home/lucifer/humble_ws/study_ws/install/irobot_interfaces/share/irobot_interfaces/cmake/irobot_interfaces__rosidl_typesupport_introspection_cExport-noconfig.cmake
-- Installing: /home/lucifer/humble_ws/study_ws/install/irobot_interfaces/share/irobot_interfaces/cmake/irobot_interfaces__rosidl_typesupport_cExport.cmake
-- Installing: /home/lucifer/humble_ws/study_ws/install/irobot_interfaces/share/irobot_interfaces/cmake/irobot_interfaces__rosidl_typesupport_cExport-noconfig.cmake
-- Installing: /home/lucifer/humble_ws/study_ws/install/irobot_interfaces/share/irobot_interfaces/cmake/export_irobot_interfaces__rosidl_generator_cppExport.cmake
-- Installing: /home/lucifer/humble_ws/study_ws/install/irobot_interfaces/share/irobot_interfaces/cmake/export_irobot_interfaces__rosidl_typesupport_fastrtps_cppExport.cmake
-- Installing: /home/lucifer/humble_ws/study_ws/install/irobot_interfaces/share/irobot_interfaces/cmake/export_irobot_interfaces__rosidl_typesupport_fastrtps_cppExport-noconfig.cmake
-- Installing: /home/lucifer/humble_ws/study_ws/install/irobot_interfaces/share/irobot_interfaces/cmake/irobot_interfaces__rosidl_typesupport_introspection_cppExport.cmake
-- Installing: /home/lucifer/humble_ws/study_ws/install/irobot_interfaces/share/irobot_interfaces/cmake/irobot_interfaces__rosidl_typesupport_introspection_cppExport-noconfig.cmake
-- Installing: /home/lucifer/humble_ws/study_ws/install/irobot_interfaces/share/irobot_interfaces/cmake/irobot_interfaces__rosidl_typesupport_cppExport.cmake
-- Installing: /home/lucifer/humble_ws/study_ws/install/irobot_interfaces/share/irobot_interfaces/cmake/irobot_interfaces__rosidl_typesupport_cppExport-noconfig.cmake
-- Installing: /home/lucifer/humble_ws/study_ws/install/irobot_interfaces/share/irobot_interfaces/cmake/export_irobot_interfaces__rosidl_generator_pyExport.cmake
-- Installing: /home/lucifer/humble_ws/study_ws/install/irobot_interfaces/share/irobot_interfaces/cmake/export_irobot_interfaces__rosidl_generator_pyExport-noconfig.cmake
-- Installing: /home/lucifer/humble_ws/study_ws/install/irobot_interfaces/share/irobot_interfaces/cmake/rosidl_cmake-extras.cmake
-- Installing: /home/lucifer/humble_ws/study_ws/install/irobot_interfaces/share/irobot_interfaces/cmake/ament_cmake_export_include_directories-extras.cmake
-- Installing: /home/lucifer/humble_ws/study_ws/install/irobot_interfaces/share/irobot_interfaces/cmake/ament_cmake_export_libraries-extras.cmake
-- Installing: /home/lucifer/humble_ws/study_ws/install/irobot_interfaces/share/irobot_interfaces/cmake/ament_cmake_export_targets-extras.cmake
-- Installing: /home/lucifer/humble_ws/study_ws/install/irobot_interfaces/share/irobot_interfaces/cmake/rosidl_cmake_export_typesupport_targets-extras.cmake
-- Installing: /home/lucifer/humble_ws/study_ws/install/irobot_interfaces/share/irobot_interfaces/cmake/ament_cmake_export_dependencies-extras.cmake
-- Installing: /home/lucifer/humble_ws/study_ws/install/irobot_interfaces/share/irobot_interfaces/cmake/rosidl_cmake_export_typesupport_libraries-extras.cmake
-- Installing: /home/lucifer/humble_ws/study_ws/install/irobot_interfaces/share/irobot_interfaces/cmake/irobot_interfacesConfig.cmake
-- Installing: /home/lucifer/humble_ws/study_ws/install/irobot_interfaces/share/irobot_interfaces/cmake/irobot_interfacesConfig-version.cmake
-- Installing: /home/lucifer/humble_ws/study_ws/install/irobot_interfaces/share/irobot_interfaces/package.xml
