running egg_info
writing ../../build/py_pkg/py_pkg.egg-info/PKG-INFO
writing dependency_links to ../../build/py_pkg/py_pkg.egg-info/dependency_links.txt
writing entry points to ../../build/py_pkg/py_pkg.egg-info/entry_points.txt
writing requirements to ../../build/py_pkg/py_pkg.egg-info/requires.txt
writing top-level names to ../../build/py_pkg/py_pkg.egg-info/top_level.txt
reading manifest file '../../build/py_pkg/py_pkg.egg-info/SOURCES.txt'
adding license file 'LICENSE'
writing manifest file '../../build/py_pkg/py_pkg.egg-info/SOURCES.txt'
running build
running build_py
copying py_pkg/client_sumServer_noop.py -> /home/lucifer/humble_ws/study_ws/build/py_pkg/build/lib/py_pkg
running install
running install_lib
copying /home/lucifer/humble_ws/study_ws/build/py_pkg/build/lib/py_pkg/client_sumServer_noop.py -> /home/lucifer/humble_ws/study_ws/install/py_pkg/lib/python3.10/site-packages/py_pkg
byte-compiling /home/lucifer/humble_ws/study_ws/install/py_pkg/lib/python3.10/site-packages/py_pkg/client_sumServer_noop.py to client_sumServer_noop.cpython-310.pyc
running install_data
copying package.xml -> /home/lucifer/humble_ws/study_ws/install/py_pkg/share/py_pkg
running install_egg_info
removing '/home/lucifer/humble_ws/study_ws/install/py_pkg/lib/python3.10/site-packages/py_pkg-0.0.0-py3.10.egg-info' (and everything under it)
Copying ../../build/py_pkg/py_pkg.egg-info to /home/lucifer/humble_ws/study_ws/install/py_pkg/lib/python3.10/site-packages/py_pkg-0.0.0-py3.10.egg-info
running install_scripts
Installing addTwoInt_noop script to /home/lucifer/humble_ws/study_ws/install/py_pkg/lib/py_pkg
Installing news_station script to /home/lucifer/humble_ws/study_ws/install/py_pkg/lib/py_pkg
Installing py_node script to /home/lucifer/humble_ws/study_ws/install/py_pkg/lib/py_pkg
Installing radio script to /home/lucifer/humble_ws/study_ws/install/py_pkg/lib/py_pkg
Installing sum_server script to /home/lucifer/humble_ws/study_ws/install/py_pkg/lib/py_pkg
writing list of installed files to '/home/lucifer/humble_ws/study_ws/build/py_pkg/install.log'
