-- Found ament_cmake: 1.3.10 (/opt/ros/humble/share/ament_cmake/cmake)
-- Override CMake install command with custom implementation using symlinks instead of copying resources
-- Found rclcpp: 16.0.10 (/opt/ros/humble/share/rclcpp/cmake)
-- Found rosidl_generator_c: 3.1.5 (/opt/ros/humble/share/rosidl_generator_c/cmake)
-- Found rosidl_adapter: 3.1.5 (/opt/ros/humble/share/rosidl_adapter/cmake)
-- Found rosidl_generator_cpp: 3.1.5 (/opt/ros/humble/share/rosidl_generator_cpp/cmake)
-- Using all available rosidl_typesupport_c: rosidl_typesupport_fastrtps_c;rosidl_typesupport_introspection_c
-- Using all available rosidl_typesupport_cpp: rosidl_typesupport_fastrtps_cpp;rosidl_typesupport_introspection_cpp
-- Found rmw_implementation_cmake: 6.1.2 (/opt/ros/humble/share/rmw_implementation_cmake/cmake)
-- Found rmw_fastrtps_cpp: 6.2.7 (/opt/ros/humble/share/rmw_fastrtps_cpp/cmake)
-- Using RMW implementation 'rmw_fastrtps_cpp' as default
-- Found example_interfaces: 0.9.3 (/opt/ros/humble/share/example_interfaces/cmake)
-- Found ament_lint_auto: 0.12.11 (/opt/ros/humble/share/ament_lint_auto/cmake)
-- Added test 'cppcheck' to perform static code analysis on C / C++ code
-- Configured cppcheck include dirs: 
-- Configured cppcheck exclude dirs and/or files: 
-- Added test 'lint_cmake' to check CMake code style
-- Added test 'uncrustify' to check C / C++ code style
-- Configured uncrustify additional arguments: 
-- Added test 'xmllint' to check XML markup files
-- Configuring done
-- Generating done
-- Build files have been written to: /home/lucifer/humble_ws/study_ws/build/cpp_pkg
[35m[1mConsolidate compiler generated dependencies of target cpp_node[0m
[35m[1mConsolidate compiler generated dependencies of target news_station[0m
[35m[1mConsolidate compiler generated dependencies of target sumServer[0m
[35m[1mConsolidate compiler generated dependencies of target NumberPublisher[0m
[35m[1mConsolidate compiler generated dependencies of target NumberCounter[0m
[35m[1mConsolidate compiler generated dependencies of target client_sumServer[0m
[35m[1mConsolidate compiler generated dependencies of target radio[0m
[  6%] [32mBuilding CXX object CMakeFiles/client_sumServer_noop.dir/src/client_sumServer_noop.cpp.o[0m
[ 31%] Built target sumServer
[ 31%] Built target NumberPublisher
[ 43%] Built target news_station
[ 68%] Built target cpp_node
[ 68%] Built target radio
[ 81%] Built target NumberCounter
[ 93%] Built target client_sumServer
[100%] [32m[1mLinking CXX executable client_sumServer_noop[0m
[100%] Built target client_sumServer_noop
-- Install configuration: ""
-- Execute custom install script
-- Up-to-date symlink: /home/lucifer/humble_ws/study_ws/install/cpp_pkg/lib/cpp_pkg/cpp_node
-- Up-to-date symlink: /home/lucifer/humble_ws/study_ws/install/cpp_pkg/lib/cpp_pkg/news_station
-- Up-to-date symlink: /home/lucifer/humble_ws/study_ws/install/cpp_pkg/lib/cpp_pkg/radio
-- Up-to-date symlink: /home/lucifer/humble_ws/study_ws/install/cpp_pkg/lib/cpp_pkg/NumberPublisher
-- Up-to-date symlink: /home/lucifer/humble_ws/study_ws/install/cpp_pkg/lib/cpp_pkg/NumberCounter
-- Up-to-date symlink: /home/lucifer/humble_ws/study_ws/install/cpp_pkg/lib/cpp_pkg/client_sumServer
-- Up-to-date symlink: /home/lucifer/humble_ws/study_ws/install/cpp_pkg/lib/cpp_pkg/sumServer
-- Up-to-date symlink: /home/lucifer/humble_ws/study_ws/install/cpp_pkg/share/ament_index/resource_index/package_run_dependencies/cpp_pkg
-- Up-to-date symlink: /home/lucifer/humble_ws/study_ws/install/cpp_pkg/share/ament_index/resource_index/parent_prefix_path/cpp_pkg
-- Up-to-date symlink: /home/lucifer/humble_ws/study_ws/install/cpp_pkg/share/cpp_pkg/environment/ament_prefix_path.sh
-- Up-to-date symlink: /home/lucifer/humble_ws/study_ws/install/cpp_pkg/share/cpp_pkg/environment/ament_prefix_path.dsv
-- Up-to-date symlink: /home/lucifer/humble_ws/study_ws/install/cpp_pkg/share/cpp_pkg/environment/path.sh
-- Up-to-date symlink: /home/lucifer/humble_ws/study_ws/install/cpp_pkg/share/cpp_pkg/environment/path.dsv
-- Up-to-date symlink: /home/lucifer/humble_ws/study_ws/install/cpp_pkg/share/cpp_pkg/local_setup.bash
-- Up-to-date symlink: /home/lucifer/humble_ws/study_ws/install/cpp_pkg/share/cpp_pkg/local_setup.sh
-- Up-to-date symlink: /home/lucifer/humble_ws/study_ws/install/cpp_pkg/share/cpp_pkg/local_setup.zsh
-- Up-to-date symlink: /home/lucifer/humble_ws/study_ws/install/cpp_pkg/share/cpp_pkg/local_setup.dsv
-- Symlinking: /home/lucifer/humble_ws/study_ws/install/cpp_pkg/share/cpp_pkg/package.dsv
-- Up-to-date symlink: /home/lucifer/humble_ws/study_ws/install/cpp_pkg/share/ament_index/resource_index/packages/cpp_pkg
-- Up-to-date symlink: /home/lucifer/humble_ws/study_ws/install/cpp_pkg/share/cpp_pkg/cmake/cpp_pkgConfig.cmake
-- Up-to-date symlink: /home/lucifer/humble_ws/study_ws/install/cpp_pkg/share/cpp_pkg/cmake/cpp_pkgConfig-version.cmake
-- Up-to-date symlink: /home/lucifer/humble_ws/study_ws/install/cpp_pkg/share/cpp_pkg/package.xml
