-- Found ament_cmake: 1.3.10 (/opt/ros/humble/share/ament_cmake/cmake)
-- Found rclcpp: 16.0.10 (/opt/ros/humble/share/rclcpp/cmake)
-- Found rosidl_generator_c: 3.1.5 (/opt/ros/humble/share/rosidl_generator_c/cmake)
-- Found rosidl_adapter: 3.1.5 (/opt/ros/humble/share/rosidl_adapter/cmake)
-- Found rosidl_generator_cpp: 3.1.5 (/opt/ros/humble/share/rosidl_generator_cpp/cmake)
-- Using all available rosidl_typesupport_c: rosidl_typesupport_fastrtps_c;rosidl_typesupport_introspection_c
-- Using all available rosidl_typesupport_cpp: rosidl_typesupport_fastrtps_cpp;rosidl_typesupport_introspection_cpp
-- Found rmw_implementation_cmake: 6.1.2 (/opt/ros/humble/share/rmw_implementation_cmake/cmake)
-- Found rmw_fastrtps_cpp: 6.2.7 (/opt/ros/humble/share/rmw_fastrtps_cpp/cmake)
-- Using RMW implementation 'rmw_fastrtps_cpp' as default
-- Found ament_lint_auto: 0.12.11 (/opt/ros/humble/share/ament_lint_auto/cmake)
-- Added test 'cppcheck' to perform static code analysis on C / C++ code
-- Configured cppcheck include dirs: 
-- Configured cppcheck exclude dirs and/or files: 
-- Added test 'lint_cmake' to check CMake code style
-- Added test 'uncrustify' to check C / C++ code style
-- Configured uncrustify additional arguments: 
-- Added test 'xmllint' to check XML markup files
-- Configuring done
-- Generating done
-- Build files have been written to: /home/lucifer/humble_ws/study_ws/build/cpp_pkg
[35m[1mConsolidate compiler generated dependencies of target news_station[0m
[35m[1mConsolidate compiler generated dependencies of target cpp_node[0m
[ 16%] [32mBuilding CXX object CMakeFiles/radio.dir/src/radio.cpp.o[0m
[ 50%] Built target news_station
[ 83%] Built target cpp_node
[01m[K/home/lucifer/humble_ws/study_ws/src/cpp_pkg/src/radio.cpp:[m[K In constructor ‘[01m[KradioNode::radioNode()[m[K’:
[01m[K/home/lucifer/humble_ws/study_ws/src/cpp_pkg/src/radio.cpp:9:9:[m[K [01;31m[Kerror: [m[K‘[01m[Ksubscriber_[m[K’ was not declared in this scope; did you mean ‘[01m[Ksubscription_[m[K’?
    9 |         [01;31m[Ksubscriber_[m[K = this->create_subscription<std_msgs::msg::String>("news", 10,
      |         [01;31m[K^~~~~~~~~~~[m[K
      |         [32m[Ksubscription_[m[K
gmake[2]: *** [CMakeFiles/radio.dir/build.make:76: CMakeFiles/radio.dir/src/radio.cpp.o] Error 1
gmake[1]: *** [CMakeFiles/Makefile2:193: CMakeFiles/radio.dir/all] Error 2
gmake: *** [Makefile:146: all] Error 2
