/home/lucifer/humble_ws/study_ws/install/py_pkg/lib/python3.10/site-packages/py_pkg/news_station.py
/home/lucifer/humble_ws/study_ws/install/py_pkg/lib/python3.10/site-packages/py_pkg/hardwareTest.py
/home/lucifer/humble_ws/study_ws/install/py_pkg/lib/python3.10/site-packages/py_pkg/first_node.py
/home/lucifer/humble_ws/study_ws/install/py_pkg/lib/python3.10/site-packages/py_pkg/radio.py
/home/lucifer/humble_ws/study_ws/install/py_pkg/lib/python3.10/site-packages/py_pkg/client_sumServer.py
/home/lucifer/humble_ws/study_ws/install/py_pkg/lib/python3.10/site-packages/py_pkg/__init__.py
/home/lucifer/humble_ws/study_ws/install/py_pkg/lib/python3.10/site-packages/py_pkg/sum_server.py
/home/lucifer/humble_ws/study_ws/install/py_pkg/lib/python3.10/site-packages/py_pkg/client_RectangleArea.py
/home/lucifer/humble_ws/study_ws/install/py_pkg/lib/python3.10/site-packages/py_pkg/client_sumServer_noop.py
/home/lucifer/humble_ws/study_ws/install/py_pkg/lib/python3.10/site-packages/py_pkg/template_python_node.py
/home/lucifer/humble_ws/study_ws/install/py_pkg/lib/python3.10/site-packages/py_pkg/RectangleArea_server.py
/home/lucifer/humble_ws/study_ws/install/py_pkg/lib/python3.10/site-packages/py_pkg/__pycache__/news_station.cpython-310.pyc
/home/lucifer/humble_ws/study_ws/install/py_pkg/lib/python3.10/site-packages/py_pkg/__pycache__/hardwareTest.cpython-310.pyc
/home/lucifer/humble_ws/study_ws/install/py_pkg/lib/python3.10/site-packages/py_pkg/__pycache__/first_node.cpython-310.pyc
/home/lucifer/humble_ws/study_ws/install/py_pkg/lib/python3.10/site-packages/py_pkg/__pycache__/radio.cpython-310.pyc
/home/lucifer/humble_ws/study_ws/install/py_pkg/lib/python3.10/site-packages/py_pkg/__pycache__/client_sumServer.cpython-310.pyc
/home/lucifer/humble_ws/study_ws/install/py_pkg/lib/python3.10/site-packages/py_pkg/__pycache__/__init__.cpython-310.pyc
/home/lucifer/humble_ws/study_ws/install/py_pkg/lib/python3.10/site-packages/py_pkg/__pycache__/sum_server.cpython-310.pyc
/home/lucifer/humble_ws/study_ws/install/py_pkg/lib/python3.10/site-packages/py_pkg/__pycache__/client_RectangleArea.cpython-310.pyc
/home/lucifer/humble_ws/study_ws/install/py_pkg/lib/python3.10/site-packages/py_pkg/__pycache__/client_sumServer_noop.cpython-310.pyc
/home/lucifer/humble_ws/study_ws/install/py_pkg/lib/python3.10/site-packages/py_pkg/__pycache__/template_python_node.cpython-310.pyc
/home/lucifer/humble_ws/study_ws/install/py_pkg/lib/python3.10/site-packages/py_pkg/__pycache__/RectangleArea_server.cpython-310.pyc
/home/lucifer/humble_ws/study_ws/install/py_pkg/share/ament_index/resource_index/packages/py_pkg
/home/lucifer/humble_ws/study_ws/install/py_pkg/share/py_pkg/package.xml
/home/lucifer/humble_ws/study_ws/install/py_pkg/lib/python3.10/site-packages/py_pkg-0.0.0-py3.10.egg-info/zip-safe
/home/lucifer/humble_ws/study_ws/install/py_pkg/lib/python3.10/site-packages/py_pkg-0.0.0-py3.10.egg-info/top_level.txt
/home/lucifer/humble_ws/study_ws/install/py_pkg/lib/python3.10/site-packages/py_pkg-0.0.0-py3.10.egg-info/dependency_links.txt
/home/lucifer/humble_ws/study_ws/install/py_pkg/lib/python3.10/site-packages/py_pkg-0.0.0-py3.10.egg-info/SOURCES.txt
/home/lucifer/humble_ws/study_ws/install/py_pkg/lib/python3.10/site-packages/py_pkg-0.0.0-py3.10.egg-info/requires.txt
/home/lucifer/humble_ws/study_ws/install/py_pkg/lib/python3.10/site-packages/py_pkg-0.0.0-py3.10.egg-info/entry_points.txt
/home/lucifer/humble_ws/study_ws/install/py_pkg/lib/python3.10/site-packages/py_pkg-0.0.0-py3.10.egg-info/PKG-INFO
/home/lucifer/humble_ws/study_ws/install/py_pkg/lib/py_pkg/HardwareStatusPublisher
/home/lucifer/humble_ws/study_ws/install/py_pkg/lib/py_pkg/addTwoInt_noop
/home/lucifer/humble_ws/study_ws/install/py_pkg/lib/py_pkg/client_sumServer
/home/lucifer/humble_ws/study_ws/install/py_pkg/lib/py_pkg/news_station
/home/lucifer/humble_ws/study_ws/install/py_pkg/lib/py_pkg/py_node
/home/lucifer/humble_ws/study_ws/install/py_pkg/lib/py_pkg/radio
/home/lucifer/humble_ws/study_ws/install/py_pkg/lib/py_pkg/sum_server
