[0.009s] Invoking command in '/home/lucifer/humble_ws/study_ws/build/irobot_interfaces': CMAKE_PREFIX_PATH=${CMAKE_PREFIX_PATH}:/home/lucifer/humble_ws/study_ws/install/py_pkg:/opt/ros/humble /usr/bin/cmake /home/lucifer/humble_ws/study_ws/src/irobot_interfaces -DCMAKE_INSTALL_PREFIX=/home/lucifer/humble_ws/study_ws/install/irobot_interfaces
[0.063s] -- The C compiler identification is GNU 11.4.0
[0.116s] -- The CXX compiler identification is GNU 11.4.0
[0.122s] -- Detecting C compiler ABI info
[0.193s] -- Detecting C compiler ABI info - done
[0.201s] -- Check for working C compiler: /usr/bin/cc - skipped
[0.202s] -- Detecting C compile features
[0.202s] -- Detecting C compile features - done
[0.205s] -- Detecting CXX compiler ABI info
[0.292s] -- Detecting CXX compiler ABI info - done
[0.301s] -- Check for working CXX compiler: /usr/bin/c++ - skipped
[0.301s] -- Detecting CXX compile features
[0.302s] -- Detecting CXX compile features - done
[0.304s] -- Found ament_cmake: 1.3.10 (/opt/ros/humble/share/ament_cmake/cmake)
[0.460s] -- Found Python3: /usr/bin/python3 (found version "3.10.12") found components: Interpreter 
[0.541s] -- Found rosidl_default_generators: 1.2.0 (/opt/ros/humble/share/rosidl_default_generators/cmake)
[0.544s] -- Using all available rosidl_typesupport_c: rosidl_typesupport_fastrtps_c;rosidl_typesupport_introspection_c
[0.550s] -- Found rosidl_adapter: 3.1.5 (/opt/ros/humble/share/rosidl_adapter/cmake)
[0.586s] -- Using all available rosidl_typesupport_cpp: rosidl_typesupport_fastrtps_cpp;rosidl_typesupport_introspection_cpp
[0.779s] [31mCMake Error at /opt/ros/humble/share/rosidl_adapter/cmake/rosidl_adapt_interfaces.cmake:59 (message):
[0.779s]   execute_process(/usr/bin/python3 -m rosidl_adapter --package-name
[0.779s]   irobot_interfaces --arguments-file
[0.779s]   /home/lucifer/humble_ws/study_ws/build/irobot_interfaces/rosidl_adapter__arguments__irobot_interfaces.json
[0.779s]   --output-dir
[0.779s]   /home/lucifer/humble_ws/study_ws/build/irobot_interfaces/rosidl_adapter/irobot_interfaces
[0.779s]   --output-file
[0.780s]   /home/lucifer/humble_ws/study_ws/build/irobot_interfaces/rosidl_adapter/irobot_interfaces.idls)
[0.780s]   returned error code 1:
[0.780s] 
[0.780s]   Traceback (most recent call last):
[0.780s] 
[0.780s]     File "/usr/lib/python3.10/runpy.py", line 196, in _run_module_as_main
[0.780s]       return _run_code(code, main_globals, None,
[0.780s]     File "/usr/lib/python3.10/runpy.py", line 86, in _run_code
[0.781s]       exec(code, run_globals)
[0.781s]     File "/opt/ros/humble/local/lib/python3.10/dist-packages/rosidl_adapter/__main__.py", line 19, in <module>
[0.781s]       sys.exit(main())
[0.781s]     File "/opt/ros/humble/local/lib/python3.10/dist-packages/rosidl_adapter/main.py", line 53, in main
[0.781s]       abs_idl_file = convert_to_idl(
[0.781s]     File "/opt/ros/humble/local/lib/python3.10/dist-packages/rosidl_adapter/__init__.py", line 19, in convert_to_idl
[0.781s]       return convert_msg_to_idl(
[0.781s]     File "/opt/ros/humble/local/lib/python3.10/dist-packages/rosidl_adapter/msg/__init__.py", line 28, in convert_msg_to_idl
[0.781s]       msg = parse_message_string(package_name, input_file.stem, content)
[0.781s]     File "/opt/ros/humble/local/lib/python3.10/dist-packages/rosidl_adapter/parser.py", line 544, in parse_message_string
[0.782s]       msg = MessageSpecification(pkg_name, msg_name, fields, constants)
[0.782s]     File "/opt/ros/humble/local/lib/python3.10/dist-packages/rosidl_adapter/parser.py", line 388, in __init__
[0.782s]       self.base_type = BaseType(
[0.782s]     File "/opt/ros/humble/local/lib/python3.10/dist-packages/rosidl_adapter/parser.py", line 205, in __init__
[0.782s]       raise InvalidResourceName(
[0.782s] 
[0.782s]   rosidl_adapter.parser.InvalidResourceName: 'hardwareStatus' is an invalid
[0.782s]   message name.  It should have the pattern '^[A-Z][A-Za-z0-9]*$'
[0.782s] 
[0.782s] Call Stack (most recent call first):
[0.783s]   /opt/ros/humble/share/rosidl_cmake/cmake/rosidl_generate_interfaces.cmake:130 (rosidl_adapt_interfaces)
[0.783s]   CMakeLists.txt:15 (rosidl_generate_interfaces)
[0.783s] 
[0.783s] [0m
[0.783s] -- Configuring incomplete, errors occurred!
[0.783s] See also "/home/lucifer/humble_ws/study_ws/build/irobot_interfaces/CMakeFiles/CMakeOutput.log".
[0.787s] Invoked command in '/home/lucifer/humble_ws/study_ws/build/irobot_interfaces' returned '1': CMAKE_PREFIX_PATH=${CMAKE_PREFIX_PATH}:/home/lucifer/humble_ws/study_ws/install/py_pkg:/opt/ros/humble /usr/bin/cmake /home/lucifer/humble_ws/study_ws/src/irobot_interfaces -DCMAKE_INSTALL_PREFIX=/home/lucifer/humble_ws/study_ws/install/irobot_interfaces
