[1.253s] Invoking command in '/home/lucifer/humble_ws/study_ws/build/py_pkg': PYTHONPATH=/home/lucifer/humble_ws/study_ws/build/py_pkg/prefix_override:/usr/lib/python3/dist-packages/colcon_core/task/python/colcon_distutils_commands:/home/lucifer/humble_ws/study_ws/install/py_pkg/lib/python3.10/site-packages:${PYTHONPATH} /usr/bin/python3 -W ignore:setup.py install is deprecated setup.py develop --uninstall --editable --build-directory /home/lucifer/humble_ws/study_ws/build/py_pkg/build
[1.462s] /home/lucifer/.local/lib/python3.10/site-packages/setuptools/_distutils/dist.py:261: UserWarning: Unknown distribution option: 'tests_require'
[1.463s]   warnings.warn(msg)
[1.765s] running develop
[1.765s] /home/lucifer/.local/lib/python3.10/site-packages/setuptools/command/develop.py:41: EasyInstallDeprecationWarning: easy_install command is deprecated.
[1.765s] !!
[1.765s] 
[1.766s]         ********************************************************************************
[1.766s]         Please avoid running ``setup.py`` and ``easy_install``.
[1.766s]         Instead, use pypa/build, pypa/installer or other
[1.766s]         standards-based tools.
[1.766s] 
[1.766s]         See https://github.com/pypa/setuptools/issues/917 for details.
[1.766s]         ********************************************************************************
[1.766s] 
[1.766s] !!
[1.766s]   easy_install.initialize_options(self)
[1.784s] Traceback (most recent call last):
[1.784s]   File "/home/lucifer/humble_ws/study_ws/build/py_pkg/setup.py", line 5, in <module>
[1.784s]     setup(
[1.784s]   File "/home/lucifer/.local/lib/python3.10/site-packages/setuptools/__init__.py", line 117, in setup
[1.784s]     return distutils.core.setup(**attrs)
[1.784s]   File "/home/lucifer/.local/lib/python3.10/site-packages/setuptools/_distutils/core.py", line 183, in setup
[1.785s]     return run_commands(dist)
[1.785s]   File "/home/lucifer/.local/lib/python3.10/site-packages/setuptools/_distutils/core.py", line 199, in run_commands
[1.785s]     dist.run_commands()
[1.785s]   File "/home/lucifer/.local/lib/python3.10/site-packages/setuptools/_distutils/dist.py", line 954, in run_commands
[1.785s]     self.run_command(cmd)
[1.785s]   File "/home/lucifer/.local/lib/python3.10/site-packages/setuptools/dist.py", line 950, in run_command
[1.785s]     super().run_command(command)
[1.785s]   File "/home/lucifer/.local/lib/python3.10/site-packages/setuptools/_distutils/dist.py", line 972, in run_command
[1.785s]     cmd_obj.ensure_finalized()
[1.785s]   File "/home/lucifer/.local/lib/python3.10/site-packages/setuptools/_distutils/cmd.py", line 111, in ensure_finalized
[1.785s]     self.finalize_options()
[1.785s]   File "/home/lucifer/.local/lib/python3.10/site-packages/setuptools/command/develop.py", line 51, in finalize_options
[1.785s]     easy_install.finalize_options(self)
[1.785s]   File "/home/lucifer/.local/lib/python3.10/site-packages/setuptools/command/easy_install.py", line 253, in finalize_options
[1.785s]     'dist_fullname': self.distribution.get_fullname(),
[1.785s]   File "/home/lucifer/.local/lib/python3.10/site-packages/setuptools/_core_metadata.py", line 267, in get_fullname
[1.785s]     return _distribution_fullname(self.get_name(), self.get_version())
[1.786s]   File "/home/lucifer/.local/lib/python3.10/site-packages/setuptools/_core_metadata.py", line 285, in _distribution_fullname
[1.786s]     canonicalize_version(version, strip_trailing_zero=False),
[1.786s] TypeError: canonicalize_version() got an unexpected keyword argument 'strip_trailing_zero'
[1.812s] Invoked command in '/home/lucifer/humble_ws/study_ws/build/py_pkg' returned '1': PYTHONPATH=/home/lucifer/humble_ws/study_ws/build/py_pkg/prefix_override:/usr/lib/python3/dist-packages/colcon_core/task/python/colcon_distutils_commands:/home/lucifer/humble_ws/study_ws/install/py_pkg/lib/python3.10/site-packages:${PYTHONPATH} /usr/bin/python3 -W ignore:setup.py install is deprecated setup.py develop --uninstall --editable --build-directory /home/lucifer/humble_ws/study_ws/build/py_pkg/build
