[0.010s] Invoking command in '/home/lucifer/humble_ws/study_ws/build/iRobot_interfaces': CMAKE_PREFIX_PATH=${CMAKE_PREFIX_PATH}:/home/lucifer/humble_ws/study_ws/install/py_pkg:/opt/ros/humble /usr/bin/cmake /home/lucifer/humble_ws/study_ws/src/iRobot_interfaces -DCMAKE_INSTALL_PREFIX=/home/lucifer/humble_ws/study_ws/install/iRobot_interfaces
[0.109s] -- The C compiler identification is GNU 11.4.0
[0.221s] -- The CXX compiler identification is GNU 11.4.0
[0.230s] -- Detecting C compiler ABI info
[0.306s] -- Detecting C compiler ABI info - done
[0.316s] -- Check for working C compiler: /usr/bin/cc - skipped
[0.317s] -- Detecting C compile features
[0.318s] -- Detecting C compile features - done
[0.322s] -- Detecting CXX compiler ABI info
[0.405s] -- Detecting CXX compiler ABI info - done
[0.413s] -- Check for working CXX compiler: /usr/bin/c++ - skipped
[0.413s] -- Detecting CXX compile features
[0.414s] -- Detecting CXX compile features - done
[0.418s] -- Found ament_cmake: 1.3.10 (/opt/ros/humble/share/ament_cmake/cmake)
[0.596s] -- Found Python3: /usr/bin/python3 (found version "3.10.12") found components: Interpreter 
[0.691s] -- Found rosidl_default_generators: 1.2.0 (/opt/ros/humble/share/rosidl_default_generators/cmake)
[0.695s] -- Using all available rosidl_typesupport_c: rosidl_typesupport_fastrtps_c;rosidl_typesupport_introspection_c
[0.702s] -- Found rosidl_adapter: 3.1.5 (/opt/ros/humble/share/rosidl_adapter/cmake)
[0.750s] -- Using all available rosidl_typesupport_cpp: rosidl_typesupport_fastrtps_cpp;rosidl_typesupport_introspection_cpp
[0.944s] [31mCMake Error at /opt/ros/humble/share/rosidl_adapter/cmake/rosidl_adapt_interfaces.cmake:59 (message):
[0.944s]   execute_process(/usr/bin/python3 -m rosidl_adapter --package-name
[0.944s]   iRobot_interfaces --arguments-file
[0.944s]   /home/lucifer/humble_ws/study_ws/build/iRobot_interfaces/rosidl_adapter__arguments__iRobot_interfaces.json
[0.945s]   --output-dir
[0.945s]   /home/lucifer/humble_ws/study_ws/build/iRobot_interfaces/rosidl_adapter/iRobot_interfaces
[0.945s]   --output-file
[0.945s]   /home/lucifer/humble_ws/study_ws/build/iRobot_interfaces/rosidl_adapter/iRobot_interfaces.idls)
[0.945s]   returned error code 1:
[0.945s] 
[0.945s]   Error processing 'bool motorStatus' of 'iRobot_interfaces/hardwareStatus':
[0.945s]   ''motorStatus' is an invalid field name.  It should have the pattern
[0.945s]   '^(?!.*__)(?!.*_$)[a-z][a-z0-9_]*$''
[0.945s] 
[0.945s]   Traceback (most recent call last):
[0.945s] 
[0.945s]     File "/usr/lib/python3.10/runpy.py", line 196, in _run_module_as_main
[0.945s]       return _run_code(code, main_globals, None,
[0.945s]     File "/usr/lib/python3.10/runpy.py", line 86, in _run_code
[0.945s]       exec(code, run_globals)
[0.946s]     File "/opt/ros/humble/local/lib/python3.10/dist-packages/rosidl_adapter/__main__.py", line 19, in <module>
[0.946s]       sys.exit(main())
[0.946s]     File "/opt/ros/humble/local/lib/python3.10/dist-packages/rosidl_adapter/main.py", line 53, in main
[0.946s]       abs_idl_file = convert_to_idl(
[0.946s]     File "/opt/ros/humble/local/lib/python3.10/dist-packages/rosidl_adapter/__init__.py", line 19, in convert_to_idl
[0.946s]       return convert_msg_to_idl(
[0.946s]     File "/opt/ros/humble/local/lib/python3.10/dist-packages/rosidl_adapter/msg/__init__.py", line 28, in convert_msg_to_idl
[0.946s]       msg = parse_message_string(package_name, input_file.stem, content)
[0.946s]     File "/opt/ros/humble/local/lib/python3.10/dist-packages/rosidl_adapter/parser.py", line 519, in parse_message_string
[0.946s]       fields.append(Field(
[0.946s]     File "/opt/ros/humble/local/lib/python3.10/dist-packages/rosidl_adapter/parser.py", line 354, in __init__
[0.946s]       raise NameError(
[0.946s] 
[0.946s]   NameError: 'motorStatus' is an invalid field name.  It should have the
[0.946s]   pattern '^(?!.*__)(?!.*_$)[a-z][a-z0-9_]*$'
[0.946s] 
[0.946s] Call Stack (most recent call first):
[0.946s]   /opt/ros/humble/share/rosidl_cmake/cmake/rosidl_generate_interfaces.cmake:130 (rosidl_adapt_interfaces)
[0.947s]   CMakeLists.txt:15 (rosidl_generate_interfaces)
[0.947s] 
[0.947s] [0m
[0.947s] -- Configuring incomplete, errors occurred!
[0.947s] See also "/home/lucifer/humble_ws/study_ws/build/iRobot_interfaces/CMakeFiles/CMakeOutput.log".
[0.952s] Invoked command in '/home/lucifer/humble_ws/study_ws/build/iRobot_interfaces' returned '1': CMAKE_PREFIX_PATH=${CMAKE_PREFIX_PATH}:/home/lucifer/humble_ws/study_ws/install/py_pkg:/opt/ros/humble /usr/bin/cmake /home/lucifer/humble_ws/study_ws/src/iRobot_interfaces -DCMAKE_INSTALL_PREFIX=/home/lucifer/humble_ws/study_ws/install/iRobot_interfaces
