[0.010s] Invoking command in '/home/lucifer/humble_ws/study_ws/build/irobot_interfaces': CMAKE_PREFIX_PATH=${CMAKE_PREFIX_PATH}:/home/lucifer/humble_ws/study_ws/install/py_pkg:/opt/ros/humble /usr/bin/cmake --build /home/lucifer/humble_ws/study_ws/build/irobot_interfaces -- -j8 -l8
[0.051s] [35m[1mConsolidate compiler generated dependencies of target irobot_interfaces__rosidl_generator_c[0m
[0.061s] [  3%] Built target irobot_interfaces__cpp
[0.062s] [ 12%] Built target irobot_interfaces__rosidl_generator_c
[0.076s] [35m[1mConsolidate compiler generated dependencies of target irobot_interfaces__rosidl_typesupport_cpp[0m
[0.076s] [ 12%] Built target ament_cmake_python_copy_irobot_interfaces
[0.076s] [35m[1mConsolidate compiler generated dependencies of target irobot_interfaces__rosidl_typesupport_fastrtps_cpp[0m
[0.077s] [35m[1mConsolidate compiler generated dependencies of target irobot_interfaces__rosidl_typesupport_introspection_cpp[0m
[0.077s] [35m[1mConsolidate compiler generated dependencies of target irobot_interfaces__rosidl_typesupport_fastrtps_c[0m
[0.077s] [35m[1mConsolidate compiler generated dependencies of target irobot_interfaces__rosidl_typesupport_c[0m
[0.077s] [35m[1mConsolidate compiler generated dependencies of target irobot_interfaces__rosidl_typesupport_introspection_c[0m
[0.091s] [ 22%] Built target irobot_interfaces__rosidl_typesupport_cpp
[0.091s] [ 32%] Built target irobot_interfaces__rosidl_typesupport_introspection_cpp
[0.092s] [ 41%] Built target irobot_interfaces__rosidl_typesupport_introspection_c
[0.092s] [ 51%] Built target irobot_interfaces__rosidl_typesupport_c
[0.093s] [ 61%] Built target irobot_interfaces__rosidl_typesupport_fastrtps_cpp
[0.093s] [ 70%] Built target irobot_interfaces__rosidl_typesupport_fastrtps_c
[0.114s] [ 70%] Built target irobot_interfaces
[0.137s] [ 74%] Built target irobot_interfaces__py
[0.148s] [35m[1mConsolidate compiler generated dependencies of target irobot_interfaces__rosidl_generator_py[0m
[0.162s] [ 80%] Built target irobot_interfaces__rosidl_generator_py
[0.174s] [35m[1mConsolidate compiler generated dependencies of target irobot_interfaces__rosidl_typesupport_fastrtps_c__pyext[0m
[0.174s] [35m[1mConsolidate compiler generated dependencies of target irobot_interfaces__rosidl_typesupport_c__pyext[0m
[0.174s] [35m[1mConsolidate compiler generated dependencies of target irobot_interfaces__rosidl_typesupport_introspection_c__pyext[0m
[0.187s] [100%] Built target irobot_interfaces__rosidl_typesupport_fastrtps_c__pyext
[0.188s] [100%] Built target irobot_interfaces__rosidl_typesupport_introspection_c__pyext
[0.188s] [100%] Built target irobot_interfaces__rosidl_typesupport_c__pyext
[0.359s] running egg_info
[0.359s] writing irobot_interfaces.egg-info/PKG-INFO
[0.359s] writing dependency_links to irobot_interfaces.egg-info/dependency_links.txt
[0.360s] writing top-level names to irobot_interfaces.egg-info/top_level.txt
[0.362s] reading manifest file 'irobot_interfaces.egg-info/SOURCES.txt'
[0.362s] writing manifest file 'irobot_interfaces.egg-info/SOURCES.txt'
[0.390s] [100%] Built target ament_cmake_python_build_irobot_interfaces_egg
[0.402s] Invoked command in '/home/lucifer/humble_ws/study_ws/build/irobot_interfaces' returned '0': CMAKE_PREFIX_PATH=${CMAKE_PREFIX_PATH}:/home/lucifer/humble_ws/study_ws/install/py_pkg:/opt/ros/humble /usr/bin/cmake --build /home/lucifer/humble_ws/study_ws/build/irobot_interfaces -- -j8 -l8
[0.480s] Invoking command in '/home/lucifer/humble_ws/study_ws/build/irobot_interfaces': CMAKE_PREFIX_PATH=${CMAKE_PREFIX_PATH}:/home/lucifer/humble_ws/study_ws/install/py_pkg:/opt/ros/humble /usr/bin/cmake --install /home/lucifer/humble_ws/study_ws/build/irobot_interfaces
[0.489s] -- Install configuration: ""
[0.489s] -- Up-to-date: /home/lucifer/humble_ws/study_ws/install/irobot_interfaces/share/ament_index/resource_index/rosidl_interfaces/irobot_interfaces
[0.489s] -- Up-to-date: /home/lucifer/humble_ws/study_ws/install/irobot_interfaces/include/irobot_interfaces/irobot_interfaces
[0.489s] -- Up-to-date: /home/lucifer/humble_ws/study_ws/install/irobot_interfaces/include/irobot_interfaces/irobot_interfaces/msg
[0.490s] -- Up-to-date: /home/lucifer/humble_ws/study_ws/install/irobot_interfaces/include/irobot_interfaces/irobot_interfaces/msg/rosidl_generator_c__visibility_control.h
[0.490s] -- Up-to-date: /home/lucifer/humble_ws/study_ws/install/irobot_interfaces/include/irobot_interfaces/irobot_interfaces/msg/detail
[0.490s] -- Up-to-date: /home/lucifer/humble_ws/study_ws/install/irobot_interfaces/include/irobot_interfaces/irobot_interfaces/msg/detail/hardware_status__functions.h
[0.490s] -- Up-to-date: /home/lucifer/humble_ws/study_ws/install/irobot_interfaces/include/irobot_interfaces/irobot_interfaces/msg/detail/hardware_status__type_support.h
[0.490s] -- Up-to-date: /home/lucifer/humble_ws/study_ws/install/irobot_interfaces/include/irobot_interfaces/irobot_interfaces/msg/detail/hardware_status__struct.h
[0.490s] -- Up-to-date: /home/lucifer/humble_ws/study_ws/install/irobot_interfaces/include/irobot_interfaces/irobot_interfaces/msg/detail/hardware_status__functions.c
[0.491s] -- Up-to-date: /home/lucifer/humble_ws/study_ws/install/irobot_interfaces/include/irobot_interfaces/irobot_interfaces/msg/hardware_status.h
[0.491s] -- Up-to-date: /home/lucifer/humble_ws/study_ws/install/irobot_interfaces/share/irobot_interfaces/environment/library_path.sh
[0.491s] -- Up-to-date: /home/lucifer/humble_ws/study_ws/install/irobot_interfaces/share/irobot_interfaces/environment/library_path.dsv
[0.491s] -- Up-to-date: /home/lucifer/humble_ws/study_ws/install/irobot_interfaces/lib/libirobot_interfaces__rosidl_generator_c.so
[0.491s] -- Up-to-date: /home/lucifer/humble_ws/study_ws/install/irobot_interfaces/include/irobot_interfaces/irobot_interfaces
[0.491s] -- Up-to-date: /home/lucifer/humble_ws/study_ws/install/irobot_interfaces/include/irobot_interfaces/irobot_interfaces/msg
[0.491s] -- Up-to-date: /home/lucifer/humble_ws/study_ws/install/irobot_interfaces/include/irobot_interfaces/irobot_interfaces/msg/rosidl_typesupport_fastrtps_c__visibility_control.h
[0.492s] -- Up-to-date: /home/lucifer/humble_ws/study_ws/install/irobot_interfaces/include/irobot_interfaces/irobot_interfaces/msg/detail
[0.492s] -- Up-to-date: /home/lucifer/humble_ws/study_ws/install/irobot_interfaces/include/irobot_interfaces/irobot_interfaces/msg/detail/hardware_status__rosidl_typesupport_fastrtps_c.h
[0.492s] -- Up-to-date: /home/lucifer/humble_ws/study_ws/install/irobot_interfaces/lib/libirobot_interfaces__rosidl_typesupport_fastrtps_c.so
[0.492s] -- Up-to-date: /home/lucifer/humble_ws/study_ws/install/irobot_interfaces/include/irobot_interfaces/irobot_interfaces
[0.492s] -- Up-to-date: /home/lucifer/humble_ws/study_ws/install/irobot_interfaces/include/irobot_interfaces/irobot_interfaces/msg
[0.492s] -- Up-to-date: /home/lucifer/humble_ws/study_ws/install/irobot_interfaces/include/irobot_interfaces/irobot_interfaces/msg/rosidl_typesupport_introspection_c__visibility_control.h
[0.493s] -- Up-to-date: /home/lucifer/humble_ws/study_ws/install/irobot_interfaces/include/irobot_interfaces/irobot_interfaces/msg/detail
[0.493s] -- Up-to-date: /home/lucifer/humble_ws/study_ws/install/irobot_interfaces/include/irobot_interfaces/irobot_interfaces/msg/detail/hardware_status__rosidl_typesupport_introspection_c.h
[0.493s] -- Up-to-date: /home/lucifer/humble_ws/study_ws/install/irobot_interfaces/include/irobot_interfaces/irobot_interfaces/msg/detail/hardware_status__type_support.c
[0.493s] -- Up-to-date: /home/lucifer/humble_ws/study_ws/install/irobot_interfaces/lib/libirobot_interfaces__rosidl_typesupport_introspection_c.so
[0.493s] -- Up-to-date: /home/lucifer/humble_ws/study_ws/install/irobot_interfaces/lib/libirobot_interfaces__rosidl_typesupport_c.so
[0.493s] -- Up-to-date: /home/lucifer/humble_ws/study_ws/install/irobot_interfaces/include/irobot_interfaces/irobot_interfaces
[0.493s] -- Up-to-date: /home/lucifer/humble_ws/study_ws/install/irobot_interfaces/include/irobot_interfaces/irobot_interfaces/msg
[0.494s] -- Up-to-date: /home/lucifer/humble_ws/study_ws/install/irobot_interfaces/include/irobot_interfaces/irobot_interfaces/msg/hardware_status.hpp
[0.494s] -- Up-to-date: /home/lucifer/humble_ws/study_ws/install/irobot_interfaces/include/irobot_interfaces/irobot_interfaces/msg/detail
[0.494s] -- Up-to-date: /home/lucifer/humble_ws/study_ws/install/irobot_interfaces/include/irobot_interfaces/irobot_interfaces/msg/detail/hardware_status__builder.hpp
[0.494s] -- Up-to-date: /home/lucifer/humble_ws/study_ws/install/irobot_interfaces/include/irobot_interfaces/irobot_interfaces/msg/detail/hardware_status__struct.hpp
[0.494s] -- Up-to-date: /home/lucifer/humble_ws/study_ws/install/irobot_interfaces/include/irobot_interfaces/irobot_interfaces/msg/detail/hardware_status__traits.hpp
[0.494s] -- Up-to-date: /home/lucifer/humble_ws/study_ws/install/irobot_interfaces/include/irobot_interfaces/irobot_interfaces
[0.495s] -- Up-to-date: /home/lucifer/humble_ws/study_ws/install/irobot_interfaces/include/irobot_interfaces/irobot_interfaces/msg
[0.495s] -- Up-to-date: /home/lucifer/humble_ws/study_ws/install/irobot_interfaces/include/irobot_interfaces/irobot_interfaces/msg/rosidl_typesupport_fastrtps_cpp__visibility_control.h
[0.495s] -- Up-to-date: /home/lucifer/humble_ws/study_ws/install/irobot_interfaces/include/irobot_interfaces/irobot_interfaces/msg/detail
[0.495s] -- Up-to-date: /home/lucifer/humble_ws/study_ws/install/irobot_interfaces/include/irobot_interfaces/irobot_interfaces/msg/detail/dds_fastrtps
[0.495s] -- Up-to-date: /home/lucifer/humble_ws/study_ws/install/irobot_interfaces/include/irobot_interfaces/irobot_interfaces/msg/detail/hardware_status__rosidl_typesupport_fastrtps_cpp.hpp
[0.495s] -- Up-to-date: /home/lucifer/humble_ws/study_ws/install/irobot_interfaces/lib/libirobot_interfaces__rosidl_typesupport_fastrtps_cpp.so
[0.495s] -- Up-to-date: /home/lucifer/humble_ws/study_ws/install/irobot_interfaces/include/irobot_interfaces/irobot_interfaces
[0.496s] -- Up-to-date: /home/lucifer/humble_ws/study_ws/install/irobot_interfaces/include/irobot_interfaces/irobot_interfaces/msg
[0.496s] -- Up-to-date: /home/lucifer/humble_ws/study_ws/install/irobot_interfaces/include/irobot_interfaces/irobot_interfaces/msg/detail
[0.496s] -- Up-to-date: /home/lucifer/humble_ws/study_ws/install/irobot_interfaces/include/irobot_interfaces/irobot_interfaces/msg/detail/hardware_status__rosidl_typesupport_introspection_cpp.hpp
[0.496s] -- Up-to-date: /home/lucifer/humble_ws/study_ws/install/irobot_interfaces/include/irobot_interfaces/irobot_interfaces/msg/detail/hardware_status__type_support.cpp
[0.496s] -- Up-to-date: /home/lucifer/humble_ws/study_ws/install/irobot_interfaces/lib/libirobot_interfaces__rosidl_typesupport_introspection_cpp.so
[0.496s] -- Up-to-date: /home/lucifer/humble_ws/study_ws/install/irobot_interfaces/lib/libirobot_interfaces__rosidl_typesupport_cpp.so
[0.497s] -- Up-to-date: /home/lucifer/humble_ws/study_ws/install/irobot_interfaces/share/irobot_interfaces/environment/pythonpath.sh
[0.497s] -- Up-to-date: /home/lucifer/humble_ws/study_ws/install/irobot_interfaces/share/irobot_interfaces/environment/pythonpath.dsv
[0.497s] -- Up-to-date: /home/lucifer/humble_ws/study_ws/install/irobot_interfaces/local/lib/python3.10/dist-packages/irobot_interfaces-0.0.0-py3.10.egg-info
[0.497s] -- Installing: /home/lucifer/humble_ws/study_ws/install/irobot_interfaces/local/lib/python3.10/dist-packages/irobot_interfaces-0.0.0-py3.10.egg-info/top_level.txt
[0.497s] -- Installing: /home/lucifer/humble_ws/study_ws/install/irobot_interfaces/local/lib/python3.10/dist-packages/irobot_interfaces-0.0.0-py3.10.egg-info/dependency_links.txt
[0.497s] -- Installing: /home/lucifer/humble_ws/study_ws/install/irobot_interfaces/local/lib/python3.10/dist-packages/irobot_interfaces-0.0.0-py3.10.egg-info/SOURCES.txt
[0.497s] -- Installing: /home/lucifer/humble_ws/study_ws/install/irobot_interfaces/local/lib/python3.10/dist-packages/irobot_interfaces-0.0.0-py3.10.egg-info/PKG-INFO
[0.497s] -- Up-to-date: /home/lucifer/humble_ws/study_ws/install/irobot_interfaces/local/lib/python3.10/dist-packages/irobot_interfaces
[0.497s] -- Up-to-date: /home/lucifer/humble_ws/study_ws/install/irobot_interfaces/local/lib/python3.10/dist-packages/irobot_interfaces/_irobot_interfaces_s.ep.rosidl_typesupport_fastrtps_c.c
[0.497s] -- Up-to-date: /home/lucifer/humble_ws/study_ws/install/irobot_interfaces/local/lib/python3.10/dist-packages/irobot_interfaces/msg
[0.497s] -- Up-to-date: /home/lucifer/humble_ws/study_ws/install/irobot_interfaces/local/lib/python3.10/dist-packages/irobot_interfaces/msg/_hardware_status_s.c
[0.497s] -- Up-to-date: /home/lucifer/humble_ws/study_ws/install/irobot_interfaces/local/lib/python3.10/dist-packages/irobot_interfaces/msg/_hardware_status.py
[0.497s] -- Up-to-date: /home/lucifer/humble_ws/study_ws/install/irobot_interfaces/local/lib/python3.10/dist-packages/irobot_interfaces/msg/__init__.py
[0.497s] -- Up-to-date: /home/lucifer/humble_ws/study_ws/install/irobot_interfaces/local/lib/python3.10/dist-packages/irobot_interfaces/irobot_interfaces_s__rosidl_typesupport_introspection_c.cpython-310-x86_64-linux-gnu.so
[0.497s] -- Up-to-date: /home/lucifer/humble_ws/study_ws/install/irobot_interfaces/local/lib/python3.10/dist-packages/irobot_interfaces/irobot_interfaces_s__rosidl_typesupport_c.cpython-310-x86_64-linux-gnu.so
[0.497s] -- Up-to-date: /home/lucifer/humble_ws/study_ws/install/irobot_interfaces/local/lib/python3.10/dist-packages/irobot_interfaces/_irobot_interfaces_s.ep.rosidl_typesupport_c.c
[0.497s] -- Up-to-date: /home/lucifer/humble_ws/study_ws/install/irobot_interfaces/local/lib/python3.10/dist-packages/irobot_interfaces/irobot_interfaces_s__rosidl_typesupport_fastrtps_c.cpython-310-x86_64-linux-gnu.so
[0.498s] -- Up-to-date: /home/lucifer/humble_ws/study_ws/install/irobot_interfaces/local/lib/python3.10/dist-packages/irobot_interfaces/libirobot_interfaces__rosidl_generator_py.so
[0.498s] -- Up-to-date: /home/lucifer/humble_ws/study_ws/install/irobot_interfaces/local/lib/python3.10/dist-packages/irobot_interfaces/_irobot_interfaces_s.ep.rosidl_typesupport_introspection_c.c
[0.498s] -- Up-to-date: /home/lucifer/humble_ws/study_ws/install/irobot_interfaces/local/lib/python3.10/dist-packages/irobot_interfaces/__init__.py
[0.525s] Listing '/home/lucifer/humble_ws/study_ws/install/irobot_interfaces/local/lib/python3.10/dist-packages/irobot_interfaces'...
[0.525s] Listing '/home/lucifer/humble_ws/study_ws/install/irobot_interfaces/local/lib/python3.10/dist-packages/irobot_interfaces/msg'...
[0.531s] -- Up-to-date: /home/lucifer/humble_ws/study_ws/install/irobot_interfaces/local/lib/python3.10/dist-packages/irobot_interfaces/irobot_interfaces_s__rosidl_typesupport_fastrtps_c.cpython-310-x86_64-linux-gnu.so
[0.532s] -- Up-to-date: /home/lucifer/humble_ws/study_ws/install/irobot_interfaces/local/lib/python3.10/dist-packages/irobot_interfaces/irobot_interfaces_s__rosidl_typesupport_introspection_c.cpython-310-x86_64-linux-gnu.so
[0.532s] -- Up-to-date: /home/lucifer/humble_ws/study_ws/install/irobot_interfaces/local/lib/python3.10/dist-packages/irobot_interfaces/irobot_interfaces_s__rosidl_typesupport_c.cpython-310-x86_64-linux-gnu.so
[0.532s] -- Up-to-date: /home/lucifer/humble_ws/study_ws/install/irobot_interfaces/lib/libirobot_interfaces__rosidl_generator_py.so
[0.533s] -- Up-to-date: /home/lucifer/humble_ws/study_ws/install/irobot_interfaces/share/irobot_interfaces/msg/HardwareStatus.idl
[0.533s] -- Up-to-date: /home/lucifer/humble_ws/study_ws/install/irobot_interfaces/share/irobot_interfaces/msg/HardwareStatus.msg
[0.533s] -- Up-to-date: /home/lucifer/humble_ws/study_ws/install/irobot_interfaces/share/ament_index/resource_index/package_run_dependencies/irobot_interfaces
[0.533s] -- Up-to-date: /home/lucifer/humble_ws/study_ws/install/irobot_interfaces/share/ament_index/resource_index/parent_prefix_path/irobot_interfaces
[0.534s] -- Up-to-date: /home/lucifer/humble_ws/study_ws/install/irobot_interfaces/share/irobot_interfaces/environment/ament_prefix_path.sh
[0.534s] -- Up-to-date: /home/lucifer/humble_ws/study_ws/install/irobot_interfaces/share/irobot_interfaces/environment/ament_prefix_path.dsv
[0.534s] -- Up-to-date: /home/lucifer/humble_ws/study_ws/install/irobot_interfaces/share/irobot_interfaces/environment/path.sh
[0.534s] -- Up-to-date: /home/lucifer/humble_ws/study_ws/install/irobot_interfaces/share/irobot_interfaces/environment/path.dsv
[0.534s] -- Up-to-date: /home/lucifer/humble_ws/study_ws/install/irobot_interfaces/share/irobot_interfaces/local_setup.bash
[0.534s] -- Up-to-date: /home/lucifer/humble_ws/study_ws/install/irobot_interfaces/share/irobot_interfaces/local_setup.sh
[0.534s] -- Up-to-date: /home/lucifer/humble_ws/study_ws/install/irobot_interfaces/share/irobot_interfaces/local_setup.zsh
[0.534s] -- Up-to-date: /home/lucifer/humble_ws/study_ws/install/irobot_interfaces/share/irobot_interfaces/local_setup.dsv
[0.534s] -- Installing: /home/lucifer/humble_ws/study_ws/install/irobot_interfaces/share/irobot_interfaces/package.dsv
[0.535s] -- Up-to-date: /home/lucifer/humble_ws/study_ws/install/irobot_interfaces/share/ament_index/resource_index/packages/irobot_interfaces
[0.535s] -- Up-to-date: /home/lucifer/humble_ws/study_ws/install/irobot_interfaces/share/irobot_interfaces/cmake/export_irobot_interfaces__rosidl_generator_cExport.cmake
[0.535s] -- Up-to-date: /home/lucifer/humble_ws/study_ws/install/irobot_interfaces/share/irobot_interfaces/cmake/export_irobot_interfaces__rosidl_generator_cExport-noconfig.cmake
[0.535s] -- Up-to-date: /home/lucifer/humble_ws/study_ws/install/irobot_interfaces/share/irobot_interfaces/cmake/export_irobot_interfaces__rosidl_typesupport_fastrtps_cExport.cmake
[0.535s] -- Up-to-date: /home/lucifer/humble_ws/study_ws/install/irobot_interfaces/share/irobot_interfaces/cmake/export_irobot_interfaces__rosidl_typesupport_fastrtps_cExport-noconfig.cmake
[0.535s] -- Up-to-date: /home/lucifer/humble_ws/study_ws/install/irobot_interfaces/share/irobot_interfaces/cmake/irobot_interfaces__rosidl_typesupport_introspection_cExport.cmake
[0.535s] -- Up-to-date: /home/lucifer/humble_ws/study_ws/install/irobot_interfaces/share/irobot_interfaces/cmake/irobot_interfaces__rosidl_typesupport_introspection_cExport-noconfig.cmake
[0.535s] -- Up-to-date: /home/lucifer/humble_ws/study_ws/install/irobot_interfaces/share/irobot_interfaces/cmake/irobot_interfaces__rosidl_typesupport_cExport.cmake
[0.536s] -- Up-to-date: /home/lucifer/humble_ws/study_ws/install/irobot_interfaces/share/irobot_interfaces/cmake/irobot_interfaces__rosidl_typesupport_cExport-noconfig.cmake
[0.536s] -- Up-to-date: /home/lucifer/humble_ws/study_ws/install/irobot_interfaces/share/irobot_interfaces/cmake/export_irobot_interfaces__rosidl_generator_cppExport.cmake
[0.536s] -- Up-to-date: /home/lucifer/humble_ws/study_ws/install/irobot_interfaces/share/irobot_interfaces/cmake/export_irobot_interfaces__rosidl_typesupport_fastrtps_cppExport.cmake
[0.536s] -- Up-to-date: /home/lucifer/humble_ws/study_ws/install/irobot_interfaces/share/irobot_interfaces/cmake/export_irobot_interfaces__rosidl_typesupport_fastrtps_cppExport-noconfig.cmake
[0.536s] -- Up-to-date: /home/lucifer/humble_ws/study_ws/install/irobot_interfaces/share/irobot_interfaces/cmake/irobot_interfaces__rosidl_typesupport_introspection_cppExport.cmake
[0.536s] -- Up-to-date: /home/lucifer/humble_ws/study_ws/install/irobot_interfaces/share/irobot_interfaces/cmake/irobot_interfaces__rosidl_typesupport_introspection_cppExport-noconfig.cmake
[0.536s] -- Up-to-date: /home/lucifer/humble_ws/study_ws/install/irobot_interfaces/share/irobot_interfaces/cmake/irobot_interfaces__rosidl_typesupport_cppExport.cmake
[0.536s] -- Up-to-date: /home/lucifer/humble_ws/study_ws/install/irobot_interfaces/share/irobot_interfaces/cmake/irobot_interfaces__rosidl_typesupport_cppExport-noconfig.cmake
[0.536s] -- Up-to-date: /home/lucifer/humble_ws/study_ws/install/irobot_interfaces/share/irobot_interfaces/cmake/export_irobot_interfaces__rosidl_generator_pyExport.cmake
[0.537s] -- Up-to-date: /home/lucifer/humble_ws/study_ws/install/irobot_interfaces/share/irobot_interfaces/cmake/export_irobot_interfaces__rosidl_generator_pyExport-noconfig.cmake
[0.537s] -- Up-to-date: /home/lucifer/humble_ws/study_ws/install/irobot_interfaces/share/irobot_interfaces/cmake/rosidl_cmake-extras.cmake
[0.537s] -- Up-to-date: /home/lucifer/humble_ws/study_ws/install/irobot_interfaces/share/irobot_interfaces/cmake/ament_cmake_export_include_directories-extras.cmake
[0.537s] -- Up-to-date: /home/lucifer/humble_ws/study_ws/install/irobot_interfaces/share/irobot_interfaces/cmake/ament_cmake_export_libraries-extras.cmake
[0.537s] -- Up-to-date: /home/lucifer/humble_ws/study_ws/install/irobot_interfaces/share/irobot_interfaces/cmake/ament_cmake_export_targets-extras.cmake
[0.537s] -- Up-to-date: /home/lucifer/humble_ws/study_ws/install/irobot_interfaces/share/irobot_interfaces/cmake/rosidl_cmake_export_typesupport_targets-extras.cmake
[0.537s] -- Up-to-date: /home/lucifer/humble_ws/study_ws/install/irobot_interfaces/share/irobot_interfaces/cmake/ament_cmake_export_dependencies-extras.cmake
[0.537s] -- Up-to-date: /home/lucifer/humble_ws/study_ws/install/irobot_interfaces/share/irobot_interfaces/cmake/rosidl_cmake_export_typesupport_libraries-extras.cmake
[0.537s] -- Up-to-date: /home/lucifer/humble_ws/study_ws/install/irobot_interfaces/share/irobot_interfaces/cmake/irobot_interfacesConfig.cmake
[0.537s] -- Up-to-date: /home/lucifer/humble_ws/study_ws/install/irobot_interfaces/share/irobot_interfaces/cmake/irobot_interfacesConfig-version.cmake
[0.537s] -- Up-to-date: /home/lucifer/humble_ws/study_ws/install/irobot_interfaces/share/irobot_interfaces/package.xml
[0.538s] Invoked command in '/home/lucifer/humble_ws/study_ws/build/irobot_interfaces' returned '0': CMAKE_PREFIX_PATH=${CMAKE_PREFIX_PATH}:/home/lucifer/humble_ws/study_ws/install/py_pkg:/opt/ros/humble /usr/bin/cmake --install /home/lucifer/humble_ws/study_ws/build/irobot_interfaces
