[0.846s] Invoking command in '/home/lucifer/humble_ws/study_ws/src/py_pkg': CMAKE_PREFIX_PATH=/home/lucifer/humble_ws/study_ws/install/irobot_interfaces:/home/lucifer/humble_ws/study_ws/install/cpp_pkg PYTHONPATH=/home/lucifer/humble_ws/study_ws/build/py_pkg/prefix_override:/usr/lib/python3/dist-packages/colcon_core/task/python/colcon_distutils_commands:/home/lucifer/humble_ws/study_ws/install/py_pkg/lib/python3.10/site-packages:${PYTHONPATH} /usr/bin/python3 -W ignore:setup.py install is deprecated setup.py egg_info --egg-base ../../build/py_pkg build --build-base /home/lucifer/humble_ws/study_ws/build/py_pkg/build install --record /home/lucifer/humble_ws/study_ws/build/py_pkg/install.log --single-version-externally-managed install_data
[1.117s] running egg_info
[1.117s] writing ../../build/py_pkg/py_pkg.egg-info/PKG-INFO
[1.118s] writing dependency_links to ../../build/py_pkg/py_pkg.egg-info/dependency_links.txt
[1.118s] writing entry points to ../../build/py_pkg/py_pkg.egg-info/entry_points.txt
[1.118s] writing requirements to ../../build/py_pkg/py_pkg.egg-info/requires.txt
[1.119s] writing top-level names to ../../build/py_pkg/py_pkg.egg-info/top_level.txt
[1.120s] reading manifest file '../../build/py_pkg/py_pkg.egg-info/SOURCES.txt'
[1.121s] adding license file 'LICENSE'
[1.122s] writing manifest file '../../build/py_pkg/py_pkg.egg-info/SOURCES.txt'
[1.122s] running build
[1.122s] running build_py
[1.123s] copying py_pkg/hardwareTest.py -> /home/lucifer/humble_ws/study_ws/build/py_pkg/build/lib/py_pkg
[1.123s] copying py_pkg/client_RectangleArea.py -> /home/lucifer/humble_ws/study_ws/build/py_pkg/build/lib/py_pkg
[1.123s] copying py_pkg/template_python_node.py -> /home/lucifer/humble_ws/study_ws/build/py_pkg/build/lib/py_pkg
[1.123s] copying py_pkg/RectangleArea_server.py -> /home/lucifer/humble_ws/study_ws/build/py_pkg/build/lib/py_pkg
[1.124s] running install
[1.124s] running install_lib
[1.125s] creating /home/lucifer/humble_ws/study_ws/install/py_pkg/lib/python3.10/site-packages/py_pkg
[1.125s] copying /home/lucifer/humble_ws/study_ws/build/py_pkg/build/lib/py_pkg/news_station.py -> /home/lucifer/humble_ws/study_ws/install/py_pkg/lib/python3.10/site-packages/py_pkg
[1.125s] copying /home/lucifer/humble_ws/study_ws/build/py_pkg/build/lib/py_pkg/hardwareTest.py -> /home/lucifer/humble_ws/study_ws/install/py_pkg/lib/python3.10/site-packages/py_pkg
[1.126s] copying /home/lucifer/humble_ws/study_ws/build/py_pkg/build/lib/py_pkg/first_node.py -> /home/lucifer/humble_ws/study_ws/install/py_pkg/lib/python3.10/site-packages/py_pkg
[1.126s] copying /home/lucifer/humble_ws/study_ws/build/py_pkg/build/lib/py_pkg/radio.py -> /home/lucifer/humble_ws/study_ws/install/py_pkg/lib/python3.10/site-packages/py_pkg
[1.126s] copying /home/lucifer/humble_ws/study_ws/build/py_pkg/build/lib/py_pkg/client_sumServer.py -> /home/lucifer/humble_ws/study_ws/install/py_pkg/lib/python3.10/site-packages/py_pkg
[1.126s] copying /home/lucifer/humble_ws/study_ws/build/py_pkg/build/lib/py_pkg/__init__.py -> /home/lucifer/humble_ws/study_ws/install/py_pkg/lib/python3.10/site-packages/py_pkg
[1.126s] copying /home/lucifer/humble_ws/study_ws/build/py_pkg/build/lib/py_pkg/sum_server.py -> /home/lucifer/humble_ws/study_ws/install/py_pkg/lib/python3.10/site-packages/py_pkg
[1.126s] copying /home/lucifer/humble_ws/study_ws/build/py_pkg/build/lib/py_pkg/client_RectangleArea.py -> /home/lucifer/humble_ws/study_ws/install/py_pkg/lib/python3.10/site-packages/py_pkg
[1.126s] copying /home/lucifer/humble_ws/study_ws/build/py_pkg/build/lib/py_pkg/client_sumServer_noop.py -> /home/lucifer/humble_ws/study_ws/install/py_pkg/lib/python3.10/site-packages/py_pkg
[1.127s] copying /home/lucifer/humble_ws/study_ws/build/py_pkg/build/lib/py_pkg/template_python_node.py -> /home/lucifer/humble_ws/study_ws/install/py_pkg/lib/python3.10/site-packages/py_pkg
[1.127s] copying /home/lucifer/humble_ws/study_ws/build/py_pkg/build/lib/py_pkg/RectangleArea_server.py -> /home/lucifer/humble_ws/study_ws/install/py_pkg/lib/python3.10/site-packages/py_pkg
[1.127s] byte-compiling /home/lucifer/humble_ws/study_ws/install/py_pkg/lib/python3.10/site-packages/py_pkg/news_station.py to news_station.cpython-310.pyc
[1.128s] byte-compiling /home/lucifer/humble_ws/study_ws/install/py_pkg/lib/python3.10/site-packages/py_pkg/hardwareTest.py to hardwareTest.cpython-310.pyc
[1.128s] byte-compiling /home/lucifer/humble_ws/study_ws/install/py_pkg/lib/python3.10/site-packages/py_pkg/first_node.py to first_node.cpython-310.pyc
[1.129s] byte-compiling /home/lucifer/humble_ws/study_ws/install/py_pkg/lib/python3.10/site-packages/py_pkg/radio.py to radio.cpython-310.pyc
[1.129s] byte-compiling /home/lucifer/humble_ws/study_ws/install/py_pkg/lib/python3.10/site-packages/py_pkg/client_sumServer.py to client_sumServer.cpython-310.pyc
[1.129s] byte-compiling /home/lucifer/humble_ws/study_ws/install/py_pkg/lib/python3.10/site-packages/py_pkg/__init__.py to __init__.cpython-310.pyc
[1.130s] byte-compiling /home/lucifer/humble_ws/study_ws/install/py_pkg/lib/python3.10/site-packages/py_pkg/sum_server.py to sum_server.cpython-310.pyc
[1.130s] byte-compiling /home/lucifer/humble_ws/study_ws/install/py_pkg/lib/python3.10/site-packages/py_pkg/client_RectangleArea.py to client_RectangleArea.cpython-310.pyc
[1.130s] byte-compiling /home/lucifer/humble_ws/study_ws/install/py_pkg/lib/python3.10/site-packages/py_pkg/client_sumServer_noop.py to client_sumServer_noop.cpython-310.pyc
[1.131s] byte-compiling /home/lucifer/humble_ws/study_ws/install/py_pkg/lib/python3.10/site-packages/py_pkg/template_python_node.py to template_python_node.cpython-310.pyc
[1.131s] byte-compiling /home/lucifer/humble_ws/study_ws/install/py_pkg/lib/python3.10/site-packages/py_pkg/RectangleArea_server.py to RectangleArea_server.cpython-310.pyc
[1.131s] running install_data
[1.131s] creating /home/lucifer/humble_ws/study_ws/install/py_pkg/share/ament_index
[1.132s] creating /home/lucifer/humble_ws/study_ws/install/py_pkg/share/ament_index/resource_index
[1.132s] creating /home/lucifer/humble_ws/study_ws/install/py_pkg/share/ament_index/resource_index/packages
[1.132s] copying resource/py_pkg -> /home/lucifer/humble_ws/study_ws/install/py_pkg/share/ament_index/resource_index/packages
[1.132s] copying package.xml -> /home/lucifer/humble_ws/study_ws/install/py_pkg/share/py_pkg
[1.132s] running install_egg_info
[1.134s] Copying ../../build/py_pkg/py_pkg.egg-info to /home/lucifer/humble_ws/study_ws/install/py_pkg/lib/python3.10/site-packages/py_pkg-0.0.0-py3.10.egg-info
[1.135s] running install_scripts
[1.155s] Installing HardwareStatusPublisher script to /home/lucifer/humble_ws/study_ws/install/py_pkg/lib/py_pkg
[1.155s] Installing addTwoInt_noop script to /home/lucifer/humble_ws/study_ws/install/py_pkg/lib/py_pkg
[1.155s] Installing client_sumServer script to /home/lucifer/humble_ws/study_ws/install/py_pkg/lib/py_pkg
[1.155s] Installing news_station script to /home/lucifer/humble_ws/study_ws/install/py_pkg/lib/py_pkg
[1.155s] Installing py_node script to /home/lucifer/humble_ws/study_ws/install/py_pkg/lib/py_pkg
[1.156s] Installing radio script to /home/lucifer/humble_ws/study_ws/install/py_pkg/lib/py_pkg
[1.156s] Installing sum_server script to /home/lucifer/humble_ws/study_ws/install/py_pkg/lib/py_pkg
[1.156s] writing list of installed files to '/home/lucifer/humble_ws/study_ws/build/py_pkg/install.log'
[1.182s] Invoked command in '/home/lucifer/humble_ws/study_ws/src/py_pkg' returned '0': CMAKE_PREFIX_PATH=/home/lucifer/humble_ws/study_ws/install/irobot_interfaces:/home/lucifer/humble_ws/study_ws/install/cpp_pkg PYTHONPATH=/home/lucifer/humble_ws/study_ws/build/py_pkg/prefix_override:/usr/lib/python3/dist-packages/colcon_core/task/python/colcon_distutils_commands:/home/lucifer/humble_ws/study_ws/install/py_pkg/lib/python3.10/site-packages:${PYTHONPATH} /usr/bin/python3 -W ignore:setup.py install is deprecated setup.py egg_info --egg-base ../../build/py_pkg build --build-base /home/lucifer/humble_ws/study_ws/build/py_pkg/build install --record /home/lucifer/humble_ws/study_ws/build/py_pkg/install.log --single-version-externally-managed install_data
