[1.300s] Invoking command in '/home/lucifer/humble_ws/study_ws/build/py_pkg': PYTHONPATH=/home/lucifer/humble_ws/study_ws/build/py_pkg/prefix_override:/usr/lib/python3/dist-packages/colcon_core/task/python/colcon_distutils_commands:/home/lucifer/humble_ws/study_ws/install/py_pkg/lib/python3.10/site-packages:${PYTHONPATH} /usr/bin/python3 -W ignore:setup.py install is deprecated setup.py develop --editable --build-directory /home/lucifer/humble_ws/study_ws/build/py_pkg/build --no-deps symlink_data --force
[1.750s] running develop
[1.750s] /usr/lib/python3/dist-packages/setuptools/command/easy_install.py:158: EasyInstallDeprecationWarning: easy_install command is deprecated. Use build and pip and other standards-based tools.
[1.750s]   warnings.warn(
[2.085s] running egg_info
[2.085s] writing py_pkg.egg-info/PKG-INFO
[2.086s] writing dependency_links to py_pkg.egg-info/dependency_links.txt
[2.086s] writing entry points to py_pkg.egg-info/entry_points.txt
[2.086s] writing requirements to py_pkg.egg-info/requires.txt
[2.086s] writing top-level names to py_pkg.egg-info/top_level.txt
[2.089s] reading manifest file 'py_pkg.egg-info/SOURCES.txt'
[2.090s] writing manifest file 'py_pkg.egg-info/SOURCES.txt'
[2.092s] running build_ext
[2.092s] Creating /home/lucifer/humble_ws/study_ws/install/py_pkg/lib/python3.10/site-packages/py-pkg.egg-link (link to .)
[2.093s] Installing addTwoInt_noop script to /home/lucifer/humble_ws/study_ws/install/py_pkg/lib/py_pkg
[2.094s] Installing news_station script to /home/lucifer/humble_ws/study_ws/install/py_pkg/lib/py_pkg
[2.094s] Installing py_node script to /home/lucifer/humble_ws/study_ws/install/py_pkg/lib/py_pkg
[2.094s] Installing radio script to /home/lucifer/humble_ws/study_ws/install/py_pkg/lib/py_pkg
[2.094s] Installing sum_server script to /home/lucifer/humble_ws/study_ws/install/py_pkg/lib/py_pkg
[2.094s] 
[2.095s] Installed /home/lucifer/humble_ws/study_ws/build/py_pkg
[2.095s] running symlink_data
[2.095s] symbolically linking /home/lucifer/humble_ws/study_ws/build/py_pkg/resource/py_pkg -> /home/lucifer/humble_ws/study_ws/install/py_pkg/share/ament_index/resource_index/packages
[2.095s] symbolically linking /home/lucifer/humble_ws/study_ws/build/py_pkg/package.xml -> /home/lucifer/humble_ws/study_ws/install/py_pkg/share/py_pkg
[2.149s] Invoked command in '/home/lucifer/humble_ws/study_ws/build/py_pkg' returned '0': PYTHONPATH=/home/lucifer/humble_ws/study_ws/build/py_pkg/prefix_override:/usr/lib/python3/dist-packages/colcon_core/task/python/colcon_distutils_commands:/home/lucifer/humble_ws/study_ws/install/py_pkg/lib/python3.10/site-packages:${PYTHONPATH} /usr/bin/python3 -W ignore:setup.py install is deprecated setup.py develop --editable --build-directory /home/lucifer/humble_ws/study_ws/build/py_pkg/build --no-deps symlink_data --force
