[0.799s] Invoking command in '/home/lucifer/humble_ws/study_ws/src/py_pkg': PYTHONPATH=/home/lucifer/humble_ws/study_ws/build/py_pkg/prefix_override:/usr/lib/python3/dist-packages/colcon_core/task/python/colcon_distutils_commands:/home/lucifer/humble_ws/study_ws/install/py_pkg/lib/python3.10/site-packages:${PYTHONPATH} /usr/bin/python3 -W ignore:setup.py install is deprecated setup.py egg_info --egg-base ../../build/py_pkg build --build-base /home/lucifer/humble_ws/study_ws/build/py_pkg/build install --record /home/lucifer/humble_ws/study_ws/build/py_pkg/install.log --single-version-externally-managed install_data
[1.090s] running egg_info
[1.091s] writing ../../build/py_pkg/py_pkg.egg-info/PKG-INFO
[1.092s] writing dependency_links to ../../build/py_pkg/py_pkg.egg-info/dependency_links.txt
[1.092s] writing entry points to ../../build/py_pkg/py_pkg.egg-info/entry_points.txt
[1.092s] writing requirements to ../../build/py_pkg/py_pkg.egg-info/requires.txt
[1.092s] writing top-level names to ../../build/py_pkg/py_pkg.egg-info/top_level.txt
[1.095s] reading manifest file '../../build/py_pkg/py_pkg.egg-info/SOURCES.txt'
[1.096s] adding license file 'LICENSE'
[1.097s] writing manifest file '../../build/py_pkg/py_pkg.egg-info/SOURCES.txt'
[1.097s] running build
[1.097s] running build_py
[1.098s] running install
[1.098s] running install_lib
[1.100s] running install_data
[1.101s] running install_egg_info
[1.103s] removing '/home/lucifer/humble_ws/study_ws/install/py_pkg/lib/python3.10/site-packages/py_pkg-0.0.0-py3.10.egg-info' (and everything under it)
[1.103s] Copying ../../build/py_pkg/py_pkg.egg-info to /home/lucifer/humble_ws/study_ws/install/py_pkg/lib/python3.10/site-packages/py_pkg-0.0.0-py3.10.egg-info
[1.104s] running install_scripts
[1.130s] Installing news_station script to /home/lucifer/humble_ws/study_ws/install/py_pkg/lib/py_pkg
[1.130s] Installing py_node script to /home/lucifer/humble_ws/study_ws/install/py_pkg/lib/py_pkg
[1.131s] Installing radio script to /home/lucifer/humble_ws/study_ws/install/py_pkg/lib/py_pkg
[1.131s] writing list of installed files to '/home/lucifer/humble_ws/study_ws/build/py_pkg/install.log'
[1.161s] Invoked command in '/home/lucifer/humble_ws/study_ws/src/py_pkg' returned '0': PYTHONPATH=/home/lucifer/humble_ws/study_ws/build/py_pkg/prefix_override:/usr/lib/python3/dist-packages/colcon_core/task/python/colcon_distutils_commands:/home/lucifer/humble_ws/study_ws/install/py_pkg/lib/python3.10/site-packages:${PYTHONPATH} /usr/bin/python3 -W ignore:setup.py install is deprecated setup.py egg_info --egg-base ../../build/py_pkg build --build-base /home/lucifer/humble_ws/study_ws/build/py_pkg/build install --record /home/lucifer/humble_ws/study_ws/build/py_pkg/install.log --single-version-externally-managed install_data
