[0.013s] Invoking command in '/home/lucifer/humble_ws/study_ws/build/cpp_pkg': CMAKE_PREFIX_PATH=${CMAKE_PREFIX_PATH}:/home/lucifer/humble_ws/study_ws/install/py_pkg:/opt/ros/humble /usr/bin/cmake --build /home/lucifer/humble_ws/study_ws/build/cpp_pkg -- -j8 -l8
[0.133s] -- Found ament_cmake: 1.3.10 (/opt/ros/humble/share/ament_cmake/cmake)
[0.285s] -- Override CMake install command with custom implementation using symlinks instead of copying resources
[0.301s] -- Found rclcpp: 16.0.10 (/opt/ros/humble/share/rclcpp/cmake)
[0.342s] -- Found rosidl_generator_c: 3.1.5 (/opt/ros/humble/share/rosidl_generator_c/cmake)
[0.345s] -- Found rosidl_adapter: 3.1.5 (/opt/ros/humble/share/rosidl_adapter/cmake)
[0.356s] -- Found rosidl_generator_cpp: 3.1.5 (/opt/ros/humble/share/rosidl_generator_cpp/cmake)
[0.369s] -- Using all available rosidl_typesupport_c: rosidl_typesupport_fastrtps_c;rosidl_typesupport_introspection_c
[0.383s] -- Using all available rosidl_typesupport_cpp: rosidl_typesupport_fastrtps_cpp;rosidl_typesupport_introspection_cpp
[0.424s] -- Found rmw_implementation_cmake: 6.1.2 (/opt/ros/humble/share/rmw_implementation_cmake/cmake)
[0.426s] -- Found rmw_fastrtps_cpp: 6.2.7 (/opt/ros/humble/share/rmw_fastrtps_cpp/cmake)
[0.534s] -- Using RMW implementation 'rmw_fastrtps_cpp' as default
[0.598s] -- Found example_interfaces: 0.9.3 (/opt/ros/humble/share/example_interfaces/cmake)
[0.655s] -- Found ament_lint_auto: 0.12.11 (/opt/ros/humble/share/ament_lint_auto/cmake)
[0.730s] -- Added test 'cppcheck' to perform static code analysis on C / C++ code
[0.730s] -- Configured cppcheck include dirs: 
[0.731s] -- Configured cppcheck exclude dirs and/or files: 
[0.731s] -- Added test 'lint_cmake' to check CMake code style
[0.733s] -- Added test 'uncrustify' to check C / C++ code style
[0.733s] -- Configured uncrustify additional arguments: 
[0.733s] -- Added test 'xmllint' to check XML markup files
[0.735s] -- Configuring done
[0.740s] [33mCMake Warning (dev) at CMakeLists.txt:23 (add_executable):
[0.740s]   Policy CMP0115 is not set: Source file extensions must be explicit.  Run
[0.740s]   "cmake --help-policy CMP0115" for policy details.  Use the cmake_policy
[0.740s]   command to set the policy and suppress this warning.
[0.740s] 
[0.740s]   File:
[0.740s] 
[0.740s]     /home/lucifer/humble_ws/study_ws/src/cpp_pkg/src/NumberPublisher.cpp
[0.740s] This warning is for project developers.  Use -Wno-dev to suppress it.
[0.740s] [0m
[0.740s] [33mCMake Warning (dev) at CMakeLists.txt:26 (add_executable):
[0.740s]   Policy CMP0115 is not set: Source file extensions must be explicit.  Run
[0.740s]   "cmake --help-policy CMP0115" for policy details.  Use the cmake_policy
[0.740s]   command to set the policy and suppress this warning.
[0.740s] 
[0.740s]   File:
[0.740s] 
[0.741s]     /home/lucifer/humble_ws/study_ws/src/cpp_pkg/src/NumberCounter.cpp
[0.741s] This warning is for project developers.  Use -Wno-dev to suppress it.
[0.741s] [0m
[0.771s] -- Generating done
[0.773s] -- Build files have been written to: /home/lucifer/humble_ws/study_ws/build/cpp_pkg
[0.804s] [35m[1mConsolidate compiler generated dependencies of target NumberPublisher[0m
[0.804s] [35m[1mConsolidate compiler generated dependencies of target news_station[0m
[0.806s] [35m[1mConsolidate compiler generated dependencies of target cpp_node[0m
[0.807s] [35m[1mConsolidate compiler generated dependencies of target radio[0m
[0.807s] [35m[1mConsolidate compiler generated dependencies of target NumberCounter[0m
[0.820s] [  8%] [32mBuilding CXX object CMakeFiles/client_sumServer.dir/src/client_sumServer_noop.cpp.o[0m
[0.857s] [ 25%] Built target news_station
[0.858s] [ 41%] Built target cpp_node
[0.859s] [ 58%] Built target NumberPublisher
[0.859s] [ 75%] Built target radio
[0.859s] [ 91%] Built target NumberCounter
[3.653s] [01m[K/home/lucifer/humble_ws/study_ws/src/cpp_pkg/src/client_sumServer_noop.cpp:[m[K In function ‘[01m[Kint main(int, char**)[m[K’:
[3.653s] [01m[K/home/lucifer/humble_ws/study_ws/src/cpp_pkg/src/client_sumServer_noop.cpp:9:34:[m[K [01;31m[Kerror: [m[K‘[01m[KsumServer_ClientNode[m[K’ was not declared in this scope
[3.653s]     9 |     auto node = std::make_shared<[01;31m[KsumServer_ClientNode[m[K>();
[3.653s]       |                                  [01;31m[K^~~~~~~~~~~~~~~~~~~~[m[K
[3.653s] [01m[K/home/lucifer/humble_ws/study_ws/src/cpp_pkg/src/client_sumServer_noop.cpp:9:55:[m[K [01;31m[Kerror: [m[Kno matching function for call to ‘[01m[Kmake_shared<<expression error> >()[m[K’
[3.653s]     9 |     auto node = [01;31m[Kstd::make_shared<sumServer_ClientNode>()[m[K;
[3.654s]       |                 [01;31m[K~~~~~~~~~~~~~~~~~~~~~~~~~~~~~~~~~~~~~~^~[m[K
[3.654s] In file included from [01m[K/usr/include/c++/11/memory:77[m[K,
[3.654s]                  from [01m[K/opt/ros/humble/include/rclcpp/rclcpp/rclcpp.hpp:153[m[K,
[3.654s]                  from [01m[K/home/lucifer/humble_ws/study_ws/src/cpp_pkg/src/client_sumServer_noop.cpp:1[m[K:
[3.654s] [01m[K/usr/include/c++/11/bits/shared_ptr.h:875:5:[m[K [01;36m[Knote: [m[Kcandidate: ‘[01m[Ktemplate<class _Tp, class ... _Args> std::shared_ptr<_Tp> std::make_shared(_Args&& ...)[m[K’
[3.654s]   875 |     [01;36m[Kmake_shared[m[K(_Args&&... __args)
[3.654s]       |     [01;36m[K^~~~~~~~~~~[m[K
[3.654s] [01m[K/usr/include/c++/11/bits/shared_ptr.h:875:5:[m[K [01;36m[Knote: [m[K  template argument deduction/substitution failed:
[3.655s] [01m[K/home/lucifer/humble_ws/study_ws/src/cpp_pkg/src/client_sumServer_noop.cpp:9:55:[m[K [01;31m[Kerror: [m[Ktemplate argument 1 is invalid
[3.655s]     9 |     auto node = [01;31m[Kstd::make_shared<sumServer_ClientNode>()[m[K;
[3.655s]       |                 [01;31m[K~~~~~~~~~~~~~~~~~~~~~~~~~~~~~~~~~~~~~~^~[m[K
[3.655s] [01m[K/home/lucifer/humble_ws/study_ws/src/cpp_pkg/src/client_sumServer_noop.cpp:11:74:[m[K [01;31m[Kerror: [m[Kexpected primary-expression before ‘[01m[K>[m[K’ token
[3.655s]    11 |     auto client = node->create_client<example_interfaces::srv::AddTwoInts[01;31m[K>[m[K("add_two_ints");
[3.655s]       |                                                                          [01;31m[K^[m[K
[3.656s] In file included from [01m[K/opt/ros/humble/include/rclcpp/rclcpp/client.hpp:40[m[K,
[3.656s]                  from [01m[K/opt/ros/humble/include/rclcpp/rclcpp/callback_group.hpp:24[m[K,
[3.656s]                  from [01m[K/opt/ros/humble/include/rclcpp/rclcpp/any_executable.hpp:20[m[K,
[3.656s]                  from [01m[K/opt/ros/humble/include/rclcpp/rclcpp/memory_strategy.hpp:25[m[K,
[3.656s]                  from [01m[K/opt/ros/humble/include/rclcpp/rclcpp/memory_strategies.hpp:18[m[K,
[3.656s]                  from [01m[K/opt/ros/humble/include/rclcpp/rclcpp/executor_options.hpp:20[m[K,
[3.656s]                  from [01m[K/opt/ros/humble/include/rclcpp/rclcpp/executor.hpp:37[m[K,
[3.656s]                  from [01m[K/opt/ros/humble/include/rclcpp/rclcpp/executors/multi_threaded_executor.hpp:25[m[K,
[3.656s]                  from [01m[K/opt/ros/humble/include/rclcpp/rclcpp/executors.hpp:21[m[K,
[3.656s]                  from [01m[K/opt/ros/humble/include/rclcpp/rclcpp/rclcpp.hpp:155[m[K,
[3.656s]                  from [01m[K/home/lucifer/humble_ws/study_ws/src/cpp_pkg/src/client_sumServer_noop.cpp:1[m[K:
[3.656s] [01m[K/home/lucifer/humble_ws/study_ws/src/cpp_pkg/src/client_sumServer_noop.cpp:14:26:[m[K [01;31m[Kerror: [m[Kinvalid use of ‘[01m[Kthis[m[K’ in non-member function
[3.656s]    14 |             RCLCPP_ERROR([01;31m[Kthis[m[K->get_logger(), "Interruped while waiting for the server.");
[3.657s]       |                          [01;31m[K^~~~[m[K
[3.657s] [01m[K/home/lucifer/humble_ws/study_ws/src/cpp_pkg/src/client_sumServer_noop.cpp:14:26:[m[K [01;31m[Kerror: [m[Kinvalid use of ‘[01m[Kthis[m[K’ in non-member function
[3.657s] [01m[K/home/lucifer/humble_ws/study_ws/src/cpp_pkg/src/client_sumServer_noop.cpp:14:13:[m[K [01;31m[Kerror: [m[Ktemplate argument 1 is invalid
[3.657s]    14 |             [01;31m[KRCLCPP_ERROR[m[K(this->get_logger(), "Interruped while waiting for the server.");
[3.657s]       |             [01;31m[K^~~~~~~~~~~~[m[K
[3.657s] [01m[K/home/lucifer/humble_ws/study_ws/src/cpp_pkg/src/client_sumServer_noop.cpp:14:13:[m[K [01;31m[Kerror: [m[Ktemplate argument 1 is invalid
[3.657s]    14 |             [01;31m[KRCLCPP_ERROR[m[K(this->get_logger(), "Interruped while waiting for the server.");
[3.657s]       |             [01;31m[K^~~~~~~~~~~~[m[K
[3.657s] [01m[K/home/lucifer/humble_ws/study_ws/src/cpp_pkg/src/client_sumServer_noop.cpp:14:13:[m[K [01;31m[Kerror: [m[Ktemplate argument 1 is invalid
[3.657s]    14 |             [01;31m[KRCLCPP_ERROR[m[K(this->get_logger(), "Interruped while waiting for the server.");
[3.657s]       |             [01;31m[K^~~~~~~~~~~~[m[K
[3.657s] In file included from [01m[K/opt/ros/humble/include/rclcpp/rclcpp/logging.hpp:24[m[K,
[3.658s]                  from [01m[K/opt/ros/humble/include/rclcpp/rclcpp/client.hpp:40[m[K,
[3.658s]                  from [01m[K/opt/ros/humble/include/rclcpp/rclcpp/callback_group.hpp:24[m[K,
[3.658s]                  from [01m[K/opt/ros/humble/include/rclcpp/rclcpp/any_executable.hpp:20[m[K,
[3.658s]                  from [01m[K/opt/ros/humble/include/rclcpp/rclcpp/memory_strategy.hpp:25[m[K,
[3.658s]                  from [01m[K/opt/ros/humble/include/rclcpp/rclcpp/memory_strategies.hpp:18[m[K,
[3.658s]                  from [01m[K/opt/ros/humble/include/rclcpp/rclcpp/executor_options.hpp:20[m[K,
[3.658s]                  from [01m[K/opt/ros/humble/include/rclcpp/rclcpp/executor.hpp:37[m[K,
[3.658s]                  from [01m[K/opt/ros/humble/include/rclcpp/rclcpp/executors/multi_threaded_executor.hpp:25[m[K,
[3.658s]                  from [01m[K/opt/ros/humble/include/rclcpp/rclcpp/executors.hpp:21[m[K,
[3.658s]                  from [01m[K/opt/ros/humble/include/rclcpp/rclcpp/rclcpp.hpp:155[m[K,
[3.658s]                  from [01m[K/home/lucifer/humble_ws/study_ws/src/cpp_pkg/src/client_sumServer_noop.cpp:1[m[K:
[3.658s] [01m[K/home/lucifer/humble_ws/study_ws/src/cpp_pkg/src/client_sumServer_noop.cpp:14:26:[m[K [01;31m[Kerror: [m[Kinvalid use of ‘[01m[Kthis[m[K’ in non-member function
[3.658s]    14 |             RCLCPP_ERROR([01;31m[Kthis[m[K->get_logger(), "Interruped while waiting for the server.");
[3.658s]       |                          [01;31m[K^~~~[m[K
[3.659s] [01m[K/home/lucifer/humble_ws/study_ws/src/cpp_pkg/src/client_sumServer_noop.cpp:14:26:[m[K [01;31m[Kerror: [m[Kinvalid use of ‘[01m[Kthis[m[K’ in non-member function
[3.659s]    14 |             RCLCPP_ERROR([01;31m[Kthis[m[K->get_logger(), "Interruped while waiting for the server.");
[3.659s]       |                          [01;31m[K^~~~[m[K
[3.659s] [01m[K/home/lucifer/humble_ws/study_ws/src/cpp_pkg/src/client_sumServer_noop.cpp:15:13:[m[K [01;31m[Kerror: [m[Kreturn-statement with no value, in function returning ‘[01m[Kint[m[K’ [[01;31m[K]8;;https://gcc.gnu.org/onlinedocs/gcc/Warning-Options.html#index-fpermissive-fpermissive]8;;[m[K]
[3.659s]    15 |             [01;31m[Kreturn[m[K;
[3.659s]       |             [01;31m[K^~~~~~[m[K
[3.659s] In file included from [01m[K/opt/ros/humble/include/rclcpp/rclcpp/client.hpp:40[m[K,
[3.660s]                  from [01m[K/opt/ros/humble/include/rclcpp/rclcpp/callback_group.hpp:24[m[K,
[3.660s]                  from [01m[K/opt/ros/humble/include/rclcpp/rclcpp/any_executable.hpp:20[m[K,
[3.660s]                  from [01m[K/opt/ros/humble/include/rclcpp/rclcpp/memory_strategy.hpp:25[m[K,
[3.660s]                  from [01m[K/opt/ros/humble/include/rclcpp/rclcpp/memory_strategies.hpp:18[m[K,
[3.660s]                  from [01m[K/opt/ros/humble/include/rclcpp/rclcpp/executor_options.hpp:20[m[K,
[3.660s]                  from [01m[K/opt/ros/humble/include/rclcpp/rclcpp/executor.hpp:37[m[K,
[3.660s]                  from [01m[K/opt/ros/humble/include/rclcpp/rclcpp/executors/multi_threaded_executor.hpp:25[m[K,
[3.660s]                  from [01m[K/opt/ros/humble/include/rclcpp/rclcpp/executors.hpp:21[m[K,
[3.660s]                  from [01m[K/opt/ros/humble/include/rclcpp/rclcpp/rclcpp.hpp:155[m[K,
[3.660s]                  from [01m[K/home/lucifer/humble_ws/study_ws/src/cpp_pkg/src/client_sumServer_noop.cpp:1[m[K:
[3.660s] [01m[K/home/lucifer/humble_ws/study_ws/src/cpp_pkg/src/client_sumServer_noop.cpp:17:21:[m[K [01;31m[Kerror: [m[Kinvalid use of ‘[01m[Kthis[m[K’ in non-member function
[3.660s]    17 |         RCLCPP_WARN([01;31m[Kthis[m[K->get_logger(), "Server not available...");
[3.660s]       |                     [01;31m[K^~~~[m[K
[3.660s] [01m[K/home/lucifer/humble_ws/study_ws/src/cpp_pkg/src/client_sumServer_noop.cpp:17:21:[m[K [01;31m[Kerror: [m[Kinvalid use of ‘[01m[Kthis[m[K’ in non-member function
[3.660s] [01m[K/home/lucifer/humble_ws/study_ws/src/cpp_pkg/src/client_sumServer_noop.cpp:17:9:[m[K [01;31m[Kerror: [m[Ktemplate argument 1 is invalid
[3.661s]    17 |         [01;31m[KRCLCPP_WARN[m[K(this->get_logger(), "Server not available...");
[3.661s]       |         [01;31m[K^~~~~~~~~~~[m[K
[3.661s] [01m[K/home/lucifer/humble_ws/study_ws/src/cpp_pkg/src/client_sumServer_noop.cpp:17:9:[m[K [01;31m[Kerror: [m[Ktemplate argument 1 is invalid
[3.661s]    17 |         [01;31m[KRCLCPP_WARN[m[K(this->get_logger(), "Server not available...");
[3.661s]       |         [01;31m[K^~~~~~~~~~~[m[K
[3.661s] [01m[K/home/lucifer/humble_ws/study_ws/src/cpp_pkg/src/client_sumServer_noop.cpp:17:9:[m[K [01;31m[Kerror: [m[Ktemplate argument 1 is invalid
[3.661s]    17 |         [01;31m[KRCLCPP_WARN[m[K(this->get_logger(), "Server not available...");
[3.661s]       |         [01;31m[K^~~~~~~~~~~[m[K
[3.661s] In file included from [01m[K/opt/ros/humble/include/rclcpp/rclcpp/logging.hpp:24[m[K,
[3.661s]                  from [01m[K/opt/ros/humble/include/rclcpp/rclcpp/client.hpp:40[m[K,
[3.661s]                  from [01m[K/opt/ros/humble/include/rclcpp/rclcpp/callback_group.hpp:24[m[K,
[3.661s]                  from [01m[K/opt/ros/humble/include/rclcpp/rclcpp/any_executable.hpp:20[m[K,
[3.661s]                  from [01m[K/opt/ros/humble/include/rclcpp/rclcpp/memory_strategy.hpp:25[m[K,
[3.661s]                  from [01m[K/opt/ros/humble/include/rclcpp/rclcpp/memory_strategies.hpp:18[m[K,
[3.661s]                  from [01m[K/opt/ros/humble/include/rclcpp/rclcpp/executor_options.hpp:20[m[K,
[3.661s]                  from [01m[K/opt/ros/humble/include/rclcpp/rclcpp/executor.hpp:37[m[K,
[3.662s]                  from [01m[K/opt/ros/humble/include/rclcpp/rclcpp/executors/multi_threaded_executor.hpp:25[m[K,
[3.662s]                  from [01m[K/opt/ros/humble/include/rclcpp/rclcpp/executors.hpp:21[m[K,
[3.662s]                  from [01m[K/opt/ros/humble/include/rclcpp/rclcpp/rclcpp.hpp:155[m[K,
[3.662s]                  from [01m[K/home/lucifer/humble_ws/study_ws/src/cpp_pkg/src/client_sumServer_noop.cpp:1[m[K:
[3.662s] [01m[K/home/lucifer/humble_ws/study_ws/src/cpp_pkg/src/client_sumServer_noop.cpp:17:21:[m[K [01;31m[Kerror: [m[Kinvalid use of ‘[01m[Kthis[m[K’ in non-member function
[3.662s]    17 |         RCLCPP_WARN([01;31m[Kthis[m[K->get_logger(), "Server not available...");
[3.662s]       |                     [01;31m[K^~~~[m[K
[3.662s] [01m[K/home/lucifer/humble_ws/study_ws/src/cpp_pkg/src/client_sumServer_noop.cpp:17:21:[m[K [01;31m[Kerror: [m[Kinvalid use of ‘[01m[Kthis[m[K’ in non-member function
[3.662s]    17 |         RCLCPP_WARN([01;31m[Kthis[m[K->get_logger(), "Server not available...");
[3.662s]       |                     [01;31m[K^~~~[m[K
[3.662s] [01m[K/home/lucifer/humble_ws/study_ws/src/cpp_pkg/src/client_sumServer_noop.cpp:25:69:[m[K [01;31m[Kerror: [m[K‘[01m[Krclcpp::extractor[m[K’ has not been declared
[3.662s]    25 |     if (rclcpp::spin_until_future_complete(node, future) == rclcpp::[01;31m[Kextractor[m[K::FutureReturnCode::SUCCESS){
[3.662s]       |                                                                     [01;31m[K^~~~~~~~~[m[K
[3.662s] In file included from [01m[K/opt/ros/humble/include/rclcpp/rclcpp/client.hpp:40[m[K,
[3.662s]                  from [01m[K/opt/ros/humble/include/rclcpp/rclcpp/callback_group.hpp:24[m[K,
[3.663s]                  from [01m[K/opt/ros/humble/include/rclcpp/rclcpp/any_executable.hpp:20[m[K,
[3.663s]                  from [01m[K/opt/ros/humble/include/rclcpp/rclcpp/memory_strategy.hpp:25[m[K,
[3.663s]                  from [01m[K/opt/ros/humble/include/rclcpp/rclcpp/memory_strategies.hpp:18[m[K,
[3.663s]                  from [01m[K/opt/ros/humble/include/rclcpp/rclcpp/executor_options.hpp:20[m[K,
[3.663s]                  from [01m[K/opt/ros/humble/include/rclcpp/rclcpp/executor.hpp:37[m[K,
[3.663s]                  from [01m[K/opt/ros/humble/include/rclcpp/rclcpp/executors/multi_threaded_executor.hpp:25[m[K,
[3.663s]                  from [01m[K/opt/ros/humble/include/rclcpp/rclcpp/executors.hpp:21[m[K,
[3.663s]                  from [01m[K/opt/ros/humble/include/rclcpp/rclcpp/rclcpp.hpp:155[m[K,
[3.663s]                  from [01m[K/home/lucifer/humble_ws/study_ws/src/cpp_pkg/src/client_sumServer_noop.cpp:1[m[K:
[3.663s] [01m[K/home/lucifer/humble_ws/study_ws/src/cpp_pkg/src/client_sumServer_noop.cpp:26:21:[m[K [01;31m[Kerror: [m[Kinvalid use of ‘[01m[Kthis[m[K’ in non-member function
[3.663s]    26 |         RCLCPP_INFO([01;31m[Kthis[m[K->get_logger(), "%d + %d = %d", request->a, request->b, future.get()->sum);
[3.663s]       |                     [01;31m[K^~~~[m[K
[3.663s] [01m[K/home/lucifer/humble_ws/study_ws/src/cpp_pkg/src/client_sumServer_noop.cpp:26:21:[m[K [01;31m[Kerror: [m[Kinvalid use of ‘[01m[Kthis[m[K’ in non-member function
[3.663s] [01m[K/home/lucifer/humble_ws/study_ws/src/cpp_pkg/src/client_sumServer_noop.cpp:26:9:[m[K [01;31m[Kerror: [m[Ktemplate argument 1 is invalid
[3.663s]    26 |         [01;31m[KRCLCPP_INFO[m[K(this->get_logger(), "%d + %d = %d", request->a, request->b, future.get()->sum);
[3.663s]       |         [01;31m[K^~~~~~~~~~~[m[K
[3.664s] [01m[K/home/lucifer/humble_ws/study_ws/src/cpp_pkg/src/client_sumServer_noop.cpp:26:9:[m[K [01;31m[Kerror: [m[Ktemplate argument 1 is invalid
[3.664s]    26 |         [01;31m[KRCLCPP_INFO[m[K(this->get_logger(), "%d + %d = %d", request->a, request->b, future.get()->sum);
[3.664s]       |         [01;31m[K^~~~~~~~~~~[m[K
[3.664s] [01m[K/home/lucifer/humble_ws/study_ws/src/cpp_pkg/src/client_sumServer_noop.cpp:26:9:[m[K [01;31m[Kerror: [m[Ktemplate argument 1 is invalid
[3.664s]    26 |         [01;31m[KRCLCPP_INFO[m[K(this->get_logger(), "%d + %d = %d", request->a, request->b, future.get()->sum);
[3.664s]       |         [01;31m[K^~~~~~~~~~~[m[K
[3.664s] In file included from [01m[K/opt/ros/humble/include/rclcpp/rclcpp/logging.hpp:24[m[K,
[3.664s]                  from [01m[K/opt/ros/humble/include/rclcpp/rclcpp/client.hpp:40[m[K,
[3.664s]                  from [01m[K/opt/ros/humble/include/rclcpp/rclcpp/callback_group.hpp:24[m[K,
[3.664s]                  from [01m[K/opt/ros/humble/include/rclcpp/rclcpp/any_executable.hpp:20[m[K,
[3.664s]                  from [01m[K/opt/ros/humble/include/rclcpp/rclcpp/memory_strategy.hpp:25[m[K,
[3.664s]                  from [01m[K/opt/ros/humble/include/rclcpp/rclcpp/memory_strategies.hpp:18[m[K,
[3.664s]                  from [01m[K/opt/ros/humble/include/rclcpp/rclcpp/executor_options.hpp:20[m[K,
[3.664s]                  from [01m[K/opt/ros/humble/include/rclcpp/rclcpp/executor.hpp:37[m[K,
[3.664s]                  from [01m[K/opt/ros/humble/include/rclcpp/rclcpp/executors/multi_threaded_executor.hpp:25[m[K,
[3.664s]                  from [01m[K/opt/ros/humble/include/rclcpp/rclcpp/executors.hpp:21[m[K,
[3.665s]                  from [01m[K/opt/ros/humble/include/rclcpp/rclcpp/rclcpp.hpp:155[m[K,
[3.665s]                  from [01m[K/home/lucifer/humble_ws/study_ws/src/cpp_pkg/src/client_sumServer_noop.cpp:1[m[K:
[3.665s] [01m[K/home/lucifer/humble_ws/study_ws/src/cpp_pkg/src/client_sumServer_noop.cpp:26:21:[m[K [01;31m[Kerror: [m[Kinvalid use of ‘[01m[Kthis[m[K’ in non-member function
[3.665s]    26 |         RCLCPP_INFO([01;31m[Kthis[m[K->get_logger(), "%d + %d = %d", request->a, request->b, future.get()->sum);
[3.665s]       |                     [01;31m[K^~~~[m[K
[3.665s] [01m[K/home/lucifer/humble_ws/study_ws/src/cpp_pkg/src/client_sumServer_noop.cpp:26:21:[m[K [01;31m[Kerror: [m[Kinvalid use of ‘[01m[Kthis[m[K’ in non-member function
[3.665s]    26 |         RCLCPP_INFO([01;31m[Kthis[m[K->get_logger(), "%d + %d = %d", request->a, request->b, future.get()->sum);
[3.665s]       |                     [01;31m[K^~~~[m[K
[3.665s] In file included from [01m[K/opt/ros/humble/include/rclcpp/rclcpp/client.hpp:40[m[K,
[3.665s]                  from [01m[K/opt/ros/humble/include/rclcpp/rclcpp/callback_group.hpp:24[m[K,
[3.665s]                  from [01m[K/opt/ros/humble/include/rclcpp/rclcpp/any_executable.hpp:20[m[K,
[3.665s]                  from [01m[K/opt/ros/humble/include/rclcpp/rclcpp/memory_strategy.hpp:25[m[K,
[3.665s]                  from [01m[K/opt/ros/humble/include/rclcpp/rclcpp/memory_strategies.hpp:18[m[K,
[3.665s]                  from [01m[K/opt/ros/humble/include/rclcpp/rclcpp/executor_options.hpp:20[m[K,
[3.665s]                  from [01m[K/opt/ros/humble/include/rclcpp/rclcpp/executor.hpp:37[m[K,
[3.666s]                  from [01m[K/opt/ros/humble/include/rclcpp/rclcpp/executors/multi_threaded_executor.hpp:25[m[K,
[3.666s]                  from [01m[K/opt/ros/humble/include/rclcpp/rclcpp/executors.hpp:21[m[K,
[3.666s]                  from [01m[K/opt/ros/humble/include/rclcpp/rclcpp/rclcpp.hpp:155[m[K,
[3.666s]                  from [01m[K/home/lucifer/humble_ws/study_ws/src/cpp_pkg/src/client_sumServer_noop.cpp:1[m[K:
[3.666s] [01m[K/home/lucifer/humble_ws/study_ws/src/cpp_pkg/src/client_sumServer_noop.cpp:29:22:[m[K [01;31m[Kerror: [m[Kinvalid use of ‘[01m[Kthis[m[K’ in non-member function
[3.666s]    29 |         RCLCPP_ERROR([01;31m[Kthis[m[K->get_logger(), "Error While Calling Service..");
[3.666s]       |                      [01;31m[K^~~~[m[K
[3.666s] [01m[K/home/lucifer/humble_ws/study_ws/src/cpp_pkg/src/client_sumServer_noop.cpp:29:22:[m[K [01;31m[Kerror: [m[Kinvalid use of ‘[01m[Kthis[m[K’ in non-member function
[3.666s] [01m[K/home/lucifer/humble_ws/study_ws/src/cpp_pkg/src/client_sumServer_noop.cpp:29:9:[m[K [01;31m[Kerror: [m[Ktemplate argument 1 is invalid
[3.666s]    29 |         [01;31m[KRCLCPP_ERROR[m[K(this->get_logger(), "Error While Calling Service..");
[3.666s]       |         [01;31m[K^~~~~~~~~~~~[m[K
[3.666s] [01m[K/home/lucifer/humble_ws/study_ws/src/cpp_pkg/src/client_sumServer_noop.cpp:29:9:[m[K [01;31m[Kerror: [m[Ktemplate argument 1 is invalid
[3.666s]    29 |         [01;31m[KRCLCPP_ERROR[m[K(this->get_logger(), "Error While Calling Service..");
[3.667s]       |         [01;31m[K^~~~~~~~~~~~[m[K
[3.667s] [01m[K/home/lucifer/humble_ws/study_ws/src/cpp_pkg/src/client_sumServer_noop.cpp:29:9:[m[K [01;31m[Kerror: [m[Ktemplate argument 1 is invalid
[3.667s]    29 |         [01;31m[KRCLCPP_ERROR[m[K(this->get_logger(), "Error While Calling Service..");
[3.667s]       |         [01;31m[K^~~~~~~~~~~~[m[K
[3.667s] In file included from [01m[K/opt/ros/humble/include/rclcpp/rclcpp/logging.hpp:24[m[K,
[3.667s]                  from [01m[K/opt/ros/humble/include/rclcpp/rclcpp/client.hpp:40[m[K,
[3.667s]                  from [01m[K/opt/ros/humble/include/rclcpp/rclcpp/callback_group.hpp:24[m[K,
[3.667s]                  from [01m[K/opt/ros/humble/include/rclcpp/rclcpp/any_executable.hpp:20[m[K,
[3.667s]                  from [01m[K/opt/ros/humble/include/rclcpp/rclcpp/memory_strategy.hpp:25[m[K,
[3.667s]                  from [01m[K/opt/ros/humble/include/rclcpp/rclcpp/memory_strategies.hpp:18[m[K,
[3.667s]                  from [01m[K/opt/ros/humble/include/rclcpp/rclcpp/executor_options.hpp:20[m[K,
[3.667s]                  from [01m[K/opt/ros/humble/include/rclcpp/rclcpp/executor.hpp:37[m[K,
[3.667s]                  from [01m[K/opt/ros/humble/include/rclcpp/rclcpp/executors/multi_threaded_executor.hpp:25[m[K,
[3.667s]                  from [01m[K/opt/ros/humble/include/rclcpp/rclcpp/executors.hpp:21[m[K,
[3.667s]                  from [01m[K/opt/ros/humble/include/rclcpp/rclcpp/rclcpp.hpp:155[m[K,
[3.667s]                  from [01m[K/home/lucifer/humble_ws/study_ws/src/cpp_pkg/src/client_sumServer_noop.cpp:1[m[K:
[3.668s] [01m[K/home/lucifer/humble_ws/study_ws/src/cpp_pkg/src/client_sumServer_noop.cpp:29:22:[m[K [01;31m[Kerror: [m[Kinvalid use of ‘[01m[Kthis[m[K’ in non-member function
[3.668s]    29 |         RCLCPP_ERROR([01;31m[Kthis[m[K->get_logger(), "Error While Calling Service..");
[3.668s]       |                      [01;31m[K^~~~[m[K
[3.668s] [01m[K/home/lucifer/humble_ws/study_ws/src/cpp_pkg/src/client_sumServer_noop.cpp:29:22:[m[K [01;31m[Kerror: [m[Kinvalid use of ‘[01m[Kthis[m[K’ in non-member function
[3.668s]    29 |         RCLCPP_ERROR([01;31m[Kthis[m[K->get_logger(), "Error While Calling Service..");
[3.668s]       |                      [01;31m[K^~~~[m[K
[4.156s] gmake[2]: *** [CMakeFiles/client_sumServer.dir/build.make:76: CMakeFiles/client_sumServer.dir/src/client_sumServer_noop.cpp.o] Error 1
[4.156s] gmake[1]: *** [CMakeFiles/Makefile2:277: CMakeFiles/client_sumServer.dir/all] Error 2
[4.156s] gmake: *** [Makefile:146: all] Error 2
[4.159s] Invoked command in '/home/lucifer/humble_ws/study_ws/build/cpp_pkg' returned '2': CMAKE_PREFIX_PATH=${CMAKE_PREFIX_PATH}:/home/lucifer/humble_ws/study_ws/install/py_pkg:/opt/ros/humble /usr/bin/cmake --build /home/lucifer/humble_ws/study_ws/build/cpp_pkg -- -j8 -l8
