[0.015s] Invoking command in '/home/lucifer/humble_ws/study_ws/build/irobot_interfaces': CMAKE_PREFIX_PATH=${CMAKE_PREFIX_PATH}:/home/lucifer/humble_ws/study_ws/install/py_pkg:/opt/ros/humble /usr/bin/cmake --build /home/lucifer/humble_ws/study_ws/build/irobot_interfaces -- -j8 -l8
[0.096s] [  2%] Built target irobot_interfaces__cpp
[0.099s] [ 12%] Built target irobot_interfaces__rosidl_generator_c
[0.112s] [ 12%] Built target ament_cmake_python_copy_irobot_interfaces
[0.128s] [ 23%] Built target irobot_interfaces__rosidl_typesupport_c
[0.131s] [ 33%] Built target irobot_interfaces__rosidl_typesupport_introspection_c
[0.139s] [ 43%] Built target irobot_interfaces__rosidl_typesupport_introspection_cpp
[0.140s] [ 53%] Built target irobot_interfaces__rosidl_typesupport_fastrtps_c
[0.141s] [ 64%] Built target irobot_interfaces__rosidl_typesupport_cpp
[0.143s] [ 74%] Built target irobot_interfaces__rosidl_typesupport_fastrtps_cpp
[0.166s] [ 74%] Built target irobot_interfaces
[0.188s] [ 76%] Built target irobot_interfaces__py
[0.215s] [ 84%] Built target irobot_interfaces__rosidl_generator_py
[0.239s] [100%] Built target irobot_interfaces__rosidl_typesupport_c__pyext
[0.239s] [100%] Built target irobot_interfaces__rosidl_typesupport_introspection_c__pyext
[0.240s] [100%] Built target irobot_interfaces__rosidl_typesupport_fastrtps_c__pyext
[0.402s] running egg_info
[0.403s] writing irobot_interfaces.egg-info/PKG-INFO
[0.403s] writing dependency_links to irobot_interfaces.egg-info/dependency_links.txt
[0.403s] writing top-level names to irobot_interfaces.egg-info/top_level.txt
[0.406s] reading manifest file 'irobot_interfaces.egg-info/SOURCES.txt'
[0.407s] writing manifest file 'irobot_interfaces.egg-info/SOURCES.txt'
[0.433s] [100%] Built target ament_cmake_python_build_irobot_interfaces_egg
[0.446s] Invoked command in '/home/lucifer/humble_ws/study_ws/build/irobot_interfaces' returned '0': CMAKE_PREFIX_PATH=${CMAKE_PREFIX_PATH}:/home/lucifer/humble_ws/study_ws/install/py_pkg:/opt/ros/humble /usr/bin/cmake --build /home/lucifer/humble_ws/study_ws/build/irobot_interfaces -- -j8 -l8
[0.548s] Invoking command in '/home/lucifer/humble_ws/study_ws/build/irobot_interfaces': CMAKE_PREFIX_PATH=${CMAKE_PREFIX_PATH}:/home/lucifer/humble_ws/study_ws/install/py_pkg:/opt/ros/humble /usr/bin/cmake --install /home/lucifer/humble_ws/study_ws/build/irobot_interfaces
[0.561s] -- Install configuration: ""
[0.562s] -- Up-to-date: /home/lucifer/humble_ws/study_ws/install/irobot_interfaces/share/ament_index/resource_index/rosidl_interfaces/irobot_interfaces
[0.562s] -- Up-to-date: /home/lucifer/humble_ws/study_ws/install/irobot_interfaces/include/irobot_interfaces/irobot_interfaces
[0.562s] -- Up-to-date: /home/lucifer/humble_ws/study_ws/install/irobot_interfaces/include/irobot_interfaces/irobot_interfaces/srv
[0.563s] -- Up-to-date: /home/lucifer/humble_ws/study_ws/install/irobot_interfaces/include/irobot_interfaces/irobot_interfaces/srv/detail
[0.563s] -- Up-to-date: /home/lucifer/humble_ws/study_ws/install/irobot_interfaces/include/irobot_interfaces/irobot_interfaces/srv/detail/compute_rectangle_area__type_support.h
[0.563s] -- Up-to-date: /home/lucifer/humble_ws/study_ws/install/irobot_interfaces/include/irobot_interfaces/irobot_interfaces/srv/detail/compute_rectangle_area__functions.h
[0.563s] -- Up-to-date: /home/lucifer/humble_ws/study_ws/install/irobot_interfaces/include/irobot_interfaces/irobot_interfaces/srv/detail/compute_rectangle_area__functions.c
[0.563s] -- Up-to-date: /home/lucifer/humble_ws/study_ws/install/irobot_interfaces/include/irobot_interfaces/irobot_interfaces/srv/detail/compute_rectangle_area__struct.h
[0.563s] -- Up-to-date: /home/lucifer/humble_ws/study_ws/install/irobot_interfaces/include/irobot_interfaces/irobot_interfaces/srv/compute_rectangle_area.h
[0.563s] -- Up-to-date: /home/lucifer/humble_ws/study_ws/install/irobot_interfaces/include/irobot_interfaces/irobot_interfaces/msg
[0.564s] -- Up-to-date: /home/lucifer/humble_ws/study_ws/install/irobot_interfaces/include/irobot_interfaces/irobot_interfaces/msg/rosidl_generator_c__visibility_control.h
[0.564s] -- Up-to-date: /home/lucifer/humble_ws/study_ws/install/irobot_interfaces/include/irobot_interfaces/irobot_interfaces/msg/detail
[0.564s] -- Up-to-date: /home/lucifer/humble_ws/study_ws/install/irobot_interfaces/include/irobot_interfaces/irobot_interfaces/msg/detail/hardware_status__functions.h
[0.564s] -- Up-to-date: /home/lucifer/humble_ws/study_ws/install/irobot_interfaces/include/irobot_interfaces/irobot_interfaces/msg/detail/hardware_status__type_support.h
[0.564s] -- Up-to-date: /home/lucifer/humble_ws/study_ws/install/irobot_interfaces/include/irobot_interfaces/irobot_interfaces/msg/detail/hardware_status__struct.h
[0.564s] -- Up-to-date: /home/lucifer/humble_ws/study_ws/install/irobot_interfaces/include/irobot_interfaces/irobot_interfaces/msg/detail/hardware_status__functions.c
[0.565s] -- Up-to-date: /home/lucifer/humble_ws/study_ws/install/irobot_interfaces/include/irobot_interfaces/irobot_interfaces/msg/hardware_status.h
[0.565s] -- Up-to-date: /home/lucifer/humble_ws/study_ws/install/irobot_interfaces/share/irobot_interfaces/environment/library_path.sh
[0.565s] -- Up-to-date: /home/lucifer/humble_ws/study_ws/install/irobot_interfaces/share/irobot_interfaces/environment/library_path.dsv
[0.565s] -- Up-to-date: /home/lucifer/humble_ws/study_ws/install/irobot_interfaces/lib/libirobot_interfaces__rosidl_generator_c.so
[0.565s] -- Up-to-date: /home/lucifer/humble_ws/study_ws/install/irobot_interfaces/include/irobot_interfaces/irobot_interfaces
[0.565s] -- Up-to-date: /home/lucifer/humble_ws/study_ws/install/irobot_interfaces/include/irobot_interfaces/irobot_interfaces/srv
[0.565s] -- Up-to-date: /home/lucifer/humble_ws/study_ws/install/irobot_interfaces/include/irobot_interfaces/irobot_interfaces/srv/detail
[0.565s] -- Up-to-date: /home/lucifer/humble_ws/study_ws/install/irobot_interfaces/include/irobot_interfaces/irobot_interfaces/srv/detail/compute_rectangle_area__rosidl_typesupport_fastrtps_c.h
[0.565s] -- Up-to-date: /home/lucifer/humble_ws/study_ws/install/irobot_interfaces/include/irobot_interfaces/irobot_interfaces/msg
[0.566s] -- Up-to-date: /home/lucifer/humble_ws/study_ws/install/irobot_interfaces/include/irobot_interfaces/irobot_interfaces/msg/rosidl_typesupport_fastrtps_c__visibility_control.h
[0.566s] -- Up-to-date: /home/lucifer/humble_ws/study_ws/install/irobot_interfaces/include/irobot_interfaces/irobot_interfaces/msg/detail
[0.566s] -- Up-to-date: /home/lucifer/humble_ws/study_ws/install/irobot_interfaces/include/irobot_interfaces/irobot_interfaces/msg/detail/hardware_status__rosidl_typesupport_fastrtps_c.h
[0.566s] -- Up-to-date: /home/lucifer/humble_ws/study_ws/install/irobot_interfaces/lib/libirobot_interfaces__rosidl_typesupport_fastrtps_c.so
[0.566s] -- Up-to-date: /home/lucifer/humble_ws/study_ws/install/irobot_interfaces/include/irobot_interfaces/irobot_interfaces
[0.566s] -- Up-to-date: /home/lucifer/humble_ws/study_ws/install/irobot_interfaces/include/irobot_interfaces/irobot_interfaces/srv
[0.566s] -- Up-to-date: /home/lucifer/humble_ws/study_ws/install/irobot_interfaces/include/irobot_interfaces/irobot_interfaces/srv/detail
[0.566s] -- Up-to-date: /home/lucifer/humble_ws/study_ws/install/irobot_interfaces/include/irobot_interfaces/irobot_interfaces/srv/detail/compute_rectangle_area__rosidl_typesupport_introspection_c.h
[0.566s] -- Up-to-date: /home/lucifer/humble_ws/study_ws/install/irobot_interfaces/include/irobot_interfaces/irobot_interfaces/srv/detail/compute_rectangle_area__type_support.c
[0.566s] -- Up-to-date: /home/lucifer/humble_ws/study_ws/install/irobot_interfaces/include/irobot_interfaces/irobot_interfaces/msg
[0.567s] -- Up-to-date: /home/lucifer/humble_ws/study_ws/install/irobot_interfaces/include/irobot_interfaces/irobot_interfaces/msg/rosidl_typesupport_introspection_c__visibility_control.h
[0.567s] -- Up-to-date: /home/lucifer/humble_ws/study_ws/install/irobot_interfaces/include/irobot_interfaces/irobot_interfaces/msg/detail
[0.567s] -- Up-to-date: /home/lucifer/humble_ws/study_ws/install/irobot_interfaces/include/irobot_interfaces/irobot_interfaces/msg/detail/hardware_status__rosidl_typesupport_introspection_c.h
[0.567s] -- Up-to-date: /home/lucifer/humble_ws/study_ws/install/irobot_interfaces/include/irobot_interfaces/irobot_interfaces/msg/detail/hardware_status__type_support.c
[0.567s] -- Up-to-date: /home/lucifer/humble_ws/study_ws/install/irobot_interfaces/lib/libirobot_interfaces__rosidl_typesupport_introspection_c.so
[0.568s] -- Up-to-date: /home/lucifer/humble_ws/study_ws/install/irobot_interfaces/lib/libirobot_interfaces__rosidl_typesupport_c.so
[0.568s] -- Up-to-date: /home/lucifer/humble_ws/study_ws/install/irobot_interfaces/include/irobot_interfaces/irobot_interfaces
[0.568s] -- Up-to-date: /home/lucifer/humble_ws/study_ws/install/irobot_interfaces/include/irobot_interfaces/irobot_interfaces/srv
[0.568s] -- Up-to-date: /home/lucifer/humble_ws/study_ws/install/irobot_interfaces/include/irobot_interfaces/irobot_interfaces/srv/compute_rectangle_area.hpp
[0.568s] -- Up-to-date: /home/lucifer/humble_ws/study_ws/install/irobot_interfaces/include/irobot_interfaces/irobot_interfaces/srv/detail
[0.568s] -- Up-to-date: /home/lucifer/humble_ws/study_ws/install/irobot_interfaces/include/irobot_interfaces/irobot_interfaces/srv/detail/compute_rectangle_area__builder.hpp
[0.568s] -- Up-to-date: /home/lucifer/humble_ws/study_ws/install/irobot_interfaces/include/irobot_interfaces/irobot_interfaces/srv/detail/compute_rectangle_area__struct.hpp
[0.569s] -- Up-to-date: /home/lucifer/humble_ws/study_ws/install/irobot_interfaces/include/irobot_interfaces/irobot_interfaces/srv/detail/compute_rectangle_area__traits.hpp
[0.569s] -- Up-to-date: /home/lucifer/humble_ws/study_ws/install/irobot_interfaces/include/irobot_interfaces/irobot_interfaces/msg
[0.569s] -- Up-to-date: /home/lucifer/humble_ws/study_ws/install/irobot_interfaces/include/irobot_interfaces/irobot_interfaces/msg/hardware_status.hpp
[0.569s] -- Up-to-date: /home/lucifer/humble_ws/study_ws/install/irobot_interfaces/include/irobot_interfaces/irobot_interfaces/msg/detail
[0.569s] -- Up-to-date: /home/lucifer/humble_ws/study_ws/install/irobot_interfaces/include/irobot_interfaces/irobot_interfaces/msg/detail/hardware_status__builder.hpp
[0.569s] -- Up-to-date: /home/lucifer/humble_ws/study_ws/install/irobot_interfaces/include/irobot_interfaces/irobot_interfaces/msg/detail/hardware_status__struct.hpp
[0.569s] -- Up-to-date: /home/lucifer/humble_ws/study_ws/install/irobot_interfaces/include/irobot_interfaces/irobot_interfaces/msg/detail/hardware_status__traits.hpp
[0.569s] -- Up-to-date: /home/lucifer/humble_ws/study_ws/install/irobot_interfaces/include/irobot_interfaces/irobot_interfaces
[0.569s] -- Up-to-date: /home/lucifer/humble_ws/study_ws/install/irobot_interfaces/include/irobot_interfaces/irobot_interfaces/srv
[0.569s] -- Up-to-date: /home/lucifer/humble_ws/study_ws/install/irobot_interfaces/include/irobot_interfaces/irobot_interfaces/srv/detail
[0.569s] -- Up-to-date: /home/lucifer/humble_ws/study_ws/install/irobot_interfaces/include/irobot_interfaces/irobot_interfaces/srv/detail/dds_fastrtps
[0.570s] -- Up-to-date: /home/lucifer/humble_ws/study_ws/install/irobot_interfaces/include/irobot_interfaces/irobot_interfaces/srv/detail/compute_rectangle_area__rosidl_typesupport_fastrtps_cpp.hpp
[0.570s] -- Up-to-date: /home/lucifer/humble_ws/study_ws/install/irobot_interfaces/include/irobot_interfaces/irobot_interfaces/msg
[0.570s] -- Up-to-date: /home/lucifer/humble_ws/study_ws/install/irobot_interfaces/include/irobot_interfaces/irobot_interfaces/msg/rosidl_typesupport_fastrtps_cpp__visibility_control.h
[0.570s] -- Up-to-date: /home/lucifer/humble_ws/study_ws/install/irobot_interfaces/include/irobot_interfaces/irobot_interfaces/msg/detail
[0.570s] -- Up-to-date: /home/lucifer/humble_ws/study_ws/install/irobot_interfaces/include/irobot_interfaces/irobot_interfaces/msg/detail/dds_fastrtps
[0.570s] -- Up-to-date: /home/lucifer/humble_ws/study_ws/install/irobot_interfaces/include/irobot_interfaces/irobot_interfaces/msg/detail/hardware_status__rosidl_typesupport_fastrtps_cpp.hpp
[0.570s] -- Up-to-date: /home/lucifer/humble_ws/study_ws/install/irobot_interfaces/lib/libirobot_interfaces__rosidl_typesupport_fastrtps_cpp.so
[0.570s] -- Up-to-date: /home/lucifer/humble_ws/study_ws/install/irobot_interfaces/include/irobot_interfaces/irobot_interfaces
[0.570s] -- Up-to-date: /home/lucifer/humble_ws/study_ws/install/irobot_interfaces/include/irobot_interfaces/irobot_interfaces/srv
[0.570s] -- Up-to-date: /home/lucifer/humble_ws/study_ws/install/irobot_interfaces/include/irobot_interfaces/irobot_interfaces/srv/detail
[0.570s] -- Up-to-date: /home/lucifer/humble_ws/study_ws/install/irobot_interfaces/include/irobot_interfaces/irobot_interfaces/srv/detail/compute_rectangle_area__type_support.cpp
[0.570s] -- Up-to-date: /home/lucifer/humble_ws/study_ws/install/irobot_interfaces/include/irobot_interfaces/irobot_interfaces/srv/detail/compute_rectangle_area__rosidl_typesupport_introspection_cpp.hpp
[0.571s] -- Up-to-date: /home/lucifer/humble_ws/study_ws/install/irobot_interfaces/include/irobot_interfaces/irobot_interfaces/msg
[0.571s] -- Up-to-date: /home/lucifer/humble_ws/study_ws/install/irobot_interfaces/include/irobot_interfaces/irobot_interfaces/msg/detail
[0.571s] -- Up-to-date: /home/lucifer/humble_ws/study_ws/install/irobot_interfaces/include/irobot_interfaces/irobot_interfaces/msg/detail/hardware_status__rosidl_typesupport_introspection_cpp.hpp
[0.571s] -- Up-to-date: /home/lucifer/humble_ws/study_ws/install/irobot_interfaces/include/irobot_interfaces/irobot_interfaces/msg/detail/hardware_status__type_support.cpp
[0.571s] -- Up-to-date: /home/lucifer/humble_ws/study_ws/install/irobot_interfaces/lib/libirobot_interfaces__rosidl_typesupport_introspection_cpp.so
[0.572s] -- Up-to-date: /home/lucifer/humble_ws/study_ws/install/irobot_interfaces/lib/libirobot_interfaces__rosidl_typesupport_cpp.so
[0.572s] -- Up-to-date: /home/lucifer/humble_ws/study_ws/install/irobot_interfaces/share/irobot_interfaces/environment/pythonpath.sh
[0.572s] -- Up-to-date: /home/lucifer/humble_ws/study_ws/install/irobot_interfaces/share/irobot_interfaces/environment/pythonpath.dsv
[0.572s] -- Up-to-date: /home/lucifer/humble_ws/study_ws/install/irobot_interfaces/local/lib/python3.10/dist-packages/irobot_interfaces-0.0.0-py3.10.egg-info
[0.572s] -- Installing: /home/lucifer/humble_ws/study_ws/install/irobot_interfaces/local/lib/python3.10/dist-packages/irobot_interfaces-0.0.0-py3.10.egg-info/top_level.txt
[0.573s] -- Installing: /home/lucifer/humble_ws/study_ws/install/irobot_interfaces/local/lib/python3.10/dist-packages/irobot_interfaces-0.0.0-py3.10.egg-info/dependency_links.txt
[0.573s] -- Installing: /home/lucifer/humble_ws/study_ws/install/irobot_interfaces/local/lib/python3.10/dist-packages/irobot_interfaces-0.0.0-py3.10.egg-info/SOURCES.txt
[0.573s] -- Installing: /home/lucifer/humble_ws/study_ws/install/irobot_interfaces/local/lib/python3.10/dist-packages/irobot_interfaces-0.0.0-py3.10.egg-info/PKG-INFO
[0.573s] -- Up-to-date: /home/lucifer/humble_ws/study_ws/install/irobot_interfaces/local/lib/python3.10/dist-packages/irobot_interfaces
[0.573s] -- Up-to-date: /home/lucifer/humble_ws/study_ws/install/irobot_interfaces/local/lib/python3.10/dist-packages/irobot_interfaces/srv
[0.573s] -- Up-to-date: /home/lucifer/humble_ws/study_ws/install/irobot_interfaces/local/lib/python3.10/dist-packages/irobot_interfaces/srv/_compute_rectangle_area_s.c
[0.573s] -- Up-to-date: /home/lucifer/humble_ws/study_ws/install/irobot_interfaces/local/lib/python3.10/dist-packages/irobot_interfaces/srv/__init__.py
[0.574s] -- Up-to-date: /home/lucifer/humble_ws/study_ws/install/irobot_interfaces/local/lib/python3.10/dist-packages/irobot_interfaces/srv/_compute_rectangle_area.py
[0.574s] -- Up-to-date: /home/lucifer/humble_ws/study_ws/install/irobot_interfaces/local/lib/python3.10/dist-packages/irobot_interfaces/_irobot_interfaces_s.ep.rosidl_typesupport_fastrtps_c.c
[0.574s] -- Up-to-date: /home/lucifer/humble_ws/study_ws/install/irobot_interfaces/local/lib/python3.10/dist-packages/irobot_interfaces/msg
[0.574s] -- Up-to-date: /home/lucifer/humble_ws/study_ws/install/irobot_interfaces/local/lib/python3.10/dist-packages/irobot_interfaces/msg/_hardware_status_s.c
[0.574s] -- Up-to-date: /home/lucifer/humble_ws/study_ws/install/irobot_interfaces/local/lib/python3.10/dist-packages/irobot_interfaces/msg/_hardware_status.py
[0.574s] -- Up-to-date: /home/lucifer/humble_ws/study_ws/install/irobot_interfaces/local/lib/python3.10/dist-packages/irobot_interfaces/msg/__init__.py
[0.574s] -- Up-to-date: /home/lucifer/humble_ws/study_ws/install/irobot_interfaces/local/lib/python3.10/dist-packages/irobot_interfaces/irobot_interfaces_s__rosidl_typesupport_introspection_c.cpython-310-x86_64-linux-gnu.so
[0.574s] -- Up-to-date: /home/lucifer/humble_ws/study_ws/install/irobot_interfaces/local/lib/python3.10/dist-packages/irobot_interfaces/irobot_interfaces_s__rosidl_typesupport_c.cpython-310-x86_64-linux-gnu.so
[0.574s] -- Up-to-date: /home/lucifer/humble_ws/study_ws/install/irobot_interfaces/local/lib/python3.10/dist-packages/irobot_interfaces/_irobot_interfaces_s.ep.rosidl_typesupport_c.c
[0.574s] -- Up-to-date: /home/lucifer/humble_ws/study_ws/install/irobot_interfaces/local/lib/python3.10/dist-packages/irobot_interfaces/irobot_interfaces_s__rosidl_typesupport_fastrtps_c.cpython-310-x86_64-linux-gnu.so
[0.574s] -- Up-to-date: /home/lucifer/humble_ws/study_ws/install/irobot_interfaces/local/lib/python3.10/dist-packages/irobot_interfaces/libirobot_interfaces__rosidl_generator_py.so
[0.574s] -- Up-to-date: /home/lucifer/humble_ws/study_ws/install/irobot_interfaces/local/lib/python3.10/dist-packages/irobot_interfaces/_irobot_interfaces_s.ep.rosidl_typesupport_introspection_c.c
[0.574s] -- Up-to-date: /home/lucifer/humble_ws/study_ws/install/irobot_interfaces/local/lib/python3.10/dist-packages/irobot_interfaces/__init__.py
[0.609s] Listing '/home/lucifer/humble_ws/study_ws/install/irobot_interfaces/local/lib/python3.10/dist-packages/irobot_interfaces'...
[0.609s] Listing '/home/lucifer/humble_ws/study_ws/install/irobot_interfaces/local/lib/python3.10/dist-packages/irobot_interfaces/msg'...
[0.609s] Listing '/home/lucifer/humble_ws/study_ws/install/irobot_interfaces/local/lib/python3.10/dist-packages/irobot_interfaces/srv'...
[0.613s] -- Up-to-date: /home/lucifer/humble_ws/study_ws/install/irobot_interfaces/local/lib/python3.10/dist-packages/irobot_interfaces/irobot_interfaces_s__rosidl_typesupport_fastrtps_c.cpython-310-x86_64-linux-gnu.so
[0.614s] -- Up-to-date: /home/lucifer/humble_ws/study_ws/install/irobot_interfaces/local/lib/python3.10/dist-packages/irobot_interfaces/irobot_interfaces_s__rosidl_typesupport_introspection_c.cpython-310-x86_64-linux-gnu.so
[0.614s] -- Up-to-date: /home/lucifer/humble_ws/study_ws/install/irobot_interfaces/local/lib/python3.10/dist-packages/irobot_interfaces/irobot_interfaces_s__rosidl_typesupport_c.cpython-310-x86_64-linux-gnu.so
[0.615s] -- Up-to-date: /home/lucifer/humble_ws/study_ws/install/irobot_interfaces/lib/libirobot_interfaces__rosidl_generator_py.so
[0.615s] -- Up-to-date: /home/lucifer/humble_ws/study_ws/install/irobot_interfaces/share/irobot_interfaces/msg/HardwareStatus.idl
[0.615s] -- Up-to-date: /home/lucifer/humble_ws/study_ws/install/irobot_interfaces/share/irobot_interfaces/srv/ComputeRectangleArea.idl
[0.616s] -- Up-to-date: /home/lucifer/humble_ws/study_ws/install/irobot_interfaces/share/irobot_interfaces/msg/HardwareStatus.msg
[0.616s] -- Up-to-date: /home/lucifer/humble_ws/study_ws/install/irobot_interfaces/share/irobot_interfaces/srv/ComputeRectangleArea.srv
[0.616s] -- Up-to-date: /home/lucifer/humble_ws/study_ws/install/irobot_interfaces/share/irobot_interfaces/srv/ComputeRectangleArea_Request.msg
[0.616s] -- Up-to-date: /home/lucifer/humble_ws/study_ws/install/irobot_interfaces/share/irobot_interfaces/srv/ComputeRectangleArea_Response.msg
[0.616s] -- Up-to-date: /home/lucifer/humble_ws/study_ws/install/irobot_interfaces/share/ament_index/resource_index/package_run_dependencies/irobot_interfaces
[0.616s] -- Up-to-date: /home/lucifer/humble_ws/study_ws/install/irobot_interfaces/share/ament_index/resource_index/parent_prefix_path/irobot_interfaces
[0.616s] -- Up-to-date: /home/lucifer/humble_ws/study_ws/install/irobot_interfaces/share/irobot_interfaces/environment/ament_prefix_path.sh
[0.616s] -- Up-to-date: /home/lucifer/humble_ws/study_ws/install/irobot_interfaces/share/irobot_interfaces/environment/ament_prefix_path.dsv
[0.616s] -- Up-to-date: /home/lucifer/humble_ws/study_ws/install/irobot_interfaces/share/irobot_interfaces/environment/path.sh
[0.616s] -- Up-to-date: /home/lucifer/humble_ws/study_ws/install/irobot_interfaces/share/irobot_interfaces/environment/path.dsv
[0.616s] -- Up-to-date: /home/lucifer/humble_ws/study_ws/install/irobot_interfaces/share/irobot_interfaces/local_setup.bash
[0.617s] -- Up-to-date: /home/lucifer/humble_ws/study_ws/install/irobot_interfaces/share/irobot_interfaces/local_setup.sh
[0.617s] -- Up-to-date: /home/lucifer/humble_ws/study_ws/install/irobot_interfaces/share/irobot_interfaces/local_setup.zsh
[0.617s] -- Up-to-date: /home/lucifer/humble_ws/study_ws/install/irobot_interfaces/share/irobot_interfaces/local_setup.dsv
[0.617s] -- Installing: /home/lucifer/humble_ws/study_ws/install/irobot_interfaces/share/irobot_interfaces/package.dsv
[0.617s] -- Up-to-date: /home/lucifer/humble_ws/study_ws/install/irobot_interfaces/share/ament_index/resource_index/packages/irobot_interfaces
[0.617s] -- Up-to-date: /home/lucifer/humble_ws/study_ws/install/irobot_interfaces/share/irobot_interfaces/cmake/export_irobot_interfaces__rosidl_generator_cExport.cmake
[0.618s] -- Up-to-date: /home/lucifer/humble_ws/study_ws/install/irobot_interfaces/share/irobot_interfaces/cmake/export_irobot_interfaces__rosidl_generator_cExport-noconfig.cmake
[0.618s] -- Up-to-date: /home/lucifer/humble_ws/study_ws/install/irobot_interfaces/share/irobot_interfaces/cmake/export_irobot_interfaces__rosidl_typesupport_fastrtps_cExport.cmake
[0.618s] -- Up-to-date: /home/lucifer/humble_ws/study_ws/install/irobot_interfaces/share/irobot_interfaces/cmake/export_irobot_interfaces__rosidl_typesupport_fastrtps_cExport-noconfig.cmake
[0.618s] -- Up-to-date: /home/lucifer/humble_ws/study_ws/install/irobot_interfaces/share/irobot_interfaces/cmake/irobot_interfaces__rosidl_typesupport_introspection_cExport.cmake
[0.618s] -- Up-to-date: /home/lucifer/humble_ws/study_ws/install/irobot_interfaces/share/irobot_interfaces/cmake/irobot_interfaces__rosidl_typesupport_introspection_cExport-noconfig.cmake
[0.619s] -- Up-to-date: /home/lucifer/humble_ws/study_ws/install/irobot_interfaces/share/irobot_interfaces/cmake/irobot_interfaces__rosidl_typesupport_cExport.cmake
[0.619s] -- Up-to-date: /home/lucifer/humble_ws/study_ws/install/irobot_interfaces/share/irobot_interfaces/cmake/irobot_interfaces__rosidl_typesupport_cExport-noconfig.cmake
[0.619s] -- Up-to-date: /home/lucifer/humble_ws/study_ws/install/irobot_interfaces/share/irobot_interfaces/cmake/export_irobot_interfaces__rosidl_generator_cppExport.cmake
[0.619s] -- Up-to-date: /home/lucifer/humble_ws/study_ws/install/irobot_interfaces/share/irobot_interfaces/cmake/export_irobot_interfaces__rosidl_typesupport_fastrtps_cppExport.cmake
[0.619s] -- Up-to-date: /home/lucifer/humble_ws/study_ws/install/irobot_interfaces/share/irobot_interfaces/cmake/export_irobot_interfaces__rosidl_typesupport_fastrtps_cppExport-noconfig.cmake
[0.620s] -- Up-to-date: /home/lucifer/humble_ws/study_ws/install/irobot_interfaces/share/irobot_interfaces/cmake/irobot_interfaces__rosidl_typesupport_introspection_cppExport.cmake
[0.620s] -- Up-to-date: /home/lucifer/humble_ws/study_ws/install/irobot_interfaces/share/irobot_interfaces/cmake/irobot_interfaces__rosidl_typesupport_introspection_cppExport-noconfig.cmake
[0.620s] -- Up-to-date: /home/lucifer/humble_ws/study_ws/install/irobot_interfaces/share/irobot_interfaces/cmake/irobot_interfaces__rosidl_typesupport_cppExport.cmake
[0.620s] -- Up-to-date: /home/lucifer/humble_ws/study_ws/install/irobot_interfaces/share/irobot_interfaces/cmake/irobot_interfaces__rosidl_typesupport_cppExport-noconfig.cmake
[0.621s] -- Up-to-date: /home/lucifer/humble_ws/study_ws/install/irobot_interfaces/share/irobot_interfaces/cmake/export_irobot_interfaces__rosidl_generator_pyExport.cmake
[0.621s] -- Up-to-date: /home/lucifer/humble_ws/study_ws/install/irobot_interfaces/share/irobot_interfaces/cmake/export_irobot_interfaces__rosidl_generator_pyExport-noconfig.cmake
[0.621s] -- Up-to-date: /home/lucifer/humble_ws/study_ws/install/irobot_interfaces/share/irobot_interfaces/cmake/rosidl_cmake-extras.cmake
[0.621s] -- Up-to-date: /home/lucifer/humble_ws/study_ws/install/irobot_interfaces/share/irobot_interfaces/cmake/ament_cmake_export_include_directories-extras.cmake
[0.621s] -- Up-to-date: /home/lucifer/humble_ws/study_ws/install/irobot_interfaces/share/irobot_interfaces/cmake/ament_cmake_export_libraries-extras.cmake
[0.621s] -- Up-to-date: /home/lucifer/humble_ws/study_ws/install/irobot_interfaces/share/irobot_interfaces/cmake/ament_cmake_export_targets-extras.cmake
[0.621s] -- Up-to-date: /home/lucifer/humble_ws/study_ws/install/irobot_interfaces/share/irobot_interfaces/cmake/rosidl_cmake_export_typesupport_targets-extras.cmake
[0.621s] -- Up-to-date: /home/lucifer/humble_ws/study_ws/install/irobot_interfaces/share/irobot_interfaces/cmake/ament_cmake_export_dependencies-extras.cmake
[0.621s] -- Up-to-date: /home/lucifer/humble_ws/study_ws/install/irobot_interfaces/share/irobot_interfaces/cmake/rosidl_cmake_export_typesupport_libraries-extras.cmake
[0.621s] -- Up-to-date: /home/lucifer/humble_ws/study_ws/install/irobot_interfaces/share/irobot_interfaces/cmake/irobot_interfacesConfig.cmake
[0.621s] -- Up-to-date: /home/lucifer/humble_ws/study_ws/install/irobot_interfaces/share/irobot_interfaces/cmake/irobot_interfacesConfig-version.cmake
[0.621s] -- Up-to-date: /home/lucifer/humble_ws/study_ws/install/irobot_interfaces/share/irobot_interfaces/package.xml
[0.624s] Invoked command in '/home/lucifer/humble_ws/study_ws/build/irobot_interfaces' returned '0': CMAKE_PREFIX_PATH=${CMAKE_PREFIX_PATH}:/home/lucifer/humble_ws/study_ws/install/py_pkg:/opt/ros/humble /usr/bin/cmake --install /home/lucifer/humble_ws/study_ws/build/irobot_interfaces
