[1.323s] Invoking command in '/home/lucifer/humble_ws/study_ws/build/py_pkg': PYTHONPATH=/home/lucifer/humble_ws/study_ws/build/py_pkg/prefix_override:/usr/lib/python3/dist-packages/colcon_core/task/python/colcon_distutils_commands:/home/lucifer/humble_ws/study_ws/install/py_pkg/lib/python3.10/site-packages:${PYTHONPATH} /usr/bin/python3 -W ignore:setup.py install is deprecated setup.py develop --editable --build-directory /home/lucifer/humble_ws/study_ws/build/py_pkg/build --no-deps symlink_data
[2.015s] running develop
[2.015s] /home/lucifer/.local/lib/python3.10/site-packages/setuptools/command/easy_install.py:156: EasyInstallDeprecationWarning: easy_install command is deprecated. Use build and pip and other standards-based tools.
[2.016s]   warnings.warn(
[2.314s] running egg_info
[2.314s] writing py_pkg.egg-info/PKG-INFO
[2.314s] writing dependency_links to py_pkg.egg-info/dependency_links.txt
[2.315s] writing entry points to py_pkg.egg-info/entry_points.txt
[2.315s] writing requirements to py_pkg.egg-info/requires.txt
[2.315s] writing top-level names to py_pkg.egg-info/top_level.txt
[2.317s] reading manifest file 'py_pkg.egg-info/SOURCES.txt'
[2.318s] writing manifest file 'py_pkg.egg-info/SOURCES.txt'
[2.319s] running build_ext
[2.320s] Creating /home/lucifer/humble_ws/study_ws/install/py_pkg/lib/python3.10/site-packages/py-pkg.egg-link (link to .)
[2.321s] Installing addTwoInt_noop script to /home/lucifer/humble_ws/study_ws/install/py_pkg/lib/py_pkg
[2.321s] Installing news_station script to /home/lucifer/humble_ws/study_ws/install/py_pkg/lib/py_pkg
[2.321s] Installing py_node script to /home/lucifer/humble_ws/study_ws/install/py_pkg/lib/py_pkg
[2.321s] Installing radio script to /home/lucifer/humble_ws/study_ws/install/py_pkg/lib/py_pkg
[2.322s] Installing sum_server script to /home/lucifer/humble_ws/study_ws/install/py_pkg/lib/py_pkg
[2.322s] 
[2.322s] Installed /home/lucifer/humble_ws/study_ws/build/py_pkg
[2.322s] running symlink_data
[2.361s] Invoked command in '/home/lucifer/humble_ws/study_ws/build/py_pkg' returned '0': PYTHONPATH=/home/lucifer/humble_ws/study_ws/build/py_pkg/prefix_override:/usr/lib/python3/dist-packages/colcon_core/task/python/colcon_distutils_commands:/home/lucifer/humble_ws/study_ws/install/py_pkg/lib/python3.10/site-packages:${PYTHONPATH} /usr/bin/python3 -W ignore:setup.py install is deprecated setup.py develop --editable --build-directory /home/lucifer/humble_ws/study_ws/build/py_pkg/build --no-deps symlink_data
