[0.675s] Invoking command in '/home/lucifer/humble_ws/study_ws/build/py_pkg': PYTHONPATH=/home/lucifer/humble_ws/study_ws/build/py_pkg/prefix_override:/usr/lib/python3/dist-packages/colcon_core/task/python/colcon_distutils_commands:/home/lucifer/humble_ws/study_ws/install/py_pkg/lib/python3.10/site-packages:${PYTHONPATH} /usr/bin/python3 -W ignore:setup.py install is deprecated setup.py develop --uninstall --editable --build-directory /home/lucifer/humble_ws/study_ws/build/py_pkg/build
[0.956s] running develop
[0.957s] /usr/lib/python3/dist-packages/setuptools/command/easy_install.py:158: EasyInstallDeprecationWarning: easy_install command is deprecated. Use build and pip and other standards-based tools.
[0.957s]   warnings.warn(
[1.127s] Removing /home/lucifer/humble_ws/study_ws/install/py_pkg/lib/python3.10/site-packages/py-pkg.egg-link (link to .)
[1.156s] Invoked command in '/home/lucifer/humble_ws/study_ws/build/py_pkg' returned '0': PYTHONPATH=/home/lucifer/humble_ws/study_ws/build/py_pkg/prefix_override:/usr/lib/python3/dist-packages/colcon_core/task/python/colcon_distutils_commands:/home/lucifer/humble_ws/study_ws/install/py_pkg/lib/python3.10/site-packages:${PYTHONPATH} /usr/bin/python3 -W ignore:setup.py install is deprecated setup.py develop --uninstall --editable --build-directory /home/lucifer/humble_ws/study_ws/build/py_pkg/build
[1.158s] Invoking command in '/home/lucifer/humble_ws/study_ws/src/py_pkg': PYTHONPATH=/home/lucifer/humble_ws/study_ws/build/py_pkg/prefix_override:/usr/lib/python3/dist-packages/colcon_core/task/python/colcon_distutils_commands:/home/lucifer/humble_ws/study_ws/install/py_pkg/lib/python3.10/site-packages:${PYTHONPATH} /usr/bin/python3 -W ignore:setup.py install is deprecated setup.py egg_info --egg-base ../../build/py_pkg build --build-base /home/lucifer/humble_ws/study_ws/build/py_pkg/build install --record /home/lucifer/humble_ws/study_ws/build/py_pkg/install.log --single-version-externally-managed install_data --force
[1.393s] running egg_info
[1.394s] writing ../../build/py_pkg/py_pkg.egg-info/PKG-INFO
[1.394s] writing dependency_links to ../../build/py_pkg/py_pkg.egg-info/dependency_links.txt
[1.394s] writing entry points to ../../build/py_pkg/py_pkg.egg-info/entry_points.txt
[1.395s] writing requirements to ../../build/py_pkg/py_pkg.egg-info/requires.txt
[1.395s] writing top-level names to ../../build/py_pkg/py_pkg.egg-info/top_level.txt
[1.396s] reading manifest file '../../build/py_pkg/py_pkg.egg-info/SOURCES.txt'
[1.397s] adding license file 'LICENSE'
[1.397s] writing manifest file '../../build/py_pkg/py_pkg.egg-info/SOURCES.txt'
[1.397s] running build
[1.397s] running build_py
[1.398s] running install
[1.398s] running install_lib
[1.399s] creating /home/lucifer/humble_ws/study_ws/install/py_pkg/lib/python3.10/site-packages/py_pkg
[1.399s] copying /home/lucifer/humble_ws/study_ws/build/py_pkg/build/lib/py_pkg/news_station.py -> /home/lucifer/humble_ws/study_ws/install/py_pkg/lib/python3.10/site-packages/py_pkg
[1.399s] copying /home/lucifer/humble_ws/study_ws/build/py_pkg/build/lib/py_pkg/first_node.py -> /home/lucifer/humble_ws/study_ws/install/py_pkg/lib/python3.10/site-packages/py_pkg
[1.399s] copying /home/lucifer/humble_ws/study_ws/build/py_pkg/build/lib/py_pkg/__init__.py -> /home/lucifer/humble_ws/study_ws/install/py_pkg/lib/python3.10/site-packages/py_pkg
[1.399s] copying /home/lucifer/humble_ws/study_ws/build/py_pkg/build/lib/py_pkg/template_python_node.py -> /home/lucifer/humble_ws/study_ws/install/py_pkg/lib/python3.10/site-packages/py_pkg
[1.399s] byte-compiling /home/lucifer/humble_ws/study_ws/install/py_pkg/lib/python3.10/site-packages/py_pkg/news_station.py to news_station.cpython-310.pyc
[1.400s] byte-compiling /home/lucifer/humble_ws/study_ws/install/py_pkg/lib/python3.10/site-packages/py_pkg/first_node.py to first_node.cpython-310.pyc
[1.400s] byte-compiling /home/lucifer/humble_ws/study_ws/install/py_pkg/lib/python3.10/site-packages/py_pkg/__init__.py to __init__.cpython-310.pyc
[1.400s] byte-compiling /home/lucifer/humble_ws/study_ws/install/py_pkg/lib/python3.10/site-packages/py_pkg/template_python_node.py to template_python_node.cpython-310.pyc
[1.401s] running install_data
[1.401s] copying resource/py_pkg -> /home/lucifer/humble_ws/study_ws/install/py_pkg/share/ament_index/resource_index/packages
[1.401s] copying package.xml -> /home/lucifer/humble_ws/study_ws/install/py_pkg/share/py_pkg
[1.401s] running install_egg_info
[1.402s] Copying ../../build/py_pkg/py_pkg.egg-info to /home/lucifer/humble_ws/study_ws/install/py_pkg/lib/python3.10/site-packages/py_pkg-0.0.0-py3.10.egg-info
[1.403s] running install_scripts
[1.423s] Installing news_station script to /home/lucifer/humble_ws/study_ws/install/py_pkg/lib/py_pkg
[1.423s] Installing py_node script to /home/lucifer/humble_ws/study_ws/install/py_pkg/lib/py_pkg
[1.423s] writing list of installed files to '/home/lucifer/humble_ws/study_ws/build/py_pkg/install.log'
[1.450s] Invoked command in '/home/lucifer/humble_ws/study_ws/src/py_pkg' returned '0': PYTHONPATH=/home/lucifer/humble_ws/study_ws/build/py_pkg/prefix_override:/usr/lib/python3/dist-packages/colcon_core/task/python/colcon_distutils_commands:/home/lucifer/humble_ws/study_ws/install/py_pkg/lib/python3.10/site-packages:${PYTHONPATH} /usr/bin/python3 -W ignore:setup.py install is deprecated setup.py egg_info --egg-base ../../build/py_pkg build --build-base /home/lucifer/humble_ws/study_ws/build/py_pkg/build install --record /home/lucifer/humble_ws/study_ws/build/py_pkg/install.log --single-version-externally-managed install_data --force
