[0.689s] Invoking command in '/home/lucifer/humble_ws/study_ws/src/py_pkg': PYTHONPATH=/home/lucifer/humble_ws/study_ws/build/py_pkg/prefix_override:/usr/lib/python3/dist-packages/colcon_core/task/python/colcon_distutils_commands:/home/lucifer/humble_ws/study_ws/install/py_pkg/lib/python3.10/site-packages:${PYTHONPATH} /usr/bin/python3 -W ignore:setup.py install is deprecated setup.py egg_info --egg-base ../../build/py_pkg build --build-base /home/lucifer/humble_ws/study_ws/build/py_pkg/build install --record /home/lucifer/humble_ws/study_ws/build/py_pkg/install.log --single-version-externally-managed install_data
[0.955s] running egg_info
[0.955s] writing ../../build/py_pkg/py_pkg.egg-info/PKG-INFO
[0.955s] writing dependency_links to ../../build/py_pkg/py_pkg.egg-info/dependency_links.txt
[0.956s] writing entry points to ../../build/py_pkg/py_pkg.egg-info/entry_points.txt
[0.956s] writing requirements to ../../build/py_pkg/py_pkg.egg-info/requires.txt
[0.956s] writing top-level names to ../../build/py_pkg/py_pkg.egg-info/top_level.txt
[0.957s] reading manifest file '../../build/py_pkg/py_pkg.egg-info/SOURCES.txt'
[0.958s] adding license file 'LICENSE'
[0.958s] writing manifest file '../../build/py_pkg/py_pkg.egg-info/SOURCES.txt'
[0.959s] running build
[0.959s] running build_py
[0.959s] copying py_pkg/hardwareTest.py -> /home/lucifer/humble_ws/study_ws/build/py_pkg/build/lib/py_pkg
[0.959s] running install
[0.959s] running install_lib
[0.960s] copying /home/lucifer/humble_ws/study_ws/build/py_pkg/build/lib/py_pkg/hardwareTest.py -> /home/lucifer/humble_ws/study_ws/install/py_pkg/lib/python3.10/site-packages/py_pkg
[0.961s] byte-compiling /home/lucifer/humble_ws/study_ws/install/py_pkg/lib/python3.10/site-packages/py_pkg/hardwareTest.py to hardwareTest.cpython-310.pyc
[0.961s] running install_data
[0.962s] running install_egg_info
[0.963s] removing '/home/lucifer/humble_ws/study_ws/install/py_pkg/lib/python3.10/site-packages/py_pkg-0.0.0-py3.10.egg-info' (and everything under it)
[0.963s] Copying ../../build/py_pkg/py_pkg.egg-info to /home/lucifer/humble_ws/study_ws/install/py_pkg/lib/python3.10/site-packages/py_pkg-0.0.0-py3.10.egg-info
[0.964s] running install_scripts
[0.983s] Installing HardwareStatusPublisher script to /home/lucifer/humble_ws/study_ws/install/py_pkg/lib/py_pkg
[0.983s] Installing addTwoInt_noop script to /home/lucifer/humble_ws/study_ws/install/py_pkg/lib/py_pkg
[0.983s] Installing client_sumServer script to /home/lucifer/humble_ws/study_ws/install/py_pkg/lib/py_pkg
[0.983s] Installing news_station script to /home/lucifer/humble_ws/study_ws/install/py_pkg/lib/py_pkg
[0.983s] Installing py_node script to /home/lucifer/humble_ws/study_ws/install/py_pkg/lib/py_pkg
[0.983s] Installing radio script to /home/lucifer/humble_ws/study_ws/install/py_pkg/lib/py_pkg
[0.984s] Installing sum_server script to /home/lucifer/humble_ws/study_ws/install/py_pkg/lib/py_pkg
[0.984s] writing list of installed files to '/home/lucifer/humble_ws/study_ws/build/py_pkg/install.log'
[1.007s] Invoked command in '/home/lucifer/humble_ws/study_ws/src/py_pkg' returned '0': PYTHONPATH=/home/lucifer/humble_ws/study_ws/build/py_pkg/prefix_override:/usr/lib/python3/dist-packages/colcon_core/task/python/colcon_distutils_commands:/home/lucifer/humble_ws/study_ws/install/py_pkg/lib/python3.10/site-packages:${PYTHONPATH} /usr/bin/python3 -W ignore:setup.py install is deprecated setup.py egg_info --egg-base ../../build/py_pkg build --build-base /home/lucifer/humble_ws/study_ws/build/py_pkg/build install --record /home/lucifer/humble_ws/study_ws/build/py_pkg/install.log --single-version-externally-managed install_data
