[0.008s] Invoking command in '/home/lucifer/humble_ws/study_ws/build/irobot_interfaces': CMAKE_PREFIX_PATH=${CMAKE_PREFIX_PATH}:/home/lucifer/humble_ws/study_ws/install/py_pkg:/opt/ros/humble /usr/bin/cmake /home/lucifer/humble_ws/study_ws/src/irobot_interfaces -DCMAKE_INSTALL_PREFIX=/home/lucifer/humble_ws/study_ws/install/irobot_interfaces
[0.021s] -- Found ament_cmake: 1.3.10 (/opt/ros/humble/share/ament_cmake/cmake)
[0.146s] -- Found rosidl_default_generators: 1.2.0 (/opt/ros/humble/share/rosidl_default_generators/cmake)
[0.148s] -- Using all available rosidl_typesupport_c: rosidl_typesupport_fastrtps_c;rosidl_typesupport_introspection_c
[0.150s] -- Found rosidl_adapter: 3.1.5 (/opt/ros/humble/share/rosidl_adapter/cmake)
[0.181s] -- Using all available rosidl_typesupport_cpp: rosidl_typesupport_fastrtps_cpp;rosidl_typesupport_introspection_cpp
[0.442s] -- Found ament_cmake_ros: 0.10.0 (/opt/ros/humble/share/ament_cmake_ros/cmake)
[0.631s] -- Using all available rosidl_typesupport_c: rosidl_typesupport_fastrtps_c;rosidl_typesupport_introspection_c
[0.868s] -- Using all available rosidl_typesupport_cpp: rosidl_typesupport_fastrtps_cpp;rosidl_typesupport_introspection_cpp
[0.890s] -- Found PythonInterp: /usr/bin/python3 (found suitable version "3.10.12", minimum required is "3.6") 
[0.892s] -- Found python_cmake_module: 0.10.0 (/opt/ros/humble/share/python_cmake_module/cmake)
[0.926s] -- Found PythonLibs: /usr/lib/x86_64-linux-gnu/libpython3.10.so (found suitable version "3.10.12", minimum required is "3.5") 
[0.927s] -- Using PYTHON_EXECUTABLE: /usr/bin/python3
[0.927s] -- Using PYTHON_INCLUDE_DIRS: /usr/include/python3.10
[0.927s] -- Using PYTHON_LIBRARIES: /usr/lib/x86_64-linux-gnu/libpython3.10.so
[0.970s] -- Found PythonExtra: .so  
[1.013s] -- Configuring done
[1.041s] -- Generating done
[1.043s] -- Build files have been written to: /home/lucifer/humble_ws/study_ws/build/irobot_interfaces
[1.048s] Invoked command in '/home/lucifer/humble_ws/study_ws/build/irobot_interfaces' returned '0': CMAKE_PREFIX_PATH=${CMAKE_PREFIX_PATH}:/home/lucifer/humble_ws/study_ws/install/py_pkg:/opt/ros/humble /usr/bin/cmake /home/lucifer/humble_ws/study_ws/src/irobot_interfaces -DCMAKE_INSTALL_PREFIX=/home/lucifer/humble_ws/study_ws/install/irobot_interfaces
[1.049s] Invoking command in '/home/lucifer/humble_ws/study_ws/build/irobot_interfaces': CMAKE_PREFIX_PATH=${CMAKE_PREFIX_PATH}:/home/lucifer/humble_ws/study_ws/install/py_pkg:/opt/ros/humble /usr/bin/cmake --build /home/lucifer/humble_ws/study_ws/build/irobot_interfaces -- -j8 -l8
[1.091s] [  3%] [34m[1mGenerating C code for ROS interfaces[0m
[1.101s] [  6%] [34m[1mGenerating C++ code for ROS interfaces[0m
[1.110s] [  6%] Built target ament_cmake_python_copy_irobot_interfaces
[1.382s] [  6%] Built target irobot_interfaces__cpp
[1.393s] [  9%] [34m[1mGenerating C++ type support dispatch for ROS interfaces[0m
[1.394s] [ 12%] [34m[1mGenerating C++ introspection for ROS interfaces[0m
[1.396s] [ 16%] [34m[1mGenerating C++ type support for eProsima Fast-RTPS[0m
[1.397s] [ 19%] [32mBuilding C object CMakeFiles/irobot_interfaces__rosidl_generator_c.dir/rosidl_generator_c/irobot_interfaces/msg/detail/hardware_status__functions.c.o[0m
[1.457s] running egg_info
[1.458s] creating irobot_interfaces.egg-info
[1.459s] writing irobot_interfaces.egg-info/PKG-INFO
[1.459s] writing dependency_links to irobot_interfaces.egg-info/dependency_links.txt
[1.459s] writing top-level names to irobot_interfaces.egg-info/top_level.txt
[1.459s] writing manifest file 'irobot_interfaces.egg-info/SOURCES.txt'
[1.464s] reading manifest file 'irobot_interfaces.egg-info/SOURCES.txt'
[1.465s] writing manifest file 'irobot_interfaces.egg-info/SOURCES.txt'
[1.501s] [ 19%] Built target ament_cmake_python_build_irobot_interfaces_egg
[1.507s] [ 22%] [32m[1mLinking C shared library libirobot_interfaces__rosidl_generator_c.so[0m
[1.555s] [ 22%] Built target irobot_interfaces__rosidl_generator_c
[1.567s] [ 25%] [34m[1mGenerating C type support for eProsima Fast-RTPS[0m
[1.572s] [ 32%] [34m[1mGenerating C introspection for ROS interfaces[0m
[1.572s] [ 32%] [34m[1mGenerating C type support dispatch for ROS interfaces[0m
[1.942s] [ 35%] [32mBuilding CXX object CMakeFiles/irobot_interfaces__rosidl_typesupport_introspection_cpp.dir/rosidl_typesupport_introspection_cpp/irobot_interfaces/msg/detail/hardware_status__type_support.cpp.o[0m
[2.025s] [ 38%] [32mBuilding CXX object CMakeFiles/irobot_interfaces__rosidl_typesupport_fastrtps_cpp.dir/rosidl_typesupport_fastrtps_cpp/irobot_interfaces/msg/detail/dds_fastrtps/hardware_status__type_support.cpp.o[0m
[2.030s] [ 41%] [32mBuilding CXX object CMakeFiles/irobot_interfaces__rosidl_typesupport_cpp.dir/rosidl_typesupport_cpp/irobot_interfaces/msg/hardware_status__type_support.cpp.o[0m
[2.378s] [ 45%] [32mBuilding C object CMakeFiles/irobot_interfaces__rosidl_typesupport_introspection_c.dir/rosidl_typesupport_introspection_c/irobot_interfaces/msg/detail/hardware_status__type_support.c.o[0m
[2.422s] [ 48%] [32mBuilding CXX object CMakeFiles/irobot_interfaces__rosidl_typesupport_c.dir/rosidl_typesupport_c/irobot_interfaces/msg/hardware_status__type_support.cpp.o[0m
[2.453s] [ 51%] [32m[1mLinking C shared library libirobot_interfaces__rosidl_typesupport_introspection_c.so[0m
[2.493s] [ 54%] [32mBuilding CXX object CMakeFiles/irobot_interfaces__rosidl_typesupport_fastrtps_c.dir/rosidl_typesupport_fastrtps_c/irobot_interfaces/msg/detail/hardware_status__type_support_c.cpp.o[0m
[2.499s] [ 58%] [32m[1mLinking CXX shared library libirobot_interfaces__rosidl_typesupport_c.so[0m
[2.526s] [ 58%] Built target irobot_interfaces__rosidl_typesupport_introspection_c
[2.566s] [ 61%] [32m[1mLinking CXX shared library libirobot_interfaces__rosidl_typesupport_cpp.so[0m
[2.575s] [ 61%] Built target irobot_interfaces__rosidl_typesupport_c
[2.641s] [ 61%] Built target irobot_interfaces__rosidl_typesupport_cpp
[2.853s] [ 64%] [32m[1mLinking CXX shared library libirobot_interfaces__rosidl_typesupport_introspection_cpp.so[0m
[2.935s] [ 67%] [32m[1mLinking CXX shared library libirobot_interfaces__rosidl_typesupport_fastrtps_cpp.so[0m
[2.953s] [ 67%] Built target irobot_interfaces__rosidl_typesupport_introspection_cpp
[3.038s] [ 67%] Built target irobot_interfaces__rosidl_typesupport_fastrtps_cpp
[3.053s] [ 70%] [32m[1mLinking CXX shared library libirobot_interfaces__rosidl_typesupport_fastrtps_c.so[0m
[3.154s] [ 70%] Built target irobot_interfaces__rosidl_typesupport_fastrtps_c
[3.177s] [ 70%] Built target irobot_interfaces
[3.201s] [ 74%] [34m[1mGenerating Python code for ROS interfaces[0m
[3.635s] [ 74%] Built target irobot_interfaces__py
[3.656s] [ 77%] [32mBuilding C object CMakeFiles/irobot_interfaces__rosidl_generator_py.dir/rosidl_generator_py/irobot_interfaces/msg/_hardware_status_s.c.o[0m
[3.817s] [ 80%] [32m[1mLinking C shared library rosidl_generator_py/irobot_interfaces/libirobot_interfaces__rosidl_generator_py.so[0m
[3.865s] [ 80%] Built target irobot_interfaces__rosidl_generator_py
[3.889s] [ 87%] [32mBuilding C object CMakeFiles/irobot_interfaces__rosidl_typesupport_fastrtps_c__pyext.dir/rosidl_generator_py/irobot_interfaces/_irobot_interfaces_s.ep.rosidl_typesupport_fastrtps_c.c.o[0m
[3.890s] [ 87%] [32mBuilding C object CMakeFiles/irobot_interfaces__rosidl_typesupport_c__pyext.dir/rosidl_generator_py/irobot_interfaces/_irobot_interfaces_s.ep.rosidl_typesupport_c.c.o[0m
[3.890s] [ 90%] [32mBuilding C object CMakeFiles/irobot_interfaces__rosidl_typesupport_introspection_c__pyext.dir/rosidl_generator_py/irobot_interfaces/_irobot_interfaces_s.ep.rosidl_typesupport_introspection_c.c.o[0m
[4.027s] [ 93%] [32m[1mLinking C shared library rosidl_generator_py/irobot_interfaces/irobot_interfaces_s__rosidl_typesupport_c.cpython-310-x86_64-linux-gnu.so[0m
[4.027s] [ 96%] [32m[1mLinking C shared library rosidl_generator_py/irobot_interfaces/irobot_interfaces_s__rosidl_typesupport_introspection_c.cpython-310-x86_64-linux-gnu.so[0m
[4.033s] [100%] [32m[1mLinking C shared library rosidl_generator_py/irobot_interfaces/irobot_interfaces_s__rosidl_typesupport_fastrtps_c.cpython-310-x86_64-linux-gnu.so[0m
[4.076s] [100%] Built target irobot_interfaces__rosidl_typesupport_c__pyext
[4.077s] [100%] Built target irobot_interfaces__rosidl_typesupport_introspection_c__pyext
[4.085s] [100%] Built target irobot_interfaces__rosidl_typesupport_fastrtps_c__pyext
[4.103s] Invoked command in '/home/lucifer/humble_ws/study_ws/build/irobot_interfaces' returned '0': CMAKE_PREFIX_PATH=${CMAKE_PREFIX_PATH}:/home/lucifer/humble_ws/study_ws/install/py_pkg:/opt/ros/humble /usr/bin/cmake --build /home/lucifer/humble_ws/study_ws/build/irobot_interfaces -- -j8 -l8
[4.184s] Invoking command in '/home/lucifer/humble_ws/study_ws/build/irobot_interfaces': CMAKE_PREFIX_PATH=${CMAKE_PREFIX_PATH}:/home/lucifer/humble_ws/study_ws/install/py_pkg:/opt/ros/humble /usr/bin/cmake --install /home/lucifer/humble_ws/study_ws/build/irobot_interfaces
[4.192s] -- Install configuration: ""
[4.193s] -- Installing: /home/lucifer/humble_ws/study_ws/install/irobot_interfaces/share/ament_index/resource_index/rosidl_interfaces/irobot_interfaces
[4.193s] -- Installing: /home/lucifer/humble_ws/study_ws/install/irobot_interfaces/include/irobot_interfaces/irobot_interfaces
[4.193s] -- Installing: /home/lucifer/humble_ws/study_ws/install/irobot_interfaces/include/irobot_interfaces/irobot_interfaces/msg
[4.193s] -- Installing: /home/lucifer/humble_ws/study_ws/install/irobot_interfaces/include/irobot_interfaces/irobot_interfaces/msg/rosidl_generator_c__visibility_control.h
[4.194s] -- Installing: /home/lucifer/humble_ws/study_ws/install/irobot_interfaces/include/irobot_interfaces/irobot_interfaces/msg/detail
[4.194s] -- Installing: /home/lucifer/humble_ws/study_ws/install/irobot_interfaces/include/irobot_interfaces/irobot_interfaces/msg/detail/hardware_status__functions.h
[4.194s] -- Installing: /home/lucifer/humble_ws/study_ws/install/irobot_interfaces/include/irobot_interfaces/irobot_interfaces/msg/detail/hardware_status__type_support.h
[4.194s] -- Installing: /home/lucifer/humble_ws/study_ws/install/irobot_interfaces/include/irobot_interfaces/irobot_interfaces/msg/detail/hardware_status__struct.h
[4.194s] -- Installing: /home/lucifer/humble_ws/study_ws/install/irobot_interfaces/include/irobot_interfaces/irobot_interfaces/msg/detail/hardware_status__functions.c
[4.195s] -- Installing: /home/lucifer/humble_ws/study_ws/install/irobot_interfaces/include/irobot_interfaces/irobot_interfaces/msg/hardware_status.h
[4.195s] -- Installing: /home/lucifer/humble_ws/study_ws/install/irobot_interfaces/share/irobot_interfaces/environment/library_path.sh
[4.195s] -- Installing: /home/lucifer/humble_ws/study_ws/install/irobot_interfaces/share/irobot_interfaces/environment/library_path.dsv
[4.195s] -- Installing: /home/lucifer/humble_ws/study_ws/install/irobot_interfaces/lib/libirobot_interfaces__rosidl_generator_c.so
[4.196s] -- Set runtime path of "/home/lucifer/humble_ws/study_ws/install/irobot_interfaces/lib/libirobot_interfaces__rosidl_generator_c.so" to ""
[4.196s] -- Up-to-date: /home/lucifer/humble_ws/study_ws/install/irobot_interfaces/include/irobot_interfaces/irobot_interfaces
[4.196s] -- Up-to-date: /home/lucifer/humble_ws/study_ws/install/irobot_interfaces/include/irobot_interfaces/irobot_interfaces/msg
[4.196s] -- Installing: /home/lucifer/humble_ws/study_ws/install/irobot_interfaces/include/irobot_interfaces/irobot_interfaces/msg/rosidl_typesupport_fastrtps_c__visibility_control.h
[4.197s] -- Up-to-date: /home/lucifer/humble_ws/study_ws/install/irobot_interfaces/include/irobot_interfaces/irobot_interfaces/msg/detail
[4.197s] -- Installing: /home/lucifer/humble_ws/study_ws/install/irobot_interfaces/include/irobot_interfaces/irobot_interfaces/msg/detail/hardware_status__rosidl_typesupport_fastrtps_c.h
[4.197s] -- Installing: /home/lucifer/humble_ws/study_ws/install/irobot_interfaces/lib/libirobot_interfaces__rosidl_typesupport_fastrtps_c.so
[4.197s] -- Set runtime path of "/home/lucifer/humble_ws/study_ws/install/irobot_interfaces/lib/libirobot_interfaces__rosidl_typesupport_fastrtps_c.so" to ""
[4.198s] -- Up-to-date: /home/lucifer/humble_ws/study_ws/install/irobot_interfaces/include/irobot_interfaces/irobot_interfaces
[4.198s] -- Up-to-date: /home/lucifer/humble_ws/study_ws/install/irobot_interfaces/include/irobot_interfaces/irobot_interfaces/msg
[4.198s] -- Installing: /home/lucifer/humble_ws/study_ws/install/irobot_interfaces/include/irobot_interfaces/irobot_interfaces/msg/rosidl_typesupport_introspection_c__visibility_control.h
[4.198s] -- Up-to-date: /home/lucifer/humble_ws/study_ws/install/irobot_interfaces/include/irobot_interfaces/irobot_interfaces/msg/detail
[4.198s] -- Installing: /home/lucifer/humble_ws/study_ws/install/irobot_interfaces/include/irobot_interfaces/irobot_interfaces/msg/detail/hardware_status__rosidl_typesupport_introspection_c.h
[4.198s] -- Installing: /home/lucifer/humble_ws/study_ws/install/irobot_interfaces/include/irobot_interfaces/irobot_interfaces/msg/detail/hardware_status__type_support.c
[4.198s] -- Installing: /home/lucifer/humble_ws/study_ws/install/irobot_interfaces/lib/libirobot_interfaces__rosidl_typesupport_introspection_c.so
[4.199s] -- Set runtime path of "/home/lucifer/humble_ws/study_ws/install/irobot_interfaces/lib/libirobot_interfaces__rosidl_typesupport_introspection_c.so" to ""
[4.199s] -- Installing: /home/lucifer/humble_ws/study_ws/install/irobot_interfaces/lib/libirobot_interfaces__rosidl_typesupport_c.so
[4.199s] -- Set runtime path of "/home/lucifer/humble_ws/study_ws/install/irobot_interfaces/lib/libirobot_interfaces__rosidl_typesupport_c.so" to ""
[4.199s] -- Up-to-date: /home/lucifer/humble_ws/study_ws/install/irobot_interfaces/include/irobot_interfaces/irobot_interfaces
[4.200s] -- Up-to-date: /home/lucifer/humble_ws/study_ws/install/irobot_interfaces/include/irobot_interfaces/irobot_interfaces/msg
[4.200s] -- Installing: /home/lucifer/humble_ws/study_ws/install/irobot_interfaces/include/irobot_interfaces/irobot_interfaces/msg/hardware_status.hpp
[4.200s] -- Up-to-date: /home/lucifer/humble_ws/study_ws/install/irobot_interfaces/include/irobot_interfaces/irobot_interfaces/msg/detail
[4.200s] -- Installing: /home/lucifer/humble_ws/study_ws/install/irobot_interfaces/include/irobot_interfaces/irobot_interfaces/msg/detail/hardware_status__builder.hpp
[4.200s] -- Installing: /home/lucifer/humble_ws/study_ws/install/irobot_interfaces/include/irobot_interfaces/irobot_interfaces/msg/detail/hardware_status__struct.hpp
[4.200s] -- Installing: /home/lucifer/humble_ws/study_ws/install/irobot_interfaces/include/irobot_interfaces/irobot_interfaces/msg/detail/hardware_status__traits.hpp
[4.200s] -- Up-to-date: /home/lucifer/humble_ws/study_ws/install/irobot_interfaces/include/irobot_interfaces/irobot_interfaces
[4.200s] -- Up-to-date: /home/lucifer/humble_ws/study_ws/install/irobot_interfaces/include/irobot_interfaces/irobot_interfaces/msg
[4.200s] -- Installing: /home/lucifer/humble_ws/study_ws/install/irobot_interfaces/include/irobot_interfaces/irobot_interfaces/msg/rosidl_typesupport_fastrtps_cpp__visibility_control.h
[4.200s] -- Up-to-date: /home/lucifer/humble_ws/study_ws/install/irobot_interfaces/include/irobot_interfaces/irobot_interfaces/msg/detail
[4.200s] -- Installing: /home/lucifer/humble_ws/study_ws/install/irobot_interfaces/include/irobot_interfaces/irobot_interfaces/msg/detail/dds_fastrtps
[4.200s] -- Installing: /home/lucifer/humble_ws/study_ws/install/irobot_interfaces/include/irobot_interfaces/irobot_interfaces/msg/detail/hardware_status__rosidl_typesupport_fastrtps_cpp.hpp
[4.201s] -- Installing: /home/lucifer/humble_ws/study_ws/install/irobot_interfaces/lib/libirobot_interfaces__rosidl_typesupport_fastrtps_cpp.so
[4.201s] -- Set runtime path of "/home/lucifer/humble_ws/study_ws/install/irobot_interfaces/lib/libirobot_interfaces__rosidl_typesupport_fastrtps_cpp.so" to ""
[4.201s] -- Up-to-date: /home/lucifer/humble_ws/study_ws/install/irobot_interfaces/include/irobot_interfaces/irobot_interfaces
[4.201s] -- Up-to-date: /home/lucifer/humble_ws/study_ws/install/irobot_interfaces/include/irobot_interfaces/irobot_interfaces/msg
[4.201s] -- Up-to-date: /home/lucifer/humble_ws/study_ws/install/irobot_interfaces/include/irobot_interfaces/irobot_interfaces/msg/detail
[4.201s] -- Installing: /home/lucifer/humble_ws/study_ws/install/irobot_interfaces/include/irobot_interfaces/irobot_interfaces/msg/detail/hardware_status__rosidl_typesupport_introspection_cpp.hpp
[4.201s] -- Installing: /home/lucifer/humble_ws/study_ws/install/irobot_interfaces/include/irobot_interfaces/irobot_interfaces/msg/detail/hardware_status__type_support.cpp
[4.202s] -- Installing: /home/lucifer/humble_ws/study_ws/install/irobot_interfaces/lib/libirobot_interfaces__rosidl_typesupport_introspection_cpp.so
[4.202s] -- Set runtime path of "/home/lucifer/humble_ws/study_ws/install/irobot_interfaces/lib/libirobot_interfaces__rosidl_typesupport_introspection_cpp.so" to ""
[4.202s] -- Installing: /home/lucifer/humble_ws/study_ws/install/irobot_interfaces/lib/libirobot_interfaces__rosidl_typesupport_cpp.so
[4.203s] -- Set runtime path of "/home/lucifer/humble_ws/study_ws/install/irobot_interfaces/lib/libirobot_interfaces__rosidl_typesupport_cpp.so" to ""
[4.203s] -- Installing: /home/lucifer/humble_ws/study_ws/install/irobot_interfaces/share/irobot_interfaces/environment/pythonpath.sh
[4.203s] -- Installing: /home/lucifer/humble_ws/study_ws/install/irobot_interfaces/share/irobot_interfaces/environment/pythonpath.dsv
[4.203s] -- Installing: /home/lucifer/humble_ws/study_ws/install/irobot_interfaces/local/lib/python3.10/dist-packages/irobot_interfaces-0.0.0-py3.10.egg-info
[4.203s] -- Installing: /home/lucifer/humble_ws/study_ws/install/irobot_interfaces/local/lib/python3.10/dist-packages/irobot_interfaces-0.0.0-py3.10.egg-info/top_level.txt
[4.204s] -- Installing: /home/lucifer/humble_ws/study_ws/install/irobot_interfaces/local/lib/python3.10/dist-packages/irobot_interfaces-0.0.0-py3.10.egg-info/dependency_links.txt
[4.204s] -- Installing: /home/lucifer/humble_ws/study_ws/install/irobot_interfaces/local/lib/python3.10/dist-packages/irobot_interfaces-0.0.0-py3.10.egg-info/SOURCES.txt
[4.204s] -- Installing: /home/lucifer/humble_ws/study_ws/install/irobot_interfaces/local/lib/python3.10/dist-packages/irobot_interfaces-0.0.0-py3.10.egg-info/PKG-INFO
[4.204s] -- Installing: /home/lucifer/humble_ws/study_ws/install/irobot_interfaces/local/lib/python3.10/dist-packages/irobot_interfaces
[4.204s] -- Installing: /home/lucifer/humble_ws/study_ws/install/irobot_interfaces/local/lib/python3.10/dist-packages/irobot_interfaces/_irobot_interfaces_s.ep.rosidl_typesupport_fastrtps_c.c
[4.204s] -- Installing: /home/lucifer/humble_ws/study_ws/install/irobot_interfaces/local/lib/python3.10/dist-packages/irobot_interfaces/msg
[4.204s] -- Installing: /home/lucifer/humble_ws/study_ws/install/irobot_interfaces/local/lib/python3.10/dist-packages/irobot_interfaces/msg/_hardware_status_s.c
[4.204s] -- Installing: /home/lucifer/humble_ws/study_ws/install/irobot_interfaces/local/lib/python3.10/dist-packages/irobot_interfaces/msg/_hardware_status.py
[4.204s] -- Installing: /home/lucifer/humble_ws/study_ws/install/irobot_interfaces/local/lib/python3.10/dist-packages/irobot_interfaces/msg/__init__.py
[4.204s] -- Installing: /home/lucifer/humble_ws/study_ws/install/irobot_interfaces/local/lib/python3.10/dist-packages/irobot_interfaces/irobot_interfaces_s__rosidl_typesupport_introspection_c.cpython-310-x86_64-linux-gnu.so
[4.204s] -- Installing: /home/lucifer/humble_ws/study_ws/install/irobot_interfaces/local/lib/python3.10/dist-packages/irobot_interfaces/irobot_interfaces_s__rosidl_typesupport_c.cpython-310-x86_64-linux-gnu.so
[4.204s] -- Installing: /home/lucifer/humble_ws/study_ws/install/irobot_interfaces/local/lib/python3.10/dist-packages/irobot_interfaces/_irobot_interfaces_s.ep.rosidl_typesupport_c.c
[4.205s] -- Installing: /home/lucifer/humble_ws/study_ws/install/irobot_interfaces/local/lib/python3.10/dist-packages/irobot_interfaces/irobot_interfaces_s__rosidl_typesupport_fastrtps_c.cpython-310-x86_64-linux-gnu.so
[4.205s] -- Installing: /home/lucifer/humble_ws/study_ws/install/irobot_interfaces/local/lib/python3.10/dist-packages/irobot_interfaces/libirobot_interfaces__rosidl_generator_py.so
[4.205s] -- Installing: /home/lucifer/humble_ws/study_ws/install/irobot_interfaces/local/lib/python3.10/dist-packages/irobot_interfaces/_irobot_interfaces_s.ep.rosidl_typesupport_introspection_c.c
[4.205s] -- Installing: /home/lucifer/humble_ws/study_ws/install/irobot_interfaces/local/lib/python3.10/dist-packages/irobot_interfaces/__init__.py
[4.246s] Listing '/home/lucifer/humble_ws/study_ws/install/irobot_interfaces/local/lib/python3.10/dist-packages/irobot_interfaces'...
[4.246s] Compiling '/home/lucifer/humble_ws/study_ws/install/irobot_interfaces/local/lib/python3.10/dist-packages/irobot_interfaces/__init__.py'...
[4.246s] Listing '/home/lucifer/humble_ws/study_ws/install/irobot_interfaces/local/lib/python3.10/dist-packages/irobot_interfaces/msg'...
[4.246s] Compiling '/home/lucifer/humble_ws/study_ws/install/irobot_interfaces/local/lib/python3.10/dist-packages/irobot_interfaces/msg/__init__.py'...
[4.246s] Compiling '/home/lucifer/humble_ws/study_ws/install/irobot_interfaces/local/lib/python3.10/dist-packages/irobot_interfaces/msg/_hardware_status.py'...
[4.253s] -- Installing: /home/lucifer/humble_ws/study_ws/install/irobot_interfaces/local/lib/python3.10/dist-packages/irobot_interfaces/irobot_interfaces_s__rosidl_typesupport_fastrtps_c.cpython-310-x86_64-linux-gnu.so
[4.254s] -- Set runtime path of "/home/lucifer/humble_ws/study_ws/install/irobot_interfaces/local/lib/python3.10/dist-packages/irobot_interfaces/irobot_interfaces_s__rosidl_typesupport_fastrtps_c.cpython-310-x86_64-linux-gnu.so" to ""
[4.254s] -- Installing: /home/lucifer/humble_ws/study_ws/install/irobot_interfaces/local/lib/python3.10/dist-packages/irobot_interfaces/irobot_interfaces_s__rosidl_typesupport_introspection_c.cpython-310-x86_64-linux-gnu.so
[4.255s] -- Set runtime path of "/home/lucifer/humble_ws/study_ws/install/irobot_interfaces/local/lib/python3.10/dist-packages/irobot_interfaces/irobot_interfaces_s__rosidl_typesupport_introspection_c.cpython-310-x86_64-linux-gnu.so" to ""
[4.255s] -- Installing: /home/lucifer/humble_ws/study_ws/install/irobot_interfaces/local/lib/python3.10/dist-packages/irobot_interfaces/irobot_interfaces_s__rosidl_typesupport_c.cpython-310-x86_64-linux-gnu.so
[4.256s] -- Set runtime path of "/home/lucifer/humble_ws/study_ws/install/irobot_interfaces/local/lib/python3.10/dist-packages/irobot_interfaces/irobot_interfaces_s__rosidl_typesupport_c.cpython-310-x86_64-linux-gnu.so" to ""
[4.256s] -- Installing: /home/lucifer/humble_ws/study_ws/install/irobot_interfaces/lib/libirobot_interfaces__rosidl_generator_py.so
[4.256s] -- Set runtime path of "/home/lucifer/humble_ws/study_ws/install/irobot_interfaces/lib/libirobot_interfaces__rosidl_generator_py.so" to ""
[4.256s] -- Installing: /home/lucifer/humble_ws/study_ws/install/irobot_interfaces/share/irobot_interfaces/msg/HardwareStatus.idl
[4.257s] -- Installing: /home/lucifer/humble_ws/study_ws/install/irobot_interfaces/share/irobot_interfaces/msg/HardwareStatus.msg
[4.257s] -- Installing: /home/lucifer/humble_ws/study_ws/install/irobot_interfaces/share/ament_index/resource_index/package_run_dependencies/irobot_interfaces
[4.257s] -- Installing: /home/lucifer/humble_ws/study_ws/install/irobot_interfaces/share/ament_index/resource_index/parent_prefix_path/irobot_interfaces
[4.257s] -- Installing: /home/lucifer/humble_ws/study_ws/install/irobot_interfaces/share/irobot_interfaces/environment/ament_prefix_path.sh
[4.258s] -- Installing: /home/lucifer/humble_ws/study_ws/install/irobot_interfaces/share/irobot_interfaces/environment/ament_prefix_path.dsv
[4.258s] -- Installing: /home/lucifer/humble_ws/study_ws/install/irobot_interfaces/share/irobot_interfaces/environment/path.sh
[4.258s] -- Installing: /home/lucifer/humble_ws/study_ws/install/irobot_interfaces/share/irobot_interfaces/environment/path.dsv
[4.258s] -- Installing: /home/lucifer/humble_ws/study_ws/install/irobot_interfaces/share/irobot_interfaces/local_setup.bash
[4.258s] -- Installing: /home/lucifer/humble_ws/study_ws/install/irobot_interfaces/share/irobot_interfaces/local_setup.sh
[4.258s] -- Installing: /home/lucifer/humble_ws/study_ws/install/irobot_interfaces/share/irobot_interfaces/local_setup.zsh
[4.259s] -- Installing: /home/lucifer/humble_ws/study_ws/install/irobot_interfaces/share/irobot_interfaces/local_setup.dsv
[4.259s] -- Installing: /home/lucifer/humble_ws/study_ws/install/irobot_interfaces/share/irobot_interfaces/package.dsv
[4.259s] -- Installing: /home/lucifer/humble_ws/study_ws/install/irobot_interfaces/share/ament_index/resource_index/packages/irobot_interfaces
[4.260s] -- Installing: /home/lucifer/humble_ws/study_ws/install/irobot_interfaces/share/irobot_interfaces/cmake/export_irobot_interfaces__rosidl_generator_cExport.cmake
[4.260s] -- Installing: /home/lucifer/humble_ws/study_ws/install/irobot_interfaces/share/irobot_interfaces/cmake/export_irobot_interfaces__rosidl_generator_cExport-noconfig.cmake
[4.260s] -- Installing: /home/lucifer/humble_ws/study_ws/install/irobot_interfaces/share/irobot_interfaces/cmake/export_irobot_interfaces__rosidl_typesupport_fastrtps_cExport.cmake
[4.260s] -- Installing: /home/lucifer/humble_ws/study_ws/install/irobot_interfaces/share/irobot_interfaces/cmake/export_irobot_interfaces__rosidl_typesupport_fastrtps_cExport-noconfig.cmake
[4.260s] -- Installing: /home/lucifer/humble_ws/study_ws/install/irobot_interfaces/share/irobot_interfaces/cmake/irobot_interfaces__rosidl_typesupport_introspection_cExport.cmake
[4.261s] -- Installing: /home/lucifer/humble_ws/study_ws/install/irobot_interfaces/share/irobot_interfaces/cmake/irobot_interfaces__rosidl_typesupport_introspection_cExport-noconfig.cmake
[4.261s] -- Installing: /home/lucifer/humble_ws/study_ws/install/irobot_interfaces/share/irobot_interfaces/cmake/irobot_interfaces__rosidl_typesupport_cExport.cmake
[4.261s] -- Installing: /home/lucifer/humble_ws/study_ws/install/irobot_interfaces/share/irobot_interfaces/cmake/irobot_interfaces__rosidl_typesupport_cExport-noconfig.cmake
[4.261s] -- Installing: /home/lucifer/humble_ws/study_ws/install/irobot_interfaces/share/irobot_interfaces/cmake/export_irobot_interfaces__rosidl_generator_cppExport.cmake
[4.261s] -- Installing: /home/lucifer/humble_ws/study_ws/install/irobot_interfaces/share/irobot_interfaces/cmake/export_irobot_interfaces__rosidl_typesupport_fastrtps_cppExport.cmake
[4.262s] -- Installing: /home/lucifer/humble_ws/study_ws/install/irobot_interfaces/share/irobot_interfaces/cmake/export_irobot_interfaces__rosidl_typesupport_fastrtps_cppExport-noconfig.cmake
[4.262s] -- Installing: /home/lucifer/humble_ws/study_ws/install/irobot_interfaces/share/irobot_interfaces/cmake/irobot_interfaces__rosidl_typesupport_introspection_cppExport.cmake
[4.262s] -- Installing: /home/lucifer/humble_ws/study_ws/install/irobot_interfaces/share/irobot_interfaces/cmake/irobot_interfaces__rosidl_typesupport_introspection_cppExport-noconfig.cmake
[4.262s] -- Installing: /home/lucifer/humble_ws/study_ws/install/irobot_interfaces/share/irobot_interfaces/cmake/irobot_interfaces__rosidl_typesupport_cppExport.cmake
[4.263s] -- Installing: /home/lucifer/humble_ws/study_ws/install/irobot_interfaces/share/irobot_interfaces/cmake/irobot_interfaces__rosidl_typesupport_cppExport-noconfig.cmake
[4.263s] -- Installing: /home/lucifer/humble_ws/study_ws/install/irobot_interfaces/share/irobot_interfaces/cmake/export_irobot_interfaces__rosidl_generator_pyExport.cmake
[4.263s] -- Installing: /home/lucifer/humble_ws/study_ws/install/irobot_interfaces/share/irobot_interfaces/cmake/export_irobot_interfaces__rosidl_generator_pyExport-noconfig.cmake
[4.263s] -- Installing: /home/lucifer/humble_ws/study_ws/install/irobot_interfaces/share/irobot_interfaces/cmake/rosidl_cmake-extras.cmake
[4.263s] -- Installing: /home/lucifer/humble_ws/study_ws/install/irobot_interfaces/share/irobot_interfaces/cmake/ament_cmake_export_include_directories-extras.cmake
[4.264s] -- Installing: /home/lucifer/humble_ws/study_ws/install/irobot_interfaces/share/irobot_interfaces/cmake/ament_cmake_export_libraries-extras.cmake
[4.264s] -- Installing: /home/lucifer/humble_ws/study_ws/install/irobot_interfaces/share/irobot_interfaces/cmake/ament_cmake_export_targets-extras.cmake
[4.264s] -- Installing: /home/lucifer/humble_ws/study_ws/install/irobot_interfaces/share/irobot_interfaces/cmake/rosidl_cmake_export_typesupport_targets-extras.cmake
[4.264s] -- Installing: /home/lucifer/humble_ws/study_ws/install/irobot_interfaces/share/irobot_interfaces/cmake/ament_cmake_export_dependencies-extras.cmake
[4.264s] -- Installing: /home/lucifer/humble_ws/study_ws/install/irobot_interfaces/share/irobot_interfaces/cmake/rosidl_cmake_export_typesupport_libraries-extras.cmake
[4.264s] -- Installing: /home/lucifer/humble_ws/study_ws/install/irobot_interfaces/share/irobot_interfaces/cmake/irobot_interfacesConfig.cmake
[4.265s] -- Installing: /home/lucifer/humble_ws/study_ws/install/irobot_interfaces/share/irobot_interfaces/cmake/irobot_interfacesConfig-version.cmake
[4.265s] -- Installing: /home/lucifer/humble_ws/study_ws/install/irobot_interfaces/share/irobot_interfaces/package.xml
[4.268s] Invoked command in '/home/lucifer/humble_ws/study_ws/build/irobot_interfaces' returned '0': CMAKE_PREFIX_PATH=${CMAKE_PREFIX_PATH}:/home/lucifer/humble_ws/study_ws/install/py_pkg:/opt/ros/humble /usr/bin/cmake --install /home/lucifer/humble_ws/study_ws/build/irobot_interfaces
