[35m[1mConsolidate compiler generated dependencies of target client_sumServer[0m
[ 12%] Built target cpp_node
[ 25%] Built target news_station
[ 37%] Built target sumServer
[ 50%] Built target NumberCounter
[ 62%] Built target radio
[ 75%] Built target NumberPublisher
[ 87%] Built target client_sumServer_noop
[ 93%] [32mBuilding CXX object CMakeFiles/client_sumServer.dir/src/client_sumServer.cpp.o[0m
[01m[K/home/lucifer/humble_ws/study_ws/src/cpp_pkg/src/client_sumServer.cpp:[m[K In constructor ‘[01m[KClient_SumServer_Node::Client_SumServer_Node()[m[K’:
[01m[K/home/lucifer/humble_ws/study_ws/src/cpp_pkg/src/client_sumServer.cpp:11:18:[m[K [01;31m[Kerror: [m[K‘[01m[Kclass std::vector<std::thread>[m[K’ has no member named ‘[01m[Kpushback[m[K’; did you mean ‘[01m[Kpush_back[m[K’?
   11 |         threads_.[01;31m[Kpushback[m[K(std::thread(
      |                  [01;31m[K^~~~~~~~[m[K
      |                  [32m[Kpush_back[m[K
[01m[K/home/lucifer/humble_ws/study_ws/src/cpp_pkg/src/client_sumServer.cpp:14:18:[m[K [01;31m[Kerror: [m[K‘[01m[Kclass std::vector<std::thread>[m[K’ has no member named ‘[01m[Kpushback[m[K’; did you mean ‘[01m[Kpush_back[m[K’?
   14 |         threads_.[01;31m[Kpushback[m[K(std::thread(
      |                  [01;31m[K^~~~~~~~[m[K
      |                  [32m[Kpush_back[m[K
gmake[2]: *** [CMakeFiles/client_sumServer.dir/build.make:76: CMakeFiles/client_sumServer.dir/src/client_sumServer.cpp.o] Error 1
gmake[1]: *** [CMakeFiles/Makefile2:333: CMakeFiles/client_sumServer.dir/all] Error 2
gmake: *** [Makefile:146: all] Error 2
