[0.877s] Invoking command in '/home/lucifer/humble_ws/study_ws/src/py_pkg': PYTHONPATH=/home/lucifer/humble_ws/study_ws/build/py_pkg/prefix_override:/usr/lib/python3/dist-packages/colcon_core/task/python/colcon_distutils_commands:/home/lucifer/humble_ws/study_ws/install/py_pkg/lib/python3.10/site-packages:${PYTHONPATH} /usr/bin/python3 -W ignore:setup.py install is deprecated setup.py egg_info --egg-base ../../build/py_pkg build --build-base /home/lucifer/humble_ws/study_ws/build/py_pkg/build install --record /home/lucifer/humble_ws/study_ws/build/py_pkg/install.log --single-version-externally-managed install_data
[1.157s] running egg_info
[1.157s] writing ../../build/py_pkg/py_pkg.egg-info/PKG-INFO
[1.157s] writing dependency_links to ../../build/py_pkg/py_pkg.egg-info/dependency_links.txt
[1.157s] writing entry points to ../../build/py_pkg/py_pkg.egg-info/entry_points.txt
[1.158s] writing requirements to ../../build/py_pkg/py_pkg.egg-info/requires.txt
[1.158s] writing top-level names to ../../build/py_pkg/py_pkg.egg-info/top_level.txt
[1.159s] reading manifest file '../../build/py_pkg/py_pkg.egg-info/SOURCES.txt'
[1.160s] adding license file 'LICENSE'
[1.161s] writing manifest file '../../build/py_pkg/py_pkg.egg-info/SOURCES.txt'
[1.161s] running build
[1.161s] running build_py
[1.161s] copying py_pkg/client_sumServer.py -> /home/lucifer/humble_ws/study_ws/build/py_pkg/build/lib/py_pkg
[1.161s] copying py_pkg/sum_server.py -> /home/lucifer/humble_ws/study_ws/build/py_pkg/build/lib/py_pkg
[1.162s] running install
[1.162s] running install_lib
[1.163s] copying /home/lucifer/humble_ws/study_ws/build/py_pkg/build/lib/py_pkg/client_sumServer.py -> /home/lucifer/humble_ws/study_ws/install/py_pkg/lib/python3.10/site-packages/py_pkg
[1.163s] copying /home/lucifer/humble_ws/study_ws/build/py_pkg/build/lib/py_pkg/sum_server.py -> /home/lucifer/humble_ws/study_ws/install/py_pkg/lib/python3.10/site-packages/py_pkg
[1.164s] byte-compiling /home/lucifer/humble_ws/study_ws/install/py_pkg/lib/python3.10/site-packages/py_pkg/client_sumServer.py to client_sumServer.cpython-310.pyc
[1.165s] byte-compiling /home/lucifer/humble_ws/study_ws/install/py_pkg/lib/python3.10/site-packages/py_pkg/sum_server.py to sum_server.cpython-310.pyc
[1.165s] running install_data
[1.165s] running install_egg_info
[1.167s] removing '/home/lucifer/humble_ws/study_ws/install/py_pkg/lib/python3.10/site-packages/py_pkg-0.0.0-py3.10.egg-info' (and everything under it)
[1.167s] Copying ../../build/py_pkg/py_pkg.egg-info to /home/lucifer/humble_ws/study_ws/install/py_pkg/lib/python3.10/site-packages/py_pkg-0.0.0-py3.10.egg-info
[1.168s] running install_scripts
[1.188s] Installing addTwoInt_noop script to /home/lucifer/humble_ws/study_ws/install/py_pkg/lib/py_pkg
[1.188s] Installing client_sumServerNode script to /home/lucifer/humble_ws/study_ws/install/py_pkg/lib/py_pkg
[1.188s] Installing news_station script to /home/lucifer/humble_ws/study_ws/install/py_pkg/lib/py_pkg
[1.188s] Installing py_node script to /home/lucifer/humble_ws/study_ws/install/py_pkg/lib/py_pkg
[1.188s] Installing radio script to /home/lucifer/humble_ws/study_ws/install/py_pkg/lib/py_pkg
[1.188s] Installing sum_server script to /home/lucifer/humble_ws/study_ws/install/py_pkg/lib/py_pkg
[1.188s] writing list of installed files to '/home/lucifer/humble_ws/study_ws/build/py_pkg/install.log'
[1.212s] Invoked command in '/home/lucifer/humble_ws/study_ws/src/py_pkg' returned '0': PYTHONPATH=/home/lucifer/humble_ws/study_ws/build/py_pkg/prefix_override:/usr/lib/python3/dist-packages/colcon_core/task/python/colcon_distutils_commands:/home/lucifer/humble_ws/study_ws/install/py_pkg/lib/python3.10/site-packages:${PYTHONPATH} /usr/bin/python3 -W ignore:setup.py install is deprecated setup.py egg_info --egg-base ../../build/py_pkg build --build-base /home/lucifer/humble_ws/study_ws/build/py_pkg/build install --record /home/lucifer/humble_ws/study_ws/build/py_pkg/install.log --single-version-externally-managed install_data
