[0.012s] Invoking command in '/home/lucifer/humble_ws/study_ws/build/cpp_pkg': CMAKE_PREFIX_PATH=${CMAKE_PREFIX_PATH}:/home/lucifer/humble_ws/study_ws/install/py_pkg:/opt/ros/humble /usr/bin/cmake --build /home/lucifer/humble_ws/study_ws/build/cpp_pkg -- -j8 -l8
[0.065s] [35m[1mConsolidate compiler generated dependencies of target client_sumServer[0m
[0.084s] [ 16%] Built target radio
[0.085s] [ 33%] Built target cpp_node
[0.085s] [ 50%] Built target news_station
[0.086s] [ 66%] Built target NumberCounter
[0.088s] [ 83%] Built target NumberPublisher
[0.094s] [ 91%] [32mBuilding CXX object CMakeFiles/client_sumServer.dir/src/client_sumServer_noop.cpp.o[0m
[2.753s] [01m[K/home/lucifer/humble_ws/study_ws/src/cpp_pkg/src/client_sumServer_noop.cpp:[m[K In function ‘[01m[Kint main(int, char**)[m[K’:
[2.753s] [01m[K/home/lucifer/humble_ws/study_ws/src/cpp_pkg/src/client_sumServer_noop.cpp:9:42:[m[K [01;31m[Kerror: [m[K‘[01m[Knode[m[K’ is not a member of ‘[01m[Krclcpp[m[K’; did you mean ‘[01m[KNode[m[K’?
[2.753s]     9 |     auto node = std::make_shared<rclcpp::[01;31m[Knode[m[K>("add_two_ints_noop");
[2.753s]       |                                          [01;31m[K^~~~[m[K
[2.754s]       |                                          [32m[KNode[m[K
[2.754s] [01m[K/home/lucifer/humble_ws/study_ws/src/cpp_pkg/src/client_sumServer_noop.cpp:9:47:[m[K [01;31m[Kerror: [m[Kno matching function for call to ‘[01m[Kmake_shared<<expression error> >(const char [18])[m[K’
[2.754s]     9 |     auto node = [01;31m[Kstd::make_shared<rclcpp::node>("add_two_ints_noop")[m[K;
[2.754s]       |                 [01;31m[K~~~~~~~~~~~~~~~~~~~~~~~~~~~~~~^~~~~~~~~~~~~~~~~~~~~[m[K
[2.754s] In file included from [01m[K/usr/include/c++/11/memory:77[m[K,
[2.754s]                  from [01m[K/opt/ros/humble/include/rclcpp/rclcpp/rclcpp.hpp:153[m[K,
[2.754s]                  from [01m[K/home/lucifer/humble_ws/study_ws/src/cpp_pkg/src/client_sumServer_noop.cpp:1[m[K:
[2.755s] [01m[K/usr/include/c++/11/bits/shared_ptr.h:875:5:[m[K [01;36m[Knote: [m[Kcandidate: ‘[01m[Ktemplate<class _Tp, class ... _Args> std::shared_ptr<_Tp> std::make_shared(_Args&& ...)[m[K’
[2.755s]   875 |     [01;36m[Kmake_shared[m[K(_Args&&... __args)
[2.755s]       |     [01;36m[K^~~~~~~~~~~[m[K
[2.755s] [01m[K/usr/include/c++/11/bits/shared_ptr.h:875:5:[m[K [01;36m[Knote: [m[K  template argument deduction/substitution failed:
[2.755s] [01m[K/home/lucifer/humble_ws/study_ws/src/cpp_pkg/src/client_sumServer_noop.cpp:9:47:[m[K [01;31m[Kerror: [m[Ktemplate argument 1 is invalid
[2.755s]     9 |     auto node = [01;31m[Kstd::make_shared<rclcpp::node>("add_two_ints_noop")[m[K;
[2.755s]       |                 [01;31m[K~~~~~~~~~~~~~~~~~~~~~~~~~~~~~~^~~~~~~~~~~~~~~~~~~~~[m[K
[2.755s] [01m[K/home/lucifer/humble_ws/study_ws/src/cpp_pkg/src/client_sumServer_noop.cpp:11:74:[m[K [01;31m[Kerror: [m[Kexpected primary-expression before ‘[01m[K>[m[K’ token
[2.755s]    11 |     auto client = node->create_client<example_interfaces::srv::AddTwoInts[01;31m[K>[m[K("add_two_ints");
[2.756s]       |                                                                          [01;31m[K^[m[K
[2.756s] In file included from [01m[K/opt/ros/humble/include/rclcpp/rclcpp/client.hpp:40[m[K,
[2.756s]                  from [01m[K/opt/ros/humble/include/rclcpp/rclcpp/callback_group.hpp:24[m[K,
[2.756s]                  from [01m[K/opt/ros/humble/include/rclcpp/rclcpp/any_executable.hpp:20[m[K,
[2.756s]                  from [01m[K/opt/ros/humble/include/rclcpp/rclcpp/memory_strategy.hpp:25[m[K,
[2.756s]                  from [01m[K/opt/ros/humble/include/rclcpp/rclcpp/memory_strategies.hpp:18[m[K,
[2.756s]                  from [01m[K/opt/ros/humble/include/rclcpp/rclcpp/executor_options.hpp:20[m[K,
[2.756s]                  from [01m[K/opt/ros/humble/include/rclcpp/rclcpp/executor.hpp:37[m[K,
[2.757s]                  from [01m[K/opt/ros/humble/include/rclcpp/rclcpp/executors/multi_threaded_executor.hpp:25[m[K,
[2.757s]                  from [01m[K/opt/ros/humble/include/rclcpp/rclcpp/executors.hpp:21[m[K,
[2.757s]                  from [01m[K/opt/ros/humble/include/rclcpp/rclcpp/rclcpp.hpp:155[m[K,
[2.757s]                  from [01m[K/home/lucifer/humble_ws/study_ws/src/cpp_pkg/src/client_sumServer_noop.cpp:1[m[K:
[2.757s] [01m[K/home/lucifer/humble_ws/study_ws/src/cpp_pkg/src/client_sumServer_noop.cpp:14:13:[m[K [01;31m[Kerror: [m[Ktemplate argument 1 is invalid
[2.757s]    14 |             [01;31m[KRCLCPP_ERROR[m[K(node->get_logger(), "Interruped while waiting for the server.");
[2.757s]       |             [01;31m[K^~~~~~~~~~~~[m[K
[2.758s] [01m[K/home/lucifer/humble_ws/study_ws/src/cpp_pkg/src/client_sumServer_noop.cpp:14:13:[m[K [01;31m[Kerror: [m[Ktemplate argument 1 is invalid
[2.758s]    14 |             [01;31m[KRCLCPP_ERROR[m[K(node->get_logger(), "Interruped while waiting for the server.");
[2.758s]       |             [01;31m[K^~~~~~~~~~~~[m[K
[2.758s] [01m[K/home/lucifer/humble_ws/study_ws/src/cpp_pkg/src/client_sumServer_noop.cpp:14:13:[m[K [01;31m[Kerror: [m[Ktemplate argument 1 is invalid
[2.758s]    14 |             [01;31m[KRCLCPP_ERROR[m[K(node->get_logger(), "Interruped while waiting for the server.");
[2.758s]       |             [01;31m[K^~~~~~~~~~~~[m[K
[2.759s] [01m[K/home/lucifer/humble_ws/study_ws/src/cpp_pkg/src/client_sumServer_noop.cpp:15:13:[m[K [01;31m[Kerror: [m[Kreturn-statement with no value, in function returning ‘[01m[Kint[m[K’ [[01;31m[K]8;;https://gcc.gnu.org/onlinedocs/gcc/Warning-Options.html#index-fpermissive-fpermissive]8;;[m[K]
[2.759s]    15 |             [01;31m[Kreturn[m[K;
[2.759s]       |             [01;31m[K^~~~~~[m[K
[2.759s] In file included from [01m[K/opt/ros/humble/include/rclcpp/rclcpp/client.hpp:40[m[K,
[2.759s]                  from [01m[K/opt/ros/humble/include/rclcpp/rclcpp/callback_group.hpp:24[m[K,
[2.759s]                  from [01m[K/opt/ros/humble/include/rclcpp/rclcpp/any_executable.hpp:20[m[K,
[2.759s]                  from [01m[K/opt/ros/humble/include/rclcpp/rclcpp/memory_strategy.hpp:25[m[K,
[2.760s]                  from [01m[K/opt/ros/humble/include/rclcpp/rclcpp/memory_strategies.hpp:18[m[K,
[2.760s]                  from [01m[K/opt/ros/humble/include/rclcpp/rclcpp/executor_options.hpp:20[m[K,
[2.760s]                  from [01m[K/opt/ros/humble/include/rclcpp/rclcpp/executor.hpp:37[m[K,
[2.760s]                  from [01m[K/opt/ros/humble/include/rclcpp/rclcpp/executors/multi_threaded_executor.hpp:25[m[K,
[2.760s]                  from [01m[K/opt/ros/humble/include/rclcpp/rclcpp/executors.hpp:21[m[K,
[2.760s]                  from [01m[K/opt/ros/humble/include/rclcpp/rclcpp/rclcpp.hpp:155[m[K,
[2.760s]                  from [01m[K/home/lucifer/humble_ws/study_ws/src/cpp_pkg/src/client_sumServer_noop.cpp:1[m[K:
[2.760s] [01m[K/home/lucifer/humble_ws/study_ws/src/cpp_pkg/src/client_sumServer_noop.cpp:17:9:[m[K [01;31m[Kerror: [m[Ktemplate argument 1 is invalid
[2.760s]    17 |         [01;31m[KRCLCPP_WARN[m[K(node->get_logger(), "Server not available...");
[2.761s]       |         [01;31m[K^~~~~~~~~~~[m[K
[2.761s] [01m[K/home/lucifer/humble_ws/study_ws/src/cpp_pkg/src/client_sumServer_noop.cpp:17:9:[m[K [01;31m[Kerror: [m[Ktemplate argument 1 is invalid
[2.761s]    17 |         [01;31m[KRCLCPP_WARN[m[K(node->get_logger(), "Server not available...");
[2.761s]       |         [01;31m[K^~~~~~~~~~~[m[K
[2.761s] [01m[K/home/lucifer/humble_ws/study_ws/src/cpp_pkg/src/client_sumServer_noop.cpp:17:9:[m[K [01;31m[Kerror: [m[Ktemplate argument 1 is invalid
[2.761s]    17 |         [01;31m[KRCLCPP_WARN[m[K(node->get_logger(), "Server not available...");
[2.761s]       |         [01;31m[K^~~~~~~~~~~[m[K
[2.762s] [01m[K/home/lucifer/humble_ws/study_ws/src/cpp_pkg/src/client_sumServer_noop.cpp:25:69:[m[K [01;31m[Kerror: [m[K‘[01m[Krclcpp::executor[m[K’ has not been declared
[2.762s]    25 |     if (rclcpp::spin_until_future_complete(node, future) == rclcpp::[01;31m[Kexecutor[m[K::FutureReturnCode::SUCCESS)
[2.762s]       |                                                                     [01;31m[K^~~~~~~~[m[K
[2.762s] In file included from [01m[K/opt/ros/humble/include/rclcpp/rclcpp/client.hpp:40[m[K,
[2.762s]                  from [01m[K/opt/ros/humble/include/rclcpp/rclcpp/callback_group.hpp:24[m[K,
[2.762s]                  from [01m[K/opt/ros/humble/include/rclcpp/rclcpp/any_executable.hpp:20[m[K,
[2.762s]                  from [01m[K/opt/ros/humble/include/rclcpp/rclcpp/memory_strategy.hpp:25[m[K,
[2.762s]                  from [01m[K/opt/ros/humble/include/rclcpp/rclcpp/memory_strategies.hpp:18[m[K,
[2.763s]                  from [01m[K/opt/ros/humble/include/rclcpp/rclcpp/executor_options.hpp:20[m[K,
[2.763s]                  from [01m[K/opt/ros/humble/include/rclcpp/rclcpp/executor.hpp:37[m[K,
[2.763s]                  from [01m[K/opt/ros/humble/include/rclcpp/rclcpp/executors/multi_threaded_executor.hpp:25[m[K,
[2.763s]                  from [01m[K/opt/ros/humble/include/rclcpp/rclcpp/executors.hpp:21[m[K,
[2.763s]                  from [01m[K/opt/ros/humble/include/rclcpp/rclcpp/rclcpp.hpp:155[m[K,
[2.763s]                  from [01m[K/home/lucifer/humble_ws/study_ws/src/cpp_pkg/src/client_sumServer_noop.cpp:1[m[K:
[2.763s] [01m[K/home/lucifer/humble_ws/study_ws/src/cpp_pkg/src/client_sumServer_noop.cpp:27:9:[m[K [01;31m[Kerror: [m[Ktemplate argument 1 is invalid
[2.763s]    27 |         [01;31m[KRCLCPP_INFO[m[K(node->get_logger(), "%d + %d = %d", request->a, request->b, future.get()->sum);
[2.764s]       |         [01;31m[K^~~~~~~~~~~[m[K
[2.764s] [01m[K/home/lucifer/humble_ws/study_ws/src/cpp_pkg/src/client_sumServer_noop.cpp:27:9:[m[K [01;31m[Kerror: [m[Ktemplate argument 1 is invalid
[2.764s]    27 |         [01;31m[KRCLCPP_INFO[m[K(node->get_logger(), "%d + %d = %d", request->a, request->b, future.get()->sum);
[2.764s]       |         [01;31m[K^~~~~~~~~~~[m[K
[2.764s] [01m[K/home/lucifer/humble_ws/study_ws/src/cpp_pkg/src/client_sumServer_noop.cpp:27:9:[m[K [01;31m[Kerror: [m[Ktemplate argument 1 is invalid
[2.764s]    27 |         [01;31m[KRCLCPP_INFO[m[K(node->get_logger(), "%d + %d = %d", request->a, request->b, future.get()->sum);
[2.764s]       |         [01;31m[K^~~~~~~~~~~[m[K
[2.764s] [01m[K/home/lucifer/humble_ws/study_ws/src/cpp_pkg/src/client_sumServer_noop.cpp:31:9:[m[K [01;31m[Kerror: [m[Ktemplate argument 1 is invalid
[2.765s]    31 |         [01;31m[KRCLCPP_ERROR[m[K(node->get_logger(), "Error While Calling Service..");
[2.765s]       |         [01;31m[K^~~~~~~~~~~~[m[K
[2.765s] [01m[K/home/lucifer/humble_ws/study_ws/src/cpp_pkg/src/client_sumServer_noop.cpp:31:9:[m[K [01;31m[Kerror: [m[Ktemplate argument 1 is invalid
[2.765s]    31 |         [01;31m[KRCLCPP_ERROR[m[K(node->get_logger(), "Error While Calling Service..");
[2.765s]       |         [01;31m[K^~~~~~~~~~~~[m[K
[2.765s] [01m[K/home/lucifer/humble_ws/study_ws/src/cpp_pkg/src/client_sumServer_noop.cpp:31:9:[m[K [01;31m[Kerror: [m[Ktemplate argument 1 is invalid
[2.765s]    31 |         [01;31m[KRCLCPP_ERROR[m[K(node->get_logger(), "Error While Calling Service..");
[2.765s]       |         [01;31m[K^~~~~~~~~~~~[m[K
[3.253s] gmake[2]: *** [CMakeFiles/client_sumServer.dir/build.make:76: CMakeFiles/client_sumServer.dir/src/client_sumServer_noop.cpp.o] Error 1
[3.253s] gmake[1]: *** [CMakeFiles/Makefile2:277: CMakeFiles/client_sumServer.dir/all] Error 2
[3.253s] gmake: *** [Makefile:146: all] Error 2
[3.256s] Invoked command in '/home/lucifer/humble_ws/study_ws/build/cpp_pkg' returned '2': CMAKE_PREFIX_PATH=${CMAKE_PREFIX_PATH}:/home/lucifer/humble_ws/study_ws/install/py_pkg:/opt/ros/humble /usr/bin/cmake --build /home/lucifer/humble_ws/study_ws/build/cpp_pkg -- -j8 -l8
