[0.831s] Invoking command in '/home/lucifer/humble_ws/study_ws/src/py_pkg': PYTHONPATH=/home/lucifer/humble_ws/study_ws/build/py_pkg/prefix_override:/usr/lib/python3/dist-packages/colcon_core/task/python/colcon_distutils_commands:/home/lucifer/humble_ws/study_ws/install/py_pkg/lib/python3.10/site-packages:${PYTHONPATH} /usr/bin/python3 -W ignore:setup.py install is deprecated setup.py egg_info --egg-base ../../build/py_pkg build --build-base /home/lucifer/humble_ws/study_ws/build/py_pkg/build install --record /home/lucifer/humble_ws/study_ws/build/py_pkg/install.log --single-version-externally-managed install_data
[1.136s] running egg_info
[1.138s] creating ../../build/py_pkg/py_pkg.egg-info
[1.139s] writing ../../build/py_pkg/py_pkg.egg-info/PKG-INFO
[1.139s] writing dependency_links to ../../build/py_pkg/py_pkg.egg-info/dependency_links.txt
[1.139s] writing entry points to ../../build/py_pkg/py_pkg.egg-info/entry_points.txt
[1.139s] writing requirements to ../../build/py_pkg/py_pkg.egg-info/requires.txt
[1.140s] writing top-level names to ../../build/py_pkg/py_pkg.egg-info/top_level.txt
[1.140s] writing manifest file '../../build/py_pkg/py_pkg.egg-info/SOURCES.txt'
[1.143s] reading manifest file '../../build/py_pkg/py_pkg.egg-info/SOURCES.txt'
[1.143s] adding license file 'LICENSE'
[1.144s] writing manifest file '../../build/py_pkg/py_pkg.egg-info/SOURCES.txt'
[1.144s] running build
[1.144s] running build_py
[1.145s] creating /home/lucifer/humble_ws/study_ws/build/py_pkg/build
[1.145s] creating /home/lucifer/humble_ws/study_ws/build/py_pkg/build/lib
[1.145s] creating /home/lucifer/humble_ws/study_ws/build/py_pkg/build/lib/py_pkg
[1.145s] copying py_pkg/__init__.py -> /home/lucifer/humble_ws/study_ws/build/py_pkg/build/lib/py_pkg
[1.145s] running install
[1.145s] running install_lib
[1.147s] creating /home/lucifer/humble_ws/study_ws/install/py_pkg/lib/python3.10/site-packages/py_pkg
[1.147s] copying /home/lucifer/humble_ws/study_ws/build/py_pkg/build/lib/py_pkg/__init__.py -> /home/lucifer/humble_ws/study_ws/install/py_pkg/lib/python3.10/site-packages/py_pkg
[1.147s] byte-compiling /home/lucifer/humble_ws/study_ws/install/py_pkg/lib/python3.10/site-packages/py_pkg/__init__.py to __init__.cpython-310.pyc
[1.148s] running install_data
[1.148s] creating /home/lucifer/humble_ws/study_ws/install/py_pkg/share/ament_index
[1.148s] creating /home/lucifer/humble_ws/study_ws/install/py_pkg/share/ament_index/resource_index
[1.148s] creating /home/lucifer/humble_ws/study_ws/install/py_pkg/share/ament_index/resource_index/packages
[1.149s] copying resource/py_pkg -> /home/lucifer/humble_ws/study_ws/install/py_pkg/share/ament_index/resource_index/packages
[1.149s] copying package.xml -> /home/lucifer/humble_ws/study_ws/install/py_pkg/share/py_pkg
[1.149s] running install_egg_info
[1.151s] Copying ../../build/py_pkg/py_pkg.egg-info to /home/lucifer/humble_ws/study_ws/install/py_pkg/lib/python3.10/site-packages/py_pkg-0.0.0-py3.10.egg-info
[1.153s] running install_scripts
[1.182s] writing list of installed files to '/home/lucifer/humble_ws/study_ws/build/py_pkg/install.log'
[1.214s] Invoked command in '/home/lucifer/humble_ws/study_ws/src/py_pkg' returned '0': PYTHONPATH=/home/lucifer/humble_ws/study_ws/build/py_pkg/prefix_override:/usr/lib/python3/dist-packages/colcon_core/task/python/colcon_distutils_commands:/home/lucifer/humble_ws/study_ws/install/py_pkg/lib/python3.10/site-packages:${PYTHONPATH} /usr/bin/python3 -W ignore:setup.py install is deprecated setup.py egg_info --egg-base ../../build/py_pkg build --build-base /home/lucifer/humble_ws/study_ws/build/py_pkg/build install --record /home/lucifer/humble_ws/study_ws/build/py_pkg/install.log --single-version-externally-managed install_data
