[0.653s] Invoking command in '/home/lucifer/humble_ws/study_ws/build/py_pkg': PYTHONPATH=/home/lucifer/humble_ws/study_ws/build/py_pkg/prefix_override:/usr/lib/python3/dist-packages/colcon_core/task/python/colcon_distutils_commands:/home/lucifer/humble_ws/study_ws/install/py_pkg/lib/python3.10/site-packages:${PYTHONPATH} /usr/bin/python3 -W ignore:setup.py install is deprecated setup.py develop --editable --build-directory /home/lucifer/humble_ws/study_ws/build/py_pkg/build --no-deps symlink_data --force
[0.927s] running develop
[0.927s] /usr/lib/python3/dist-packages/setuptools/command/easy_install.py:158: EasyInstallDeprecationWarning: easy_install command is deprecated. Use build and pip and other standards-based tools.
[0.927s]   warnings.warn(
[1.104s] running egg_info
[1.104s] writing py_pkg.egg-info/PKG-INFO
[1.104s] writing dependency_links to py_pkg.egg-info/dependency_links.txt
[1.104s] writing entry points to py_pkg.egg-info/entry_points.txt
[1.104s] writing requirements to py_pkg.egg-info/requires.txt
[1.105s] writing top-level names to py_pkg.egg-info/top_level.txt
[1.106s] reading manifest file 'py_pkg.egg-info/SOURCES.txt'
[1.107s] writing manifest file 'py_pkg.egg-info/SOURCES.txt'
[1.108s] running build_ext
[1.108s] Creating /home/lucifer/humble_ws/study_ws/install/py_pkg/lib/python3.10/site-packages/py-pkg.egg-link (link to .)
[1.109s] Installing py_node script to /home/lucifer/humble_ws/study_ws/install/py_pkg/lib/py_pkg
[1.109s] 
[1.109s] Installed /home/lucifer/humble_ws/study_ws/build/py_pkg
[1.109s] running symlink_data
[1.110s] symbolically linking /home/lucifer/humble_ws/study_ws/build/py_pkg/resource/py_pkg -> /home/lucifer/humble_ws/study_ws/install/py_pkg/share/ament_index/resource_index/packages
[1.110s] symbolically linking /home/lucifer/humble_ws/study_ws/build/py_pkg/package.xml -> /home/lucifer/humble_ws/study_ws/install/py_pkg/share/py_pkg
[1.136s] Invoked command in '/home/lucifer/humble_ws/study_ws/build/py_pkg' returned '0': PYTHONPATH=/home/lucifer/humble_ws/study_ws/build/py_pkg/prefix_override:/usr/lib/python3/dist-packages/colcon_core/task/python/colcon_distutils_commands:/home/lucifer/humble_ws/study_ws/install/py_pkg/lib/python3.10/site-packages:${PYTHONPATH} /usr/bin/python3 -W ignore:setup.py install is deprecated setup.py develop --editable --build-directory /home/lucifer/humble_ws/study_ws/build/py_pkg/build --no-deps symlink_data --force
