[0.100s] DEBUG:colcon:Command line arguments: ['/usr/bin/colcon', 'build']
[0.100s] DEBUG:colcon:Parsed command line arguments: Namespace(log_base=None, log_level=None, verb_name='build', build_base='build', install_base='install', merge_install=False, symlink_install=False, test_result_base=None, continue_on_error=False, executor='parallel', parallel_workers=8, event_handlers=None, ignore_user_meta=False, metas=['./colcon.meta'], base_paths=['.'], packages_ignore=None, packages_ignore_regex=None, paths=None, packages_up_to=None, packages_up_to_regex=None, packages_above=None, packages_above_and_dependencies=None, packages_above_depth=None, packages_select_by_dep=None, packages_skip_by_dep=None, packages_skip_up_to=None, packages_select_build_failed=False, packages_skip_build_finished=False, packages_select_test_failures=False, packages_skip_test_passed=False, packages_select=None, packages_skip=None, packages_select_regex=None, packages_skip_regex=None, packages_start=None, packages_end=None, allow_overriding=[], cmake_args=None, cmake_target=None, cmake_target_skip_unavailable=False, cmake_clean_cache=False, cmake_clean_first=False, cmake_force_configure=False, ament_cmake_args=None, catkin_cmake_args=None, catkin_skip_building_tests=False, verb_parser=<colcon_defaults.argument_parser.defaults.DefaultArgumentsDecorator object at 0x79904ac358a0>, verb_extension=<colcon_core.verb.build.BuildVerb object at 0x79904adab160>, main=<bound method BuildVerb.main of <colcon_core.verb.build.BuildVerb object at 0x79904adab160>>)
[0.253s] Level 1:colcon.colcon_core.package_discovery:discover_packages(colcon_meta) check parameters
[0.253s] Level 1:colcon.colcon_core.package_discovery:discover_packages(recursive) check parameters
[0.253s] Level 1:colcon.colcon_core.package_discovery:discover_packages(ignore) check parameters
[0.253s] Level 1:colcon.colcon_core.package_discovery:discover_packages(path) check parameters
[0.253s] Level 1:colcon.colcon_core.package_discovery:discover_packages(colcon_meta) discover
[0.253s] Level 1:colcon.colcon_core.package_discovery:discover_packages(recursive) discover
[0.254s] INFO:colcon.colcon_core.package_discovery:Crawling recursively for packages in '/home/lucifer/humble_ws/study_ws'
[0.254s] Level 1:colcon.colcon_core.package_identification:_identify(.) by extensions ['ignore', 'ignore_ament_install']
[0.254s] Level 1:colcon.colcon_core.package_identification:_identify(.) by extension 'ignore'
[0.254s] Level 1:colcon.colcon_core.package_identification:_identify(.) by extension 'ignore_ament_install'
[0.254s] Level 1:colcon.colcon_core.package_identification:_identify(.) by extensions ['colcon_pkg']
[0.254s] Level 1:colcon.colcon_core.package_identification:_identify(.) by extension 'colcon_pkg'
[0.254s] Level 1:colcon.colcon_core.package_identification:_identify(.) by extensions ['colcon_meta']
[0.254s] Level 1:colcon.colcon_core.package_identification:_identify(.) by extension 'colcon_meta'
[0.254s] Level 1:colcon.colcon_core.package_identification:_identify(.) by extensions ['ros']
[0.254s] Level 1:colcon.colcon_core.package_identification:_identify(.) by extension 'ros'
[0.264s] Level 1:colcon.colcon_core.package_identification:_identify(.) by extensions ['cmake', 'python']
[0.264s] Level 1:colcon.colcon_core.package_identification:_identify(.) by extension 'cmake'
[0.264s] Level 1:colcon.colcon_core.package_identification:_identify(.) by extension 'python'
[0.264s] Level 1:colcon.colcon_core.package_identification:_identify(.) by extensions ['python_setup_py']
[0.264s] Level 1:colcon.colcon_core.package_identification:_identify(.) by extension 'python_setup_py'
[0.264s] Level 1:colcon.colcon_core.package_identification:_identify(build) by extensions ['ignore', 'ignore_ament_install']
[0.264s] Level 1:colcon.colcon_core.package_identification:_identify(build) by extension 'ignore'
[0.264s] Level 1:colcon.colcon_core.package_identification:_identify(build) ignored
[0.264s] Level 1:colcon.colcon_core.package_identification:_identify(install) by extensions ['ignore', 'ignore_ament_install']
[0.264s] Level 1:colcon.colcon_core.package_identification:_identify(install) by extension 'ignore'
[0.264s] Level 1:colcon.colcon_core.package_identification:_identify(install) ignored
[0.265s] Level 1:colcon.colcon_core.package_identification:_identify(log) by extensions ['ignore', 'ignore_ament_install']
[0.265s] Level 1:colcon.colcon_core.package_identification:_identify(log) by extension 'ignore'
[0.265s] Level 1:colcon.colcon_core.package_identification:_identify(log) ignored
[0.265s] Level 1:colcon.colcon_core.package_identification:_identify(src) by extensions ['ignore', 'ignore_ament_install']
[0.265s] Level 1:colcon.colcon_core.package_identification:_identify(src) by extension 'ignore'
[0.265s] Level 1:colcon.colcon_core.package_identification:_identify(src) by extension 'ignore_ament_install'
[0.265s] Level 1:colcon.colcon_core.package_identification:_identify(src) by extensions ['colcon_pkg']
[0.265s] Level 1:colcon.colcon_core.package_identification:_identify(src) by extension 'colcon_pkg'
[0.265s] Level 1:colcon.colcon_core.package_identification:_identify(src) by extensions ['colcon_meta']
[0.265s] Level 1:colcon.colcon_core.package_identification:_identify(src) by extension 'colcon_meta'
[0.265s] Level 1:colcon.colcon_core.package_identification:_identify(src) by extensions ['ros']
[0.265s] Level 1:colcon.colcon_core.package_identification:_identify(src) by extension 'ros'
[0.265s] Level 1:colcon.colcon_core.package_identification:_identify(src) by extensions ['cmake', 'python']
[0.265s] Level 1:colcon.colcon_core.package_identification:_identify(src) by extension 'cmake'
[0.265s] Level 1:colcon.colcon_core.package_identification:_identify(src) by extension 'python'
[0.265s] Level 1:colcon.colcon_core.package_identification:_identify(src) by extensions ['python_setup_py']
[0.265s] Level 1:colcon.colcon_core.package_identification:_identify(src) by extension 'python_setup_py'
[0.265s] Level 1:colcon.colcon_core.package_identification:_identify(src/cpp_pkg) by extensions ['ignore', 'ignore_ament_install']
[0.265s] Level 1:colcon.colcon_core.package_identification:_identify(src/cpp_pkg) by extension 'ignore'
[0.265s] Level 1:colcon.colcon_core.package_identification:_identify(src/cpp_pkg) by extension 'ignore_ament_install'
[0.265s] Level 1:colcon.colcon_core.package_identification:_identify(src/cpp_pkg) by extensions ['colcon_pkg']
[0.266s] Level 1:colcon.colcon_core.package_identification:_identify(src/cpp_pkg) by extension 'colcon_pkg'
[0.266s] Level 1:colcon.colcon_core.package_identification:_identify(src/cpp_pkg) by extensions ['colcon_meta']
[0.266s] Level 1:colcon.colcon_core.package_identification:_identify(src/cpp_pkg) by extension 'colcon_meta'
[0.266s] Level 1:colcon.colcon_core.package_identification:_identify(src/cpp_pkg) by extensions ['ros']
[0.266s] Level 1:colcon.colcon_core.package_identification:_identify(src/cpp_pkg) by extension 'ros'
[0.268s] DEBUG:colcon.colcon_core.package_identification:Package 'src/cpp_pkg' with type 'ros.ament_cmake' and name 'cpp_pkg'
[0.268s] Level 1:colcon.colcon_core.package_identification:_identify(src/irobot_interfaces) by extensions ['ignore', 'ignore_ament_install']
[0.268s] Level 1:colcon.colcon_core.package_identification:_identify(src/irobot_interfaces) by extension 'ignore'
[0.268s] Level 1:colcon.colcon_core.package_identification:_identify(src/irobot_interfaces) by extension 'ignore_ament_install'
[0.268s] Level 1:colcon.colcon_core.package_identification:_identify(src/irobot_interfaces) by extensions ['colcon_pkg']
[0.268s] Level 1:colcon.colcon_core.package_identification:_identify(src/irobot_interfaces) by extension 'colcon_pkg'
[0.268s] Level 1:colcon.colcon_core.package_identification:_identify(src/irobot_interfaces) by extensions ['colcon_meta']
[0.268s] Level 1:colcon.colcon_core.package_identification:_identify(src/irobot_interfaces) by extension 'colcon_meta'
[0.268s] Level 1:colcon.colcon_core.package_identification:_identify(src/irobot_interfaces) by extensions ['ros']
[0.268s] Level 1:colcon.colcon_core.package_identification:_identify(src/irobot_interfaces) by extension 'ros'
[0.269s] DEBUG:colcon.colcon_core.package_identification:Package 'src/irobot_interfaces' with type 'ros.ament_cmake' and name 'irobot_interfaces'
[0.269s] Level 1:colcon.colcon_core.package_identification:_identify(src/py_pkg) by extensions ['ignore', 'ignore_ament_install']
[0.269s] Level 1:colcon.colcon_core.package_identification:_identify(src/py_pkg) by extension 'ignore'
[0.269s] Level 1:colcon.colcon_core.package_identification:_identify(src/py_pkg) by extension 'ignore_ament_install'
[0.269s] Level 1:colcon.colcon_core.package_identification:_identify(src/py_pkg) by extensions ['colcon_pkg']
[0.269s] Level 1:colcon.colcon_core.package_identification:_identify(src/py_pkg) by extension 'colcon_pkg'
[0.269s] Level 1:colcon.colcon_core.package_identification:_identify(src/py_pkg) by extensions ['colcon_meta']
[0.269s] Level 1:colcon.colcon_core.package_identification:_identify(src/py_pkg) by extension 'colcon_meta'
[0.269s] Level 1:colcon.colcon_core.package_identification:_identify(src/py_pkg) by extensions ['ros']
[0.269s] Level 1:colcon.colcon_core.package_identification:_identify(src/py_pkg) by extension 'ros'
[0.270s] DEBUG:colcon.colcon_core.package_identification:Package 'src/py_pkg' with type 'ros.ament_python' and name 'py_pkg'
[0.270s] Level 1:colcon.colcon_core.package_discovery:discover_packages(recursive) using defaults
[0.270s] Level 1:colcon.colcon_core.package_discovery:discover_packages(ignore) discover
[0.270s] Level 1:colcon.colcon_core.package_discovery:discover_packages(ignore) using defaults
[0.270s] Level 1:colcon.colcon_core.package_discovery:discover_packages(path) discover
[0.270s] Level 1:colcon.colcon_core.package_discovery:discover_packages(path) using defaults
[0.288s] Level 1:colcon.colcon_core.package_discovery:discover_packages(prefix_path) check parameters
[0.288s] Level 1:colcon.colcon_core.package_discovery:discover_packages(prefix_path) discover
[0.289s] WARNING:colcon.colcon_ros.prefix_path.ament:The path '/home/lucifer/humble_ws/study_ws/install/py_pkg' in the environment variable AMENT_PREFIX_PATH doesn't exist
[0.289s] WARNING:colcon.colcon_ros.prefix_path.ament:The path '/home/lucifer/humble_ws/study_ws/install/cpp_pkg' in the environment variable AMENT_PREFIX_PATH doesn't exist
[0.289s] WARNING:colcon.colcon_ros.prefix_path.ament:The path '/home/lucifer/humble_ws/study_ws/install/irobot_interfaces' in the environment variable AMENT_PREFIX_PATH doesn't exist
[0.289s] WARNING:colcon.colcon_ros.prefix_path.catkin:The path '/home/lucifer/humble_ws/study_ws/install/cpp_pkg' in the environment variable CMAKE_PREFIX_PATH doesn't exist
[0.289s] WARNING:colcon.colcon_ros.prefix_path.catkin:The path '/home/lucifer/humble_ws/study_ws/install/irobot_interfaces' in the environment variable CMAKE_PREFIX_PATH doesn't exist
[0.290s] DEBUG:colcon.colcon_installed_package_information.package_discovery:Found 0 installed packages in /home/lucifer/humble_ws/study_ws/install
[0.291s] DEBUG:colcon.colcon_installed_package_information.package_discovery:Found 270 installed packages in /opt/ros/humble
[0.302s] Level 1:colcon.colcon_core.package_discovery:discover_packages(prefix_path) using defaults
[0.343s] Level 5:colcon.colcon_core.verb:set package 'irobot_interfaces' build argument 'cmake_args' from command line to 'None'
[0.344s] Level 5:colcon.colcon_core.verb:set package 'irobot_interfaces' build argument 'cmake_target' from command line to 'None'
[0.344s] Level 5:colcon.colcon_core.verb:set package 'irobot_interfaces' build argument 'cmake_target_skip_unavailable' from command line to 'False'
[0.344s] Level 5:colcon.colcon_core.verb:set package 'irobot_interfaces' build argument 'cmake_clean_cache' from command line to 'False'
[0.344s] Level 5:colcon.colcon_core.verb:set package 'irobot_interfaces' build argument 'cmake_clean_first' from command line to 'False'
[0.344s] Level 5:colcon.colcon_core.verb:set package 'irobot_interfaces' build argument 'cmake_force_configure' from command line to 'False'
[0.344s] Level 5:colcon.colcon_core.verb:set package 'irobot_interfaces' build argument 'ament_cmake_args' from command line to 'None'
[0.344s] Level 5:colcon.colcon_core.verb:set package 'irobot_interfaces' build argument 'catkin_cmake_args' from command line to 'None'
[0.344s] Level 5:colcon.colcon_core.verb:set package 'irobot_interfaces' build argument 'catkin_skip_building_tests' from command line to 'False'
[0.344s] DEBUG:colcon.colcon_core.verb:Building package 'irobot_interfaces' with the following arguments: {'ament_cmake_args': None, 'build_base': '/home/lucifer/humble_ws/study_ws/build/irobot_interfaces', 'catkin_cmake_args': None, 'catkin_skip_building_tests': False, 'cmake_args': None, 'cmake_clean_cache': False, 'cmake_clean_first': False, 'cmake_force_configure': False, 'cmake_target': None, 'cmake_target_skip_unavailable': False, 'install_base': '/home/lucifer/humble_ws/study_ws/install/irobot_interfaces', 'merge_install': False, 'path': '/home/lucifer/humble_ws/study_ws/src/irobot_interfaces', 'symlink_install': False, 'test_result_base': None}
[0.344s] Level 5:colcon.colcon_core.verb:set package 'cpp_pkg' build argument 'cmake_args' from command line to 'None'
[0.344s] Level 5:colcon.colcon_core.verb:set package 'cpp_pkg' build argument 'cmake_target' from command line to 'None'
[0.344s] Level 5:colcon.colcon_core.verb:set package 'cpp_pkg' build argument 'cmake_target_skip_unavailable' from command line to 'False'
[0.344s] Level 5:colcon.colcon_core.verb:set package 'cpp_pkg' build argument 'cmake_clean_cache' from command line to 'False'
[0.344s] Level 5:colcon.colcon_core.verb:set package 'cpp_pkg' build argument 'cmake_clean_first' from command line to 'False'
[0.344s] Level 5:colcon.colcon_core.verb:set package 'cpp_pkg' build argument 'cmake_force_configure' from command line to 'False'
[0.344s] Level 5:colcon.colcon_core.verb:set package 'cpp_pkg' build argument 'ament_cmake_args' from command line to 'None'
[0.344s] Level 5:colcon.colcon_core.verb:set package 'cpp_pkg' build argument 'catkin_cmake_args' from command line to 'None'
[0.344s] Level 5:colcon.colcon_core.verb:set package 'cpp_pkg' build argument 'catkin_skip_building_tests' from command line to 'False'
[0.344s] DEBUG:colcon.colcon_core.verb:Building package 'cpp_pkg' with the following arguments: {'ament_cmake_args': None, 'build_base': '/home/lucifer/humble_ws/study_ws/build/cpp_pkg', 'catkin_cmake_args': None, 'catkin_skip_building_tests': False, 'cmake_args': None, 'cmake_clean_cache': False, 'cmake_clean_first': False, 'cmake_force_configure': False, 'cmake_target': None, 'cmake_target_skip_unavailable': False, 'install_base': '/home/lucifer/humble_ws/study_ws/install/cpp_pkg', 'merge_install': False, 'path': '/home/lucifer/humble_ws/study_ws/src/cpp_pkg', 'symlink_install': False, 'test_result_base': None}
[0.345s] Level 5:colcon.colcon_core.verb:set package 'py_pkg' build argument 'cmake_args' from command line to 'None'
[0.345s] Level 5:colcon.colcon_core.verb:set package 'py_pkg' build argument 'cmake_target' from command line to 'None'
[0.345s] Level 5:colcon.colcon_core.verb:set package 'py_pkg' build argument 'cmake_target_skip_unavailable' from command line to 'False'
[0.345s] Level 5:colcon.colcon_core.verb:set package 'py_pkg' build argument 'cmake_clean_cache' from command line to 'False'
[0.345s] Level 5:colcon.colcon_core.verb:set package 'py_pkg' build argument 'cmake_clean_first' from command line to 'False'
[0.345s] Level 5:colcon.colcon_core.verb:set package 'py_pkg' build argument 'cmake_force_configure' from command line to 'False'
[0.345s] Level 5:colcon.colcon_core.verb:set package 'py_pkg' build argument 'ament_cmake_args' from command line to 'None'
[0.345s] Level 5:colcon.colcon_core.verb:set package 'py_pkg' build argument 'catkin_cmake_args' from command line to 'None'
[0.345s] Level 5:colcon.colcon_core.verb:set package 'py_pkg' build argument 'catkin_skip_building_tests' from command line to 'False'
[0.345s] DEBUG:colcon.colcon_core.verb:Building package 'py_pkg' with the following arguments: {'ament_cmake_args': None, 'build_base': '/home/lucifer/humble_ws/study_ws/build/py_pkg', 'catkin_cmake_args': None, 'catkin_skip_building_tests': False, 'cmake_args': None, 'cmake_clean_cache': False, 'cmake_clean_first': False, 'cmake_force_configure': False, 'cmake_target': None, 'cmake_target_skip_unavailable': False, 'install_base': '/home/lucifer/humble_ws/study_ws/install/py_pkg', 'merge_install': False, 'path': '/home/lucifer/humble_ws/study_ws/src/py_pkg', 'symlink_install': False, 'test_result_base': None}
[0.345s] INFO:colcon.colcon_core.executor:Executing jobs using 'parallel' executor
[0.346s] DEBUG:colcon.colcon_parallel_executor.executor.parallel:run_until_complete
[0.346s] INFO:colcon.colcon_ros.task.ament_cmake.build:Building ROS package in '/home/lucifer/humble_ws/study_ws/src/irobot_interfaces' with build type 'ament_cmake'
[0.346s] INFO:colcon.colcon_cmake.task.cmake.build:Building CMake package in '/home/lucifer/humble_ws/study_ws/src/irobot_interfaces'
[0.348s] INFO:colcon.colcon_core.plugin_system:Skipping extension 'colcon_core.shell.bat': Not used on non-Windows systems
[0.348s] INFO:colcon.colcon_core.shell:Skip shell extension 'powershell' for command environment: Not usable outside of PowerShell
[0.349s] DEBUG:colcon.colcon_core.shell:Skip shell extension 'dsv' for command environment
[0.357s] DEBUG:colcon.colcon_core.event_handler.log_command:Invoking command in '/home/lucifer/humble_ws/study_ws/build/irobot_interfaces': CMAKE_PREFIX_PATH=${CMAKE_PREFIX_PATH}:/home/lucifer/humble_ws/study_ws/install/py_pkg:/opt/ros/humble /usr/bin/cmake --build /home/lucifer/humble_ws/study_ws/build/irobot_interfaces -- -j8 -l8
[0.748s] DEBUG:colcon.colcon_core.event_handler.log_command:Invoked command in '/home/lucifer/humble_ws/study_ws/build/irobot_interfaces' returned '0': CMAKE_PREFIX_PATH=${CMAKE_PREFIX_PATH}:/home/lucifer/humble_ws/study_ws/install/py_pkg:/opt/ros/humble /usr/bin/cmake --build /home/lucifer/humble_ws/study_ws/build/irobot_interfaces -- -j8 -l8
[0.846s] DEBUG:colcon.colcon_core.event_handler.log_command:Invoking command in '/home/lucifer/humble_ws/study_ws/build/irobot_interfaces': CMAKE_PREFIX_PATH=${CMAKE_PREFIX_PATH}:/home/lucifer/humble_ws/study_ws/install/py_pkg:/opt/ros/humble /usr/bin/cmake --install /home/lucifer/humble_ws/study_ws/build/irobot_interfaces
[0.930s] Level 1:colcon.colcon_core.environment:create_environment_scripts_only(irobot_interfaces)
[0.930s] DEBUG:colcon.colcon_core.event_handler.log_command:Invoked command in '/home/lucifer/humble_ws/study_ws/build/irobot_interfaces' returned '0': CMAKE_PREFIX_PATH=${CMAKE_PREFIX_PATH}:/home/lucifer/humble_ws/study_ws/install/py_pkg:/opt/ros/humble /usr/bin/cmake --install /home/lucifer/humble_ws/study_ws/build/irobot_interfaces
[0.932s] Level 1:colcon.colcon_core.environment:checking '/home/lucifer/humble_ws/study_ws/install/irobot_interfaces' for CMake module files
[0.933s] Level 1:colcon.colcon_core.environment:checking '/home/lucifer/humble_ws/study_ws/install/irobot_interfaces' for CMake config files
[0.933s] Level 1:colcon.colcon_core.shell:create_environment_hook('irobot_interfaces', 'cmake_prefix_path')
[0.933s] INFO:colcon.colcon_core.shell:Creating environment hook '/home/lucifer/humble_ws/study_ws/install/irobot_interfaces/share/irobot_interfaces/hook/cmake_prefix_path.ps1'
[0.934s] INFO:colcon.colcon_core.shell:Creating environment descriptor '/home/lucifer/humble_ws/study_ws/install/irobot_interfaces/share/irobot_interfaces/hook/cmake_prefix_path.dsv'
[0.934s] INFO:colcon.colcon_core.shell:Creating environment hook '/home/lucifer/humble_ws/study_ws/install/irobot_interfaces/share/irobot_interfaces/hook/cmake_prefix_path.sh'
[0.935s] Level 1:colcon.colcon_core.environment:checking '/home/lucifer/humble_ws/study_ws/install/irobot_interfaces/lib'
[0.935s] Level 1:colcon.colcon_core.shell:create_environment_hook('irobot_interfaces', 'ld_library_path_lib')
[0.935s] INFO:colcon.colcon_core.shell:Creating environment hook '/home/lucifer/humble_ws/study_ws/install/irobot_interfaces/share/irobot_interfaces/hook/ld_library_path_lib.ps1'
[0.936s] INFO:colcon.colcon_core.shell:Creating environment descriptor '/home/lucifer/humble_ws/study_ws/install/irobot_interfaces/share/irobot_interfaces/hook/ld_library_path_lib.dsv'
[0.936s] INFO:colcon.colcon_core.shell:Creating environment hook '/home/lucifer/humble_ws/study_ws/install/irobot_interfaces/share/irobot_interfaces/hook/ld_library_path_lib.sh'
[0.936s] Level 1:colcon.colcon_core.environment:checking '/home/lucifer/humble_ws/study_ws/install/irobot_interfaces/bin'
[0.936s] Level 1:colcon.colcon_core.environment:checking '/home/lucifer/humble_ws/study_ws/install/irobot_interfaces/lib/pkgconfig/irobot_interfaces.pc'
[0.936s] Level 1:colcon.colcon_core.environment:checking '/home/lucifer/humble_ws/study_ws/install/irobot_interfaces/lib/python3.10/site-packages'
[0.937s] Level 1:colcon.colcon_core.environment:checking '/home/lucifer/humble_ws/study_ws/install/irobot_interfaces/bin'
[0.937s] INFO:colcon.colcon_core.shell:Creating package script '/home/lucifer/humble_ws/study_ws/install/irobot_interfaces/share/irobot_interfaces/package.ps1'
[0.938s] INFO:colcon.colcon_core.shell:Creating package descriptor '/home/lucifer/humble_ws/study_ws/install/irobot_interfaces/share/irobot_interfaces/package.dsv'
[0.938s] INFO:colcon.colcon_core.shell:Creating package script '/home/lucifer/humble_ws/study_ws/install/irobot_interfaces/share/irobot_interfaces/package.sh'
[0.939s] INFO:colcon.colcon_core.shell:Creating package script '/home/lucifer/humble_ws/study_ws/install/irobot_interfaces/share/irobot_interfaces/package.bash'
[0.939s] INFO:colcon.colcon_core.shell:Creating package script '/home/lucifer/humble_ws/study_ws/install/irobot_interfaces/share/irobot_interfaces/package.zsh'
[0.940s] Level 1:colcon.colcon_core.environment:create_file_with_runtime_dependencies(/home/lucifer/humble_ws/study_ws/install/irobot_interfaces/share/colcon-core/packages/irobot_interfaces)
[1.017s] Level 1:colcon.colcon_core.environment:create_environment_scripts_only(irobot_interfaces)
[1.018s] Level 1:colcon.colcon_core.environment:checking '/home/lucifer/humble_ws/study_ws/install/irobot_interfaces' for CMake module files
[1.019s] Level 1:colcon.colcon_core.environment:checking '/home/lucifer/humble_ws/study_ws/install/irobot_interfaces' for CMake config files
[1.020s] Level 1:colcon.colcon_core.shell:create_environment_hook('irobot_interfaces', 'cmake_prefix_path')
[1.020s] INFO:colcon.colcon_core.shell:Creating environment hook '/home/lucifer/humble_ws/study_ws/install/irobot_interfaces/share/irobot_interfaces/hook/cmake_prefix_path.ps1'
[1.020s] INFO:colcon.colcon_core.shell:Creating environment descriptor '/home/lucifer/humble_ws/study_ws/install/irobot_interfaces/share/irobot_interfaces/hook/cmake_prefix_path.dsv'
[1.021s] INFO:colcon.colcon_core.shell:Creating environment hook '/home/lucifer/humble_ws/study_ws/install/irobot_interfaces/share/irobot_interfaces/hook/cmake_prefix_path.sh'
[1.021s] Level 1:colcon.colcon_core.environment:checking '/home/lucifer/humble_ws/study_ws/install/irobot_interfaces/lib'
[1.021s] Level 1:colcon.colcon_core.shell:create_environment_hook('irobot_interfaces', 'ld_library_path_lib')
[1.022s] INFO:colcon.colcon_core.shell:Creating environment hook '/home/lucifer/humble_ws/study_ws/install/irobot_interfaces/share/irobot_interfaces/hook/ld_library_path_lib.ps1'
[1.022s] INFO:colcon.colcon_core.shell:Creating environment descriptor '/home/lucifer/humble_ws/study_ws/install/irobot_interfaces/share/irobot_interfaces/hook/ld_library_path_lib.dsv'
[1.022s] INFO:colcon.colcon_core.shell:Creating environment hook '/home/lucifer/humble_ws/study_ws/install/irobot_interfaces/share/irobot_interfaces/hook/ld_library_path_lib.sh'
[1.023s] Level 1:colcon.colcon_core.environment:checking '/home/lucifer/humble_ws/study_ws/install/irobot_interfaces/bin'
[1.023s] Level 1:colcon.colcon_core.environment:checking '/home/lucifer/humble_ws/study_ws/install/irobot_interfaces/lib/pkgconfig/irobot_interfaces.pc'
[1.023s] Level 1:colcon.colcon_core.environment:checking '/home/lucifer/humble_ws/study_ws/install/irobot_interfaces/lib/python3.10/site-packages'
[1.023s] Level 1:colcon.colcon_core.environment:checking '/home/lucifer/humble_ws/study_ws/install/irobot_interfaces/bin'
[1.024s] INFO:colcon.colcon_core.shell:Creating package script '/home/lucifer/humble_ws/study_ws/install/irobot_interfaces/share/irobot_interfaces/package.ps1'
[1.024s] INFO:colcon.colcon_core.shell:Creating package descriptor '/home/lucifer/humble_ws/study_ws/install/irobot_interfaces/share/irobot_interfaces/package.dsv'
[1.025s] INFO:colcon.colcon_core.shell:Creating package script '/home/lucifer/humble_ws/study_ws/install/irobot_interfaces/share/irobot_interfaces/package.sh'
[1.025s] INFO:colcon.colcon_core.shell:Creating package script '/home/lucifer/humble_ws/study_ws/install/irobot_interfaces/share/irobot_interfaces/package.bash'
[1.026s] INFO:colcon.colcon_core.shell:Creating package script '/home/lucifer/humble_ws/study_ws/install/irobot_interfaces/share/irobot_interfaces/package.zsh'
[1.026s] Level 1:colcon.colcon_core.environment:create_file_with_runtime_dependencies(/home/lucifer/humble_ws/study_ws/install/irobot_interfaces/share/colcon-core/packages/irobot_interfaces)
[1.026s] INFO:colcon.colcon_ros.task.ament_cmake.build:Building ROS package in '/home/lucifer/humble_ws/study_ws/src/cpp_pkg' with build type 'ament_cmake'
[1.026s] INFO:colcon.colcon_cmake.task.cmake.build:Building CMake package in '/home/lucifer/humble_ws/study_ws/src/cpp_pkg'
[1.026s] INFO:colcon.colcon_core.shell:Skip shell extension 'powershell' for command environment: Not usable outside of PowerShell
[1.026s] DEBUG:colcon.colcon_core.shell:Skip shell extension 'dsv' for command environment
[1.029s] INFO:colcon.colcon_ros.task.ament_python.build:Building ROS package in '/home/lucifer/humble_ws/study_ws/src/py_pkg' with build type 'ament_python'
[1.029s] Level 1:colcon.colcon_core.shell:create_environment_hook('py_pkg', 'ament_prefix_path')
[1.030s] INFO:colcon.colcon_core.shell:Creating environment hook '/home/lucifer/humble_ws/study_ws/install/py_pkg/share/py_pkg/hook/ament_prefix_path.ps1'
[1.030s] INFO:colcon.colcon_core.shell:Creating environment descriptor '/home/lucifer/humble_ws/study_ws/install/py_pkg/share/py_pkg/hook/ament_prefix_path.dsv'
[1.030s] INFO:colcon.colcon_core.shell:Creating environment hook '/home/lucifer/humble_ws/study_ws/install/py_pkg/share/py_pkg/hook/ament_prefix_path.sh'
[1.031s] INFO:colcon.colcon_core.shell:Skip shell extension 'powershell' for command environment: Not usable outside of PowerShell
[1.031s] DEBUG:colcon.colcon_core.shell:Skip shell extension 'dsv' for command environment
[1.039s] DEBUG:colcon.colcon_core.event_handler.log_command:Invoking command in '/home/lucifer/humble_ws/study_ws/build/cpp_pkg': CMAKE_PREFIX_PATH=/home/lucifer/humble_ws/study_ws/install/irobot_interfaces:/home/lucifer/humble_ws/study_ws/install/cpp_pkg:/home/lucifer/humble_ws/study_ws/install/py_pkg:/opt/ros/humble /usr/bin/cmake --build /home/lucifer/humble_ws/study_ws/build/cpp_pkg -- -j8 -l8
[1.317s] INFO:colcon.colcon_core.task.python.build:Building Python package in '/home/lucifer/humble_ws/study_ws/src/py_pkg'
[1.317s] INFO:colcon.colcon_core.shell:Skip shell extension 'powershell' for command environment: Not usable outside of PowerShell
[1.317s] DEBUG:colcon.colcon_core.shell:Skip shell extension 'dsv' for command environment
[1.876s] DEBUG:colcon.colcon_core.event_handler.log_command:Invoking command in '/home/lucifer/humble_ws/study_ws/src/py_pkg': CMAKE_PREFIX_PATH=/home/lucifer/humble_ws/study_ws/install/irobot_interfaces:/home/lucifer/humble_ws/study_ws/install/cpp_pkg PYTHONPATH=/home/lucifer/humble_ws/study_ws/build/py_pkg/prefix_override:/usr/lib/python3/dist-packages/colcon_core/task/python/colcon_distutils_commands:/home/lucifer/humble_ws/study_ws/install/py_pkg/lib/python3.10/site-packages:${PYTHONPATH} /usr/bin/python3 -W ignore:setup.py install is deprecated setup.py egg_info --egg-base ../../build/py_pkg build --build-base /home/lucifer/humble_ws/study_ws/build/py_pkg/build install --record /home/lucifer/humble_ws/study_ws/build/py_pkg/install.log --single-version-externally-managed install_data
[2.212s] Level 1:colcon.colcon_core.environment:checking '/home/lucifer/humble_ws/study_ws/install/py_pkg' for CMake module files
[2.213s] DEBUG:colcon.colcon_core.event_handler.log_command:Invoked command in '/home/lucifer/humble_ws/study_ws/src/py_pkg' returned '0': CMAKE_PREFIX_PATH=/home/lucifer/humble_ws/study_ws/install/irobot_interfaces:/home/lucifer/humble_ws/study_ws/install/cpp_pkg PYTHONPATH=/home/lucifer/humble_ws/study_ws/build/py_pkg/prefix_override:/usr/lib/python3/dist-packages/colcon_core/task/python/colcon_distutils_commands:/home/lucifer/humble_ws/study_ws/install/py_pkg/lib/python3.10/site-packages:${PYTHONPATH} /usr/bin/python3 -W ignore:setup.py install is deprecated setup.py egg_info --egg-base ../../build/py_pkg build --build-base /home/lucifer/humble_ws/study_ws/build/py_pkg/build install --record /home/lucifer/humble_ws/study_ws/build/py_pkg/install.log --single-version-externally-managed install_data
[2.213s] Level 1:colcon.colcon_core.environment:checking '/home/lucifer/humble_ws/study_ws/install/py_pkg' for CMake config files
[2.214s] Level 1:colcon.colcon_core.environment:checking '/home/lucifer/humble_ws/study_ws/install/py_pkg/lib'
[2.214s] Level 1:colcon.colcon_core.environment:checking '/home/lucifer/humble_ws/study_ws/install/py_pkg/bin'
[2.214s] Level 1:colcon.colcon_core.environment:checking '/home/lucifer/humble_ws/study_ws/install/py_pkg/lib/pkgconfig/py_pkg.pc'
[2.214s] Level 1:colcon.colcon_core.environment:checking '/home/lucifer/humble_ws/study_ws/install/py_pkg/lib/python3.10/site-packages'
[2.214s] Level 1:colcon.colcon_core.shell:create_environment_hook('py_pkg', 'pythonpath')
[2.215s] INFO:colcon.colcon_core.shell:Creating environment hook '/home/lucifer/humble_ws/study_ws/install/py_pkg/share/py_pkg/hook/pythonpath.ps1'
[2.215s] INFO:colcon.colcon_core.shell:Creating environment descriptor '/home/lucifer/humble_ws/study_ws/install/py_pkg/share/py_pkg/hook/pythonpath.dsv'
[2.215s] INFO:colcon.colcon_core.shell:Creating environment hook '/home/lucifer/humble_ws/study_ws/install/py_pkg/share/py_pkg/hook/pythonpath.sh'
[2.216s] Level 1:colcon.colcon_core.environment:checking '/home/lucifer/humble_ws/study_ws/install/py_pkg/bin'
[2.216s] Level 1:colcon.colcon_core.environment:create_environment_scripts_only(py_pkg)
[2.216s] INFO:colcon.colcon_core.shell:Creating package script '/home/lucifer/humble_ws/study_ws/install/py_pkg/share/py_pkg/package.ps1'
[2.217s] INFO:colcon.colcon_core.shell:Creating package descriptor '/home/lucifer/humble_ws/study_ws/install/py_pkg/share/py_pkg/package.dsv'
[2.217s] INFO:colcon.colcon_core.shell:Creating package script '/home/lucifer/humble_ws/study_ws/install/py_pkg/share/py_pkg/package.sh'
[2.217s] INFO:colcon.colcon_core.shell:Creating package script '/home/lucifer/humble_ws/study_ws/install/py_pkg/share/py_pkg/package.bash'
[2.218s] INFO:colcon.colcon_core.shell:Creating package script '/home/lucifer/humble_ws/study_ws/install/py_pkg/share/py_pkg/package.zsh'
[2.218s] Level 1:colcon.colcon_core.environment:create_file_with_runtime_dependencies(/home/lucifer/humble_ws/study_ws/install/py_pkg/share/colcon-core/packages/py_pkg)
[7.294s] DEBUG:colcon.colcon_core.event_handler.log_command:Invoked command in '/home/lucifer/humble_ws/study_ws/build/cpp_pkg' returned '0': CMAKE_PREFIX_PATH=/home/lucifer/humble_ws/study_ws/install/irobot_interfaces:/home/lucifer/humble_ws/study_ws/install/cpp_pkg:/home/lucifer/humble_ws/study_ws/install/py_pkg:/opt/ros/humble /usr/bin/cmake --build /home/lucifer/humble_ws/study_ws/build/cpp_pkg -- -j8 -l8
[7.355s] DEBUG:colcon.colcon_core.event_handler.log_command:Invoking command in '/home/lucifer/humble_ws/study_ws/build/cpp_pkg': CMAKE_PREFIX_PATH=/home/lucifer/humble_ws/study_ws/install/irobot_interfaces:/home/lucifer/humble_ws/study_ws/install/cpp_pkg:/home/lucifer/humble_ws/study_ws/install/py_pkg:/opt/ros/humble /usr/bin/cmake --install /home/lucifer/humble_ws/study_ws/build/cpp_pkg
[7.607s] Level 1:colcon.colcon_core.environment:create_environment_scripts_only(cpp_pkg)
[7.607s] Level 1:colcon.colcon_core.environment:checking '/home/lucifer/humble_ws/study_ws/install/cpp_pkg' for CMake module files
[7.608s] DEBUG:colcon.colcon_core.event_handler.log_command:Invoked command in '/home/lucifer/humble_ws/study_ws/build/cpp_pkg' returned '0': CMAKE_PREFIX_PATH=/home/lucifer/humble_ws/study_ws/install/irobot_interfaces:/home/lucifer/humble_ws/study_ws/install/cpp_pkg:/home/lucifer/humble_ws/study_ws/install/py_pkg:/opt/ros/humble /usr/bin/cmake --install /home/lucifer/humble_ws/study_ws/build/cpp_pkg
[7.608s] Level 1:colcon.colcon_core.environment:checking '/home/lucifer/humble_ws/study_ws/install/cpp_pkg' for CMake config files
[7.609s] Level 1:colcon.colcon_core.shell:create_environment_hook('cpp_pkg', 'cmake_prefix_path')
[7.609s] INFO:colcon.colcon_core.shell:Creating environment hook '/home/lucifer/humble_ws/study_ws/install/cpp_pkg/share/cpp_pkg/hook/cmake_prefix_path.ps1'
[7.609s] INFO:colcon.colcon_core.shell:Creating environment descriptor '/home/lucifer/humble_ws/study_ws/install/cpp_pkg/share/cpp_pkg/hook/cmake_prefix_path.dsv'
[7.610s] INFO:colcon.colcon_core.shell:Creating environment hook '/home/lucifer/humble_ws/study_ws/install/cpp_pkg/share/cpp_pkg/hook/cmake_prefix_path.sh'
[7.610s] Level 1:colcon.colcon_core.environment:checking '/home/lucifer/humble_ws/study_ws/install/cpp_pkg/lib'
[7.610s] Level 1:colcon.colcon_core.environment:checking '/home/lucifer/humble_ws/study_ws/install/cpp_pkg/bin'
[7.610s] Level 1:colcon.colcon_core.environment:checking '/home/lucifer/humble_ws/study_ws/install/cpp_pkg/lib/pkgconfig/cpp_pkg.pc'
[7.611s] Level 1:colcon.colcon_core.environment:checking '/home/lucifer/humble_ws/study_ws/install/cpp_pkg/lib/python3.10/site-packages'
[7.611s] Level 1:colcon.colcon_core.environment:checking '/home/lucifer/humble_ws/study_ws/install/cpp_pkg/bin'
[7.611s] INFO:colcon.colcon_core.shell:Creating package script '/home/lucifer/humble_ws/study_ws/install/cpp_pkg/share/cpp_pkg/package.ps1'
[7.611s] INFO:colcon.colcon_core.shell:Creating package descriptor '/home/lucifer/humble_ws/study_ws/install/cpp_pkg/share/cpp_pkg/package.dsv'
[7.612s] INFO:colcon.colcon_core.shell:Creating package script '/home/lucifer/humble_ws/study_ws/install/cpp_pkg/share/cpp_pkg/package.sh'
[7.612s] INFO:colcon.colcon_core.shell:Creating package script '/home/lucifer/humble_ws/study_ws/install/cpp_pkg/share/cpp_pkg/package.bash'
[7.612s] INFO:colcon.colcon_core.shell:Creating package script '/home/lucifer/humble_ws/study_ws/install/cpp_pkg/share/cpp_pkg/package.zsh'
[7.613s] Level 1:colcon.colcon_core.environment:create_file_with_runtime_dependencies(/home/lucifer/humble_ws/study_ws/install/cpp_pkg/share/colcon-core/packages/cpp_pkg)
[7.671s] Level 1:colcon.colcon_core.environment:create_environment_scripts_only(cpp_pkg)
[7.671s] Level 1:colcon.colcon_core.environment:checking '/home/lucifer/humble_ws/study_ws/install/cpp_pkg' for CMake module files
[7.672s] Level 1:colcon.colcon_core.environment:checking '/home/lucifer/humble_ws/study_ws/install/cpp_pkg' for CMake config files
[7.673s] Level 1:colcon.colcon_core.shell:create_environment_hook('cpp_pkg', 'cmake_prefix_path')
[7.673s] INFO:colcon.colcon_core.shell:Creating environment hook '/home/lucifer/humble_ws/study_ws/install/cpp_pkg/share/cpp_pkg/hook/cmake_prefix_path.ps1'
[7.673s] INFO:colcon.colcon_core.shell:Creating environment descriptor '/home/lucifer/humble_ws/study_ws/install/cpp_pkg/share/cpp_pkg/hook/cmake_prefix_path.dsv'
[7.673s] INFO:colcon.colcon_core.shell:Creating environment hook '/home/lucifer/humble_ws/study_ws/install/cpp_pkg/share/cpp_pkg/hook/cmake_prefix_path.sh'
[7.674s] Level 1:colcon.colcon_core.environment:checking '/home/lucifer/humble_ws/study_ws/install/cpp_pkg/lib'
[7.674s] Level 1:colcon.colcon_core.environment:checking '/home/lucifer/humble_ws/study_ws/install/cpp_pkg/bin'
[7.674s] Level 1:colcon.colcon_core.environment:checking '/home/lucifer/humble_ws/study_ws/install/cpp_pkg/lib/pkgconfig/cpp_pkg.pc'
[7.674s] Level 1:colcon.colcon_core.environment:checking '/home/lucifer/humble_ws/study_ws/install/cpp_pkg/lib/python3.10/site-packages'
[7.675s] Level 1:colcon.colcon_core.environment:checking '/home/lucifer/humble_ws/study_ws/install/cpp_pkg/bin'
[7.675s] INFO:colcon.colcon_core.shell:Creating package script '/home/lucifer/humble_ws/study_ws/install/cpp_pkg/share/cpp_pkg/package.ps1'
[7.675s] INFO:colcon.colcon_core.shell:Creating package descriptor '/home/lucifer/humble_ws/study_ws/install/cpp_pkg/share/cpp_pkg/package.dsv'
[7.676s] INFO:colcon.colcon_core.shell:Creating package script '/home/lucifer/humble_ws/study_ws/install/cpp_pkg/share/cpp_pkg/package.sh'
[7.676s] INFO:colcon.colcon_core.shell:Creating package script '/home/lucifer/humble_ws/study_ws/install/cpp_pkg/share/cpp_pkg/package.bash'
[7.677s] INFO:colcon.colcon_core.shell:Creating package script '/home/lucifer/humble_ws/study_ws/install/cpp_pkg/share/cpp_pkg/package.zsh'
[7.677s] Level 1:colcon.colcon_core.environment:create_file_with_runtime_dependencies(/home/lucifer/humble_ws/study_ws/install/cpp_pkg/share/colcon-core/packages/cpp_pkg)
[7.677s] DEBUG:colcon.colcon_parallel_executor.executor.parallel:closing loop
[7.678s] DEBUG:colcon.colcon_parallel_executor.executor.parallel:loop closed
[7.678s] DEBUG:colcon.colcon_parallel_executor.executor.parallel:run_until_complete finished with '0'
[7.678s] DEBUG:colcon.colcon_core.event_reactor:joining thread
[7.684s] INFO:colcon.colcon_core.plugin_system:Skipping extension 'colcon_notification.desktop_notification.terminal_notifier': Not used on non-Darwin systems
[7.684s] INFO:colcon.colcon_core.plugin_system:Skipping extension 'colcon_notification.desktop_notification.win32': Not used on non-Windows systems
[7.684s] INFO:colcon.colcon_notification.desktop_notification:Sending desktop notification using 'notify2'
[7.696s] DEBUG:colcon.colcon_core.event_reactor:joined thread
[7.697s] INFO:colcon.colcon_core.shell:Creating prefix script '/home/lucifer/humble_ws/study_ws/install/local_setup.ps1'
[7.699s] INFO:colcon.colcon_core.shell:Creating prefix util module '/home/lucifer/humble_ws/study_ws/install/_local_setup_util_ps1.py'
[7.701s] INFO:colcon.colcon_core.shell:Creating prefix chain script '/home/lucifer/humble_ws/study_ws/install/setup.ps1'
[7.703s] INFO:colcon.colcon_core.shell:Creating prefix script '/home/lucifer/humble_ws/study_ws/install/local_setup.sh'
[7.703s] INFO:colcon.colcon_core.shell:Creating prefix util module '/home/lucifer/humble_ws/study_ws/install/_local_setup_util_sh.py'
[7.704s] INFO:colcon.colcon_core.shell:Creating prefix chain script '/home/lucifer/humble_ws/study_ws/install/setup.sh'
[7.705s] INFO:colcon.colcon_core.shell:Creating prefix script '/home/lucifer/humble_ws/study_ws/install/local_setup.bash'
[7.706s] INFO:colcon.colcon_core.shell:Creating prefix chain script '/home/lucifer/humble_ws/study_ws/install/setup.bash'
[7.708s] INFO:colcon.colcon_core.shell:Creating prefix script '/home/lucifer/humble_ws/study_ws/install/local_setup.zsh'
[7.708s] INFO:colcon.colcon_core.shell:Creating prefix chain script '/home/lucifer/humble_ws/study_ws/install/setup.zsh'
