-- Found ament_cmake: 1.3.10 (/opt/ros/humble/share/ament_cmake/cmake)
-- Found rosidl_default_generators: 1.2.0 (/opt/ros/humble/share/rosidl_default_generators/cmake)
-- Using all available rosidl_typesupport_c: rosidl_typesupport_fastrtps_c;rosidl_typesupport_introspection_c
-- Found rosidl_adapter: 3.1.5 (/opt/ros/humble/share/rosidl_adapter/cmake)
-- Using all available rosidl_typesupport_cpp: rosidl_typesupport_fastrtps_cpp;rosidl_typesupport_introspection_cpp
-- Found ament_cmake_ros: 0.10.0 (/opt/ros/humble/share/ament_cmake_ros/cmake)
-- Using all available rosidl_typesupport_c: rosidl_typesupport_fastrtps_c;rosidl_typesupport_introspection_c
-- Using all available rosidl_typesupport_cpp: rosidl_typesupport_fastrtps_cpp;rosidl_typesupport_introspection_cpp
-- Found python_cmake_module: 0.10.0 (/opt/ros/humble/share/python_cmake_module/cmake)
-- Using PYTHON_EXECUTABLE: /usr/bin/python3
-- Using PYTHON_INCLUDE_DIRS: /usr/include/python3.10
-- Using PYTHON_LIBRARIES: /usr/lib/x86_64-linux-gnu/libpython3.10.so
-- Configuring done
-- Generating done
-- Build files have been written to: /home/lucifer/humble_ws/study_ws/build/irobot_interfaces
[  2%] [34m[1mGenerating C code for ROS interfaces[0m
[  5%] [34m[1mGenerating C++ code for ROS interfaces[0m
[  5%] Built target ament_cmake_python_copy_irobot_interfaces
running egg_info
writing irobot_interfaces.egg-info/PKG-INFO
writing dependency_links to irobot_interfaces.egg-info/dependency_links.txt
writing top-level names to irobot_interfaces.egg-info/top_level.txt
reading manifest file 'irobot_interfaces.egg-info/SOURCES.txt'
writing manifest file 'irobot_interfaces.egg-info/SOURCES.txt'
[  5%] Built target irobot_interfaces__cpp
[ 10%] [34m[1mGenerating C++ type support dispatch for ROS interfaces[0m
[ 10%] [34m[1mGenerating C++ type support for eProsima Fast-RTPS[0m
[35m[1mConsolidate compiler generated dependencies of target irobot_interfaces__rosidl_generator_c[0m
[ 12%] [34m[1mGenerating C++ introspection for ROS interfaces[0m
[ 12%] Built target ament_cmake_python_build_irobot_interfaces_egg
[ 17%] [32mBuilding C object CMakeFiles/irobot_interfaces__rosidl_generator_c.dir/rosidl_generator_c/irobot_interfaces/msg/detail/hardware_status__functions.c.o[0m
[ 17%] [32mBuilding C object CMakeFiles/irobot_interfaces__rosidl_generator_c.dir/rosidl_generator_c/irobot_interfaces/srv/detail/compute_rectangle_area__functions.c.o[0m
[ 20%] [32m[1mLinking C shared library libirobot_interfaces__rosidl_generator_c.so[0m
[ 20%] Built target irobot_interfaces__rosidl_generator_c
[ 23%] [34m[1mGenerating C type support for eProsima Fast-RTPS[0m
[ 28%] [34m[1mGenerating C type support dispatch for ROS interfaces[0m
[ 28%] [34m[1mGenerating C introspection for ROS interfaces[0m
[35m[1mConsolidate compiler generated dependencies of target irobot_interfaces__rosidl_typesupport_cpp[0m
[ 33%] [32mBuilding CXX object CMakeFiles/irobot_interfaces__rosidl_typesupport_cpp.dir/rosidl_typesupport_cpp/irobot_interfaces/msg/hardware_status__type_support.cpp.o[0m
[ 33%] [32mBuilding CXX object CMakeFiles/irobot_interfaces__rosidl_typesupport_cpp.dir/rosidl_typesupport_cpp/irobot_interfaces/srv/compute_rectangle_area__type_support.cpp.o[0m
[35m[1mConsolidate compiler generated dependencies of target irobot_interfaces__rosidl_typesupport_fastrtps_cpp[0m
[ 35%] [32mBuilding CXX object CMakeFiles/irobot_interfaces__rosidl_typesupport_fastrtps_cpp.dir/rosidl_typesupport_fastrtps_cpp/irobot_interfaces/msg/detail/dds_fastrtps/hardware_status__type_support.cpp.o[0m
[ 38%] [32mBuilding CXX object CMakeFiles/irobot_interfaces__rosidl_typesupport_fastrtps_cpp.dir/rosidl_typesupport_fastrtps_cpp/irobot_interfaces/srv/detail/dds_fastrtps/compute_rectangle_area__type_support.cpp.o[0m
[35m[1mConsolidate compiler generated dependencies of target irobot_interfaces__rosidl_typesupport_introspection_cpp[0m
[ 41%] [32mBuilding CXX object CMakeFiles/irobot_interfaces__rosidl_typesupport_introspection_cpp.dir/rosidl_typesupport_introspection_cpp/irobot_interfaces/msg/detail/hardware_status__type_support.cpp.o[0m
[35m[1mConsolidate compiler generated dependencies of target irobot_interfaces__rosidl_typesupport_c[0m
[ 43%] [32mBuilding CXX object CMakeFiles/irobot_interfaces__rosidl_typesupport_c.dir/rosidl_typesupport_c/irobot_interfaces/msg/hardware_status__type_support.cpp.o[0m
[ 46%] [32mBuilding CXX object CMakeFiles/irobot_interfaces__rosidl_typesupport_c.dir/rosidl_typesupport_c/irobot_interfaces/srv/compute_rectangle_area__type_support.cpp.o[0m
[35m[1mConsolidate compiler generated dependencies of target irobot_interfaces__rosidl_typesupport_fastrtps_c[0m
[35m[1mConsolidate compiler generated dependencies of target irobot_interfaces__rosidl_typesupport_introspection_c[0m
[ 48%] [32m[1mLinking CXX shared library libirobot_interfaces__rosidl_typesupport_c.so[0m
[ 51%] [32mBuilding CXX object CMakeFiles/irobot_interfaces__rosidl_typesupport_fastrtps_c.dir/rosidl_typesupport_fastrtps_c/irobot_interfaces/msg/detail/hardware_status__type_support_c.cpp.o[0m
[ 53%] [32mBuilding C object CMakeFiles/irobot_interfaces__rosidl_typesupport_introspection_c.dir/rosidl_typesupport_introspection_c/irobot_interfaces/msg/detail/hardware_status__type_support.c.o[0m
[ 56%] [32mBuilding CXX object CMakeFiles/irobot_interfaces__rosidl_typesupport_fastrtps_c.dir/rosidl_typesupport_fastrtps_c/irobot_interfaces/srv/detail/compute_rectangle_area__type_support_c.cpp.o[0m
[ 58%] [32m[1mLinking CXX shared library libirobot_interfaces__rosidl_typesupport_cpp.so[0m
[ 61%] [32mBuilding C object CMakeFiles/irobot_interfaces__rosidl_typesupport_introspection_c.dir/rosidl_typesupport_introspection_c/irobot_interfaces/srv/detail/compute_rectangle_area__type_support.c.o[0m
[ 61%] Built target irobot_interfaces__rosidl_typesupport_c
[ 64%] [32mBuilding CXX object CMakeFiles/irobot_interfaces__rosidl_typesupport_introspection_cpp.dir/rosidl_typesupport_introspection_cpp/irobot_interfaces/srv/detail/compute_rectangle_area__type_support.cpp.o[0m
[ 64%] Built target irobot_interfaces__rosidl_typesupport_cpp
[ 66%] [32m[1mLinking C shared library libirobot_interfaces__rosidl_typesupport_introspection_c.so[0m
[ 66%] Built target irobot_interfaces__rosidl_typesupport_introspection_c
[ 69%] [32m[1mLinking CXX shared library libirobot_interfaces__rosidl_typesupport_fastrtps_cpp.so[0m
[ 69%] Built target irobot_interfaces__rosidl_typesupport_fastrtps_cpp
[ 71%] [32m[1mLinking CXX shared library libirobot_interfaces__rosidl_typesupport_fastrtps_c.so[0m
[ 74%] [32m[1mLinking CXX shared library libirobot_interfaces__rosidl_typesupport_introspection_cpp.so[0m
[ 74%] Built target irobot_interfaces__rosidl_typesupport_fastrtps_c
[ 74%] Built target irobot_interfaces__rosidl_typesupport_introspection_cpp
[ 74%] Built target irobot_interfaces
[ 76%] [34m[1mGenerating Python code for ROS interfaces[0m
[ 76%] Built target irobot_interfaces__py
[35m[1mConsolidate compiler generated dependencies of target irobot_interfaces__rosidl_generator_py[0m
[ 82%] [32mBuilding C object CMakeFiles/irobot_interfaces__rosidl_generator_py.dir/rosidl_generator_py/irobot_interfaces/srv/_compute_rectangle_area_s.c.o[0m
[ 82%] [32mBuilding C object CMakeFiles/irobot_interfaces__rosidl_generator_py.dir/rosidl_generator_py/irobot_interfaces/msg/_hardware_status_s.c.o[0m
[ 84%] [32m[1mLinking C shared library rosidl_generator_py/irobot_interfaces/libirobot_interfaces__rosidl_generator_py.so[0m
[ 84%] Built target irobot_interfaces__rosidl_generator_py
[35m[1mConsolidate compiler generated dependencies of target irobot_interfaces__rosidl_typesupport_c__pyext[0m
[35m[1mConsolidate compiler generated dependencies of target irobot_interfaces__rosidl_typesupport_fastrtps_c__pyext[0m
[35m[1mConsolidate compiler generated dependencies of target irobot_interfaces__rosidl_typesupport_introspection_c__pyext[0m
[ 92%] [32mBuilding C object CMakeFiles/irobot_interfaces__rosidl_typesupport_introspection_c__pyext.dir/rosidl_generator_py/irobot_interfaces/_irobot_interfaces_s.ep.rosidl_typesupport_introspection_c.c.o[0m
[ 92%] [32mBuilding C object CMakeFiles/irobot_interfaces__rosidl_typesupport_c__pyext.dir/rosidl_generator_py/irobot_interfaces/_irobot_interfaces_s.ep.rosidl_typesupport_c.c.o[0m
[ 92%] [32mBuilding C object CMakeFiles/irobot_interfaces__rosidl_typesupport_fastrtps_c__pyext.dir/rosidl_generator_py/irobot_interfaces/_irobot_interfaces_s.ep.rosidl_typesupport_fastrtps_c.c.o[0m
[ 94%] [32m[1mLinking C shared library rosidl_generator_py/irobot_interfaces/irobot_interfaces_s__rosidl_typesupport_c.cpython-310-x86_64-linux-gnu.so[0m
[ 97%] [32m[1mLinking C shared library rosidl_generator_py/irobot_interfaces/irobot_interfaces_s__rosidl_typesupport_introspection_c.cpython-310-x86_64-linux-gnu.so[0m
[100%] [32m[1mLinking C shared library rosidl_generator_py/irobot_interfaces/irobot_interfaces_s__rosidl_typesupport_fastrtps_c.cpython-310-x86_64-linux-gnu.so[0m
[100%] Built target irobot_interfaces__rosidl_typesupport_c__pyext
[100%] Built target irobot_interfaces__rosidl_typesupport_introspection_c__pyext
[100%] Built target irobot_interfaces__rosidl_typesupport_fastrtps_c__pyext
-- Install configuration: ""
-- Installing: /home/lucifer/humble_ws/study_ws/install/irobot_interfaces/share/ament_index/resource_index/rosidl_interfaces/irobot_interfaces
-- Up-to-date: /home/lucifer/humble_ws/study_ws/install/irobot_interfaces/include/irobot_interfaces/irobot_interfaces
-- Installing: /home/lucifer/humble_ws/study_ws/install/irobot_interfaces/include/irobot_interfaces/irobot_interfaces/srv
-- Installing: /home/lucifer/humble_ws/study_ws/install/irobot_interfaces/include/irobot_interfaces/irobot_interfaces/srv/detail
-- Installing: /home/lucifer/humble_ws/study_ws/install/irobot_interfaces/include/irobot_interfaces/irobot_interfaces/srv/detail/compute_rectangle_area__type_support.h
-- Installing: /home/lucifer/humble_ws/study_ws/install/irobot_interfaces/include/irobot_interfaces/irobot_interfaces/srv/detail/compute_rectangle_area__functions.h
-- Installing: /home/lucifer/humble_ws/study_ws/install/irobot_interfaces/include/irobot_interfaces/irobot_interfaces/srv/detail/compute_rectangle_area__functions.c
-- Installing: /home/lucifer/humble_ws/study_ws/install/irobot_interfaces/include/irobot_interfaces/irobot_interfaces/srv/detail/compute_rectangle_area__struct.h
-- Installing: /home/lucifer/humble_ws/study_ws/install/irobot_interfaces/include/irobot_interfaces/irobot_interfaces/srv/compute_rectangle_area.h
-- Up-to-date: /home/lucifer/humble_ws/study_ws/install/irobot_interfaces/include/irobot_interfaces/irobot_interfaces/msg
-- Up-to-date: /home/lucifer/humble_ws/study_ws/install/irobot_interfaces/include/irobot_interfaces/irobot_interfaces/msg/rosidl_generator_c__visibility_control.h
-- Up-to-date: /home/lucifer/humble_ws/study_ws/install/irobot_interfaces/include/irobot_interfaces/irobot_interfaces/msg/detail
-- Installing: /home/lucifer/humble_ws/study_ws/install/irobot_interfaces/include/irobot_interfaces/irobot_interfaces/msg/detail/hardware_status__functions.h
-- Installing: /home/lucifer/humble_ws/study_ws/install/irobot_interfaces/include/irobot_interfaces/irobot_interfaces/msg/detail/hardware_status__type_support.h
-- Installing: /home/lucifer/humble_ws/study_ws/install/irobot_interfaces/include/irobot_interfaces/irobot_interfaces/msg/detail/hardware_status__struct.h
-- Installing: /home/lucifer/humble_ws/study_ws/install/irobot_interfaces/include/irobot_interfaces/irobot_interfaces/msg/detail/hardware_status__functions.c
-- Installing: /home/lucifer/humble_ws/study_ws/install/irobot_interfaces/include/irobot_interfaces/irobot_interfaces/msg/hardware_status.h
-- Up-to-date: /home/lucifer/humble_ws/study_ws/install/irobot_interfaces/share/irobot_interfaces/environment/library_path.sh
-- Installing: /home/lucifer/humble_ws/study_ws/install/irobot_interfaces/share/irobot_interfaces/environment/library_path.dsv
-- Installing: /home/lucifer/humble_ws/study_ws/install/irobot_interfaces/lib/libirobot_interfaces__rosidl_generator_c.so
-- Set runtime path of "/home/lucifer/humble_ws/study_ws/install/irobot_interfaces/lib/libirobot_interfaces__rosidl_generator_c.so" to ""
-- Up-to-date: /home/lucifer/humble_ws/study_ws/install/irobot_interfaces/include/irobot_interfaces/irobot_interfaces
-- Up-to-date: /home/lucifer/humble_ws/study_ws/install/irobot_interfaces/include/irobot_interfaces/irobot_interfaces/srv
-- Up-to-date: /home/lucifer/humble_ws/study_ws/install/irobot_interfaces/include/irobot_interfaces/irobot_interfaces/srv/detail
-- Installing: /home/lucifer/humble_ws/study_ws/install/irobot_interfaces/include/irobot_interfaces/irobot_interfaces/srv/detail/compute_rectangle_area__rosidl_typesupport_fastrtps_c.h
-- Up-to-date: /home/lucifer/humble_ws/study_ws/install/irobot_interfaces/include/irobot_interfaces/irobot_interfaces/msg
-- Up-to-date: /home/lucifer/humble_ws/study_ws/install/irobot_interfaces/include/irobot_interfaces/irobot_interfaces/msg/rosidl_typesupport_fastrtps_c__visibility_control.h
-- Up-to-date: /home/lucifer/humble_ws/study_ws/install/irobot_interfaces/include/irobot_interfaces/irobot_interfaces/msg/detail
-- Installing: /home/lucifer/humble_ws/study_ws/install/irobot_interfaces/include/irobot_interfaces/irobot_interfaces/msg/detail/hardware_status__rosidl_typesupport_fastrtps_c.h
-- Installing: /home/lucifer/humble_ws/study_ws/install/irobot_interfaces/lib/libirobot_interfaces__rosidl_typesupport_fastrtps_c.so
-- Set runtime path of "/home/lucifer/humble_ws/study_ws/install/irobot_interfaces/lib/libirobot_interfaces__rosidl_typesupport_fastrtps_c.so" to ""
-- Up-to-date: /home/lucifer/humble_ws/study_ws/install/irobot_interfaces/include/irobot_interfaces/irobot_interfaces
-- Up-to-date: /home/lucifer/humble_ws/study_ws/install/irobot_interfaces/include/irobot_interfaces/irobot_interfaces/srv
-- Up-to-date: /home/lucifer/humble_ws/study_ws/install/irobot_interfaces/include/irobot_interfaces/irobot_interfaces/srv/detail
-- Installing: /home/lucifer/humble_ws/study_ws/install/irobot_interfaces/include/irobot_interfaces/irobot_interfaces/srv/detail/compute_rectangle_area__rosidl_typesupport_introspection_c.h
-- Installing: /home/lucifer/humble_ws/study_ws/install/irobot_interfaces/include/irobot_interfaces/irobot_interfaces/srv/detail/compute_rectangle_area__type_support.c
-- Up-to-date: /home/lucifer/humble_ws/study_ws/install/irobot_interfaces/include/irobot_interfaces/irobot_interfaces/msg
-- Up-to-date: /home/lucifer/humble_ws/study_ws/install/irobot_interfaces/include/irobot_interfaces/irobot_interfaces/msg/rosidl_typesupport_introspection_c__visibility_control.h
-- Up-to-date: /home/lucifer/humble_ws/study_ws/install/irobot_interfaces/include/irobot_interfaces/irobot_interfaces/msg/detail
-- Installing: /home/lucifer/humble_ws/study_ws/install/irobot_interfaces/include/irobot_interfaces/irobot_interfaces/msg/detail/hardware_status__rosidl_typesupport_introspection_c.h
-- Installing: /home/lucifer/humble_ws/study_ws/install/irobot_interfaces/include/irobot_interfaces/irobot_interfaces/msg/detail/hardware_status__type_support.c
-- Installing: /home/lucifer/humble_ws/study_ws/install/irobot_interfaces/lib/libirobot_interfaces__rosidl_typesupport_introspection_c.so
-- Set runtime path of "/home/lucifer/humble_ws/study_ws/install/irobot_interfaces/lib/libirobot_interfaces__rosidl_typesupport_introspection_c.so" to ""
-- Installing: /home/lucifer/humble_ws/study_ws/install/irobot_interfaces/lib/libirobot_interfaces__rosidl_typesupport_c.so
-- Set runtime path of "/home/lucifer/humble_ws/study_ws/install/irobot_interfaces/lib/libirobot_interfaces__rosidl_typesupport_c.so" to ""
-- Up-to-date: /home/lucifer/humble_ws/study_ws/install/irobot_interfaces/include/irobot_interfaces/irobot_interfaces
-- Up-to-date: /home/lucifer/humble_ws/study_ws/install/irobot_interfaces/include/irobot_interfaces/irobot_interfaces/srv
-- Installing: /home/lucifer/humble_ws/study_ws/install/irobot_interfaces/include/irobot_interfaces/irobot_interfaces/srv/compute_rectangle_area.hpp
-- Up-to-date: /home/lucifer/humble_ws/study_ws/install/irobot_interfaces/include/irobot_interfaces/irobot_interfaces/srv/detail
-- Installing: /home/lucifer/humble_ws/study_ws/install/irobot_interfaces/include/irobot_interfaces/irobot_interfaces/srv/detail/compute_rectangle_area__builder.hpp
-- Installing: /home/lucifer/humble_ws/study_ws/install/irobot_interfaces/include/irobot_interfaces/irobot_interfaces/srv/detail/compute_rectangle_area__struct.hpp
-- Installing: /home/lucifer/humble_ws/study_ws/install/irobot_interfaces/include/irobot_interfaces/irobot_interfaces/srv/detail/compute_rectangle_area__traits.hpp
-- Up-to-date: /home/lucifer/humble_ws/study_ws/install/irobot_interfaces/include/irobot_interfaces/irobot_interfaces/msg
-- Installing: /home/lucifer/humble_ws/study_ws/install/irobot_interfaces/include/irobot_interfaces/irobot_interfaces/msg/hardware_status.hpp
-- Up-to-date: /home/lucifer/humble_ws/study_ws/install/irobot_interfaces/include/irobot_interfaces/irobot_interfaces/msg/detail
-- Installing: /home/lucifer/humble_ws/study_ws/install/irobot_interfaces/include/irobot_interfaces/irobot_interfaces/msg/detail/hardware_status__builder.hpp
-- Installing: /home/lucifer/humble_ws/study_ws/install/irobot_interfaces/include/irobot_interfaces/irobot_interfaces/msg/detail/hardware_status__struct.hpp
-- Installing: /home/lucifer/humble_ws/study_ws/install/irobot_interfaces/include/irobot_interfaces/irobot_interfaces/msg/detail/hardware_status__traits.hpp
-- Up-to-date: /home/lucifer/humble_ws/study_ws/install/irobot_interfaces/include/irobot_interfaces/irobot_interfaces
-- Up-to-date: /home/lucifer/humble_ws/study_ws/install/irobot_interfaces/include/irobot_interfaces/irobot_interfaces/srv
-- Up-to-date: /home/lucifer/humble_ws/study_ws/install/irobot_interfaces/include/irobot_interfaces/irobot_interfaces/srv/detail
-- Installing: /home/lucifer/humble_ws/study_ws/install/irobot_interfaces/include/irobot_interfaces/irobot_interfaces/srv/detail/dds_fastrtps
-- Installing: /home/lucifer/humble_ws/study_ws/install/irobot_interfaces/include/irobot_interfaces/irobot_interfaces/srv/detail/compute_rectangle_area__rosidl_typesupport_fastrtps_cpp.hpp
-- Up-to-date: /home/lucifer/humble_ws/study_ws/install/irobot_interfaces/include/irobot_interfaces/irobot_interfaces/msg
-- Up-to-date: /home/lucifer/humble_ws/study_ws/install/irobot_interfaces/include/irobot_interfaces/irobot_interfaces/msg/rosidl_typesupport_fastrtps_cpp__visibility_control.h
-- Up-to-date: /home/lucifer/humble_ws/study_ws/install/irobot_interfaces/include/irobot_interfaces/irobot_interfaces/msg/detail
-- Up-to-date: /home/lucifer/humble_ws/study_ws/install/irobot_interfaces/include/irobot_interfaces/irobot_interfaces/msg/detail/dds_fastrtps
-- Installing: /home/lucifer/humble_ws/study_ws/install/irobot_interfaces/include/irobot_interfaces/irobot_interfaces/msg/detail/hardware_status__rosidl_typesupport_fastrtps_cpp.hpp
-- Installing: /home/lucifer/humble_ws/study_ws/install/irobot_interfaces/lib/libirobot_interfaces__rosidl_typesupport_fastrtps_cpp.so
-- Set runtime path of "/home/lucifer/humble_ws/study_ws/install/irobot_interfaces/lib/libirobot_interfaces__rosidl_typesupport_fastrtps_cpp.so" to ""
-- Up-to-date: /home/lucifer/humble_ws/study_ws/install/irobot_interfaces/include/irobot_interfaces/irobot_interfaces
-- Up-to-date: /home/lucifer/humble_ws/study_ws/install/irobot_interfaces/include/irobot_interfaces/irobot_interfaces/srv
-- Up-to-date: /home/lucifer/humble_ws/study_ws/install/irobot_interfaces/include/irobot_interfaces/irobot_interfaces/srv/detail
-- Installing: /home/lucifer/humble_ws/study_ws/install/irobot_interfaces/include/irobot_interfaces/irobot_interfaces/srv/detail/compute_rectangle_area__type_support.cpp
-- Installing: /home/lucifer/humble_ws/study_ws/install/irobot_interfaces/include/irobot_interfaces/irobot_interfaces/srv/detail/compute_rectangle_area__rosidl_typesupport_introspection_cpp.hpp
-- Up-to-date: /home/lucifer/humble_ws/study_ws/install/irobot_interfaces/include/irobot_interfaces/irobot_interfaces/msg
-- Up-to-date: /home/lucifer/humble_ws/study_ws/install/irobot_interfaces/include/irobot_interfaces/irobot_interfaces/msg/detail
-- Installing: /home/lucifer/humble_ws/study_ws/install/irobot_interfaces/include/irobot_interfaces/irobot_interfaces/msg/detail/hardware_status__rosidl_typesupport_introspection_cpp.hpp
-- Installing: /home/lucifer/humble_ws/study_ws/install/irobot_interfaces/include/irobot_interfaces/irobot_interfaces/msg/detail/hardware_status__type_support.cpp
-- Installing: /home/lucifer/humble_ws/study_ws/install/irobot_interfaces/lib/libirobot_interfaces__rosidl_typesupport_introspection_cpp.so
-- Set runtime path of "/home/lucifer/humble_ws/study_ws/install/irobot_interfaces/lib/libirobot_interfaces__rosidl_typesupport_introspection_cpp.so" to ""
-- Installing: /home/lucifer/humble_ws/study_ws/install/irobot_interfaces/lib/libirobot_interfaces__rosidl_typesupport_cpp.so
-- Set runtime path of "/home/lucifer/humble_ws/study_ws/install/irobot_interfaces/lib/libirobot_interfaces__rosidl_typesupport_cpp.so" to ""
-- Up-to-date: /home/lucifer/humble_ws/study_ws/install/irobot_interfaces/share/irobot_interfaces/environment/pythonpath.sh
-- Installing: /home/lucifer/humble_ws/study_ws/install/irobot_interfaces/share/irobot_interfaces/environment/pythonpath.dsv
-- Up-to-date: /home/lucifer/humble_ws/study_ws/install/irobot_interfaces/local/lib/python3.10/dist-packages/irobot_interfaces-0.0.0-py3.10.egg-info
-- Installing: /home/lucifer/humble_ws/study_ws/install/irobot_interfaces/local/lib/python3.10/dist-packages/irobot_interfaces-0.0.0-py3.10.egg-info/top_level.txt
-- Installing: /home/lucifer/humble_ws/study_ws/install/irobot_interfaces/local/lib/python3.10/dist-packages/irobot_interfaces-0.0.0-py3.10.egg-info/dependency_links.txt
-- Installing: /home/lucifer/humble_ws/study_ws/install/irobot_interfaces/local/lib/python3.10/dist-packages/irobot_interfaces-0.0.0-py3.10.egg-info/SOURCES.txt
-- Installing: /home/lucifer/humble_ws/study_ws/install/irobot_interfaces/local/lib/python3.10/dist-packages/irobot_interfaces-0.0.0-py3.10.egg-info/PKG-INFO
-- Up-to-date: /home/lucifer/humble_ws/study_ws/install/irobot_interfaces/local/lib/python3.10/dist-packages/irobot_interfaces
-- Installing: /home/lucifer/humble_ws/study_ws/install/irobot_interfaces/local/lib/python3.10/dist-packages/irobot_interfaces/srv
-- Installing: /home/lucifer/humble_ws/study_ws/install/irobot_interfaces/local/lib/python3.10/dist-packages/irobot_interfaces/srv/_compute_rectangle_area_s.c
-- Installing: /home/lucifer/humble_ws/study_ws/install/irobot_interfaces/local/lib/python3.10/dist-packages/irobot_interfaces/srv/__init__.py
-- Installing: /home/lucifer/humble_ws/study_ws/install/irobot_interfaces/local/lib/python3.10/dist-packages/irobot_interfaces/srv/_compute_rectangle_area.py
-- Installing: /home/lucifer/humble_ws/study_ws/install/irobot_interfaces/local/lib/python3.10/dist-packages/irobot_interfaces/_irobot_interfaces_s.ep.rosidl_typesupport_fastrtps_c.c
-- Up-to-date: /home/lucifer/humble_ws/study_ws/install/irobot_interfaces/local/lib/python3.10/dist-packages/irobot_interfaces/msg
-- Installing: /home/lucifer/humble_ws/study_ws/install/irobot_interfaces/local/lib/python3.10/dist-packages/irobot_interfaces/msg/_hardware_status_s.c
-- Installing: /home/lucifer/humble_ws/study_ws/install/irobot_interfaces/local/lib/python3.10/dist-packages/irobot_interfaces/msg/_hardware_status.py
-- Installing: /home/lucifer/humble_ws/study_ws/install/irobot_interfaces/local/lib/python3.10/dist-packages/irobot_interfaces/msg/__init__.py
-- Installing: /home/lucifer/humble_ws/study_ws/install/irobot_interfaces/local/lib/python3.10/dist-packages/irobot_interfaces/irobot_interfaces_s__rosidl_typesupport_introspection_c.cpython-310-x86_64-linux-gnu.so
-- Installing: /home/lucifer/humble_ws/study_ws/install/irobot_interfaces/local/lib/python3.10/dist-packages/irobot_interfaces/irobot_interfaces_s__rosidl_typesupport_c.cpython-310-x86_64-linux-gnu.so
-- Installing: /home/lucifer/humble_ws/study_ws/install/irobot_interfaces/local/lib/python3.10/dist-packages/irobot_interfaces/_irobot_interfaces_s.ep.rosidl_typesupport_c.c
-- Installing: /home/lucifer/humble_ws/study_ws/install/irobot_interfaces/local/lib/python3.10/dist-packages/irobot_interfaces/irobot_interfaces_s__rosidl_typesupport_fastrtps_c.cpython-310-x86_64-linux-gnu.so
-- Installing: /home/lucifer/humble_ws/study_ws/install/irobot_interfaces/local/lib/python3.10/dist-packages/irobot_interfaces/libirobot_interfaces__rosidl_generator_py.so
-- Installing: /home/lucifer/humble_ws/study_ws/install/irobot_interfaces/local/lib/python3.10/dist-packages/irobot_interfaces/_irobot_interfaces_s.ep.rosidl_typesupport_introspection_c.c
-- Installing: /home/lucifer/humble_ws/study_ws/install/irobot_interfaces/local/lib/python3.10/dist-packages/irobot_interfaces/__init__.py
Listing '/home/lucifer/humble_ws/study_ws/install/irobot_interfaces/local/lib/python3.10/dist-packages/irobot_interfaces'...
Compiling '/home/lucifer/humble_ws/study_ws/install/irobot_interfaces/local/lib/python3.10/dist-packages/irobot_interfaces/__init__.py'...
Listing '/home/lucifer/humble_ws/study_ws/install/irobot_interfaces/local/lib/python3.10/dist-packages/irobot_interfaces/msg'...
Compiling '/home/lucifer/humble_ws/study_ws/install/irobot_interfaces/local/lib/python3.10/dist-packages/irobot_interfaces/msg/__init__.py'...
Compiling '/home/lucifer/humble_ws/study_ws/install/irobot_interfaces/local/lib/python3.10/dist-packages/irobot_interfaces/msg/_hardware_status.py'...
Listing '/home/lucifer/humble_ws/study_ws/install/irobot_interfaces/local/lib/python3.10/dist-packages/irobot_interfaces/srv'...
Compiling '/home/lucifer/humble_ws/study_ws/install/irobot_interfaces/local/lib/python3.10/dist-packages/irobot_interfaces/srv/__init__.py'...
Compiling '/home/lucifer/humble_ws/study_ws/install/irobot_interfaces/local/lib/python3.10/dist-packages/irobot_interfaces/srv/_compute_rectangle_area.py'...
-- Installing: /home/lucifer/humble_ws/study_ws/install/irobot_interfaces/local/lib/python3.10/dist-packages/irobot_interfaces/irobot_interfaces_s__rosidl_typesupport_fastrtps_c.cpython-310-x86_64-linux-gnu.so
-- Set runtime path of "/home/lucifer/humble_ws/study_ws/install/irobot_interfaces/local/lib/python3.10/dist-packages/irobot_interfaces/irobot_interfaces_s__rosidl_typesupport_fastrtps_c.cpython-310-x86_64-linux-gnu.so" to ""
-- Installing: /home/lucifer/humble_ws/study_ws/install/irobot_interfaces/local/lib/python3.10/dist-packages/irobot_interfaces/irobot_interfaces_s__rosidl_typesupport_introspection_c.cpython-310-x86_64-linux-gnu.so
-- Set runtime path of "/home/lucifer/humble_ws/study_ws/install/irobot_interfaces/local/lib/python3.10/dist-packages/irobot_interfaces/irobot_interfaces_s__rosidl_typesupport_introspection_c.cpython-310-x86_64-linux-gnu.so" to ""
-- Installing: /home/lucifer/humble_ws/study_ws/install/irobot_interfaces/local/lib/python3.10/dist-packages/irobot_interfaces/irobot_interfaces_s__rosidl_typesupport_c.cpython-310-x86_64-linux-gnu.so
-- Set runtime path of "/home/lucifer/humble_ws/study_ws/install/irobot_interfaces/local/lib/python3.10/dist-packages/irobot_interfaces/irobot_interfaces_s__rosidl_typesupport_c.cpython-310-x86_64-linux-gnu.so" to ""
-- Installing: /home/lucifer/humble_ws/study_ws/install/irobot_interfaces/lib/libirobot_interfaces__rosidl_generator_py.so
-- Set runtime path of "/home/lucifer/humble_ws/study_ws/install/irobot_interfaces/lib/libirobot_interfaces__rosidl_generator_py.so" to ""
-- Up-to-date: /home/lucifer/humble_ws/study_ws/install/irobot_interfaces/share/irobot_interfaces/msg/HardwareStatus.idl
-- Installing: /home/lucifer/humble_ws/study_ws/install/irobot_interfaces/share/irobot_interfaces/srv/ComputeRectangleArea.idl
-- Up-to-date: /home/lucifer/humble_ws/study_ws/install/irobot_interfaces/share/irobot_interfaces/msg/HardwareStatus.msg
-- Installing: /home/lucifer/humble_ws/study_ws/install/irobot_interfaces/share/irobot_interfaces/srv/ComputeRectangleArea.srv
-- Installing: /home/lucifer/humble_ws/study_ws/install/irobot_interfaces/share/irobot_interfaces/srv/ComputeRectangleArea_Request.msg
-- Installing: /home/lucifer/humble_ws/study_ws/install/irobot_interfaces/share/irobot_interfaces/srv/ComputeRectangleArea_Response.msg
-- Up-to-date: /home/lucifer/humble_ws/study_ws/install/irobot_interfaces/share/ament_index/resource_index/package_run_dependencies/irobot_interfaces
-- Installing: /home/lucifer/humble_ws/study_ws/install/irobot_interfaces/share/ament_index/resource_index/parent_prefix_path/irobot_interfaces
-- Up-to-date: /home/lucifer/humble_ws/study_ws/install/irobot_interfaces/share/irobot_interfaces/environment/ament_prefix_path.sh
-- Installing: /home/lucifer/humble_ws/study_ws/install/irobot_interfaces/share/irobot_interfaces/environment/ament_prefix_path.dsv
-- Up-to-date: /home/lucifer/humble_ws/study_ws/install/irobot_interfaces/share/irobot_interfaces/environment/path.sh
-- Installing: /home/lucifer/humble_ws/study_ws/install/irobot_interfaces/share/irobot_interfaces/environment/path.dsv
-- Up-to-date: /home/lucifer/humble_ws/study_ws/install/irobot_interfaces/share/irobot_interfaces/local_setup.bash
-- Up-to-date: /home/lucifer/humble_ws/study_ws/install/irobot_interfaces/share/irobot_interfaces/local_setup.sh
-- Up-to-date: /home/lucifer/humble_ws/study_ws/install/irobot_interfaces/share/irobot_interfaces/local_setup.zsh
-- Installing: /home/lucifer/humble_ws/study_ws/install/irobot_interfaces/share/irobot_interfaces/local_setup.dsv
-- Installing: /home/lucifer/humble_ws/study_ws/install/irobot_interfaces/share/irobot_interfaces/package.dsv
-- Up-to-date: /home/lucifer/humble_ws/study_ws/install/irobot_interfaces/share/ament_index/resource_index/packages/irobot_interfaces
-- Up-to-date: /home/lucifer/humble_ws/study_ws/install/irobot_interfaces/share/irobot_interfaces/cmake/export_irobot_interfaces__rosidl_generator_cExport.cmake
-- Up-to-date: /home/lucifer/humble_ws/study_ws/install/irobot_interfaces/share/irobot_interfaces/cmake/export_irobot_interfaces__rosidl_generator_cExport-noconfig.cmake
-- Up-to-date: /home/lucifer/humble_ws/study_ws/install/irobot_interfaces/share/irobot_interfaces/cmake/export_irobot_interfaces__rosidl_typesupport_fastrtps_cExport.cmake
-- Up-to-date: /home/lucifer/humble_ws/study_ws/install/irobot_interfaces/share/irobot_interfaces/cmake/export_irobot_interfaces__rosidl_typesupport_fastrtps_cExport-noconfig.cmake
-- Up-to-date: /home/lucifer/humble_ws/study_ws/install/irobot_interfaces/share/irobot_interfaces/cmake/irobot_interfaces__rosidl_typesupport_introspection_cExport.cmake
-- Up-to-date: /home/lucifer/humble_ws/study_ws/install/irobot_interfaces/share/irobot_interfaces/cmake/irobot_interfaces__rosidl_typesupport_introspection_cExport-noconfig.cmake
-- Up-to-date: /home/lucifer/humble_ws/study_ws/install/irobot_interfaces/share/irobot_interfaces/cmake/irobot_interfaces__rosidl_typesupport_cExport.cmake
-- Up-to-date: /home/lucifer/humble_ws/study_ws/install/irobot_interfaces/share/irobot_interfaces/cmake/irobot_interfaces__rosidl_typesupport_cExport-noconfig.cmake
-- Up-to-date: /home/lucifer/humble_ws/study_ws/install/irobot_interfaces/share/irobot_interfaces/cmake/export_irobot_interfaces__rosidl_generator_cppExport.cmake
-- Up-to-date: /home/lucifer/humble_ws/study_ws/install/irobot_interfaces/share/irobot_interfaces/cmake/export_irobot_interfaces__rosidl_typesupport_fastrtps_cppExport.cmake
-- Up-to-date: /home/lucifer/humble_ws/study_ws/install/irobot_interfaces/share/irobot_interfaces/cmake/export_irobot_interfaces__rosidl_typesupport_fastrtps_cppExport-noconfig.cmake
-- Up-to-date: /home/lucifer/humble_ws/study_ws/install/irobot_interfaces/share/irobot_interfaces/cmake/irobot_interfaces__rosidl_typesupport_introspection_cppExport.cmake
-- Up-to-date: /home/lucifer/humble_ws/study_ws/install/irobot_interfaces/share/irobot_interfaces/cmake/irobot_interfaces__rosidl_typesupport_introspection_cppExport-noconfig.cmake
-- Up-to-date: /home/lucifer/humble_ws/study_ws/install/irobot_interfaces/share/irobot_interfaces/cmake/irobot_interfaces__rosidl_typesupport_cppExport.cmake
-- Up-to-date: /home/lucifer/humble_ws/study_ws/install/irobot_interfaces/share/irobot_interfaces/cmake/irobot_interfaces__rosidl_typesupport_cppExport-noconfig.cmake
-- Up-to-date: /home/lucifer/humble_ws/study_ws/install/irobot_interfaces/share/irobot_interfaces/cmake/export_irobot_interfaces__rosidl_generator_pyExport.cmake
-- Up-to-date: /home/lucifer/humble_ws/study_ws/install/irobot_interfaces/share/irobot_interfaces/cmake/export_irobot_interfaces__rosidl_generator_pyExport-noconfig.cmake
-- Installing: /home/lucifer/humble_ws/study_ws/install/irobot_interfaces/share/irobot_interfaces/cmake/rosidl_cmake-extras.cmake
-- Up-to-date: /home/lucifer/humble_ws/study_ws/install/irobot_interfaces/share/irobot_interfaces/cmake/ament_cmake_export_include_directories-extras.cmake
-- Up-to-date: /home/lucifer/humble_ws/study_ws/install/irobot_interfaces/share/irobot_interfaces/cmake/ament_cmake_export_libraries-extras.cmake
-- Up-to-date: /home/lucifer/humble_ws/study_ws/install/irobot_interfaces/share/irobot_interfaces/cmake/ament_cmake_export_targets-extras.cmake
-- Up-to-date: /home/lucifer/humble_ws/study_ws/install/irobot_interfaces/share/irobot_interfaces/cmake/rosidl_cmake_export_typesupport_targets-extras.cmake
-- Up-to-date: /home/lucifer/humble_ws/study_ws/install/irobot_interfaces/share/irobot_interfaces/cmake/ament_cmake_export_dependencies-extras.cmake
-- Up-to-date: /home/lucifer/humble_ws/study_ws/install/irobot_interfaces/share/irobot_interfaces/cmake/rosidl_cmake_export_typesupport_libraries-extras.cmake
-- Up-to-date: /home/lucifer/humble_ws/study_ws/install/irobot_interfaces/share/irobot_interfaces/cmake/irobot_interfacesConfig.cmake
-- Up-to-date: /home/lucifer/humble_ws/study_ws/install/irobot_interfaces/share/irobot_interfaces/cmake/irobot_interfacesConfig-version.cmake
-- Up-to-date: /home/lucifer/humble_ws/study_ws/install/irobot_interfaces/share/irobot_interfaces/package.xml
