[0.012s] Invoking command in '/home/lucifer/humble_ws/study_ws/build/irobot_interfaces': CMAKE_PREFIX_PATH=${CMAKE_PREFIX_PATH}:/home/lucifer/humble_ws/study_ws/install/py_pkg:/opt/ros/humble /usr/bin/cmake --build /home/lucifer/humble_ws/study_ws/build/irobot_interfaces -- -j8 -l8
[0.087s] -- Found ament_cmake: 1.3.10 (/opt/ros/humble/share/ament_cmake/cmake)
[0.248s] -- Found rosidl_default_generators: 1.2.0 (/opt/ros/humble/share/rosidl_default_generators/cmake)
[0.250s] -- Using all available rosidl_typesupport_c: rosidl_typesupport_fastrtps_c;rosidl_typesupport_introspection_c
[0.254s] -- Found rosidl_adapter: 3.1.5 (/opt/ros/humble/share/rosidl_adapter/cmake)
[0.294s] -- Using all available rosidl_typesupport_cpp: rosidl_typesupport_fastrtps_cpp;rosidl_typesupport_introspection_cpp
[0.565s] -- Found ament_cmake_ros: 0.10.0 (/opt/ros/humble/share/ament_cmake_ros/cmake)
[0.737s] -- Using all available rosidl_typesupport_c: rosidl_typesupport_fastrtps_c;rosidl_typesupport_introspection_c
[0.967s] -- Using all available rosidl_typesupport_cpp: rosidl_typesupport_fastrtps_cpp;rosidl_typesupport_introspection_cpp
[0.989s] -- Found python_cmake_module: 0.10.0 (/opt/ros/humble/share/python_cmake_module/cmake)
[1.012s] -- Using PYTHON_EXECUTABLE: /usr/bin/python3
[1.012s] -- Using PYTHON_INCLUDE_DIRS: /usr/include/python3.10
[1.012s] -- Using PYTHON_LIBRARIES: /usr/lib/x86_64-linux-gnu/libpython3.10.so
[1.033s] -- Configuring done
[1.111s] -- Generating done
[1.115s] -- Build files have been written to: /home/lucifer/humble_ws/study_ws/build/irobot_interfaces
[1.141s] [  2%] [34m[1mGenerating C code for ROS interfaces[0m
[1.153s] [  5%] [34m[1mGenerating C++ code for ROS interfaces[0m
[1.165s] [  5%] Built target ament_cmake_python_copy_irobot_interfaces
[1.482s] running egg_info
[1.482s] writing irobot_interfaces.egg-info/PKG-INFO
[1.484s] writing dependency_links to irobot_interfaces.egg-info/dependency_links.txt
[1.484s] writing top-level names to irobot_interfaces.egg-info/top_level.txt
[1.488s] reading manifest file 'irobot_interfaces.egg-info/SOURCES.txt'
[1.489s] writing manifest file 'irobot_interfaces.egg-info/SOURCES.txt'
[1.509s] [  5%] Built target irobot_interfaces__cpp
[1.521s] [ 10%] [34m[1mGenerating C++ type support dispatch for ROS interfaces[0m
[1.521s] [ 10%] [34m[1mGenerating C++ type support for eProsima Fast-RTPS[0m
[1.522s] [35m[1mConsolidate compiler generated dependencies of target irobot_interfaces__rosidl_generator_c[0m
[1.524s] [ 12%] [34m[1mGenerating C++ introspection for ROS interfaces[0m
[1.534s] [ 12%] Built target ament_cmake_python_build_irobot_interfaces_egg
[1.540s] [ 17%] [32mBuilding C object CMakeFiles/irobot_interfaces__rosidl_generator_c.dir/rosidl_generator_c/irobot_interfaces/msg/detail/hardware_status__functions.c.o[0m
[1.540s] [ 17%] [32mBuilding C object CMakeFiles/irobot_interfaces__rosidl_generator_c.dir/rosidl_generator_c/irobot_interfaces/srv/detail/compute_rectangle_area__functions.c.o[0m
[1.656s] [ 20%] [32m[1mLinking C shared library libirobot_interfaces__rosidl_generator_c.so[0m
[1.708s] [ 20%] Built target irobot_interfaces__rosidl_generator_c
[1.721s] [ 23%] [34m[1mGenerating C type support for eProsima Fast-RTPS[0m
[1.724s] [ 28%] [34m[1mGenerating C type support dispatch for ROS interfaces[0m
[1.724s] [ 28%] [34m[1mGenerating C introspection for ROS interfaces[0m
[1.840s] [35m[1mConsolidate compiler generated dependencies of target irobot_interfaces__rosidl_typesupport_cpp[0m
[1.864s] [ 33%] [32mBuilding CXX object CMakeFiles/irobot_interfaces__rosidl_typesupport_cpp.dir/rosidl_typesupport_cpp/irobot_interfaces/msg/hardware_status__type_support.cpp.o[0m
[1.864s] [ 33%] [32mBuilding CXX object CMakeFiles/irobot_interfaces__rosidl_typesupport_cpp.dir/rosidl_typesupport_cpp/irobot_interfaces/srv/compute_rectangle_area__type_support.cpp.o[0m
[1.922s] [35m[1mConsolidate compiler generated dependencies of target irobot_interfaces__rosidl_typesupport_fastrtps_cpp[0m
[1.944s] [ 35%] [32mBuilding CXX object CMakeFiles/irobot_interfaces__rosidl_typesupport_fastrtps_cpp.dir/rosidl_typesupport_fastrtps_cpp/irobot_interfaces/msg/detail/dds_fastrtps/hardware_status__type_support.cpp.o[0m
[1.946s] [ 38%] [32mBuilding CXX object CMakeFiles/irobot_interfaces__rosidl_typesupport_fastrtps_cpp.dir/rosidl_typesupport_fastrtps_cpp/irobot_interfaces/srv/detail/dds_fastrtps/compute_rectangle_area__type_support.cpp.o[0m
[2.052s] [35m[1mConsolidate compiler generated dependencies of target irobot_interfaces__rosidl_typesupport_introspection_cpp[0m
[2.080s] [ 41%] [32mBuilding CXX object CMakeFiles/irobot_interfaces__rosidl_typesupport_introspection_cpp.dir/rosidl_typesupport_introspection_cpp/irobot_interfaces/msg/detail/hardware_status__type_support.cpp.o[0m
[2.444s] [35m[1mConsolidate compiler generated dependencies of target irobot_interfaces__rosidl_typesupport_c[0m
[2.471s] [ 43%] [32mBuilding CXX object CMakeFiles/irobot_interfaces__rosidl_typesupport_c.dir/rosidl_typesupport_c/irobot_interfaces/msg/hardware_status__type_support.cpp.o[0m
[2.563s] [ 46%] [32mBuilding CXX object CMakeFiles/irobot_interfaces__rosidl_typesupport_c.dir/rosidl_typesupport_c/irobot_interfaces/srv/compute_rectangle_area__type_support.cpp.o[0m
[2.618s] [35m[1mConsolidate compiler generated dependencies of target irobot_interfaces__rosidl_typesupport_fastrtps_c[0m
[2.623s] [35m[1mConsolidate compiler generated dependencies of target irobot_interfaces__rosidl_typesupport_introspection_c[0m
[2.649s] [ 48%] [32m[1mLinking CXX shared library libirobot_interfaces__rosidl_typesupport_c.so[0m
[2.651s] [ 51%] [32mBuilding CXX object CMakeFiles/irobot_interfaces__rosidl_typesupport_fastrtps_c.dir/rosidl_typesupport_fastrtps_c/irobot_interfaces/msg/detail/hardware_status__type_support_c.cpp.o[0m
[2.665s] [ 53%] [32mBuilding C object CMakeFiles/irobot_interfaces__rosidl_typesupport_introspection_c.dir/rosidl_typesupport_introspection_c/irobot_interfaces/msg/detail/hardware_status__type_support.c.o[0m
[2.717s] [ 56%] [32mBuilding CXX object CMakeFiles/irobot_interfaces__rosidl_typesupport_fastrtps_c.dir/rosidl_typesupport_fastrtps_c/irobot_interfaces/srv/detail/compute_rectangle_area__type_support_c.cpp.o[0m
[2.722s] [ 58%] [32m[1mLinking CXX shared library libirobot_interfaces__rosidl_typesupport_cpp.so[0m
[2.759s] [ 61%] [32mBuilding C object CMakeFiles/irobot_interfaces__rosidl_typesupport_introspection_c.dir/rosidl_typesupport_introspection_c/irobot_interfaces/srv/detail/compute_rectangle_area__type_support.c.o[0m
[2.763s] [ 61%] Built target irobot_interfaces__rosidl_typesupport_c
[2.788s] [ 64%] [32mBuilding CXX object CMakeFiles/irobot_interfaces__rosidl_typesupport_introspection_cpp.dir/rosidl_typesupport_introspection_cpp/irobot_interfaces/srv/detail/compute_rectangle_area__type_support.cpp.o[0m
[2.840s] [ 64%] Built target irobot_interfaces__rosidl_typesupport_cpp
[2.854s] [ 66%] [32m[1mLinking C shared library libirobot_interfaces__rosidl_typesupport_introspection_c.so[0m
[2.909s] [ 66%] Built target irobot_interfaces__rosidl_typesupport_introspection_c
[3.151s] [ 69%] [32m[1mLinking CXX shared library libirobot_interfaces__rosidl_typesupport_fastrtps_cpp.so[0m
[3.278s] [ 69%] Built target irobot_interfaces__rosidl_typesupport_fastrtps_cpp
[3.429s] [ 71%] [32m[1mLinking CXX shared library libirobot_interfaces__rosidl_typesupport_fastrtps_c.so[0m
[3.488s] [ 74%] [32m[1mLinking CXX shared library libirobot_interfaces__rosidl_typesupport_introspection_cpp.so[0m
[3.525s] [ 74%] Built target irobot_interfaces__rosidl_typesupport_fastrtps_c
[3.566s] [ 74%] Built target irobot_interfaces__rosidl_typesupport_introspection_cpp
[3.589s] [ 74%] Built target irobot_interfaces
[3.612s] [ 76%] [34m[1mGenerating Python code for ROS interfaces[0m
[4.237s] [ 76%] Built target irobot_interfaces__py
[4.250s] [35m[1mConsolidate compiler generated dependencies of target irobot_interfaces__rosidl_generator_py[0m
[4.267s] [ 82%] [32mBuilding C object CMakeFiles/irobot_interfaces__rosidl_generator_py.dir/rosidl_generator_py/irobot_interfaces/srv/_compute_rectangle_area_s.c.o[0m
[4.268s] [ 82%] [32mBuilding C object CMakeFiles/irobot_interfaces__rosidl_generator_py.dir/rosidl_generator_py/irobot_interfaces/msg/_hardware_status_s.c.o[0m
[4.429s] [ 84%] [32m[1mLinking C shared library rosidl_generator_py/irobot_interfaces/libirobot_interfaces__rosidl_generator_py.so[0m
[4.475s] [ 84%] Built target irobot_interfaces__rosidl_generator_py
[4.488s] [35m[1mConsolidate compiler generated dependencies of target irobot_interfaces__rosidl_typesupport_c__pyext[0m
[4.489s] [35m[1mConsolidate compiler generated dependencies of target irobot_interfaces__rosidl_typesupport_fastrtps_c__pyext[0m
[4.489s] [35m[1mConsolidate compiler generated dependencies of target irobot_interfaces__rosidl_typesupport_introspection_c__pyext[0m
[4.503s] [ 92%] [32mBuilding C object CMakeFiles/irobot_interfaces__rosidl_typesupport_introspection_c__pyext.dir/rosidl_generator_py/irobot_interfaces/_irobot_interfaces_s.ep.rosidl_typesupport_introspection_c.c.o[0m
[4.503s] [ 92%] [32mBuilding C object CMakeFiles/irobot_interfaces__rosidl_typesupport_c__pyext.dir/rosidl_generator_py/irobot_interfaces/_irobot_interfaces_s.ep.rosidl_typesupport_c.c.o[0m
[4.504s] [ 92%] [32mBuilding C object CMakeFiles/irobot_interfaces__rosidl_typesupport_fastrtps_c__pyext.dir/rosidl_generator_py/irobot_interfaces/_irobot_interfaces_s.ep.rosidl_typesupport_fastrtps_c.c.o[0m
[4.659s] [ 94%] [32m[1mLinking C shared library rosidl_generator_py/irobot_interfaces/irobot_interfaces_s__rosidl_typesupport_c.cpython-310-x86_64-linux-gnu.so[0m
[4.662s] [ 97%] [32m[1mLinking C shared library rosidl_generator_py/irobot_interfaces/irobot_interfaces_s__rosidl_typesupport_introspection_c.cpython-310-x86_64-linux-gnu.so[0m
[4.674s] [100%] [32m[1mLinking C shared library rosidl_generator_py/irobot_interfaces/irobot_interfaces_s__rosidl_typesupport_fastrtps_c.cpython-310-x86_64-linux-gnu.so[0m
[4.706s] [100%] Built target irobot_interfaces__rosidl_typesupport_c__pyext
[4.709s] [100%] Built target irobot_interfaces__rosidl_typesupport_introspection_c__pyext
[4.720s] [100%] Built target irobot_interfaces__rosidl_typesupport_fastrtps_c__pyext
[4.735s] Invoked command in '/home/lucifer/humble_ws/study_ws/build/irobot_interfaces' returned '0': CMAKE_PREFIX_PATH=${CMAKE_PREFIX_PATH}:/home/lucifer/humble_ws/study_ws/install/py_pkg:/opt/ros/humble /usr/bin/cmake --build /home/lucifer/humble_ws/study_ws/build/irobot_interfaces -- -j8 -l8
[4.845s] Invoking command in '/home/lucifer/humble_ws/study_ws/build/irobot_interfaces': CMAKE_PREFIX_PATH=${CMAKE_PREFIX_PATH}:/home/lucifer/humble_ws/study_ws/install/py_pkg:/opt/ros/humble /usr/bin/cmake --install /home/lucifer/humble_ws/study_ws/build/irobot_interfaces
[4.855s] -- Install configuration: ""
[4.855s] -- Installing: /home/lucifer/humble_ws/study_ws/install/irobot_interfaces/share/ament_index/resource_index/rosidl_interfaces/irobot_interfaces
[4.855s] -- Up-to-date: /home/lucifer/humble_ws/study_ws/install/irobot_interfaces/include/irobot_interfaces/irobot_interfaces
[4.856s] -- Installing: /home/lucifer/humble_ws/study_ws/install/irobot_interfaces/include/irobot_interfaces/irobot_interfaces/srv
[4.856s] -- Installing: /home/lucifer/humble_ws/study_ws/install/irobot_interfaces/include/irobot_interfaces/irobot_interfaces/srv/detail
[4.856s] -- Installing: /home/lucifer/humble_ws/study_ws/install/irobot_interfaces/include/irobot_interfaces/irobot_interfaces/srv/detail/compute_rectangle_area__type_support.h
[4.856s] -- Installing: /home/lucifer/humble_ws/study_ws/install/irobot_interfaces/include/irobot_interfaces/irobot_interfaces/srv/detail/compute_rectangle_area__functions.h
[4.856s] -- Installing: /home/lucifer/humble_ws/study_ws/install/irobot_interfaces/include/irobot_interfaces/irobot_interfaces/srv/detail/compute_rectangle_area__functions.c
[4.856s] -- Installing: /home/lucifer/humble_ws/study_ws/install/irobot_interfaces/include/irobot_interfaces/irobot_interfaces/srv/detail/compute_rectangle_area__struct.h
[4.857s] -- Installing: /home/lucifer/humble_ws/study_ws/install/irobot_interfaces/include/irobot_interfaces/irobot_interfaces/srv/compute_rectangle_area.h
[4.857s] -- Up-to-date: /home/lucifer/humble_ws/study_ws/install/irobot_interfaces/include/irobot_interfaces/irobot_interfaces/msg
[4.857s] -- Up-to-date: /home/lucifer/humble_ws/study_ws/install/irobot_interfaces/include/irobot_interfaces/irobot_interfaces/msg/rosidl_generator_c__visibility_control.h
[4.857s] -- Up-to-date: /home/lucifer/humble_ws/study_ws/install/irobot_interfaces/include/irobot_interfaces/irobot_interfaces/msg/detail
[4.857s] -- Installing: /home/lucifer/humble_ws/study_ws/install/irobot_interfaces/include/irobot_interfaces/irobot_interfaces/msg/detail/hardware_status__functions.h
[4.857s] -- Installing: /home/lucifer/humble_ws/study_ws/install/irobot_interfaces/include/irobot_interfaces/irobot_interfaces/msg/detail/hardware_status__type_support.h
[4.857s] -- Installing: /home/lucifer/humble_ws/study_ws/install/irobot_interfaces/include/irobot_interfaces/irobot_interfaces/msg/detail/hardware_status__struct.h
[4.857s] -- Installing: /home/lucifer/humble_ws/study_ws/install/irobot_interfaces/include/irobot_interfaces/irobot_interfaces/msg/detail/hardware_status__functions.c
[4.857s] -- Installing: /home/lucifer/humble_ws/study_ws/install/irobot_interfaces/include/irobot_interfaces/irobot_interfaces/msg/hardware_status.h
[4.858s] -- Up-to-date: /home/lucifer/humble_ws/study_ws/install/irobot_interfaces/share/irobot_interfaces/environment/library_path.sh
[4.858s] -- Installing: /home/lucifer/humble_ws/study_ws/install/irobot_interfaces/share/irobot_interfaces/environment/library_path.dsv
[4.858s] -- Installing: /home/lucifer/humble_ws/study_ws/install/irobot_interfaces/lib/libirobot_interfaces__rosidl_generator_c.so
[4.859s] -- Set runtime path of "/home/lucifer/humble_ws/study_ws/install/irobot_interfaces/lib/libirobot_interfaces__rosidl_generator_c.so" to ""
[4.859s] -- Up-to-date: /home/lucifer/humble_ws/study_ws/install/irobot_interfaces/include/irobot_interfaces/irobot_interfaces
[4.859s] -- Up-to-date: /home/lucifer/humble_ws/study_ws/install/irobot_interfaces/include/irobot_interfaces/irobot_interfaces/srv
[4.859s] -- Up-to-date: /home/lucifer/humble_ws/study_ws/install/irobot_interfaces/include/irobot_interfaces/irobot_interfaces/srv/detail
[4.859s] -- Installing: /home/lucifer/humble_ws/study_ws/install/irobot_interfaces/include/irobot_interfaces/irobot_interfaces/srv/detail/compute_rectangle_area__rosidl_typesupport_fastrtps_c.h
[4.860s] -- Up-to-date: /home/lucifer/humble_ws/study_ws/install/irobot_interfaces/include/irobot_interfaces/irobot_interfaces/msg
[4.860s] -- Up-to-date: /home/lucifer/humble_ws/study_ws/install/irobot_interfaces/include/irobot_interfaces/irobot_interfaces/msg/rosidl_typesupport_fastrtps_c__visibility_control.h
[4.860s] -- Up-to-date: /home/lucifer/humble_ws/study_ws/install/irobot_interfaces/include/irobot_interfaces/irobot_interfaces/msg/detail
[4.860s] -- Installing: /home/lucifer/humble_ws/study_ws/install/irobot_interfaces/include/irobot_interfaces/irobot_interfaces/msg/detail/hardware_status__rosidl_typesupport_fastrtps_c.h
[4.860s] -- Installing: /home/lucifer/humble_ws/study_ws/install/irobot_interfaces/lib/libirobot_interfaces__rosidl_typesupport_fastrtps_c.so
[4.861s] -- Set runtime path of "/home/lucifer/humble_ws/study_ws/install/irobot_interfaces/lib/libirobot_interfaces__rosidl_typesupport_fastrtps_c.so" to ""
[4.861s] -- Up-to-date: /home/lucifer/humble_ws/study_ws/install/irobot_interfaces/include/irobot_interfaces/irobot_interfaces
[4.861s] -- Up-to-date: /home/lucifer/humble_ws/study_ws/install/irobot_interfaces/include/irobot_interfaces/irobot_interfaces/srv
[4.861s] -- Up-to-date: /home/lucifer/humble_ws/study_ws/install/irobot_interfaces/include/irobot_interfaces/irobot_interfaces/srv/detail
[4.862s] -- Installing: /home/lucifer/humble_ws/study_ws/install/irobot_interfaces/include/irobot_interfaces/irobot_interfaces/srv/detail/compute_rectangle_area__rosidl_typesupport_introspection_c.h
[4.862s] -- Installing: /home/lucifer/humble_ws/study_ws/install/irobot_interfaces/include/irobot_interfaces/irobot_interfaces/srv/detail/compute_rectangle_area__type_support.c
[4.862s] -- Up-to-date: /home/lucifer/humble_ws/study_ws/install/irobot_interfaces/include/irobot_interfaces/irobot_interfaces/msg
[4.862s] -- Up-to-date: /home/lucifer/humble_ws/study_ws/install/irobot_interfaces/include/irobot_interfaces/irobot_interfaces/msg/rosidl_typesupport_introspection_c__visibility_control.h
[4.862s] -- Up-to-date: /home/lucifer/humble_ws/study_ws/install/irobot_interfaces/include/irobot_interfaces/irobot_interfaces/msg/detail
[4.862s] -- Installing: /home/lucifer/humble_ws/study_ws/install/irobot_interfaces/include/irobot_interfaces/irobot_interfaces/msg/detail/hardware_status__rosidl_typesupport_introspection_c.h
[4.863s] -- Installing: /home/lucifer/humble_ws/study_ws/install/irobot_interfaces/include/irobot_interfaces/irobot_interfaces/msg/detail/hardware_status__type_support.c
[4.863s] -- Installing: /home/lucifer/humble_ws/study_ws/install/irobot_interfaces/lib/libirobot_interfaces__rosidl_typesupport_introspection_c.so
[4.863s] -- Set runtime path of "/home/lucifer/humble_ws/study_ws/install/irobot_interfaces/lib/libirobot_interfaces__rosidl_typesupport_introspection_c.so" to ""
[4.864s] -- Installing: /home/lucifer/humble_ws/study_ws/install/irobot_interfaces/lib/libirobot_interfaces__rosidl_typesupport_c.so
[4.864s] -- Set runtime path of "/home/lucifer/humble_ws/study_ws/install/irobot_interfaces/lib/libirobot_interfaces__rosidl_typesupport_c.so" to ""
[4.864s] -- Up-to-date: /home/lucifer/humble_ws/study_ws/install/irobot_interfaces/include/irobot_interfaces/irobot_interfaces
[4.864s] -- Up-to-date: /home/lucifer/humble_ws/study_ws/install/irobot_interfaces/include/irobot_interfaces/irobot_interfaces/srv
[4.865s] -- Installing: /home/lucifer/humble_ws/study_ws/install/irobot_interfaces/include/irobot_interfaces/irobot_interfaces/srv/compute_rectangle_area.hpp
[4.865s] -- Up-to-date: /home/lucifer/humble_ws/study_ws/install/irobot_interfaces/include/irobot_interfaces/irobot_interfaces/srv/detail
[4.865s] -- Installing: /home/lucifer/humble_ws/study_ws/install/irobot_interfaces/include/irobot_interfaces/irobot_interfaces/srv/detail/compute_rectangle_area__builder.hpp
[4.865s] -- Installing: /home/lucifer/humble_ws/study_ws/install/irobot_interfaces/include/irobot_interfaces/irobot_interfaces/srv/detail/compute_rectangle_area__struct.hpp
[4.865s] -- Installing: /home/lucifer/humble_ws/study_ws/install/irobot_interfaces/include/irobot_interfaces/irobot_interfaces/srv/detail/compute_rectangle_area__traits.hpp
[4.865s] -- Up-to-date: /home/lucifer/humble_ws/study_ws/install/irobot_interfaces/include/irobot_interfaces/irobot_interfaces/msg
[4.865s] -- Installing: /home/lucifer/humble_ws/study_ws/install/irobot_interfaces/include/irobot_interfaces/irobot_interfaces/msg/hardware_status.hpp
[4.865s] -- Up-to-date: /home/lucifer/humble_ws/study_ws/install/irobot_interfaces/include/irobot_interfaces/irobot_interfaces/msg/detail
[4.865s] -- Installing: /home/lucifer/humble_ws/study_ws/install/irobot_interfaces/include/irobot_interfaces/irobot_interfaces/msg/detail/hardware_status__builder.hpp
[4.865s] -- Installing: /home/lucifer/humble_ws/study_ws/install/irobot_interfaces/include/irobot_interfaces/irobot_interfaces/msg/detail/hardware_status__struct.hpp
[4.866s] -- Installing: /home/lucifer/humble_ws/study_ws/install/irobot_interfaces/include/irobot_interfaces/irobot_interfaces/msg/detail/hardware_status__traits.hpp
[4.866s] -- Up-to-date: /home/lucifer/humble_ws/study_ws/install/irobot_interfaces/include/irobot_interfaces/irobot_interfaces
[4.866s] -- Up-to-date: /home/lucifer/humble_ws/study_ws/install/irobot_interfaces/include/irobot_interfaces/irobot_interfaces/srv
[4.866s] -- Up-to-date: /home/lucifer/humble_ws/study_ws/install/irobot_interfaces/include/irobot_interfaces/irobot_interfaces/srv/detail
[4.866s] -- Installing: /home/lucifer/humble_ws/study_ws/install/irobot_interfaces/include/irobot_interfaces/irobot_interfaces/srv/detail/dds_fastrtps
[4.866s] -- Installing: /home/lucifer/humble_ws/study_ws/install/irobot_interfaces/include/irobot_interfaces/irobot_interfaces/srv/detail/compute_rectangle_area__rosidl_typesupport_fastrtps_cpp.hpp
[4.866s] -- Up-to-date: /home/lucifer/humble_ws/study_ws/install/irobot_interfaces/include/irobot_interfaces/irobot_interfaces/msg
[4.866s] -- Up-to-date: /home/lucifer/humble_ws/study_ws/install/irobot_interfaces/include/irobot_interfaces/irobot_interfaces/msg/rosidl_typesupport_fastrtps_cpp__visibility_control.h
[4.866s] -- Up-to-date: /home/lucifer/humble_ws/study_ws/install/irobot_interfaces/include/irobot_interfaces/irobot_interfaces/msg/detail
[4.866s] -- Up-to-date: /home/lucifer/humble_ws/study_ws/install/irobot_interfaces/include/irobot_interfaces/irobot_interfaces/msg/detail/dds_fastrtps
[4.867s] -- Installing: /home/lucifer/humble_ws/study_ws/install/irobot_interfaces/include/irobot_interfaces/irobot_interfaces/msg/detail/hardware_status__rosidl_typesupport_fastrtps_cpp.hpp
[4.867s] -- Installing: /home/lucifer/humble_ws/study_ws/install/irobot_interfaces/lib/libirobot_interfaces__rosidl_typesupport_fastrtps_cpp.so
[4.868s] -- Set runtime path of "/home/lucifer/humble_ws/study_ws/install/irobot_interfaces/lib/libirobot_interfaces__rosidl_typesupport_fastrtps_cpp.so" to ""
[4.868s] -- Up-to-date: /home/lucifer/humble_ws/study_ws/install/irobot_interfaces/include/irobot_interfaces/irobot_interfaces
[4.868s] -- Up-to-date: /home/lucifer/humble_ws/study_ws/install/irobot_interfaces/include/irobot_interfaces/irobot_interfaces/srv
[4.868s] -- Up-to-date: /home/lucifer/humble_ws/study_ws/install/irobot_interfaces/include/irobot_interfaces/irobot_interfaces/srv/detail
[4.868s] -- Installing: /home/lucifer/humble_ws/study_ws/install/irobot_interfaces/include/irobot_interfaces/irobot_interfaces/srv/detail/compute_rectangle_area__type_support.cpp
[4.868s] -- Installing: /home/lucifer/humble_ws/study_ws/install/irobot_interfaces/include/irobot_interfaces/irobot_interfaces/srv/detail/compute_rectangle_area__rosidl_typesupport_introspection_cpp.hpp
[4.869s] -- Up-to-date: /home/lucifer/humble_ws/study_ws/install/irobot_interfaces/include/irobot_interfaces/irobot_interfaces/msg
[4.869s] -- Up-to-date: /home/lucifer/humble_ws/study_ws/install/irobot_interfaces/include/irobot_interfaces/irobot_interfaces/msg/detail
[4.869s] -- Installing: /home/lucifer/humble_ws/study_ws/install/irobot_interfaces/include/irobot_interfaces/irobot_interfaces/msg/detail/hardware_status__rosidl_typesupport_introspection_cpp.hpp
[4.869s] -- Installing: /home/lucifer/humble_ws/study_ws/install/irobot_interfaces/include/irobot_interfaces/irobot_interfaces/msg/detail/hardware_status__type_support.cpp
[4.869s] -- Installing: /home/lucifer/humble_ws/study_ws/install/irobot_interfaces/lib/libirobot_interfaces__rosidl_typesupport_introspection_cpp.so
[4.870s] -- Set runtime path of "/home/lucifer/humble_ws/study_ws/install/irobot_interfaces/lib/libirobot_interfaces__rosidl_typesupport_introspection_cpp.so" to ""
[4.870s] -- Installing: /home/lucifer/humble_ws/study_ws/install/irobot_interfaces/lib/libirobot_interfaces__rosidl_typesupport_cpp.so
[4.871s] -- Set runtime path of "/home/lucifer/humble_ws/study_ws/install/irobot_interfaces/lib/libirobot_interfaces__rosidl_typesupport_cpp.so" to ""
[4.871s] -- Up-to-date: /home/lucifer/humble_ws/study_ws/install/irobot_interfaces/share/irobot_interfaces/environment/pythonpath.sh
[4.871s] -- Installing: /home/lucifer/humble_ws/study_ws/install/irobot_interfaces/share/irobot_interfaces/environment/pythonpath.dsv
[4.871s] -- Up-to-date: /home/lucifer/humble_ws/study_ws/install/irobot_interfaces/local/lib/python3.10/dist-packages/irobot_interfaces-0.0.0-py3.10.egg-info
[4.871s] -- Installing: /home/lucifer/humble_ws/study_ws/install/irobot_interfaces/local/lib/python3.10/dist-packages/irobot_interfaces-0.0.0-py3.10.egg-info/top_level.txt
[4.872s] -- Installing: /home/lucifer/humble_ws/study_ws/install/irobot_interfaces/local/lib/python3.10/dist-packages/irobot_interfaces-0.0.0-py3.10.egg-info/dependency_links.txt
[4.872s] -- Installing: /home/lucifer/humble_ws/study_ws/install/irobot_interfaces/local/lib/python3.10/dist-packages/irobot_interfaces-0.0.0-py3.10.egg-info/SOURCES.txt
[4.872s] -- Installing: /home/lucifer/humble_ws/study_ws/install/irobot_interfaces/local/lib/python3.10/dist-packages/irobot_interfaces-0.0.0-py3.10.egg-info/PKG-INFO
[4.872s] -- Up-to-date: /home/lucifer/humble_ws/study_ws/install/irobot_interfaces/local/lib/python3.10/dist-packages/irobot_interfaces
[4.872s] -- Installing: /home/lucifer/humble_ws/study_ws/install/irobot_interfaces/local/lib/python3.10/dist-packages/irobot_interfaces/srv
[4.872s] -- Installing: /home/lucifer/humble_ws/study_ws/install/irobot_interfaces/local/lib/python3.10/dist-packages/irobot_interfaces/srv/_compute_rectangle_area_s.c
[4.872s] -- Installing: /home/lucifer/humble_ws/study_ws/install/irobot_interfaces/local/lib/python3.10/dist-packages/irobot_interfaces/srv/__init__.py
[4.872s] -- Installing: /home/lucifer/humble_ws/study_ws/install/irobot_interfaces/local/lib/python3.10/dist-packages/irobot_interfaces/srv/_compute_rectangle_area.py
[4.873s] -- Installing: /home/lucifer/humble_ws/study_ws/install/irobot_interfaces/local/lib/python3.10/dist-packages/irobot_interfaces/_irobot_interfaces_s.ep.rosidl_typesupport_fastrtps_c.c
[4.873s] -- Up-to-date: /home/lucifer/humble_ws/study_ws/install/irobot_interfaces/local/lib/python3.10/dist-packages/irobot_interfaces/msg
[4.873s] -- Installing: /home/lucifer/humble_ws/study_ws/install/irobot_interfaces/local/lib/python3.10/dist-packages/irobot_interfaces/msg/_hardware_status_s.c
[4.873s] -- Installing: /home/lucifer/humble_ws/study_ws/install/irobot_interfaces/local/lib/python3.10/dist-packages/irobot_interfaces/msg/_hardware_status.py
[4.873s] -- Installing: /home/lucifer/humble_ws/study_ws/install/irobot_interfaces/local/lib/python3.10/dist-packages/irobot_interfaces/msg/__init__.py
[4.873s] -- Installing: /home/lucifer/humble_ws/study_ws/install/irobot_interfaces/local/lib/python3.10/dist-packages/irobot_interfaces/irobot_interfaces_s__rosidl_typesupport_introspection_c.cpython-310-x86_64-linux-gnu.so
[4.874s] -- Installing: /home/lucifer/humble_ws/study_ws/install/irobot_interfaces/local/lib/python3.10/dist-packages/irobot_interfaces/irobot_interfaces_s__rosidl_typesupport_c.cpython-310-x86_64-linux-gnu.so
[4.874s] -- Installing: /home/lucifer/humble_ws/study_ws/install/irobot_interfaces/local/lib/python3.10/dist-packages/irobot_interfaces/_irobot_interfaces_s.ep.rosidl_typesupport_c.c
[4.874s] -- Installing: /home/lucifer/humble_ws/study_ws/install/irobot_interfaces/local/lib/python3.10/dist-packages/irobot_interfaces/irobot_interfaces_s__rosidl_typesupport_fastrtps_c.cpython-310-x86_64-linux-gnu.so
[4.874s] -- Installing: /home/lucifer/humble_ws/study_ws/install/irobot_interfaces/local/lib/python3.10/dist-packages/irobot_interfaces/libirobot_interfaces__rosidl_generator_py.so
[4.874s] -- Installing: /home/lucifer/humble_ws/study_ws/install/irobot_interfaces/local/lib/python3.10/dist-packages/irobot_interfaces/_irobot_interfaces_s.ep.rosidl_typesupport_introspection_c.c
[4.875s] -- Installing: /home/lucifer/humble_ws/study_ws/install/irobot_interfaces/local/lib/python3.10/dist-packages/irobot_interfaces/__init__.py
[4.914s] Listing '/home/lucifer/humble_ws/study_ws/install/irobot_interfaces/local/lib/python3.10/dist-packages/irobot_interfaces'...
[4.914s] Compiling '/home/lucifer/humble_ws/study_ws/install/irobot_interfaces/local/lib/python3.10/dist-packages/irobot_interfaces/__init__.py'...
[4.914s] Listing '/home/lucifer/humble_ws/study_ws/install/irobot_interfaces/local/lib/python3.10/dist-packages/irobot_interfaces/msg'...
[4.914s] Compiling '/home/lucifer/humble_ws/study_ws/install/irobot_interfaces/local/lib/python3.10/dist-packages/irobot_interfaces/msg/__init__.py'...
[4.914s] Compiling '/home/lucifer/humble_ws/study_ws/install/irobot_interfaces/local/lib/python3.10/dist-packages/irobot_interfaces/msg/_hardware_status.py'...
[4.914s] Listing '/home/lucifer/humble_ws/study_ws/install/irobot_interfaces/local/lib/python3.10/dist-packages/irobot_interfaces/srv'...
[4.914s] Compiling '/home/lucifer/humble_ws/study_ws/install/irobot_interfaces/local/lib/python3.10/dist-packages/irobot_interfaces/srv/__init__.py'...
[4.915s] Compiling '/home/lucifer/humble_ws/study_ws/install/irobot_interfaces/local/lib/python3.10/dist-packages/irobot_interfaces/srv/_compute_rectangle_area.py'...
[4.919s] -- Installing: /home/lucifer/humble_ws/study_ws/install/irobot_interfaces/local/lib/python3.10/dist-packages/irobot_interfaces/irobot_interfaces_s__rosidl_typesupport_fastrtps_c.cpython-310-x86_64-linux-gnu.so
[4.919s] -- Set runtime path of "/home/lucifer/humble_ws/study_ws/install/irobot_interfaces/local/lib/python3.10/dist-packages/irobot_interfaces/irobot_interfaces_s__rosidl_typesupport_fastrtps_c.cpython-310-x86_64-linux-gnu.so" to ""
[4.920s] -- Installing: /home/lucifer/humble_ws/study_ws/install/irobot_interfaces/local/lib/python3.10/dist-packages/irobot_interfaces/irobot_interfaces_s__rosidl_typesupport_introspection_c.cpython-310-x86_64-linux-gnu.so
[4.920s] -- Set runtime path of "/home/lucifer/humble_ws/study_ws/install/irobot_interfaces/local/lib/python3.10/dist-packages/irobot_interfaces/irobot_interfaces_s__rosidl_typesupport_introspection_c.cpython-310-x86_64-linux-gnu.so" to ""
[4.920s] -- Installing: /home/lucifer/humble_ws/study_ws/install/irobot_interfaces/local/lib/python3.10/dist-packages/irobot_interfaces/irobot_interfaces_s__rosidl_typesupport_c.cpython-310-x86_64-linux-gnu.so
[4.921s] -- Set runtime path of "/home/lucifer/humble_ws/study_ws/install/irobot_interfaces/local/lib/python3.10/dist-packages/irobot_interfaces/irobot_interfaces_s__rosidl_typesupport_c.cpython-310-x86_64-linux-gnu.so" to ""
[4.921s] -- Installing: /home/lucifer/humble_ws/study_ws/install/irobot_interfaces/lib/libirobot_interfaces__rosidl_generator_py.so
[4.922s] -- Set runtime path of "/home/lucifer/humble_ws/study_ws/install/irobot_interfaces/lib/libirobot_interfaces__rosidl_generator_py.so" to ""
[4.922s] -- Up-to-date: /home/lucifer/humble_ws/study_ws/install/irobot_interfaces/share/irobot_interfaces/msg/HardwareStatus.idl
[4.922s] -- Installing: /home/lucifer/humble_ws/study_ws/install/irobot_interfaces/share/irobot_interfaces/srv/ComputeRectangleArea.idl
[4.922s] -- Up-to-date: /home/lucifer/humble_ws/study_ws/install/irobot_interfaces/share/irobot_interfaces/msg/HardwareStatus.msg
[4.923s] -- Installing: /home/lucifer/humble_ws/study_ws/install/irobot_interfaces/share/irobot_interfaces/srv/ComputeRectangleArea.srv
[4.923s] -- Installing: /home/lucifer/humble_ws/study_ws/install/irobot_interfaces/share/irobot_interfaces/srv/ComputeRectangleArea_Request.msg
[4.923s] -- Installing: /home/lucifer/humble_ws/study_ws/install/irobot_interfaces/share/irobot_interfaces/srv/ComputeRectangleArea_Response.msg
[4.923s] -- Up-to-date: /home/lucifer/humble_ws/study_ws/install/irobot_interfaces/share/ament_index/resource_index/package_run_dependencies/irobot_interfaces
[4.923s] -- Installing: /home/lucifer/humble_ws/study_ws/install/irobot_interfaces/share/ament_index/resource_index/parent_prefix_path/irobot_interfaces
[4.923s] -- Up-to-date: /home/lucifer/humble_ws/study_ws/install/irobot_interfaces/share/irobot_interfaces/environment/ament_prefix_path.sh
[4.923s] -- Installing: /home/lucifer/humble_ws/study_ws/install/irobot_interfaces/share/irobot_interfaces/environment/ament_prefix_path.dsv
[4.923s] -- Up-to-date: /home/lucifer/humble_ws/study_ws/install/irobot_interfaces/share/irobot_interfaces/environment/path.sh
[4.923s] -- Installing: /home/lucifer/humble_ws/study_ws/install/irobot_interfaces/share/irobot_interfaces/environment/path.dsv
[4.924s] -- Up-to-date: /home/lucifer/humble_ws/study_ws/install/irobot_interfaces/share/irobot_interfaces/local_setup.bash
[4.924s] -- Up-to-date: /home/lucifer/humble_ws/study_ws/install/irobot_interfaces/share/irobot_interfaces/local_setup.sh
[4.924s] -- Up-to-date: /home/lucifer/humble_ws/study_ws/install/irobot_interfaces/share/irobot_interfaces/local_setup.zsh
[4.924s] -- Installing: /home/lucifer/humble_ws/study_ws/install/irobot_interfaces/share/irobot_interfaces/local_setup.dsv
[4.924s] -- Installing: /home/lucifer/humble_ws/study_ws/install/irobot_interfaces/share/irobot_interfaces/package.dsv
[4.924s] -- Up-to-date: /home/lucifer/humble_ws/study_ws/install/irobot_interfaces/share/ament_index/resource_index/packages/irobot_interfaces
[4.924s] -- Up-to-date: /home/lucifer/humble_ws/study_ws/install/irobot_interfaces/share/irobot_interfaces/cmake/export_irobot_interfaces__rosidl_generator_cExport.cmake
[4.925s] -- Up-to-date: /home/lucifer/humble_ws/study_ws/install/irobot_interfaces/share/irobot_interfaces/cmake/export_irobot_interfaces__rosidl_generator_cExport-noconfig.cmake
[4.925s] -- Up-to-date: /home/lucifer/humble_ws/study_ws/install/irobot_interfaces/share/irobot_interfaces/cmake/export_irobot_interfaces__rosidl_typesupport_fastrtps_cExport.cmake
[4.925s] -- Up-to-date: /home/lucifer/humble_ws/study_ws/install/irobot_interfaces/share/irobot_interfaces/cmake/export_irobot_interfaces__rosidl_typesupport_fastrtps_cExport-noconfig.cmake
[4.925s] -- Up-to-date: /home/lucifer/humble_ws/study_ws/install/irobot_interfaces/share/irobot_interfaces/cmake/irobot_interfaces__rosidl_typesupport_introspection_cExport.cmake
[4.925s] -- Up-to-date: /home/lucifer/humble_ws/study_ws/install/irobot_interfaces/share/irobot_interfaces/cmake/irobot_interfaces__rosidl_typesupport_introspection_cExport-noconfig.cmake
[4.925s] -- Up-to-date: /home/lucifer/humble_ws/study_ws/install/irobot_interfaces/share/irobot_interfaces/cmake/irobot_interfaces__rosidl_typesupport_cExport.cmake
[4.925s] -- Up-to-date: /home/lucifer/humble_ws/study_ws/install/irobot_interfaces/share/irobot_interfaces/cmake/irobot_interfaces__rosidl_typesupport_cExport-noconfig.cmake
[4.925s] -- Up-to-date: /home/lucifer/humble_ws/study_ws/install/irobot_interfaces/share/irobot_interfaces/cmake/export_irobot_interfaces__rosidl_generator_cppExport.cmake
[4.926s] -- Up-to-date: /home/lucifer/humble_ws/study_ws/install/irobot_interfaces/share/irobot_interfaces/cmake/export_irobot_interfaces__rosidl_typesupport_fastrtps_cppExport.cmake
[4.926s] -- Up-to-date: /home/lucifer/humble_ws/study_ws/install/irobot_interfaces/share/irobot_interfaces/cmake/export_irobot_interfaces__rosidl_typesupport_fastrtps_cppExport-noconfig.cmake
[4.926s] -- Up-to-date: /home/lucifer/humble_ws/study_ws/install/irobot_interfaces/share/irobot_interfaces/cmake/irobot_interfaces__rosidl_typesupport_introspection_cppExport.cmake
[4.926s] -- Up-to-date: /home/lucifer/humble_ws/study_ws/install/irobot_interfaces/share/irobot_interfaces/cmake/irobot_interfaces__rosidl_typesupport_introspection_cppExport-noconfig.cmake
[4.926s] -- Up-to-date: /home/lucifer/humble_ws/study_ws/install/irobot_interfaces/share/irobot_interfaces/cmake/irobot_interfaces__rosidl_typesupport_cppExport.cmake
[4.926s] -- Up-to-date: /home/lucifer/humble_ws/study_ws/install/irobot_interfaces/share/irobot_interfaces/cmake/irobot_interfaces__rosidl_typesupport_cppExport-noconfig.cmake
[4.927s] -- Up-to-date: /home/lucifer/humble_ws/study_ws/install/irobot_interfaces/share/irobot_interfaces/cmake/export_irobot_interfaces__rosidl_generator_pyExport.cmake
[4.927s] -- Up-to-date: /home/lucifer/humble_ws/study_ws/install/irobot_interfaces/share/irobot_interfaces/cmake/export_irobot_interfaces__rosidl_generator_pyExport-noconfig.cmake
[4.927s] -- Installing: /home/lucifer/humble_ws/study_ws/install/irobot_interfaces/share/irobot_interfaces/cmake/rosidl_cmake-extras.cmake
[4.927s] -- Up-to-date: /home/lucifer/humble_ws/study_ws/install/irobot_interfaces/share/irobot_interfaces/cmake/ament_cmake_export_include_directories-extras.cmake
[4.927s] -- Up-to-date: /home/lucifer/humble_ws/study_ws/install/irobot_interfaces/share/irobot_interfaces/cmake/ament_cmake_export_libraries-extras.cmake
[4.927s] -- Up-to-date: /home/lucifer/humble_ws/study_ws/install/irobot_interfaces/share/irobot_interfaces/cmake/ament_cmake_export_targets-extras.cmake
[4.927s] -- Up-to-date: /home/lucifer/humble_ws/study_ws/install/irobot_interfaces/share/irobot_interfaces/cmake/rosidl_cmake_export_typesupport_targets-extras.cmake
[4.927s] -- Up-to-date: /home/lucifer/humble_ws/study_ws/install/irobot_interfaces/share/irobot_interfaces/cmake/ament_cmake_export_dependencies-extras.cmake
[4.927s] -- Up-to-date: /home/lucifer/humble_ws/study_ws/install/irobot_interfaces/share/irobot_interfaces/cmake/rosidl_cmake_export_typesupport_libraries-extras.cmake
[4.927s] -- Up-to-date: /home/lucifer/humble_ws/study_ws/install/irobot_interfaces/share/irobot_interfaces/cmake/irobot_interfacesConfig.cmake
[4.928s] -- Up-to-date: /home/lucifer/humble_ws/study_ws/install/irobot_interfaces/share/irobot_interfaces/cmake/irobot_interfacesConfig-version.cmake
[4.928s] -- Up-to-date: /home/lucifer/humble_ws/study_ws/install/irobot_interfaces/share/irobot_interfaces/package.xml
[4.929s] Invoked command in '/home/lucifer/humble_ws/study_ws/build/irobot_interfaces' returned '0': CMAKE_PREFIX_PATH=${CMAKE_PREFIX_PATH}:/home/lucifer/humble_ws/study_ws/install/py_pkg:/opt/ros/humble /usr/bin/cmake --install /home/lucifer/humble_ws/study_ws/build/irobot_interfaces
