[0.933s] Invoking command in '/home/lucifer/humble_ws/study_ws/src/py_pkg': CMAKE_PREFIX_PATH=/home/lucifer/humble_ws/study_ws/install/irobot_interfaces:/home/lucifer/humble_ws/study_ws/install/cpp_pkg PYTHONPATH=/home/lucifer/humble_ws/study_ws/build/py_pkg/prefix_override:/usr/lib/python3/dist-packages/colcon_core/task/python/colcon_distutils_commands:/home/lucifer/humble_ws/study_ws/install/py_pkg/lib/python3.10/site-packages:${PYTHONPATH} /usr/bin/python3 -W ignore:setup.py install is deprecated setup.py egg_info --egg-base ../../build/py_pkg build --build-base /home/lucifer/humble_ws/study_ws/build/py_pkg/build install --record /home/lucifer/humble_ws/study_ws/build/py_pkg/install.log --single-version-externally-managed install_data
[1.261s] running egg_info
[1.262s] writing ../../build/py_pkg/py_pkg.egg-info/PKG-INFO
[1.263s] writing dependency_links to ../../build/py_pkg/py_pkg.egg-info/dependency_links.txt
[1.264s] writing entry points to ../../build/py_pkg/py_pkg.egg-info/entry_points.txt
[1.264s] writing requirements to ../../build/py_pkg/py_pkg.egg-info/requires.txt
[1.264s] writing top-level names to ../../build/py_pkg/py_pkg.egg-info/top_level.txt
[1.266s] reading manifest file '../../build/py_pkg/py_pkg.egg-info/SOURCES.txt'
[1.267s] adding license file 'LICENSE'
[1.268s] writing manifest file '../../build/py_pkg/py_pkg.egg-info/SOURCES.txt'
[1.268s] running build
[1.268s] running build_py
[1.269s] copying py_pkg/client_sumServer.py -> /home/lucifer/humble_ws/study_ws/build/py_pkg/build/lib/py_pkg
[1.270s] copying py_pkg/client_RectangleArea.py -> /home/lucifer/humble_ws/study_ws/build/py_pkg/build/lib/py_pkg
[1.270s] copying py_pkg/RectangleArea_server.py -> /home/lucifer/humble_ws/study_ws/build/py_pkg/build/lib/py_pkg
[1.270s] running install
[1.271s] running install_lib
[1.272s] copying /home/lucifer/humble_ws/study_ws/build/py_pkg/build/lib/py_pkg/client_sumServer.py -> /home/lucifer/humble_ws/study_ws/install/py_pkg/lib/python3.10/site-packages/py_pkg
[1.272s] copying /home/lucifer/humble_ws/study_ws/build/py_pkg/build/lib/py_pkg/client_RectangleArea.py -> /home/lucifer/humble_ws/study_ws/install/py_pkg/lib/python3.10/site-packages/py_pkg
[1.272s] copying /home/lucifer/humble_ws/study_ws/build/py_pkg/build/lib/py_pkg/RectangleArea_server.py -> /home/lucifer/humble_ws/study_ws/install/py_pkg/lib/python3.10/site-packages/py_pkg
[1.273s] byte-compiling /home/lucifer/humble_ws/study_ws/install/py_pkg/lib/python3.10/site-packages/py_pkg/client_sumServer.py to client_sumServer.cpython-310.pyc
[1.274s] byte-compiling /home/lucifer/humble_ws/study_ws/install/py_pkg/lib/python3.10/site-packages/py_pkg/client_RectangleArea.py to client_RectangleArea.cpython-310.pyc
[1.274s] byte-compiling /home/lucifer/humble_ws/study_ws/install/py_pkg/lib/python3.10/site-packages/py_pkg/RectangleArea_server.py to RectangleArea_server.cpython-310.pyc
[1.274s] running install_data
[1.275s] running install_egg_info
[1.277s] removing '/home/lucifer/humble_ws/study_ws/install/py_pkg/lib/python3.10/site-packages/py_pkg-0.0.0-py3.10.egg-info' (and everything under it)
[1.277s] Copying ../../build/py_pkg/py_pkg.egg-info to /home/lucifer/humble_ws/study_ws/install/py_pkg/lib/python3.10/site-packages/py_pkg-0.0.0-py3.10.egg-info
[1.278s] running install_scripts
[1.301s] Installing HardwareStatusPublisher script to /home/lucifer/humble_ws/study_ws/install/py_pkg/lib/py_pkg
[1.301s] Installing addTwoInt_noop script to /home/lucifer/humble_ws/study_ws/install/py_pkg/lib/py_pkg
[1.301s] Installing client_sumServer script to /home/lucifer/humble_ws/study_ws/install/py_pkg/lib/py_pkg
[1.301s] Installing news_station script to /home/lucifer/humble_ws/study_ws/install/py_pkg/lib/py_pkg
[1.301s] Installing py_node script to /home/lucifer/humble_ws/study_ws/install/py_pkg/lib/py_pkg
[1.302s] Installing radio script to /home/lucifer/humble_ws/study_ws/install/py_pkg/lib/py_pkg
[1.302s] Installing sum_server script to /home/lucifer/humble_ws/study_ws/install/py_pkg/lib/py_pkg
[1.302s] writing list of installed files to '/home/lucifer/humble_ws/study_ws/build/py_pkg/install.log'
[1.325s] Invoked command in '/home/lucifer/humble_ws/study_ws/src/py_pkg' returned '0': CMAKE_PREFIX_PATH=/home/lucifer/humble_ws/study_ws/install/irobot_interfaces:/home/lucifer/humble_ws/study_ws/install/cpp_pkg PYTHONPATH=/home/lucifer/humble_ws/study_ws/build/py_pkg/prefix_override:/usr/lib/python3/dist-packages/colcon_core/task/python/colcon_distutils_commands:/home/lucifer/humble_ws/study_ws/install/py_pkg/lib/python3.10/site-packages:${PYTHONPATH} /usr/bin/python3 -W ignore:setup.py install is deprecated setup.py egg_info --egg-base ../../build/py_pkg build --build-base /home/lucifer/humble_ws/study_ws/build/py_pkg/build install --record /home/lucifer/humble_ws/study_ws/build/py_pkg/install.log --single-version-externally-managed install_data
