[0.901s] Invoking command in '/home/lucifer/humble_ws/study_ws/build/py_pkg': PYTHONPATH=/home/lucifer/humble_ws/study_ws/build/py_pkg/prefix_override:/usr/lib/python3/dist-packages/colcon_core/task/python/colcon_distutils_commands:/home/lucifer/humble_ws/study_ws/install/py_pkg/lib/python3.10/site-packages:${PYTHONPATH} /usr/bin/python3 -W ignore:setup.py install is deprecated setup.py develop --editable --build-directory /home/lucifer/humble_ws/study_ws/build/py_pkg/build --no-deps symlink_data
[1.263s] running develop
[1.263s] /home/lucifer/.local/lib/python3.10/site-packages/setuptools/command/easy_install.py:156: EasyInstallDeprecationWarning: easy_install command is deprecated. Use build and pip and other standards-based tools.
[1.264s]   warnings.warn(
[1.506s] running egg_info
[1.506s] writing py_pkg.egg-info/PKG-INFO
[1.506s] writing dependency_links to py_pkg.egg-info/dependency_links.txt
[1.506s] writing entry points to py_pkg.egg-info/entry_points.txt
[1.506s] writing requirements to py_pkg.egg-info/requires.txt
[1.506s] writing top-level names to py_pkg.egg-info/top_level.txt
[1.508s] reading manifest file 'py_pkg.egg-info/SOURCES.txt'
[1.509s] writing manifest file 'py_pkg.egg-info/SOURCES.txt'
[1.510s] running build_ext
[1.510s] Creating /home/lucifer/humble_ws/study_ws/install/py_pkg/lib/python3.10/site-packages/py-pkg.egg-link (link to .)
[1.511s] Installing addTwoInt_noop script to /home/lucifer/humble_ws/study_ws/install/py_pkg/lib/py_pkg
[1.511s] Installing news_station script to /home/lucifer/humble_ws/study_ws/install/py_pkg/lib/py_pkg
[1.511s] Installing py_node script to /home/lucifer/humble_ws/study_ws/install/py_pkg/lib/py_pkg
[1.512s] Installing radio script to /home/lucifer/humble_ws/study_ws/install/py_pkg/lib/py_pkg
[1.512s] Installing sum_server script to /home/lucifer/humble_ws/study_ws/install/py_pkg/lib/py_pkg
[1.512s] 
[1.512s] Installed /home/lucifer/humble_ws/study_ws/build/py_pkg
[1.512s] running symlink_data
[1.541s] Invoked command in '/home/lucifer/humble_ws/study_ws/build/py_pkg' returned '0': PYTHONPATH=/home/lucifer/humble_ws/study_ws/build/py_pkg/prefix_override:/usr/lib/python3/dist-packages/colcon_core/task/python/colcon_distutils_commands:/home/lucifer/humble_ws/study_ws/install/py_pkg/lib/python3.10/site-packages:${PYTHONPATH} /usr/bin/python3 -W ignore:setup.py install is deprecated setup.py develop --editable --build-directory /home/lucifer/humble_ws/study_ws/build/py_pkg/build --no-deps symlink_data
